---------------------------------------------------------------
[ 2018-10-19T10:21:21+08:00 ] 127.0.0.1 127.0.0.1 GET /api/v2/KcloudErp/disable
[ info ] www.plm_dev123.net/api/v2/KcloudErp/disable [运行时间：0.505000s][吞吐率：1.98req/s] [内存消耗：1,878.66kb] [文件加载：51]
[ info ] [ LANG ] E:\phpStudy\WWW\plm_dev\thinkphp\lang\zh-cn.php
[ info ] [ ROUTE ] array (
  'type' => 'module',
  'module' => 
  array (
    0 => 'api',
    1 => 'v2.KcloudErp',
    2 => 'disable',
  ),
)
[ info ] [ HEADER ] array (
  'socketlog' => 'SocketLog(tabid=4&client_id=)',
  'accept-language' => 'zh-CN,zh;q=0.9',
  'accept-encoding' => 'gzip, deflate',
  'accept' => 'text/html,application/xhtml+xml,application/xml;q=0.9,image/webp,image/apng,*/*;q=0.8',
  'user-agent' => 'Mozilla/5.0 (Windows NT 6.1; Win64; x64) AppleWebKit/537.36 (KHTML, like Gecko) Chrome/67.0.3396.62 Safari/537.36',
  'upgrade-insecure-requests' => '1',
  'connection' => 'close',
  'host' => 'www.plm_dev123.net',
)
[ info ] [ PARAM ] array (
)
[ info ] [ RUN ] app\api\controller\v2\KcloudErp->disable[ E:\phpStudy\WWW\plm_dev\application\api\controller\v2\KcloudErp.php ]
[ info ] [ DB ] INIT mysql
[ info ] [ SESSION ] INIT array (
  'id' => '',
  'var_session_id' => '',
  'prefix' => 'plm_',
  'type' => '',
  'auto_start' => true,
)
[ info ] [ LOG ] INIT File
[ sql ] [ DB ] CONNECT:[ UseTime:0.009000s ] mysql:dbname=7000mall_plm;host=192.168.80.240;port=3306;charset=utf8
[ sql ] [ SQL ] SHOW COLUMNS FROM `plm_relation` [ RunTime:0.006000s ]
[ sql ] [ SQL ] SELECT COUNT(*) AS tp_count FROM `plm_relation` WHERE  `target_id` = 31  AND `target_type` = 4  AND `audit_status` <> 1 LIMIT 1 [ RunTime:0.002000s ]
[ sql ] [ SQL ] SHOW COLUMNS FROM `plm_project_bom` [ RunTime:0.005000s ]
[ sql ] [ SQL ] SELECT * FROM `plm_project_bom` WHERE  `bom_id` = 31 LIMIT 1 [ RunTime:0.002000s ]
[ error ] [8]Trying to get property of non-object[E:\phpStudy\WWW\plm_dev\application\api\model\ProjectBom.php:423]
---------------------------------------------------------------
[ 2018-10-19T10:21:23+08:00 ] 127.0.0.1 127.0.0.1 GET /api/v2/KcloudErp/disable
[ info ] www.plm_dev123.net/api/v2/KcloudErp/disable [运行时间：0.162000s][吞吐率：6.17req/s] [内存消耗：1,878.66kb] [文件加载：51]
[ info ] [ LANG ] E:\phpStudy\WWW\plm_dev\thinkphp\lang\zh-cn.php
[ info ] [ ROUTE ] array (
  'type' => 'module',
  'module' => 
  array (
    0 => 'api',
    1 => 'v2.KcloudErp',
    2 => 'disable',
  ),
)
[ info ] [ HEADER ] array (
  'socketlog' => 'SocketLog(tabid=3&client_id=)',
  'accept-language' => 'zh-CN,zh;q=0.9',
  'accept-encoding' => 'gzip, deflate',
  'accept' => 'text/html,application/xhtml+xml,application/xml;q=0.9,image/webp,image/apng,*/*;q=0.8',
  'user-agent' => 'Mozilla/5.0 (Windows NT 6.1; Win64; x64) AppleWebKit/537.36 (KHTML, like Gecko) Chrome/67.0.3396.62 Safari/537.36',
  'upgrade-insecure-requests' => '1',
  'connection' => 'close',
  'host' => 'www.plm_dev123.net',
)
[ info ] [ PARAM ] array (
)
[ info ] [ RUN ] app\api\controller\v2\KcloudErp->disable[ E:\phpStudy\WWW\plm_dev\application\api\controller\v2\KcloudErp.php ]
[ info ] [ DB ] INIT mysql
[ info ] [ SESSION ] INIT array (
  'id' => '',
  'var_session_id' => '',
  'prefix' => 'plm_',
  'type' => '',
  'auto_start' => true,
)
[ info ] [ LOG ] INIT File
[ sql ] [ DB ] CONNECT:[ UseTime:0.002000s ] mysql:dbname=7000mall_plm;host=192.168.80.240;port=3306;charset=utf8
[ sql ] [ SQL ] SHOW COLUMNS FROM `plm_relation` [ RunTime:0.005000s ]
[ sql ] [ SQL ] SELECT COUNT(*) AS tp_count FROM `plm_relation` WHERE  `target_id` = 31  AND `target_type` = 4  AND `audit_status` <> 1 LIMIT 1 [ RunTime:0.002000s ]
[ sql ] [ SQL ] SHOW COLUMNS FROM `plm_project_bom` [ RunTime:0.005000s ]
[ sql ] [ SQL ] SELECT * FROM `plm_project_bom` WHERE  `bom_id` = 31 LIMIT 1 [ RunTime:0.002000s ]
[ error ] [8]Trying to get property of non-object[E:\phpStudy\WWW\plm_dev\application\api\model\ProjectBom.php:423]
---------------------------------------------------------------
[ 2018-10-19T10:21:27+08:00 ] 127.0.0.1 127.0.0.1 GET /favicon.ico
[ info ] www.plm_dev123.net/favicon.ico [运行时间：0.025000s][吞吐率：40.00req/s] [内存消耗：888.82kb] [文件加载：39]
[ info ] [ LANG ] E:\phpStudy\WWW\plm_dev\thinkphp\lang\zh-cn.php
[ info ] [ ROUTE ] array (
  'type' => 'module',
  'module' => 
  array (
    0 => 'favicon.ico',
    1 => NULL,
    2 => NULL,
  ),
)
[ info ] [ HEADER ] array (
  'socketlog' => 'SocketLog(tabid=3&client_id=)',
  'cookie' => 'PHPSESSID=knf8051r3orqc85iujjlf4tom2',
  'accept-language' => 'zh-CN,zh;q=0.9',
  'accept-encoding' => 'gzip, deflate',
  'referer' => 'http://www.plm_dev123.net/api/v2/KcloudErp/disable',
  'accept' => 'image/webp,image/apng,image/*,*/*;q=0.8',
  'user-agent' => 'Mozilla/5.0 (Windows NT 6.1; Win64; x64) AppleWebKit/537.36 (KHTML, like Gecko) Chrome/67.0.3396.62 Safari/537.36',
  'connection' => 'close',
  'host' => 'www.plm_dev123.net',
)
[ info ] [ PARAM ] array (
)
[ info ] [ LOG ] INIT File
---------------------------------------------------------------
[ 2018-10-19T10:23:53+08:00 ] 127.0.0.1 127.0.0.1 GET /api/v2/KcloudErp/disable
[ info ] www.plm_dev123.net/api/v2/KcloudErp/disable [运行时间：0.078039s][吞吐率：12.81req/s] [内存消耗：1,857.05kb] [文件加载：50]
[ info ] [ LANG ] E:\phpStudy\WWW\plm_dev\thinkphp\lang\zh-cn.php
[ info ] [ ROUTE ] array (
  'type' => 'module',
  'module' => 
  array (
    0 => 'api',
    1 => 'v2.KcloudErp',
    2 => 'disable',
  ),
)
[ info ] [ HEADER ] array (
  'socketlog' => 'SocketLog(tabid=3&client_id=)',
  'cookie' => 'thinkphp_show_page_trace=0|0; PHPSESSID=knf8051r3orqc85iujjlf4tom2',
  'accept-language' => 'zh-CN,zh;q=0.9',
  'accept-encoding' => 'gzip, deflate',
  'accept' => 'text/html,application/xhtml+xml,application/xml;q=0.9,image/webp,image/apng,*/*;q=0.8',
  'user-agent' => 'Mozilla/5.0 (Windows NT 6.1; Win64; x64) AppleWebKit/537.36 (KHTML, like Gecko) Chrome/67.0.3396.62 Safari/537.36',
  'upgrade-insecure-requests' => '1',
  'cache-control' => 'max-age=0',
  'connection' => 'close',
  'host' => 'www.plm_dev123.net',
)
[ info ] [ PARAM ] array (
)
[ info ] [ RUN ] app\api\controller\v2\KcloudErp->disable[ E:\phpStudy\WWW\plm_dev\application\api\controller\v2\KcloudErp.php ]
[ info ] [ DB ] INIT mysql
[ info ] [ SESSION ] INIT array (
  'id' => '',
  'var_session_id' => '',
  'prefix' => 'plm_',
  'type' => '',
  'auto_start' => true,
)
[ info ] [ LOG ] INIT File
[ sql ] [ DB ] CONNECT:[ UseTime:0.010005s ] mysql:dbname=7000mall_plm;host=192.168.80.240;port=3306;charset=utf8
[ sql ] [ SQL ] SHOW COLUMNS FROM `plm_relation` [ RunTime:0.006003s ]
[ sql ] [ SQL ] SELECT COUNT(*) AS tp_count FROM `plm_relation` WHERE  `target_id` = 31  AND `target_type` = 4  AND `audit_status` <> 1 LIMIT 1 [ RunTime:0.002001s ]
[ sql ] [ SQL ] SHOW COLUMNS FROM `plm_project_bom` [ RunTime:0.005002s ]
[ sql ] [ SQL ] SELECT * FROM `plm_project_bom` WHERE  `bom_id` = 31 LIMIT 1 [ RunTime:0.002001s ]
[ error ] [8]Trying to get property of non-object[E:\phpStudy\WWW\plm_dev\application\api\model\ProjectBom.php:424]
---------------------------------------------------------------
[ 2018-10-19T10:23:54+08:00 ] 127.0.0.1 127.0.0.1 GET /api/v2/KcloudErp/disable
[ info ] www.plm_dev123.net/api/v2/KcloudErp/disable [运行时间：0.105053s][吞吐率：9.52req/s] [内存消耗：1,857.05kb] [文件加载：50]
[ info ] [ LANG ] E:\phpStudy\WWW\plm_dev\thinkphp\lang\zh-cn.php
[ info ] [ ROUTE ] array (
  'type' => 'module',
  'module' => 
  array (
    0 => 'api',
    1 => 'v2.KcloudErp',
    2 => 'disable',
  ),
)
[ info ] [ HEADER ] array (
  'socketlog' => 'SocketLog(tabid=3&client_id=)',
  'cookie' => 'thinkphp_show_page_trace=0|0; PHPSESSID=knf8051r3orqc85iujjlf4tom2',
  'accept-language' => 'zh-CN,zh;q=0.9',
  'accept-encoding' => 'gzip, deflate',
  'accept' => 'text/html,application/xhtml+xml,application/xml;q=0.9,image/webp,image/apng,*/*;q=0.8',
  'user-agent' => 'Mozilla/5.0 (Windows NT 6.1; Win64; x64) AppleWebKit/537.36 (KHTML, like Gecko) Chrome/67.0.3396.62 Safari/537.36',
  'upgrade-insecure-requests' => '1',
  'cache-control' => 'max-age=0',
  'connection' => 'close',
  'host' => 'www.plm_dev123.net',
)
[ info ] [ PARAM ] array (
)
[ info ] [ RUN ] app\api\controller\v2\KcloudErp->disable[ E:\phpStudy\WWW\plm_dev\application\api\controller\v2\KcloudErp.php ]
[ info ] [ DB ] INIT mysql
[ info ] [ SESSION ] INIT array (
  'id' => '',
  'var_session_id' => '',
  'prefix' => 'plm_',
  'type' => '',
  'auto_start' => true,
)
[ info ] [ LOG ] INIT File
[ sql ] [ DB ] CONNECT:[ UseTime:0.012006s ] mysql:dbname=7000mall_plm;host=192.168.80.240;port=3306;charset=utf8
[ sql ] [ SQL ] SHOW COLUMNS FROM `plm_relation` [ RunTime:0.005002s ]
[ sql ] [ SQL ] SELECT COUNT(*) AS tp_count FROM `plm_relation` WHERE  `target_id` = 31  AND `target_type` = 4  AND `audit_status` <> 1 LIMIT 1 [ RunTime:0.002001s ]
[ sql ] [ SQL ] SHOW COLUMNS FROM `plm_project_bom` [ RunTime:0.006003s ]
[ sql ] [ SQL ] SELECT * FROM `plm_project_bom` WHERE  `bom_id` = 31 LIMIT 1 [ RunTime:0.002001s ]
[ error ] [8]Trying to get property of non-object[E:\phpStudy\WWW\plm_dev\application\api\model\ProjectBom.php:424]
---------------------------------------------------------------
[ 2018-10-19T10:24:06+08:00 ] 127.0.0.1 127.0.0.1 GET /api/v2/KcloudErp/disable
[ info ] www.plm_dev123.net/api/v2/KcloudErp/disable [运行时间：0.107053s][吞吐率：9.34req/s] [内存消耗：1,856.59kb] [文件加载：50]
[ info ] [ LANG ] E:\phpStudy\WWW\plm_dev\thinkphp\lang\zh-cn.php
[ info ] [ ROUTE ] array (
  'type' => 'module',
  'module' => 
  array (
    0 => 'api',
    1 => 'v2.KcloudErp',
    2 => 'disable',
  ),
)
[ info ] [ HEADER ] array (
  'socketlog' => 'SocketLog(tabid=3&client_id=)',
  'cookie' => 'thinkphp_show_page_trace=0|0; PHPSESSID=knf8051r3orqc85iujjlf4tom2',
  'accept-language' => 'zh-CN,zh;q=0.9',
  'accept-encoding' => 'gzip, deflate',
  'accept' => 'text/html,application/xhtml+xml,application/xml;q=0.9,image/webp,image/apng,*/*;q=0.8',
  'user-agent' => 'Mozilla/5.0 (Windows NT 6.1; Win64; x64) AppleWebKit/537.36 (KHTML, like Gecko) Chrome/67.0.3396.62 Safari/537.36',
  'upgrade-insecure-requests' => '1',
  'cache-control' => 'max-age=0',
  'connection' => 'close',
  'host' => 'www.plm_dev123.net',
)
[ info ] [ PARAM ] array (
)
[ info ] [ RUN ] app\api\controller\v2\KcloudErp->disable[ E:\phpStudy\WWW\plm_dev\application\api\controller\v2\KcloudErp.php ]
[ info ] [ DB ] INIT mysql
[ info ] [ SESSION ] INIT array (
  'id' => '',
  'var_session_id' => '',
  'prefix' => 'plm_',
  'type' => '',
  'auto_start' => true,
)
[ info ] [ LOG ] INIT File
[ sql ] [ DB ] CONNECT:[ UseTime:0.012006s ] mysql:dbname=7000mall_plm;host=192.168.80.240;port=3306;charset=utf8
[ sql ] [ SQL ] SHOW COLUMNS FROM `plm_relation` [ RunTime:0.006003s ]
[ sql ] [ SQL ] SELECT COUNT(*) AS tp_count FROM `plm_relation` WHERE  `target_id` = 31  AND `target_type` = 4  AND `audit_status` <> 1 LIMIT 1 [ RunTime:0.002001s ]
[ sql ] [ SQL ] SHOW COLUMNS FROM `plm_project_bom` [ RunTime:0.006003s ]
[ sql ] [ SQL ] SELECT * FROM `plm_project_bom` WHERE  `bom_id` = 31 LIMIT 1 [ RunTime:0.002001s ]
[ error ] [8]Trying to get property of non-object[E:\phpStudy\WWW\plm_dev\application\api\model\ProjectBom.php:423]
---------------------------------------------------------------
[ 2018-10-19T11:10:48+08:00 ] 127.0.0.1 127.0.0.1 GET /api/v2/KcloudErp/disable
[ info ] www.plm_dev123.net/api/v2/KcloudErp/disable [运行时间：0.057005s][吞吐率：17.54req/s] [内存消耗：1,726.35kb] [文件加载：40]
[ info ] [ LANG ] E:\phpStudy\WWW\plm_dev\thinkphp\lang\zh-cn.php
[ info ] [ ROUTE ] array (
  'type' => 'module',
  'module' => 
  array (
    0 => 'api',
    1 => 'v2.KcloudErp',
    2 => 'disable',
  ),
)
[ info ] [ HEADER ] array (
  'socketlog' => 'SocketLog(tabid=3&client_id=)',
  'cookie' => 'thinkphp_show_page_trace=0|0; PHPSESSID=knf8051r3orqc85iujjlf4tom2',
  'accept-language' => 'zh-CN,zh;q=0.9',
  'accept-encoding' => 'gzip, deflate',
  'accept' => 'text/html,application/xhtml+xml,application/xml;q=0.9,image/webp,image/apng,*/*;q=0.8',
  'user-agent' => 'Mozilla/5.0 (Windows NT 6.1; Win64; x64) AppleWebKit/537.36 (KHTML, like Gecko) Chrome/67.0.3396.62 Safari/537.36',
  'upgrade-insecure-requests' => '1',
  'cache-control' => 'max-age=0',
  'connection' => 'close',
  'host' => 'www.plm_dev123.net',
)
[ info ] [ PARAM ] array (
)
[ info ] [ RUN ] app\api\controller\v2\KcloudErp->disable[ E:\phpStudy\WWW\plm_dev\application\api\controller\v2\KcloudErp.php ]
[ info ] [ DB ] INIT mysql
[ info ] [ LOG ] INIT File
[ sql ] [ DB ] CONNECT:[ UseTime:0.013001s ] mysql:dbname=7000mall_plm;host=192.168.80.240;port=3306;charset=utf8
[ sql ] [ SQL ] SHOW COLUMNS FROM `plm_relation` [ RunTime:0.006000s ]
[ sql ] [ SQL ] SELECT COUNT(*) AS tp_count FROM `plm_relation` WHERE  `target_id` = 31  AND `target_type` = 4  AND `audit_status` <> 1 LIMIT 1 [ RunTime:0.002000s ]
[ sql ] [ SQL ] SHOW COLUMNS FROM `plm_project_bom` [ RunTime:0.006001s ]
[ sql ] [ SQL ] SELECT * FROM `plm_project_bom` WHERE  `bom_id` = 31 LIMIT 1 [ RunTime:0.002000s ]
---------------------------------------------------------------
[ 2018-10-19T11:11:07+08:00 ] 127.0.0.1 127.0.0.1 GET /api/v2/KcloudErp/disable
[ info ] www.plm_dev123.net/api/v2/KcloudErp/disable [运行时间：0.069007s][吞吐率：14.49req/s] [内存消耗：1,730.52kb] [文件加载：40]
[ info ] [ LANG ] E:\phpStudy\WWW\plm_dev\thinkphp\lang\zh-cn.php
[ info ] [ ROUTE ] array (
  'type' => 'module',
  'module' => 
  array (
    0 => 'api',
    1 => 'v2.KcloudErp',
    2 => 'disable',
  ),
)
[ info ] [ HEADER ] array (
  'socketlog' => 'SocketLog(tabid=3&client_id=)',
  'cookie' => 'thinkphp_show_page_trace=0|0; PHPSESSID=knf8051r3orqc85iujjlf4tom2',
  'accept-language' => 'zh-CN,zh;q=0.9',
  'accept-encoding' => 'gzip, deflate',
  'accept' => 'text/html,application/xhtml+xml,application/xml;q=0.9,image/webp,image/apng,*/*;q=0.8',
  'user-agent' => 'Mozilla/5.0 (Windows NT 6.1; Win64; x64) AppleWebKit/537.36 (KHTML, like Gecko) Chrome/67.0.3396.62 Safari/537.36',
  'upgrade-insecure-requests' => '1',
  'cache-control' => 'max-age=0',
  'connection' => 'close',
  'host' => 'www.plm_dev123.net',
)
[ info ] [ PARAM ] array (
)
[ info ] [ RUN ] app\api\controller\v2\KcloudErp->disable[ E:\phpStudy\WWW\plm_dev\application\api\controller\v2\KcloudErp.php ]
[ info ] [ DB ] INIT mysql
[ info ] [ LOG ] INIT File
[ sql ] [ DB ] CONNECT:[ UseTime:0.011001s ] mysql:dbname=7000mall_plm;host=192.168.80.240;port=3306;charset=utf8
[ sql ] [ SQL ] SHOW COLUMNS FROM `plm_relation` [ RunTime:0.006001s ]
[ sql ] [ SQL ] SELECT COUNT(*) AS tp_count FROM `plm_relation` WHERE  `target_id` = 54  AND `target_type` = 4  AND `audit_status` <> 1 LIMIT 1 [ RunTime:0.002000s ]
[ sql ] [ SQL ] SHOW COLUMNS FROM `plm_project_bom` [ RunTime:0.005000s ]
[ sql ] [ SQL ] SELECT * FROM `plm_project_bom` WHERE  `bom_id` = 54 LIMIT 1 [ RunTime:0.002001s ]
---------------------------------------------------------------
[ 2018-10-19T11:11:58+08:00 ] 127.0.0.1 127.0.0.1 GET /api/v2/KcloudErp/disable
[ info ] www.plm_dev123.net/api/v2/KcloudErp/disable [运行时间：0.070007s][吞吐率：14.28req/s] [内存消耗：1,731.52kb] [文件加载：40]
[ info ] [ LANG ] E:\phpStudy\WWW\plm_dev\thinkphp\lang\zh-cn.php
[ info ] [ ROUTE ] array (
  'type' => 'module',
  'module' => 
  array (
    0 => 'api',
    1 => 'v2.KcloudErp',
    2 => 'disable',
  ),
)
[ info ] [ HEADER ] array (
  'socketlog' => 'SocketLog(tabid=3&client_id=)',
  'cookie' => 'thinkphp_show_page_trace=0|0; PHPSESSID=knf8051r3orqc85iujjlf4tom2',
  'accept-language' => 'zh-CN,zh;q=0.9',
  'accept-encoding' => 'gzip, deflate',
  'accept' => 'text/html,application/xhtml+xml,application/xml;q=0.9,image/webp,image/apng,*/*;q=0.8',
  'user-agent' => 'Mozilla/5.0 (Windows NT 6.1; Win64; x64) AppleWebKit/537.36 (KHTML, like Gecko) Chrome/67.0.3396.62 Safari/537.36',
  'upgrade-insecure-requests' => '1',
  'cache-control' => 'max-age=0',
  'connection' => 'close',
  'host' => 'www.plm_dev123.net',
)
[ info ] [ PARAM ] array (
)
[ info ] [ RUN ] app\api\controller\v2\KcloudErp->disable[ E:\phpStudy\WWW\plm_dev\application\api\controller\v2\KcloudErp.php ]
[ info ] [ DB ] INIT mysql
[ info ] [ LOG ] INIT File
[ sql ] [ DB ] CONNECT:[ UseTime:0.011001s ] mysql:dbname=7000mall_plm;host=192.168.80.240;port=3306;charset=utf8
[ sql ] [ SQL ] SHOW COLUMNS FROM `plm_relation` [ RunTime:0.006000s ]
[ sql ] [ SQL ] SELECT COUNT(*) AS tp_count FROM `plm_relation` WHERE  `target_id` = 54  AND `target_type` = 4  AND `audit_status` <> 1 LIMIT 1 [ RunTime:0.002001s ]
[ sql ] [ SQL ] SHOW COLUMNS FROM `plm_project_bom` [ RunTime:0.006000s ]
[ sql ] [ SQL ] SELECT * FROM `plm_project_bom` WHERE  `bom_id` = 54 LIMIT 1 [ RunTime:0.003001s ]
---------------------------------------------------------------
[ 2018-10-19T11:12:01+08:00 ] 127.0.0.1 127.0.0.1 GET /api/v2/KcloudErp/disable
[ info ] www.plm_dev123.net/api/v2/KcloudErp/disable [运行时间：0.144014s][吞吐率：6.94req/s] [内存消耗：1,731.52kb] [文件加载：40]
[ info ] [ LANG ] E:\phpStudy\WWW\plm_dev\thinkphp\lang\zh-cn.php
[ info ] [ ROUTE ] array (
  'type' => 'module',
  'module' => 
  array (
    0 => 'api',
    1 => 'v2.KcloudErp',
    2 => 'disable',
  ),
)
[ info ] [ HEADER ] array (
  'socketlog' => 'SocketLog(tabid=3&client_id=)',
  'cookie' => 'thinkphp_show_page_trace=0|0; PHPSESSID=knf8051r3orqc85iujjlf4tom2',
  'accept-language' => 'zh-CN,zh;q=0.9',
  'accept-encoding' => 'gzip, deflate',
  'accept' => 'text/html,application/xhtml+xml,application/xml;q=0.9,image/webp,image/apng,*/*;q=0.8',
  'user-agent' => 'Mozilla/5.0 (Windows NT 6.1; Win64; x64) AppleWebKit/537.36 (KHTML, like Gecko) Chrome/67.0.3396.62 Safari/537.36',
  'upgrade-insecure-requests' => '1',
  'cache-control' => 'max-age=0',
  'connection' => 'close',
  'host' => 'www.plm_dev123.net',
)
[ info ] [ PARAM ] array (
)
[ info ] [ RUN ] app\api\controller\v2\KcloudErp->disable[ E:\phpStudy\WWW\plm_dev\application\api\controller\v2\KcloudErp.php ]
[ info ] [ DB ] INIT mysql
[ info ] [ LOG ] INIT File
[ sql ] [ DB ] CONNECT:[ UseTime:0.020002s ] mysql:dbname=7000mall_plm;host=192.168.80.240;port=3306;charset=utf8
[ sql ] [ SQL ] SHOW COLUMNS FROM `plm_relation` [ RunTime:0.015002s ]
[ sql ] [ SQL ] SELECT COUNT(*) AS tp_count FROM `plm_relation` WHERE  `target_id` = 54  AND `target_type` = 4  AND `audit_status` <> 1 LIMIT 1 [ RunTime:0.026002s ]
[ sql ] [ SQL ] SHOW COLUMNS FROM `plm_project_bom` [ RunTime:0.022003s ]
[ sql ] [ SQL ] SELECT * FROM `plm_project_bom` WHERE  `bom_id` = 54 LIMIT 1 [ RunTime:0.022002s ]
---------------------------------------------------------------
[ 2018-10-19T11:12:10+08:00 ] 127.0.0.1 127.0.0.1 GET /api/v2/KcloudErp/disable
[ info ] www.plm_dev123.net/api/v2/KcloudErp/disable [运行时间：0.088009s][吞吐率：11.36req/s] [内存消耗：1,765.94kb] [文件加载：41]
[ info ] [ LANG ] E:\phpStudy\WWW\plm_dev\thinkphp\lang\zh-cn.php
[ info ] [ ROUTE ] array (
  'type' => 'module',
  'module' => 
  array (
    0 => 'api',
    1 => 'v2.KcloudErp',
    2 => 'disable',
  ),
)
[ info ] [ HEADER ] array (
  'socketlog' => 'SocketLog(tabid=3&client_id=)',
  'cookie' => 'thinkphp_show_page_trace=0|0; PHPSESSID=knf8051r3orqc85iujjlf4tom2',
  'accept-language' => 'zh-CN,zh;q=0.9',
  'accept-encoding' => 'gzip, deflate',
  'accept' => 'text/html,application/xhtml+xml,application/xml;q=0.9,image/webp,image/apng,*/*;q=0.8',
  'user-agent' => 'Mozilla/5.0 (Windows NT 6.1; Win64; x64) AppleWebKit/537.36 (KHTML, like Gecko) Chrome/67.0.3396.62 Safari/537.36',
  'upgrade-insecure-requests' => '1',
  'cache-control' => 'max-age=0',
  'connection' => 'close',
  'host' => 'www.plm_dev123.net',
)
[ info ] [ PARAM ] array (
)
[ info ] [ RUN ] app\api\controller\v2\KcloudErp->disable[ E:\phpStudy\WWW\plm_dev\application\api\controller\v2\KcloudErp.php ]
[ info ] [ DB ] INIT mysql
[ info ] [ SESSION ] INIT array (
  'id' => '',
  'var_session_id' => '',
  'prefix' => 'plm_',
  'type' => '',
  'auto_start' => true,
)
[ info ] [ LOG ] INIT File
[ sql ] [ DB ] CONNECT:[ UseTime:0.012001s ] mysql:dbname=7000mall_plm;host=192.168.80.240;port=3306;charset=utf8
[ sql ] [ SQL ] SHOW COLUMNS FROM `plm_relation` [ RunTime:0.006001s ]
[ sql ] [ SQL ] SELECT COUNT(*) AS tp_count FROM `plm_relation` WHERE  `target_id` = 54  AND `target_type` = 4  AND `audit_status` <> 1 LIMIT 1 [ RunTime:0.002000s ]
[ sql ] [ SQL ] SHOW COLUMNS FROM `plm_project_bom` [ RunTime:0.005001s ]
[ sql ] [ SQL ] SELECT * FROM `plm_project_bom` WHERE  `bom_id` = 54 LIMIT 1 [ RunTime:0.002000s ]
[ sql ] [ SQL ] SHOW COLUMNS FROM `plm_bom_material` [ RunTime:0.005001s ]
[ sql ] [ SQL ] SELECT * FROM `plm_bom_material` WHERE  `bom_id` = '54'  AND `relative` = 1 LIMIT 1 [ RunTime:0.003000s ]
---------------------------------------------------------------
[ 2018-10-19T11:41:13+08:00 ] 127.0.0.1 127.0.0.1 GET /api/v2/KcloudErp/disable
[ info ] www.plm_dev123.net/api/v2/KcloudErp/disable [运行时间：0.031000s][吞吐率：32.26req/s] [内存消耗：1,725.02kb] [文件加载：47]
[ info ] [ LANG ] E:\phpStudy\WWW\plm_dev\thinkphp\lang\zh-cn.php
[ info ] [ ROUTE ] array (
  'type' => 'module',
  'module' => 
  array (
    0 => 'api',
    1 => 'v2.KcloudErp',
    2 => 'disable',
  ),
)
[ info ] [ HEADER ] array (
  'socketlog' => 'SocketLog(tabid=3&client_id=)',
  'cookie' => 'thinkphp_show_page_trace=0|0; PHPSESSID=knf8051r3orqc85iujjlf4tom2',
  'accept-language' => 'zh-CN,zh;q=0.9',
  'accept-encoding' => 'gzip, deflate',
  'accept' => 'text/html,application/xhtml+xml,application/xml;q=0.9,image/webp,image/apng,*/*;q=0.8',
  'user-agent' => 'Mozilla/5.0 (Windows NT 6.1; Win64; x64) AppleWebKit/537.36 (KHTML, like Gecko) Chrome/67.0.3396.62 Safari/537.36',
  'upgrade-insecure-requests' => '1',
  'cache-control' => 'max-age=0',
  'connection' => 'close',
  'host' => 'www.plm_dev123.net',
)
[ info ] [ PARAM ] array (
)
[ info ] [ RUN ] app\api\controller\v2\KcloudErp->disable[ E:\phpStudy\WWW\plm_dev\application\api\controller\v2\KcloudErp.php ]
[ info ] [ DB ] INIT mysql
[ info ] [ LOG ] INIT File
[ error ] [0]method not exist:think\db\Query->saveErpBom2[E:\phpStudy\WWW\plm_dev\thinkphp\library\think\db\Query.php:93]
---------------------------------------------------------------
[ 2018-10-19T11:41:46+08:00 ] 127.0.0.1 127.0.0.1 GET /api/v2/KcloudErp/disable
[ info ] www.plm_dev123.net/api/v2/KcloudErp/disable [运行时间：0.103000s][吞吐率：9.71req/s] [内存消耗：1,854.01kb] [文件加载：49]
[ info ] [ LANG ] E:\phpStudy\WWW\plm_dev\thinkphp\lang\zh-cn.php
[ info ] [ ROUTE ] array (
  'type' => 'module',
  'module' => 
  array (
    0 => 'api',
    1 => 'v2.KcloudErp',
    2 => 'disable',
  ),
)
[ info ] [ HEADER ] array (
  'socketlog' => 'SocketLog(tabid=3&client_id=)',
  'cookie' => 'thinkphp_show_page_trace=0|0; PHPSESSID=knf8051r3orqc85iujjlf4tom2',
  'accept-language' => 'zh-CN,zh;q=0.9',
  'accept-encoding' => 'gzip, deflate',
  'accept' => 'text/html,application/xhtml+xml,application/xml;q=0.9,image/webp,image/apng,*/*;q=0.8',
  'user-agent' => 'Mozilla/5.0 (Windows NT 6.1; Win64; x64) AppleWebKit/537.36 (KHTML, like Gecko) Chrome/67.0.3396.62 Safari/537.36',
  'upgrade-insecure-requests' => '1',
  'cache-control' => 'max-age=0',
  'connection' => 'close',
  'host' => 'www.plm_dev123.net',
)
[ info ] [ PARAM ] array (
)
[ info ] [ RUN ] app\api\controller\v2\KcloudErp->disable[ E:\phpStudy\WWW\plm_dev\application\api\controller\v2\KcloudErp.php ]
[ info ] [ DB ] INIT mysql
[ info ] [ SESSION ] INIT array (
  'id' => '',
  'var_session_id' => '',
  'prefix' => 'plm_',
  'type' => '',
  'auto_start' => true,
)
[ info ] [ LOG ] INIT File
[ sql ] [ DB ] CONNECT:[ UseTime:0.006000s ] mysql:dbname=7000mall_plm;host=192.168.80.240;port=3306;charset=utf8
[ sql ] [ SQL ] SHOW COLUMNS FROM `plm_relation` [ RunTime:0.007000s ]
[ sql ] [ SQL ] SELECT COUNT(*) AS tp_count FROM `plm_relation` WHERE  `target_id` = 54  AND `target_type` = 4  AND `audit_status` <> 1 LIMIT 1 [ RunTime:0.003000s ]
[ sql ] [ SQL ] SHOW COLUMNS FROM `plm_project_bom` [ RunTime:0.007000s ]
[ sql ] [ SQL ] SELECT * FROM `plm_project_bom` WHERE  `bom_id` = 54 LIMIT 1 [ RunTime:0.002000s ]
[ sql ] [ SQL ] SHOW COLUMNS FROM `plm_bom_material` [ RunTime:0.006000s ]
[ sql ] [ SQL ] SELECT * FROM `plm_bom_material` WHERE  `bom_id` = '54'  AND `relative` = 1 LIMIT 1 [ RunTime:0.002000s ]
[ sql ] [ SQL ] SELECT * FROM `plm_bom_material` WHERE  `bom_id` = '54'  AND `relative` = 0 LIMIT 1 [ RunTime:0.002000s ]
[ sql ] [ SQL ] SHOW COLUMNS FROM `plm_material_grouping` [ RunTime:0.005000s ]
[ sql ] [ SQL ] SELECT `mg_code` FROM `plm_material_grouping` WHERE  `mg_id` = 109780 LIMIT 1 [ RunTime:0.002000s ]
[ error ] [2]Illegal string offset 'material_sn'[E:\phpStudy\WWW\plm_dev\application\api\model\ProjectBom.php:645]
---------------------------------------------------------------
[ 2018-10-19T11:42:35+08:00 ] 127.0.0.1 127.0.0.1 GET /api/v2/KcloudErp/disable
[ info ] www.plm_dev123.net/api/v2/KcloudErp/disable [运行时间：0.107000s][吞吐率：9.35req/s] [内存消耗：1,765.18kb] [文件加载：41]
[ info ] [ LANG ] E:\phpStudy\WWW\plm_dev\thinkphp\lang\zh-cn.php
[ info ] [ ROUTE ] array (
  'type' => 'module',
  'module' => 
  array (
    0 => 'api',
    1 => 'v2.KcloudErp',
    2 => 'disable',
  ),
)
[ info ] [ HEADER ] array (
  'socketlog' => 'SocketLog(tabid=3&client_id=)',
  'cookie' => 'thinkphp_show_page_trace=0|0; PHPSESSID=knf8051r3orqc85iujjlf4tom2',
  'accept-language' => 'zh-CN,zh;q=0.9',
  'accept-encoding' => 'gzip, deflate',
  'accept' => 'text/html,application/xhtml+xml,application/xml;q=0.9,image/webp,image/apng,*/*;q=0.8',
  'user-agent' => 'Mozilla/5.0 (Windows NT 6.1; Win64; x64) AppleWebKit/537.36 (KHTML, like Gecko) Chrome/67.0.3396.62 Safari/537.36',
  'upgrade-insecure-requests' => '1',
  'cache-control' => 'max-age=0',
  'connection' => 'close',
  'host' => 'www.plm_dev123.net',
)
[ info ] [ PARAM ] array (
)
[ info ] [ RUN ] app\api\controller\v2\KcloudErp->disable[ E:\phpStudy\WWW\plm_dev\application\api\controller\v2\KcloudErp.php ]
[ info ] [ DB ] INIT mysql
[ info ] [ SESSION ] INIT array (
  'id' => '',
  'var_session_id' => '',
  'prefix' => 'plm_',
  'type' => '',
  'auto_start' => true,
)
[ info ] [ LOG ] INIT File
[ sql ] [ DB ] CONNECT:[ UseTime:0.012000s ] mysql:dbname=7000mall_plm;host=192.168.80.240;port=3306;charset=utf8
[ sql ] [ SQL ] SHOW COLUMNS FROM `plm_relation` [ RunTime:0.007000s ]
[ sql ] [ SQL ] SELECT COUNT(*) AS tp_count FROM `plm_relation` WHERE  `target_id` = 54  AND `target_type` = 4  AND `audit_status` <> 1 LIMIT 1 [ RunTime:0.004000s ]
[ sql ] [ SQL ] SHOW COLUMNS FROM `plm_project_bom` [ RunTime:0.006000s ]
[ sql ] [ SQL ] SELECT * FROM `plm_project_bom` WHERE  `bom_id` = 54 LIMIT 1 [ RunTime:0.004000s ]
[ sql ] [ SQL ] SHOW COLUMNS FROM `plm_bom_material` [ RunTime:0.009000s ]
[ sql ] [ SQL ] SELECT * FROM `plm_bom_material` WHERE  `bom_id` = '54'  AND `relative` = 1 LIMIT 1 [ RunTime:0.003000s ]
[ sql ] [ SQL ] SELECT * FROM `plm_bom_material` WHERE  `bom_id` = '54'  AND `relative` = 0 [ RunTime:0.002000s ]
[ sql ] [ SQL ] SHOW COLUMNS FROM `plm_material_grouping` [ RunTime:0.005000s ]
[ sql ] [ SQL ] SELECT `mg_code` FROM `plm_material_grouping` WHERE  `mg_id` = 109780 LIMIT 1 [ RunTime:0.003000s ]
---------------------------------------------------------------
[ 2018-10-19T13:26:29+08:00 ] 127.0.0.1 127.0.0.1 GET /api/v2/KcloudErp/disable
[ info ] www.plm_dev123.net/api/v2/KcloudErp/disable [运行时间：0.346000s][吞吐率：2.89req/s] [内存消耗：1,793.84kb] [文件加载：42]
[ info ] [ LANG ] E:\phpStudy\WWW\plm_dev\thinkphp\lang\zh-cn.php
[ info ] [ ROUTE ] array (
  'type' => 'module',
  'module' => 
  array (
    0 => 'api',
    1 => 'v2.KcloudErp',
    2 => 'disable',
  ),
)
[ info ] [ HEADER ] array (
  'socketlog' => 'SocketLog(tabid=3&client_id=)',
  'cookie' => 'thinkphp_show_page_trace=0|0; PHPSESSID=knf8051r3orqc85iujjlf4tom2',
  'accept-language' => 'zh-CN,zh;q=0.9',
  'accept-encoding' => 'gzip, deflate',
  'accept' => 'text/html,application/xhtml+xml,application/xml;q=0.9,image/webp,image/apng,*/*;q=0.8',
  'user-agent' => 'Mozilla/5.0 (Windows NT 6.1; Win64; x64) AppleWebKit/537.36 (KHTML, like Gecko) Chrome/67.0.3396.62 Safari/537.36',
  'upgrade-insecure-requests' => '1',
  'cache-control' => 'max-age=0',
  'connection' => 'close',
  'host' => 'www.plm_dev123.net',
)
[ info ] [ PARAM ] array (
)
[ info ] [ RUN ] app\api\controller\v2\KcloudErp->disable[ E:\phpStudy\WWW\plm_dev\application\api\controller\v2\KcloudErp.php ]
[ info ] [ DB ] INIT mysql
[ info ] [ SESSION ] INIT array (
  'id' => '',
  'var_session_id' => '',
  'prefix' => 'plm_',
  'type' => '',
  'auto_start' => true,
)
[ info ] [ LOG ] INIT File
[ sql ] [ DB ] CONNECT:[ UseTime:0.007000s ] mysql:dbname=7000mall_plm;host=192.168.80.240;port=3306;charset=utf8
[ sql ] [ SQL ] SHOW COLUMNS FROM `plm_relation` [ RunTime:0.015000s ]
[ sql ] [ SQL ] SELECT COUNT(*) AS tp_count FROM `plm_relation` WHERE  `target_id` = 54  AND `target_type` = 4  AND `audit_status` <> 1 LIMIT 1 [ RunTime:0.003000s ]
[ sql ] [ SQL ] SHOW COLUMNS FROM `plm_project_bom` [ RunTime:0.007000s ]
[ sql ] [ SQL ] SELECT * FROM `plm_project_bom` WHERE  `bom_id` = 54 LIMIT 1 [ RunTime:0.003000s ]
[ sql ] [ SQL ] SHOW COLUMNS FROM `plm_bom_material` [ RunTime:0.007000s ]
[ sql ] [ SQL ] SELECT * FROM `plm_bom_material` WHERE  `bom_id` = '54'  AND `relative` = 1 LIMIT 1 [ RunTime:0.004000s ]
[ sql ] [ SQL ] SELECT * FROM `plm_bom_material` WHERE  `bom_id` = '54'  AND `relative` = 0 [ RunTime:0.004000s ]
[ sql ] [ SQL ] SHOW COLUMNS FROM `plm_material_grouping` [ RunTime:0.007000s ]
[ sql ] [ SQL ] SELECT `mg_code` FROM `plm_material_grouping` WHERE  `mg_id` = 109780 LIMIT 1 [ RunTime:0.003000s ]
---------------------------------------------------------------
[ 2018-10-19T14:52:55+08:00 ] 127.0.0.1 127.0.0.1 GET /api/v2/KcloudErp/disable
[ info ] www.plm_dev123.net/api/v2/KcloudErp/disable [运行时间：0.113012s][吞吐率：8.85req/s] [内存消耗：822.63kb] [文件加载：32]
[ info ] [ LANG ] E:\phpStudy\WWW\plm_dev\thinkphp\lang\zh-cn.php
[ info ] [ ROUTE ] array (
  'type' => 'module',
  'module' => 
  array (
    0 => 'api',
    1 => 'v2.KcloudErp',
    2 => 'disable',
  ),
)
[ info ] [ HEADER ] array (
  'socketlog' => 'SocketLog(tabid=5&client_id=)',
  'accept-language' => 'zh-CN,zh;q=0.9',
  'accept-encoding' => 'gzip, deflate',
  'accept' => 'text/html,application/xhtml+xml,application/xml;q=0.9,image/webp,image/apng,*/*;q=0.8',
  'user-agent' => 'Mozilla/5.0 (Windows NT 6.1; Win64; x64) AppleWebKit/537.36 (KHTML, like Gecko) Chrome/67.0.3396.62 Safari/537.36',
  'upgrade-insecure-requests' => '1',
  'connection' => 'close',
  'host' => 'www.plm_dev123.net',
)
[ info ] [ PARAM ] array (
)
[ info ] [ RUN ] app\api\controller\v2\KcloudErp->disable[ E:\phpStudy\WWW\plm_dev\application\api\controller\v2\KcloudErp.php ]
[ info ] [ SESSION ] INIT array (
  'id' => '',
  'var_session_id' => '',
  'prefix' => 'plm_',
  'type' => '',
  'auto_start' => true,
)
[ info ] [ LOG ] INIT File
---------------------------------------------------------------
[ 2018-10-19T14:52:55+08:00 ] 127.0.0.1 127.0.0.1 GET /api/v2/KcloudErp/disable
[ info ] www.plm_dev123.net/api/v2/KcloudErp/disable [运行时间：0.106011s][吞吐率：9.43req/s] [内存消耗：822.63kb] [文件加载：32]
[ info ] [ LANG ] E:\phpStudy\WWW\plm_dev\thinkphp\lang\zh-cn.php
[ info ] [ ROUTE ] array (
  'type' => 'module',
  'module' => 
  array (
    0 => 'api',
    1 => 'v2.KcloudErp',
    2 => 'disable',
  ),
)
[ info ] [ HEADER ] array (
  'socketlog' => 'SocketLog(tabid=4&client_id=)',
  'accept-language' => 'zh-CN,zh;q=0.9',
  'accept-encoding' => 'gzip, deflate',
  'accept' => 'text/html,application/xhtml+xml,application/xml;q=0.9,image/webp,image/apng,*/*;q=0.8',
  'user-agent' => 'Mozilla/5.0 (Windows NT 6.1; Win64; x64) AppleWebKit/537.36 (KHTML, like Gecko) Chrome/67.0.3396.62 Safari/537.36',
  'upgrade-insecure-requests' => '1',
  'connection' => 'close',
  'host' => 'www.plm_dev123.net',
)
[ info ] [ PARAM ] array (
)
[ info ] [ RUN ] app\api\controller\v2\KcloudErp->disable[ E:\phpStudy\WWW\plm_dev\application\api\controller\v2\KcloudErp.php ]
[ info ] [ SESSION ] INIT array (
  'id' => '',
  'var_session_id' => '',
  'prefix' => 'plm_',
  'type' => '',
  'auto_start' => true,
)
[ info ] [ LOG ] INIT File
---------------------------------------------------------------
[ 2018-10-19T14:52:55+08:00 ] 127.0.0.1 127.0.0.1 GET /favicon.ico
[ info ] www.plm_dev123.net/favicon.ico [运行时间：0.026003s][吞吐率：38.46req/s] [内存消耗：888.82kb] [文件加载：39]
[ info ] [ LANG ] E:\phpStudy\WWW\plm_dev\thinkphp\lang\zh-cn.php
[ info ] [ ROUTE ] array (
  'type' => 'module',
  'module' => 
  array (
    0 => 'favicon.ico',
    1 => NULL,
    2 => NULL,
  ),
)
[ info ] [ HEADER ] array (
  'socketlog' => 'SocketLog(tabid=4&client_id=)',
  'cookie' => 'PHPSESSID=ehn6d5vv30bsobb4v9nq0iv3u6',
  'accept-language' => 'zh-CN,zh;q=0.9',
  'accept-encoding' => 'gzip, deflate',
  'referer' => 'http://www.plm_dev123.net/api/v2/KcloudErp/disable',
  'accept' => 'image/webp,image/apng,image/*,*/*;q=0.8',
  'user-agent' => 'Mozilla/5.0 (Windows NT 6.1; Win64; x64) AppleWebKit/537.36 (KHTML, like Gecko) Chrome/67.0.3396.62 Safari/537.36',
  'connection' => 'close',
  'host' => 'www.plm_dev123.net',
)
[ info ] [ PARAM ] array (
)
[ info ] [ LOG ] INIT File
---------------------------------------------------------------
[ 2018-10-19T14:53:33+08:00 ] 127.0.0.1 127.0.0.1 GET /api/v2/KcloudErp/disable
[ info ] www.plm_dev123.net/api/v2/KcloudErp/disable [运行时间：0.051005s][吞吐率：19.61req/s] [内存消耗：822.90kb] [文件加载：32]
[ info ] [ LANG ] E:\phpStudy\WWW\plm_dev\thinkphp\lang\zh-cn.php
[ info ] [ ROUTE ] array (
  'type' => 'module',
  'module' => 
  array (
    0 => 'api',
    1 => 'v2.KcloudErp',
    2 => 'disable',
  ),
)
[ info ] [ HEADER ] array (
  'socketlog' => 'SocketLog(tabid=4&client_id=)',
  'cookie' => 'PHPSESSID=ehn6d5vv30bsobb4v9nq0iv3u6',
  'accept-language' => 'zh-CN,zh;q=0.9',
  'accept-encoding' => 'gzip, deflate',
  'accept' => 'text/html,application/xhtml+xml,application/xml;q=0.9,image/webp,image/apng,*/*;q=0.8',
  'user-agent' => 'Mozilla/5.0 (Windows NT 6.1; Win64; x64) AppleWebKit/537.36 (KHTML, like Gecko) Chrome/67.0.3396.62 Safari/537.36',
  'upgrade-insecure-requests' => '1',
  'cache-control' => 'max-age=0',
  'connection' => 'close',
  'host' => 'www.plm_dev123.net',
)
[ info ] [ PARAM ] array (
)
[ info ] [ RUN ] app\api\controller\v2\KcloudErp->disable[ E:\phpStudy\WWW\plm_dev\application\api\controller\v2\KcloudErp.php ]
[ info ] [ SESSION ] INIT array (
  'id' => '',
  'var_session_id' => '',
  'prefix' => 'plm_',
  'type' => '',
  'auto_start' => true,
)
[ info ] [ LOG ] INIT File
---------------------------------------------------------------
[ 2018-10-19T14:55:01+08:00 ] 127.0.0.1 127.0.0.1 GET /api/v2/KcloudErp/disable
[ info ] www.plm_dev123.net/api/v2/KcloudErp/disable [运行时间：0.059006s][吞吐率：16.95req/s] [内存消耗：826.71kb] [文件加载：32]
[ info ] [ LANG ] E:\phpStudy\WWW\plm_dev\thinkphp\lang\zh-cn.php
[ info ] [ ROUTE ] array (
  'type' => 'module',
  'module' => 
  array (
    0 => 'api',
    1 => 'v2.KcloudErp',
    2 => 'disable',
  ),
)
[ info ] [ HEADER ] array (
  'socketlog' => 'SocketLog(tabid=4&client_id=)',
  'cookie' => 'PHPSESSID=ehn6d5vv30bsobb4v9nq0iv3u6',
  'accept-language' => 'zh-CN,zh;q=0.9',
  'accept-encoding' => 'gzip, deflate',
  'accept' => 'text/html,application/xhtml+xml,application/xml;q=0.9,image/webp,image/apng,*/*;q=0.8',
  'user-agent' => 'Mozilla/5.0 (Windows NT 6.1; Win64; x64) AppleWebKit/537.36 (KHTML, like Gecko) Chrome/67.0.3396.62 Safari/537.36',
  'upgrade-insecure-requests' => '1',
  'cache-control' => 'max-age=0',
  'connection' => 'close',
  'host' => 'www.plm_dev123.net',
)
[ info ] [ PARAM ] array (
)
[ info ] [ RUN ] app\api\controller\v2\KcloudErp->disable[ E:\phpStudy\WWW\plm_dev\application\api\controller\v2\KcloudErp.php ]
[ info ] [ SESSION ] INIT array (
  'id' => '',
  'var_session_id' => '',
  'prefix' => 'plm_',
  'type' => '',
  'auto_start' => true,
)
[ info ] [ LOG ] INIT File
---------------------------------------------------------------
[ 2018-10-19T14:59:20+08:00 ] 127.0.0.1 127.0.0.1 GET /api/v2/KcloudErp/disable
[ info ] www.plm_dev123.net/api/v2/KcloudErp/disable [运行时间：0.052005s][吞吐率：19.23req/s] [内存消耗：826.74kb] [文件加载：32]
[ info ] [ LANG ] E:\phpStudy\WWW\plm_dev\thinkphp\lang\zh-cn.php
[ info ] [ ROUTE ] array (
  'type' => 'module',
  'module' => 
  array (
    0 => 'api',
    1 => 'v2.KcloudErp',
    2 => 'disable',
  ),
)
[ info ] [ HEADER ] array (
  'socketlog' => 'SocketLog(tabid=4&client_id=)',
  'cookie' => 'PHPSESSID=ehn6d5vv30bsobb4v9nq0iv3u6',
  'accept-language' => 'zh-CN,zh;q=0.9',
  'accept-encoding' => 'gzip, deflate',
  'accept' => 'text/html,application/xhtml+xml,application/xml;q=0.9,image/webp,image/apng,*/*;q=0.8',
  'user-agent' => 'Mozilla/5.0 (Windows NT 6.1; Win64; x64) AppleWebKit/537.36 (KHTML, like Gecko) Chrome/67.0.3396.62 Safari/537.36',
  'upgrade-insecure-requests' => '1',
  'cache-control' => 'max-age=0',
  'connection' => 'close',
  'host' => 'www.plm_dev123.net',
)
[ info ] [ PARAM ] array (
)
[ info ] [ RUN ] app\api\controller\v2\KcloudErp->disable[ E:\phpStudy\WWW\plm_dev\application\api\controller\v2\KcloudErp.php ]
[ info ] [ SESSION ] INIT array (
  'id' => '',
  'var_session_id' => '',
  'prefix' => 'plm_',
  'type' => '',
  'auto_start' => true,
)
[ info ] [ LOG ] INIT File
---------------------------------------------------------------
[ 2018-10-19T14:59:21+08:00 ] 127.0.0.1 127.0.0.1 GET /api/v2/KcloudErp/disable
[ info ] www.plm_dev123.net/api/v2/KcloudErp/disable [运行时间：0.045005s][吞吐率：22.22req/s] [内存消耗：826.74kb] [文件加载：32]
[ info ] [ LANG ] E:\phpStudy\WWW\plm_dev\thinkphp\lang\zh-cn.php
[ info ] [ ROUTE ] array (
  'type' => 'module',
  'module' => 
  array (
    0 => 'api',
    1 => 'v2.KcloudErp',
    2 => 'disable',
  ),
)
[ info ] [ HEADER ] array (
  'socketlog' => 'SocketLog(tabid=4&client_id=)',
  'cookie' => 'PHPSESSID=ehn6d5vv30bsobb4v9nq0iv3u6',
  'accept-language' => 'zh-CN,zh;q=0.9',
  'accept-encoding' => 'gzip, deflate',
  'accept' => 'text/html,application/xhtml+xml,application/xml;q=0.9,image/webp,image/apng,*/*;q=0.8',
  'user-agent' => 'Mozilla/5.0 (Windows NT 6.1; Win64; x64) AppleWebKit/537.36 (KHTML, like Gecko) Chrome/67.0.3396.62 Safari/537.36',
  'upgrade-insecure-requests' => '1',
  'cache-control' => 'max-age=0',
  'connection' => 'close',
  'host' => 'www.plm_dev123.net',
)
[ info ] [ PARAM ] array (
)
[ info ] [ RUN ] app\api\controller\v2\KcloudErp->disable[ E:\phpStudy\WWW\plm_dev\application\api\controller\v2\KcloudErp.php ]
[ info ] [ SESSION ] INIT array (
  'id' => '',
  'var_session_id' => '',
  'prefix' => 'plm_',
  'type' => '',
  'auto_start' => true,
)
[ info ] [ LOG ] INIT File
---------------------------------------------------------------
[ 2018-10-19T15:00:21+08:00 ] 127.0.0.1 127.0.0.1 GET /api/v2/KcloudErp/disable
[ info ] www.plm_dev123.net/api/v2/KcloudErp/disable [运行时间：0.456045s][吞吐率：2.19req/s] [内存消耗：822.77kb] [文件加载：32]
[ info ] [ LANG ] E:\phpStudy\WWW\plm_dev\thinkphp\lang\zh-cn.php
[ info ] [ ROUTE ] array (
  'type' => 'module',
  'module' => 
  array (
    0 => 'api',
    1 => 'v2.KcloudErp',
    2 => 'disable',
  ),
)
[ info ] [ HEADER ] array (
  'socketlog' => 'SocketLog(tabid=4&client_id=)',
  'cookie' => 'PHPSESSID=ehn6d5vv30bsobb4v9nq0iv3u6',
  'accept-language' => 'zh-CN,zh;q=0.9',
  'accept-encoding' => 'gzip, deflate',
  'accept' => 'text/html,application/xhtml+xml,application/xml;q=0.9,image/webp,image/apng,*/*;q=0.8',
  'user-agent' => 'Mozilla/5.0 (Windows NT 6.1; Win64; x64) AppleWebKit/537.36 (KHTML, like Gecko) Chrome/67.0.3396.62 Safari/537.36',
  'upgrade-insecure-requests' => '1',
  'cache-control' => 'max-age=0',
  'connection' => 'close',
  'host' => 'www.plm_dev123.net',
)
[ info ] [ PARAM ] array (
)
[ info ] [ RUN ] app\api\controller\v2\KcloudErp->disable[ E:\phpStudy\WWW\plm_dev\application\api\controller\v2\KcloudErp.php ]
[ info ] [ SESSION ] INIT array (
  'id' => '',
  'var_session_id' => '',
  'prefix' => 'plm_',
  'type' => '',
  'auto_start' => true,
)
[ info ] [ LOG ] INIT File
