---------------------------------------------------------------
[ 2018-10-23T13:53:02+08:00 ] 127.0.0.1 127.0.0.1 GET /api/v2/KcloudErp/disable
[ info ] www.plm_dev123.net/api/v2/KcloudErp/disable [运行时间：0.239000s][吞吐率：4.18req/s] [内存消耗：758.52kb] [文件加载：30]
[ info ] [ LANG ] E:\phpStudy\WWW\plm_dev\thinkphp\lang\zh-cn.php
[ info ] [ ROUTE ] array (
  'type' => 'module',
  'module' => 
  array (
    0 => 'api',
    1 => 'v2.KcloudErp',
    2 => 'disable',
  ),
)
[ info ] [ HEADER ] array (
  'socketlog' => 'SocketLog(tabid=68&client_id=)',
  'accept-language' => 'zh-CN,zh;q=0.9',
  'accept-encoding' => 'gzip, deflate',
  'accept' => 'text/html,application/xhtml+xml,application/xml;q=0.9,image/webp,image/apng,*/*;q=0.8',
  'user-agent' => 'Mozilla/5.0 (Windows NT 6.1; Win64; x64) AppleWebKit/537.36 (KHTML, like Gecko) Chrome/67.0.3396.62 Safari/537.36',
  'upgrade-insecure-requests' => '1',
  'connection' => 'close',
  'host' => 'www.plm_dev123.net',
)
[ info ] [ PARAM ] array (
)
[ info ] [ RUN ] app\api\controller\v2\KcloudErp->disable[ E:\phpStudy\WWW\plm_dev\application\api\controller\v2\KcloudErp.php ]
[ info ] [ LOG ] INIT File
---------------------------------------------------------------
[ 2018-10-23T13:53:07+08:00 ] 127.0.0.1 127.0.0.1 GET /api/v2/KcloudErp/test
[ info ] www.plm_dev123.net/api/v2/KcloudErp/test [运行时间：0.203000s][吞吐率：4.93req/s] [内存消耗：819.77kb] [文件加载：32]
[ info ] [ LANG ] E:\phpStudy\WWW\plm_dev\thinkphp\lang\zh-cn.php
[ info ] [ ROUTE ] array (
  'type' => 'module',
  'module' => 
  array (
    0 => 'api',
    1 => 'v2.KcloudErp',
    2 => 'test',
  ),
)
[ info ] [ HEADER ] array (
  'socketlog' => 'SocketLog(tabid=67&client_id=)',
  'cookie' => 'PHPSESSID=6vkadrb4krti8uclnvhr8nvuq6',
  'accept-language' => 'zh-CN,zh;q=0.9',
  'accept-encoding' => 'gzip, deflate',
  'accept' => 'text/html,application/xhtml+xml,application/xml;q=0.9,image/webp,image/apng,*/*;q=0.8',
  'user-agent' => 'Mozilla/5.0 (Windows NT 6.1; Win64; x64) AppleWebKit/537.36 (KHTML, like Gecko) Chrome/67.0.3396.62 Safari/537.36',
  'upgrade-insecure-requests' => '1',
  'connection' => 'close',
  'host' => 'www.plm_dev123.net',
)
[ info ] [ PARAM ] array (
)
[ info ] [ RUN ] app\api\controller\v2\KcloudErp->test[ E:\phpStudy\WWW\plm_dev\application\api\controller\v2\KcloudErp.php ]
[ info ] [ SESSION ] INIT array (
  'id' => '',
  'var_session_id' => '',
  'prefix' => 'plm_',
  'type' => '',
  'auto_start' => true,
)
[ info ] [ LOG ] INIT File
---------------------------------------------------------------
[ 2018-10-23T13:53:07+08:00 ] 127.0.0.1 127.0.0.1 GET /favicon.ico
[ info ] www.plm_dev123.net/favicon.ico [运行时间：0.040000s][吞吐率：25.00req/s] [内存消耗：888.80kb] [文件加载：39]
[ info ] [ LANG ] E:\phpStudy\WWW\plm_dev\thinkphp\lang\zh-cn.php
[ info ] [ ROUTE ] array (
  'type' => 'module',
  'module' => 
  array (
    0 => 'favicon.ico',
    1 => NULL,
    2 => NULL,
  ),
)
[ info ] [ HEADER ] array (
  'socketlog' => 'SocketLog(tabid=67&client_id=)',
  'cookie' => 'PHPSESSID=6vkadrb4krti8uclnvhr8nvuq6',
  'accept-language' => 'zh-CN,zh;q=0.9',
  'accept-encoding' => 'gzip, deflate',
  'referer' => 'http://www.plm_dev123.net/api/v2/KcloudErp/test',
  'accept' => 'image/webp,image/apng,image/*,*/*;q=0.8',
  'user-agent' => 'Mozilla/5.0 (Windows NT 6.1; Win64; x64) AppleWebKit/537.36 (KHTML, like Gecko) Chrome/67.0.3396.62 Safari/537.36',
  'connection' => 'close',
  'host' => 'www.plm_dev123.net',
)
[ info ] [ PARAM ] array (
)
[ info ] [ LOG ] INIT File
---------------------------------------------------------------
[ 2018-10-23T13:53:26+08:00 ] 127.0.0.1 127.0.0.1 GET /api/v2/KcloudErp/test
[ info ] www.plm_dev123.net/api/v2/KcloudErp/test [运行时间：0.059000s][吞吐率：16.95req/s] [内存消耗：819.38kb] [文件加载：32]
[ info ] [ LANG ] E:\phpStudy\WWW\plm_dev\thinkphp\lang\zh-cn.php
[ info ] [ ROUTE ] array (
  'type' => 'module',
  'module' => 
  array (
    0 => 'api',
    1 => 'v2.KcloudErp',
    2 => 'test',
  ),
)
[ info ] [ HEADER ] array (
  'socketlog' => 'SocketLog(tabid=67&client_id=)',
  'cookie' => 'PHPSESSID=6vkadrb4krti8uclnvhr8nvuq6',
  'accept-language' => 'zh-CN,zh;q=0.9',
  'accept-encoding' => 'gzip, deflate',
  'accept' => 'text/html,application/xhtml+xml,application/xml;q=0.9,image/webp,image/apng,*/*;q=0.8',
  'user-agent' => 'Mozilla/5.0 (Windows NT 6.1; Win64; x64) AppleWebKit/537.36 (KHTML, like Gecko) Chrome/67.0.3396.62 Safari/537.36',
  'upgrade-insecure-requests' => '1',
  'cache-control' => 'max-age=0',
  'connection' => 'close',
  'host' => 'www.plm_dev123.net',
)
[ info ] [ PARAM ] array (
)
[ info ] [ RUN ] app\api\controller\v2\KcloudErp->test[ E:\phpStudy\WWW\plm_dev\application\api\controller\v2\KcloudErp.php ]
[ info ] [ SESSION ] INIT array (
  'id' => '',
  'var_session_id' => '',
  'prefix' => 'plm_',
  'type' => '',
  'auto_start' => true,
)
[ info ] [ LOG ] INIT File
---------------------------------------------------------------
[ 2018-10-23T13:54:58+08:00 ] 127.0.0.1 127.0.0.1 GET /api/v2/KcloudErp/test
[ info ] www.plm_dev123.net/api/v2/KcloudErp/test [运行时间：2.766000s][吞吐率：0.36req/s] [内存消耗：819.54kb] [文件加载：32]
[ info ] [ LANG ] E:\phpStudy\WWW\plm_dev\thinkphp\lang\zh-cn.php
[ info ] [ ROUTE ] array (
  'type' => 'module',
  'module' => 
  array (
    0 => 'api',
    1 => 'v2.KcloudErp',
    2 => 'test',
  ),
)
[ info ] [ HEADER ] array (
  'socketlog' => 'SocketLog(tabid=67&client_id=)',
  'cookie' => 'PHPSESSID=6vkadrb4krti8uclnvhr8nvuq6',
  'accept-language' => 'zh-CN,zh;q=0.9',
  'accept-encoding' => 'gzip, deflate',
  'accept' => 'text/html,application/xhtml+xml,application/xml;q=0.9,image/webp,image/apng,*/*;q=0.8',
  'user-agent' => 'Mozilla/5.0 (Windows NT 6.1; Win64; x64) AppleWebKit/537.36 (KHTML, like Gecko) Chrome/67.0.3396.62 Safari/537.36',
  'upgrade-insecure-requests' => '1',
  'cache-control' => 'max-age=0',
  'connection' => 'close',
  'host' => 'www.plm_dev123.net',
)
[ info ] [ PARAM ] array (
)
[ info ] [ RUN ] app\api\controller\v2\KcloudErp->test[ E:\phpStudy\WWW\plm_dev\application\api\controller\v2\KcloudErp.php ]
[ info ] [ SESSION ] INIT array (
  'id' => '',
  'var_session_id' => '',
  'prefix' => 'plm_',
  'type' => '',
  'auto_start' => true,
)
[ info ] [ LOG ] INIT File
---------------------------------------------------------------
[ 2018-10-23T13:55:26+08:00 ] 127.0.0.1 127.0.0.1 GET /api/v2/KcloudErp/test
[ info ] www.plm_dev123.net/api/v2/KcloudErp/test [运行时间：0.244000s][吞吐率：4.10req/s] [内存消耗：819.84kb] [文件加载：32]
[ info ] [ LANG ] E:\phpStudy\WWW\plm_dev\thinkphp\lang\zh-cn.php
[ info ] [ ROUTE ] array (
  'type' => 'module',
  'module' => 
  array (
    0 => 'api',
    1 => 'v2.KcloudErp',
    2 => 'test',
  ),
)
[ info ] [ HEADER ] array (
  'socketlog' => 'SocketLog(tabid=67&client_id=)',
  'cookie' => 'PHPSESSID=6vkadrb4krti8uclnvhr8nvuq6',
  'accept-language' => 'zh-CN,zh;q=0.9',
  'accept-encoding' => 'gzip, deflate',
  'accept' => 'text/html,application/xhtml+xml,application/xml;q=0.9,image/webp,image/apng,*/*;q=0.8',
  'user-agent' => 'Mozilla/5.0 (Windows NT 6.1; Win64; x64) AppleWebKit/537.36 (KHTML, like Gecko) Chrome/67.0.3396.62 Safari/537.36',
  'upgrade-insecure-requests' => '1',
  'cache-control' => 'max-age=0',
  'connection' => 'close',
  'host' => 'www.plm_dev123.net',
)
[ info ] [ PARAM ] array (
)
[ info ] [ RUN ] app\api\controller\v2\KcloudErp->test[ E:\phpStudy\WWW\plm_dev\application\api\controller\v2\KcloudErp.php ]
[ info ] [ SESSION ] INIT array (
  'id' => '',
  'var_session_id' => '',
  'prefix' => 'plm_',
  'type' => '',
  'auto_start' => true,
)
[ info ] [ LOG ] INIT File
---------------------------------------------------------------
[ 2018-10-23T13:55:28+08:00 ] 127.0.0.1 127.0.0.1 GET /api/v2/KcloudErp/test
[ info ] www.plm_dev123.net/api/v2/KcloudErp/test [运行时间：0.332000s][吞吐率：3.01req/s] [内存消耗：819.84kb] [文件加载：32]
[ info ] [ LANG ] E:\phpStudy\WWW\plm_dev\thinkphp\lang\zh-cn.php
[ info ] [ ROUTE ] array (
  'type' => 'module',
  'module' => 
  array (
    0 => 'api',
    1 => 'v2.KcloudErp',
    2 => 'test',
  ),
)
[ info ] [ HEADER ] array (
  'socketlog' => 'SocketLog(tabid=67&client_id=)',
  'cookie' => 'PHPSESSID=6vkadrb4krti8uclnvhr8nvuq6',
  'accept-language' => 'zh-CN,zh;q=0.9',
  'accept-encoding' => 'gzip, deflate',
  'accept' => 'text/html,application/xhtml+xml,application/xml;q=0.9,image/webp,image/apng,*/*;q=0.8',
  'user-agent' => 'Mozilla/5.0 (Windows NT 6.1; Win64; x64) AppleWebKit/537.36 (KHTML, like Gecko) Chrome/67.0.3396.62 Safari/537.36',
  'upgrade-insecure-requests' => '1',
  'cache-control' => 'max-age=0',
  'connection' => 'close',
  'host' => 'www.plm_dev123.net',
)
[ info ] [ PARAM ] array (
)
[ info ] [ RUN ] app\api\controller\v2\KcloudErp->test[ E:\phpStudy\WWW\plm_dev\application\api\controller\v2\KcloudErp.php ]
[ info ] [ SESSION ] INIT array (
  'id' => '',
  'var_session_id' => '',
  'prefix' => 'plm_',
  'type' => '',
  'auto_start' => true,
)
[ info ] [ LOG ] INIT File
---------------------------------------------------------------
[ 2018-10-23T13:55:29+08:00 ] 127.0.0.1 127.0.0.1 GET /api/v2/KcloudErp/test
[ info ] www.plm_dev123.net/api/v2/KcloudErp/test [运行时间：0.248000s][吞吐率：4.03req/s] [内存消耗：819.84kb] [文件加载：32]
[ info ] [ LANG ] E:\phpStudy\WWW\plm_dev\thinkphp\lang\zh-cn.php
[ info ] [ ROUTE ] array (
  'type' => 'module',
  'module' => 
  array (
    0 => 'api',
    1 => 'v2.KcloudErp',
    2 => 'test',
  ),
)
[ info ] [ HEADER ] array (
  'socketlog' => 'SocketLog(tabid=67&client_id=)',
  'cookie' => 'PHPSESSID=6vkadrb4krti8uclnvhr8nvuq6',
  'accept-language' => 'zh-CN,zh;q=0.9',
  'accept-encoding' => 'gzip, deflate',
  'accept' => 'text/html,application/xhtml+xml,application/xml;q=0.9,image/webp,image/apng,*/*;q=0.8',
  'user-agent' => 'Mozilla/5.0 (Windows NT 6.1; Win64; x64) AppleWebKit/537.36 (KHTML, like Gecko) Chrome/67.0.3396.62 Safari/537.36',
  'upgrade-insecure-requests' => '1',
  'cache-control' => 'max-age=0',
  'connection' => 'close',
  'host' => 'www.plm_dev123.net',
)
[ info ] [ PARAM ] array (
)
[ info ] [ RUN ] app\api\controller\v2\KcloudErp->test[ E:\phpStudy\WWW\plm_dev\application\api\controller\v2\KcloudErp.php ]
[ info ] [ SESSION ] INIT array (
  'id' => '',
  'var_session_id' => '',
  'prefix' => 'plm_',
  'type' => '',
  'auto_start' => true,
)
[ info ] [ LOG ] INIT File
---------------------------------------------------------------
[ 2018-10-23T13:56:58+08:00 ] 127.0.0.1 127.0.0.1 GET /api/v2/KcloudErp/test
[ info ] www.plm_dev123.net/api/v2/KcloudErp/test [运行时间：0.081000s][吞吐率：12.35req/s] [内存消耗：819.91kb] [文件加载：32]
[ info ] [ LANG ] E:\phpStudy\WWW\plm_dev\thinkphp\lang\zh-cn.php
[ info ] [ ROUTE ] array (
  'type' => 'module',
  'module' => 
  array (
    0 => 'api',
    1 => 'v2.KcloudErp',
    2 => 'test',
  ),
)
[ info ] [ HEADER ] array (
  'socketlog' => 'SocketLog(tabid=67&client_id=)',
  'cookie' => 'PHPSESSID=6vkadrb4krti8uclnvhr8nvuq6',
  'accept-language' => 'zh-CN,zh;q=0.9',
  'accept-encoding' => 'gzip, deflate',
  'accept' => 'text/html,application/xhtml+xml,application/xml;q=0.9,image/webp,image/apng,*/*;q=0.8',
  'user-agent' => 'Mozilla/5.0 (Windows NT 6.1; Win64; x64) AppleWebKit/537.36 (KHTML, like Gecko) Chrome/67.0.3396.62 Safari/537.36',
  'upgrade-insecure-requests' => '1',
  'cache-control' => 'max-age=0',
  'connection' => 'close',
  'host' => 'www.plm_dev123.net',
)
[ info ] [ PARAM ] array (
)
[ info ] [ RUN ] app\api\controller\v2\KcloudErp->test[ E:\phpStudy\WWW\plm_dev\application\api\controller\v2\KcloudErp.php ]
[ info ] [ SESSION ] INIT array (
  'id' => '',
  'var_session_id' => '',
  'prefix' => 'plm_',
  'type' => '',
  'auto_start' => true,
)
[ info ] [ LOG ] INIT File
---------------------------------------------------------------
[ 2018-10-23T13:57:46+08:00 ] 127.0.0.1 127.0.0.1 GET /api/v2/KcloudErp/test
[ info ] www.plm_dev123.net/api/v2/KcloudErp/test [运行时间：0.252000s][吞吐率：3.97req/s] [内存消耗：819.83kb] [文件加载：32]
[ info ] [ LANG ] E:\phpStudy\WWW\plm_dev\thinkphp\lang\zh-cn.php
[ info ] [ ROUTE ] array (
  'type' => 'module',
  'module' => 
  array (
    0 => 'api',
    1 => 'v2.KcloudErp',
    2 => 'test',
  ),
)
[ info ] [ HEADER ] array (
  'socketlog' => 'SocketLog(tabid=67&client_id=)',
  'cookie' => 'PHPSESSID=6vkadrb4krti8uclnvhr8nvuq6',
  'accept-language' => 'zh-CN,zh;q=0.9',
  'accept-encoding' => 'gzip, deflate',
  'accept' => 'text/html,application/xhtml+xml,application/xml;q=0.9,image/webp,image/apng,*/*;q=0.8',
  'user-agent' => 'Mozilla/5.0 (Windows NT 6.1; Win64; x64) AppleWebKit/537.36 (KHTML, like Gecko) Chrome/67.0.3396.62 Safari/537.36',
  'upgrade-insecure-requests' => '1',
  'cache-control' => 'max-age=0',
  'connection' => 'close',
  'host' => 'www.plm_dev123.net',
)
[ info ] [ PARAM ] array (
)
[ info ] [ RUN ] app\api\controller\v2\KcloudErp->test[ E:\phpStudy\WWW\plm_dev\application\api\controller\v2\KcloudErp.php ]
[ info ] [ SESSION ] INIT array (
  'id' => '',
  'var_session_id' => '',
  'prefix' => 'plm_',
  'type' => '',
  'auto_start' => true,
)
[ info ] [ LOG ] INIT File
---------------------------------------------------------------
[ 2018-10-23T13:58:03+08:00 ] 127.0.0.1 127.0.0.1 GET /api/v2/KcloudErp/test
[ info ] www.plm_dev123.net/api/v2/KcloudErp/test [运行时间：0.272000s][吞吐率：3.68req/s] [内存消耗：820.13kb] [文件加载：32]
[ info ] [ LANG ] E:\phpStudy\WWW\plm_dev\thinkphp\lang\zh-cn.php
[ info ] [ ROUTE ] array (
  'type' => 'module',
  'module' => 
  array (
    0 => 'api',
    1 => 'v2.KcloudErp',
    2 => 'test',
  ),
)
[ info ] [ HEADER ] array (
  'socketlog' => 'SocketLog(tabid=67&client_id=)',
  'cookie' => 'PHPSESSID=6vkadrb4krti8uclnvhr8nvuq6',
  'accept-language' => 'zh-CN,zh;q=0.9',
  'accept-encoding' => 'gzip, deflate',
  'accept' => 'text/html,application/xhtml+xml,application/xml;q=0.9,image/webp,image/apng,*/*;q=0.8',
  'user-agent' => 'Mozilla/5.0 (Windows NT 6.1; Win64; x64) AppleWebKit/537.36 (KHTML, like Gecko) Chrome/67.0.3396.62 Safari/537.36',
  'upgrade-insecure-requests' => '1',
  'cache-control' => 'max-age=0',
  'connection' => 'close',
  'host' => 'www.plm_dev123.net',
)
[ info ] [ PARAM ] array (
)
[ info ] [ RUN ] app\api\controller\v2\KcloudErp->test[ E:\phpStudy\WWW\plm_dev\application\api\controller\v2\KcloudErp.php ]
[ info ] [ SESSION ] INIT array (
  'id' => '',
  'var_session_id' => '',
  'prefix' => 'plm_',
  'type' => '',
  'auto_start' => true,
)
[ info ] [ LOG ] INIT File
---------------------------------------------------------------
[ 2018-10-23T13:58:41+08:00 ] 127.0.0.1 127.0.0.1 GET /api/v2/KcloudErp/test
[ info ] www.plm_dev123.net/api/v2/KcloudErp/test [运行时间：0.263000s][吞吐率：3.80req/s] [内存消耗：819.83kb] [文件加载：32]
[ info ] [ LANG ] E:\phpStudy\WWW\plm_dev\thinkphp\lang\zh-cn.php
[ info ] [ ROUTE ] array (
  'type' => 'module',
  'module' => 
  array (
    0 => 'api',
    1 => 'v2.KcloudErp',
    2 => 'test',
  ),
)
[ info ] [ HEADER ] array (
  'socketlog' => 'SocketLog(tabid=67&client_id=)',
  'cookie' => 'PHPSESSID=6vkadrb4krti8uclnvhr8nvuq6',
  'accept-language' => 'zh-CN,zh;q=0.9',
  'accept-encoding' => 'gzip, deflate',
  'accept' => 'text/html,application/xhtml+xml,application/xml;q=0.9,image/webp,image/apng,*/*;q=0.8',
  'user-agent' => 'Mozilla/5.0 (Windows NT 6.1; Win64; x64) AppleWebKit/537.36 (KHTML, like Gecko) Chrome/67.0.3396.62 Safari/537.36',
  'upgrade-insecure-requests' => '1',
  'cache-control' => 'max-age=0',
  'connection' => 'close',
  'host' => 'www.plm_dev123.net',
)
[ info ] [ PARAM ] array (
)
[ info ] [ RUN ] app\api\controller\v2\KcloudErp->test[ E:\phpStudy\WWW\plm_dev\application\api\controller\v2\KcloudErp.php ]
[ info ] [ SESSION ] INIT array (
  'id' => '',
  'var_session_id' => '',
  'prefix' => 'plm_',
  'type' => '',
  'auto_start' => true,
)
[ info ] [ LOG ] INIT File
---------------------------------------------------------------
[ 2018-10-23T14:05:51+08:00 ] 127.0.0.1 127.0.0.1 GET /api/v2/KcloudErp/test
[ info ] www.plm_dev123.net/api/v2/KcloudErp/test [运行时间：0.022000s][吞吐率：45.45req/s] [内存消耗：815.39kb] [文件加载：32]
[ info ] [ LANG ] E:\phpStudy\WWW\plm_dev\thinkphp\lang\zh-cn.php
[ info ] [ ROUTE ] array (
  'type' => 'module',
  'module' => 
  array (
    0 => 'api',
    1 => 'v2.KcloudErp',
    2 => 'test',
  ),
)
[ info ] [ HEADER ] array (
  'socketlog' => 'SocketLog(tabid=67&client_id=)',
  'cookie' => 'PHPSESSID=6vkadrb4krti8uclnvhr8nvuq6',
  'accept-language' => 'zh-CN,zh;q=0.9',
  'accept-encoding' => 'gzip, deflate',
  'accept' => 'text/html,application/xhtml+xml,application/xml;q=0.9,image/webp,image/apng,*/*;q=0.8',
  'user-agent' => 'Mozilla/5.0 (Windows NT 6.1; Win64; x64) AppleWebKit/537.36 (KHTML, like Gecko) Chrome/67.0.3396.62 Safari/537.36',
  'upgrade-insecure-requests' => '1',
  'cache-control' => 'max-age=0',
  'connection' => 'close',
  'host' => 'www.plm_dev123.net',
)
[ info ] [ PARAM ] array (
)
[ info ] [ RUN ] app\api\controller\v2\KcloudErp->test[ E:\phpStudy\WWW\plm_dev\application\api\controller\v2\KcloudErp.php ]
[ info ] [ SESSION ] INIT array (
  'id' => '',
  'var_session_id' => '',
  'prefix' => 'plm_',
  'type' => '',
  'auto_start' => true,
)
[ info ] [ LOG ] INIT File
---------------------------------------------------------------
[ 2018-10-23T14:06:07+08:00 ] 127.0.0.1 127.0.0.1 GET /api/v2/KcloudErp/test
[ info ] www.plm_dev123.net/api/v2/KcloudErp/test [运行时间：0.033000s][吞吐率：30.30req/s] [内存消耗：816.08kb] [文件加载：32]
[ info ] [ LANG ] E:\phpStudy\WWW\plm_dev\thinkphp\lang\zh-cn.php
[ info ] [ ROUTE ] array (
  'type' => 'module',
  'module' => 
  array (
    0 => 'api',
    1 => 'v2.KcloudErp',
    2 => 'test',
  ),
)
[ info ] [ HEADER ] array (
  'socketlog' => 'SocketLog(tabid=67&client_id=)',
  'cookie' => 'PHPSESSID=6vkadrb4krti8uclnvhr8nvuq6',
  'accept-language' => 'zh-CN,zh;q=0.9',
  'accept-encoding' => 'gzip, deflate',
  'accept' => 'text/html,application/xhtml+xml,application/xml;q=0.9,image/webp,image/apng,*/*;q=0.8',
  'user-agent' => 'Mozilla/5.0 (Windows NT 6.1; Win64; x64) AppleWebKit/537.36 (KHTML, like Gecko) Chrome/67.0.3396.62 Safari/537.36',
  'upgrade-insecure-requests' => '1',
  'cache-control' => 'max-age=0',
  'connection' => 'close',
  'host' => 'www.plm_dev123.net',
)
[ info ] [ PARAM ] array (
)
[ info ] [ RUN ] app\api\controller\v2\KcloudErp->test[ E:\phpStudy\WWW\plm_dev\application\api\controller\v2\KcloudErp.php ]
[ info ] [ SESSION ] INIT array (
  'id' => '',
  'var_session_id' => '',
  'prefix' => 'plm_',
  'type' => '',
  'auto_start' => true,
)
[ info ] [ LOG ] INIT File
---------------------------------------------------------------
[ 2018-10-23T14:06:08+08:00 ] 127.0.0.1 127.0.0.1 GET /api/v2/KcloudErp/test
[ info ] www.plm_dev123.net/api/v2/KcloudErp/test [运行时间：0.026000s][吞吐率：38.46req/s] [内存消耗：816.08kb] [文件加载：32]
[ info ] [ LANG ] E:\phpStudy\WWW\plm_dev\thinkphp\lang\zh-cn.php
[ info ] [ ROUTE ] array (
  'type' => 'module',
  'module' => 
  array (
    0 => 'api',
    1 => 'v2.KcloudErp',
    2 => 'test',
  ),
)
[ info ] [ HEADER ] array (
  'socketlog' => 'SocketLog(tabid=67&client_id=)',
  'cookie' => 'PHPSESSID=6vkadrb4krti8uclnvhr8nvuq6',
  'accept-language' => 'zh-CN,zh;q=0.9',
  'accept-encoding' => 'gzip, deflate',
  'accept' => 'text/html,application/xhtml+xml,application/xml;q=0.9,image/webp,image/apng,*/*;q=0.8',
  'user-agent' => 'Mozilla/5.0 (Windows NT 6.1; Win64; x64) AppleWebKit/537.36 (KHTML, like Gecko) Chrome/67.0.3396.62 Safari/537.36',
  'upgrade-insecure-requests' => '1',
  'cache-control' => 'max-age=0',
  'connection' => 'close',
  'host' => 'www.plm_dev123.net',
)
[ info ] [ PARAM ] array (
)
[ info ] [ RUN ] app\api\controller\v2\KcloudErp->test[ E:\phpStudy\WWW\plm_dev\application\api\controller\v2\KcloudErp.php ]
[ info ] [ SESSION ] INIT array (
  'id' => '',
  'var_session_id' => '',
  'prefix' => 'plm_',
  'type' => '',
  'auto_start' => true,
)
[ info ] [ LOG ] INIT File
---------------------------------------------------------------
[ 2018-10-23T14:06:25+08:00 ] 127.0.0.1 127.0.0.1 GET /api/v2/KcloudErp/test
[ info ] www.plm_dev123.net/api/v2/KcloudErp/test [运行时间：0.044000s][吞吐率：22.73req/s] [内存消耗：815.47kb] [文件加载：32]
[ info ] [ LANG ] E:\phpStudy\WWW\plm_dev\thinkphp\lang\zh-cn.php
[ info ] [ ROUTE ] array (
  'type' => 'module',
  'module' => 
  array (
    0 => 'api',
    1 => 'v2.KcloudErp',
    2 => 'test',
  ),
)
[ info ] [ HEADER ] array (
  'socketlog' => 'SocketLog(tabid=67&client_id=)',
  'cookie' => 'PHPSESSID=6vkadrb4krti8uclnvhr8nvuq6',
  'accept-language' => 'zh-CN,zh;q=0.9',
  'accept-encoding' => 'gzip, deflate',
  'accept' => 'text/html,application/xhtml+xml,application/xml;q=0.9,image/webp,image/apng,*/*;q=0.8',
  'user-agent' => 'Mozilla/5.0 (Windows NT 6.1; Win64; x64) AppleWebKit/537.36 (KHTML, like Gecko) Chrome/67.0.3396.62 Safari/537.36',
  'upgrade-insecure-requests' => '1',
  'cache-control' => 'max-age=0',
  'connection' => 'close',
  'host' => 'www.plm_dev123.net',
)
[ info ] [ PARAM ] array (
)
[ info ] [ RUN ] app\api\controller\v2\KcloudErp->test[ E:\phpStudy\WWW\plm_dev\application\api\controller\v2\KcloudErp.php ]
[ info ] [ SESSION ] INIT array (
  'id' => '',
  'var_session_id' => '',
  'prefix' => 'plm_',
  'type' => '',
  'auto_start' => true,
)
[ info ] [ LOG ] INIT File
---------------------------------------------------------------
[ 2018-10-23T14:06:25+08:00 ] 127.0.0.1 127.0.0.1 GET /api/v2/KcloudErp/test
[ info ] www.plm_dev123.net/api/v2/KcloudErp/test [运行时间：0.039000s][吞吐率：25.64req/s] [内存消耗：815.47kb] [文件加载：32]
[ info ] [ LANG ] E:\phpStudy\WWW\plm_dev\thinkphp\lang\zh-cn.php
[ info ] [ ROUTE ] array (
  'type' => 'module',
  'module' => 
  array (
    0 => 'api',
    1 => 'v2.KcloudErp',
    2 => 'test',
  ),
)
[ info ] [ HEADER ] array (
  'socketlog' => 'SocketLog(tabid=67&client_id=)',
  'cookie' => 'PHPSESSID=6vkadrb4krti8uclnvhr8nvuq6',
  'accept-language' => 'zh-CN,zh;q=0.9',
  'accept-encoding' => 'gzip, deflate',
  'accept' => 'text/html,application/xhtml+xml,application/xml;q=0.9,image/webp,image/apng,*/*;q=0.8',
  'user-agent' => 'Mozilla/5.0 (Windows NT 6.1; Win64; x64) AppleWebKit/537.36 (KHTML, like Gecko) Chrome/67.0.3396.62 Safari/537.36',
  'upgrade-insecure-requests' => '1',
  'cache-control' => 'max-age=0',
  'connection' => 'close',
  'host' => 'www.plm_dev123.net',
)
[ info ] [ PARAM ] array (
)
[ info ] [ RUN ] app\api\controller\v2\KcloudErp->test[ E:\phpStudy\WWW\plm_dev\application\api\controller\v2\KcloudErp.php ]
[ info ] [ SESSION ] INIT array (
  'id' => '',
  'var_session_id' => '',
  'prefix' => 'plm_',
  'type' => '',
  'auto_start' => true,
)
[ info ] [ LOG ] INIT File
---------------------------------------------------------------
[ 2018-10-23T14:06:26+08:00 ] 127.0.0.1 127.0.0.1 GET /api/v2/KcloudErp/test
[ info ] www.plm_dev123.net/api/v2/KcloudErp/test [运行时间：0.045000s][吞吐率：22.22req/s] [内存消耗：815.47kb] [文件加载：32]
[ info ] [ LANG ] E:\phpStudy\WWW\plm_dev\thinkphp\lang\zh-cn.php
[ info ] [ ROUTE ] array (
  'type' => 'module',
  'module' => 
  array (
    0 => 'api',
    1 => 'v2.KcloudErp',
    2 => 'test',
  ),
)
[ info ] [ HEADER ] array (
  'socketlog' => 'SocketLog(tabid=67&client_id=)',
  'cookie' => 'PHPSESSID=6vkadrb4krti8uclnvhr8nvuq6',
  'accept-language' => 'zh-CN,zh;q=0.9',
  'accept-encoding' => 'gzip, deflate',
  'accept' => 'text/html,application/xhtml+xml,application/xml;q=0.9,image/webp,image/apng,*/*;q=0.8',
  'user-agent' => 'Mozilla/5.0 (Windows NT 6.1; Win64; x64) AppleWebKit/537.36 (KHTML, like Gecko) Chrome/67.0.3396.62 Safari/537.36',
  'upgrade-insecure-requests' => '1',
  'cache-control' => 'max-age=0',
  'connection' => 'close',
  'host' => 'www.plm_dev123.net',
)
[ info ] [ PARAM ] array (
)
[ info ] [ RUN ] app\api\controller\v2\KcloudErp->test[ E:\phpStudy\WWW\plm_dev\application\api\controller\v2\KcloudErp.php ]
[ info ] [ SESSION ] INIT array (
  'id' => '',
  'var_session_id' => '',
  'prefix' => 'plm_',
  'type' => '',
  'auto_start' => true,
)
[ info ] [ LOG ] INIT File
---------------------------------------------------------------
[ 2018-10-23T14:06:26+08:00 ] 127.0.0.1 127.0.0.1 GET /api/v2/KcloudErp/test
[ info ] www.plm_dev123.net/api/v2/KcloudErp/test [运行时间：0.032000s][吞吐率：31.25req/s] [内存消耗：815.47kb] [文件加载：32]
[ info ] [ LANG ] E:\phpStudy\WWW\plm_dev\thinkphp\lang\zh-cn.php
[ info ] [ ROUTE ] array (
  'type' => 'module',
  'module' => 
  array (
    0 => 'api',
    1 => 'v2.KcloudErp',
    2 => 'test',
  ),
)
[ info ] [ HEADER ] array (
  'socketlog' => 'SocketLog(tabid=67&client_id=)',
  'cookie' => 'PHPSESSID=6vkadrb4krti8uclnvhr8nvuq6',
  'accept-language' => 'zh-CN,zh;q=0.9',
  'accept-encoding' => 'gzip, deflate',
  'accept' => 'text/html,application/xhtml+xml,application/xml;q=0.9,image/webp,image/apng,*/*;q=0.8',
  'user-agent' => 'Mozilla/5.0 (Windows NT 6.1; Win64; x64) AppleWebKit/537.36 (KHTML, like Gecko) Chrome/67.0.3396.62 Safari/537.36',
  'upgrade-insecure-requests' => '1',
  'cache-control' => 'max-age=0',
  'connection' => 'close',
  'host' => 'www.plm_dev123.net',
)
[ info ] [ PARAM ] array (
)
[ info ] [ RUN ] app\api\controller\v2\KcloudErp->test[ E:\phpStudy\WWW\plm_dev\application\api\controller\v2\KcloudErp.php ]
[ info ] [ SESSION ] INIT array (
  'id' => '',
  'var_session_id' => '',
  'prefix' => 'plm_',
  'type' => '',
  'auto_start' => true,
)
[ info ] [ LOG ] INIT File
---------------------------------------------------------------
[ 2018-10-23T14:06:27+08:00 ] 127.0.0.1 127.0.0.1 GET /api/v2/KcloudErp/test
[ info ] www.plm_dev123.net/api/v2/KcloudErp/test [运行时间：0.041000s][吞吐率：24.39req/s] [内存消耗：815.47kb] [文件加载：32]
[ info ] [ LANG ] E:\phpStudy\WWW\plm_dev\thinkphp\lang\zh-cn.php
[ info ] [ ROUTE ] array (
  'type' => 'module',
  'module' => 
  array (
    0 => 'api',
    1 => 'v2.KcloudErp',
    2 => 'test',
  ),
)
[ info ] [ HEADER ] array (
  'socketlog' => 'SocketLog(tabid=67&client_id=)',
  'cookie' => 'PHPSESSID=6vkadrb4krti8uclnvhr8nvuq6',
  'accept-language' => 'zh-CN,zh;q=0.9',
  'accept-encoding' => 'gzip, deflate',
  'accept' => 'text/html,application/xhtml+xml,application/xml;q=0.9,image/webp,image/apng,*/*;q=0.8',
  'user-agent' => 'Mozilla/5.0 (Windows NT 6.1; Win64; x64) AppleWebKit/537.36 (KHTML, like Gecko) Chrome/67.0.3396.62 Safari/537.36',
  'upgrade-insecure-requests' => '1',
  'cache-control' => 'max-age=0',
  'connection' => 'close',
  'host' => 'www.plm_dev123.net',
)
[ info ] [ PARAM ] array (
)
[ info ] [ RUN ] app\api\controller\v2\KcloudErp->test[ E:\phpStudy\WWW\plm_dev\application\api\controller\v2\KcloudErp.php ]
[ info ] [ SESSION ] INIT array (
  'id' => '',
  'var_session_id' => '',
  'prefix' => 'plm_',
  'type' => '',
  'auto_start' => true,
)
[ info ] [ LOG ] INIT File
---------------------------------------------------------------
[ 2018-10-23T14:06:28+08:00 ] 127.0.0.1 127.0.0.1 GET /api/v2/KcloudErp/test
[ info ] www.plm_dev123.net/api/v2/KcloudErp/test [运行时间：0.043000s][吞吐率：23.26req/s] [内存消耗：815.47kb] [文件加载：32]
[ info ] [ LANG ] E:\phpStudy\WWW\plm_dev\thinkphp\lang\zh-cn.php
[ info ] [ ROUTE ] array (
  'type' => 'module',
  'module' => 
  array (
    0 => 'api',
    1 => 'v2.KcloudErp',
    2 => 'test',
  ),
)
[ info ] [ HEADER ] array (
  'socketlog' => 'SocketLog(tabid=67&client_id=)',
  'cookie' => 'PHPSESSID=6vkadrb4krti8uclnvhr8nvuq6',
  'accept-language' => 'zh-CN,zh;q=0.9',
  'accept-encoding' => 'gzip, deflate',
  'accept' => 'text/html,application/xhtml+xml,application/xml;q=0.9,image/webp,image/apng,*/*;q=0.8',
  'user-agent' => 'Mozilla/5.0 (Windows NT 6.1; Win64; x64) AppleWebKit/537.36 (KHTML, like Gecko) Chrome/67.0.3396.62 Safari/537.36',
  'upgrade-insecure-requests' => '1',
  'cache-control' => 'max-age=0',
  'connection' => 'close',
  'host' => 'www.plm_dev123.net',
)
[ info ] [ PARAM ] array (
)
[ info ] [ RUN ] app\api\controller\v2\KcloudErp->test[ E:\phpStudy\WWW\plm_dev\application\api\controller\v2\KcloudErp.php ]
[ info ] [ SESSION ] INIT array (
  'id' => '',
  'var_session_id' => '',
  'prefix' => 'plm_',
  'type' => '',
  'auto_start' => true,
)
[ info ] [ LOG ] INIT File
---------------------------------------------------------------
[ 2018-10-23T14:06:53+08:00 ] 127.0.0.1 127.0.0.1 GET /api/v2/KcloudErp/test
[ info ] www.plm_dev123.net/api/v2/KcloudErp/test [运行时间：2.730000s][吞吐率：0.37req/s] [内存消耗：818.53kb] [文件加载：32]
[ info ] [ LANG ] E:\phpStudy\WWW\plm_dev\thinkphp\lang\zh-cn.php
[ info ] [ ROUTE ] array (
  'type' => 'module',
  'module' => 
  array (
    0 => 'api',
    1 => 'v2.KcloudErp',
    2 => 'test',
  ),
)
[ info ] [ HEADER ] array (
  'upgrade-insecure-requests' => '1',
  'connection' => 'close',
  'accept-encoding' => 'gzip, deflate',
  'accept-language' => 'zh-CN,zh;q=0.8,zh-TW;q=0.7,zh-HK;q=0.5,en-US;q=0.3,en;q=0.2',
  'accept' => 'text/html,application/xhtml+xml,application/xml;q=0.9,*/*;q=0.8',
  'user-agent' => 'Mozilla/5.0 (Windows NT 6.1; Win64; x64; rv:62.0) Gecko/20100101 Firefox/62.0',
  'host' => 'www.plm_dev123.net',
)
[ info ] [ PARAM ] array (
)
[ info ] [ RUN ] app\api\controller\v2\KcloudErp->test[ E:\phpStudy\WWW\plm_dev\application\api\controller\v2\KcloudErp.php ]
[ info ] [ SESSION ] INIT array (
  'id' => '',
  'var_session_id' => '',
  'prefix' => 'plm_',
  'type' => '',
  'auto_start' => true,
)
[ info ] [ LOG ] INIT File
---------------------------------------------------------------
[ 2018-10-23T14:06:53+08:00 ] 127.0.0.1 127.0.0.1 GET /favicon.ico
[ info ] www.plm_dev123.net/favicon.ico [运行时间：0.019000s][吞吐率：52.63req/s] [内存消耗：888.05kb] [文件加载：39]
[ info ] [ LANG ] E:\phpStudy\WWW\plm_dev\thinkphp\lang\zh-cn.php
[ info ] [ ROUTE ] array (
  'type' => 'module',
  'module' => 
  array (
    0 => 'favicon.ico',
    1 => NULL,
    2 => NULL,
  ),
)
[ info ] [ HEADER ] array (
  'connection' => 'close',
  'cookie' => 'PHPSESSID=mqhkuvjbp426qjklsol7mu2pu4',
  'accept-encoding' => 'gzip, deflate',
  'accept-language' => 'zh-CN,zh;q=0.8,zh-TW;q=0.7,zh-HK;q=0.5,en-US;q=0.3,en;q=0.2',
  'accept' => 'text/html,application/xhtml+xml,application/xml;q=0.9,*/*;q=0.8',
  'user-agent' => 'Mozilla/5.0 (Windows NT 6.1; Win64; x64; rv:62.0) Gecko/20100101 Firefox/62.0',
  'host' => 'www.plm_dev123.net',
)
[ info ] [ PARAM ] array (
)
[ info ] [ LOG ] INIT File
---------------------------------------------------------------
[ 2018-10-23T14:07:09+08:00 ] 127.0.0.1 127.0.0.1 GET /api/v2/KcloudErp/test
[ info ] www.plm_dev123.net/api/v2/KcloudErp/test [运行时间：4.824000s][吞吐率：0.21req/s] [内存消耗：819.02kb] [文件加载：32]
[ info ] [ LANG ] E:\phpStudy\WWW\plm_dev\thinkphp\lang\zh-cn.php
[ info ] [ ROUTE ] array (
  'type' => 'module',
  'module' => 
  array (
    0 => 'api',
    1 => 'v2.KcloudErp',
    2 => 'test',
  ),
)
[ info ] [ HEADER ] array (
  'cache-control' => 'max-age=0',
  'upgrade-insecure-requests' => '1',
  'connection' => 'close',
  'cookie' => 'PHPSESSID=mqhkuvjbp426qjklsol7mu2pu4',
  'accept-encoding' => 'gzip, deflate',
  'accept-language' => 'zh-CN,zh;q=0.8,zh-TW;q=0.7,zh-HK;q=0.5,en-US;q=0.3,en;q=0.2',
  'accept' => 'text/html,application/xhtml+xml,application/xml;q=0.9,*/*;q=0.8',
  'user-agent' => 'Mozilla/5.0 (Windows NT 6.1; Win64; x64; rv:62.0) Gecko/20100101 Firefox/62.0',
  'host' => 'www.plm_dev123.net',
)
[ info ] [ PARAM ] array (
)
[ info ] [ RUN ] app\api\controller\v2\KcloudErp->test[ E:\phpStudy\WWW\plm_dev\application\api\controller\v2\KcloudErp.php ]
[ info ] [ SESSION ] INIT array (
  'id' => '',
  'var_session_id' => '',
  'prefix' => 'plm_',
  'type' => '',
  'auto_start' => true,
)
[ info ] [ LOG ] INIT File
---------------------------------------------------------------
[ 2018-10-23T14:07:27+08:00 ] 127.0.0.1 127.0.0.1 GET /api/v2/KcloudErp/test
[ info ] www.plm_dev123.net/api/v2/KcloudErp/test [运行时间：0.272000s][吞吐率：3.68req/s] [内存消耗：819.70kb] [文件加载：32]
[ info ] [ LANG ] E:\phpStudy\WWW\plm_dev\thinkphp\lang\zh-cn.php
[ info ] [ ROUTE ] array (
  'type' => 'module',
  'module' => 
  array (
    0 => 'api',
    1 => 'v2.KcloudErp',
    2 => 'test',
  ),
)
[ info ] [ HEADER ] array (
  'cache-control' => 'max-age=0',
  'upgrade-insecure-requests' => '1',
  'connection' => 'close',
  'cookie' => 'PHPSESSID=mqhkuvjbp426qjklsol7mu2pu4',
  'accept-encoding' => 'gzip, deflate',
  'accept-language' => 'zh-CN,zh;q=0.8,zh-TW;q=0.7,zh-HK;q=0.5,en-US;q=0.3,en;q=0.2',
  'accept' => 'text/html,application/xhtml+xml,application/xml;q=0.9,*/*;q=0.8',
  'user-agent' => 'Mozilla/5.0 (Windows NT 6.1; Win64; x64; rv:62.0) Gecko/20100101 Firefox/62.0',
  'host' => 'www.plm_dev123.net',
)
[ info ] [ PARAM ] array (
)
[ info ] [ RUN ] app\api\controller\v2\KcloudErp->test[ E:\phpStudy\WWW\plm_dev\application\api\controller\v2\KcloudErp.php ]
[ info ] [ SESSION ] INIT array (
  'id' => '',
  'var_session_id' => '',
  'prefix' => 'plm_',
  'type' => '',
  'auto_start' => true,
)
[ info ] [ LOG ] INIT File
---------------------------------------------------------------
[ 2018-10-23T14:07:46+08:00 ] 127.0.0.1 127.0.0.1 GET /api/v2/KcloudErp/test
[ info ] www.plm_dev123.net/api/v2/KcloudErp/test [运行时间：0.333000s][吞吐率：3.00req/s] [内存消耗：819.41kb] [文件加载：32]
[ info ] [ LANG ] E:\phpStudy\WWW\plm_dev\thinkphp\lang\zh-cn.php
[ info ] [ ROUTE ] array (
  'type' => 'module',
  'module' => 
  array (
    0 => 'api',
    1 => 'v2.KcloudErp',
    2 => 'test',
  ),
)
[ info ] [ HEADER ] array (
  'cache-control' => 'max-age=0',
  'upgrade-insecure-requests' => '1',
  'connection' => 'close',
  'cookie' => 'PHPSESSID=mqhkuvjbp426qjklsol7mu2pu4',
  'accept-encoding' => 'gzip, deflate',
  'accept-language' => 'zh-CN,zh;q=0.8,zh-TW;q=0.7,zh-HK;q=0.5,en-US;q=0.3,en;q=0.2',
  'accept' => 'text/html,application/xhtml+xml,application/xml;q=0.9,*/*;q=0.8',
  'user-agent' => 'Mozilla/5.0 (Windows NT 6.1; Win64; x64; rv:62.0) Gecko/20100101 Firefox/62.0',
  'host' => 'www.plm_dev123.net',
)
[ info ] [ PARAM ] array (
)
[ info ] [ RUN ] app\api\controller\v2\KcloudErp->test[ E:\phpStudy\WWW\plm_dev\application\api\controller\v2\KcloudErp.php ]
[ info ] [ SESSION ] INIT array (
  'id' => '',
  'var_session_id' => '',
  'prefix' => 'plm_',
  'type' => '',
  'auto_start' => true,
)
[ info ] [ LOG ] INIT File
---------------------------------------------------------------
[ 2018-10-23T14:12:08+08:00 ] 127.0.0.1 127.0.0.1 GET /api/v2/KcloudErp/test
[ info ] www.plm_dev123.net/api/v2/KcloudErp/test [运行时间：0.260000s][吞吐率：3.85req/s] [内存消耗：819.41kb] [文件加载：32]
[ info ] [ LANG ] E:\phpStudy\WWW\plm_dev\thinkphp\lang\zh-cn.php
[ info ] [ ROUTE ] array (
  'type' => 'module',
  'module' => 
  array (
    0 => 'api',
    1 => 'v2.KcloudErp',
    2 => 'test',
  ),
)
[ info ] [ HEADER ] array (
  'cache-control' => 'max-age=0',
  'upgrade-insecure-requests' => '1',
  'connection' => 'close',
  'cookie' => 'PHPSESSID=mqhkuvjbp426qjklsol7mu2pu4',
  'accept-encoding' => 'gzip, deflate',
  'accept-language' => 'zh-CN,zh;q=0.8,zh-TW;q=0.7,zh-HK;q=0.5,en-US;q=0.3,en;q=0.2',
  'accept' => 'text/html,application/xhtml+xml,application/xml;q=0.9,*/*;q=0.8',
  'user-agent' => 'Mozilla/5.0 (Windows NT 6.1; Win64; x64; rv:62.0) Gecko/20100101 Firefox/62.0',
  'host' => 'www.plm_dev123.net',
)
[ info ] [ PARAM ] array (
)
[ info ] [ RUN ] app\api\controller\v2\KcloudErp->test[ E:\phpStudy\WWW\plm_dev\application\api\controller\v2\KcloudErp.php ]
[ info ] [ SESSION ] INIT array (
  'id' => '',
  'var_session_id' => '',
  'prefix' => 'plm_',
  'type' => '',
  'auto_start' => true,
)
[ info ] [ LOG ] INIT File
---------------------------------------------------------------
[ 2018-10-23T15:28:00+08:00 ] 127.0.0.1 127.0.0.1 GET /api/v2/KcloudErp/test
[ info ] www.plm_dev123.net/api/v2/KcloudErp/test [运行时间：0.658000s][吞吐率：1.52req/s] [内存消耗：819.71kb] [文件加载：32]
[ info ] [ LANG ] E:\phpStudy\WWW\plm_dev\thinkphp\lang\zh-cn.php
[ info ] [ ROUTE ] array (
  'type' => 'module',
  'module' => 
  array (
    0 => 'api',
    1 => 'v2.KcloudErp',
    2 => 'test',
  ),
)
[ info ] [ HEADER ] array (
  'cache-control' => 'max-age=0',
  'upgrade-insecure-requests' => '1',
  'connection' => 'close',
  'cookie' => 'PHPSESSID=mqhkuvjbp426qjklsol7mu2pu4',
  'accept-encoding' => 'gzip, deflate',
  'accept-language' => 'zh-CN,zh;q=0.8,zh-TW;q=0.7,zh-HK;q=0.5,en-US;q=0.3,en;q=0.2',
  'accept' => 'text/html,application/xhtml+xml,application/xml;q=0.9,*/*;q=0.8',
  'user-agent' => 'Mozilla/5.0 (Windows NT 6.1; Win64; x64; rv:62.0) Gecko/20100101 Firefox/62.0',
  'host' => 'www.plm_dev123.net',
)
[ info ] [ PARAM ] array (
)
[ info ] [ RUN ] app\api\controller\v2\KcloudErp->test[ E:\phpStudy\WWW\plm_dev\application\api\controller\v2\KcloudErp.php ]
[ info ] [ SESSION ] INIT array (
  'id' => '',
  'var_session_id' => '',
  'prefix' => 'plm_',
  'type' => '',
  'auto_start' => true,
)
[ info ] [ LOG ] INIT File
---------------------------------------------------------------
[ 2018-10-23T15:28:02+08:00 ] 127.0.0.1 127.0.0.1 GET /api/v2/KcloudErp/test
[ info ] www.plm_dev123.net/api/v2/KcloudErp/test [运行时间：0.269000s][吞吐率：3.72req/s] [内存消耗：819.71kb] [文件加载：32]
[ info ] [ LANG ] E:\phpStudy\WWW\plm_dev\thinkphp\lang\zh-cn.php
[ info ] [ ROUTE ] array (
  'type' => 'module',
  'module' => 
  array (
    0 => 'api',
    1 => 'v2.KcloudErp',
    2 => 'test',
  ),
)
[ info ] [ HEADER ] array (
  'cache-control' => 'max-age=0',
  'upgrade-insecure-requests' => '1',
  'connection' => 'close',
  'cookie' => 'PHPSESSID=mqhkuvjbp426qjklsol7mu2pu4',
  'accept-encoding' => 'gzip, deflate',
  'accept-language' => 'zh-CN,zh;q=0.8,zh-TW;q=0.7,zh-HK;q=0.5,en-US;q=0.3,en;q=0.2',
  'accept' => 'text/html,application/xhtml+xml,application/xml;q=0.9,*/*;q=0.8',
  'user-agent' => 'Mozilla/5.0 (Windows NT 6.1; Win64; x64; rv:62.0) Gecko/20100101 Firefox/62.0',
  'host' => 'www.plm_dev123.net',
)
[ info ] [ PARAM ] array (
)
[ info ] [ RUN ] app\api\controller\v2\KcloudErp->test[ E:\phpStudy\WWW\plm_dev\application\api\controller\v2\KcloudErp.php ]
[ info ] [ SESSION ] INIT array (
  'id' => '',
  'var_session_id' => '',
  'prefix' => 'plm_',
  'type' => '',
  'auto_start' => true,
)
[ info ] [ LOG ] INIT File
---------------------------------------------------------------
[ 2018-10-23T15:37:24+08:00 ] 127.0.0.1 127.0.0.1 GET /api/v2/KcloudErp/test
[ info ] www.plm_dev123.net/api/v2/KcloudErp/test [运行时间：0.041000s][吞吐率：24.39req/s] [内存消耗：815.25kb] [文件加载：32]
[ info ] [ LANG ] E:\phpStudy\WWW\plm_dev\thinkphp\lang\zh-cn.php
[ info ] [ ROUTE ] array (
  'type' => 'module',
  'module' => 
  array (
    0 => 'api',
    1 => 'v2.KcloudErp',
    2 => 'test',
  ),
)
[ info ] [ HEADER ] array (
  'upgrade-insecure-requests' => '1',
  'connection' => 'close',
  'cookie' => 'PHPSESSID=mqhkuvjbp426qjklsol7mu2pu4',
  'accept-encoding' => 'gzip, deflate',
  'accept-language' => 'zh-CN,zh;q=0.8,zh-TW;q=0.7,zh-HK;q=0.5,en-US;q=0.3,en;q=0.2',
  'accept' => 'text/html,application/xhtml+xml,application/xml;q=0.9,*/*;q=0.8',
  'user-agent' => 'Mozilla/5.0 (Windows NT 6.1; Win64; x64; rv:62.0) Gecko/20100101 Firefox/62.0',
  'host' => 'www.plm_dev123.net',
)
[ info ] [ PARAM ] array (
)
[ info ] [ RUN ] app\api\controller\v2\KcloudErp->test[ E:\phpStudy\WWW\plm_dev\application\api\controller\v2\KcloudErp.php ]
[ info ] [ SESSION ] INIT array (
  'id' => '',
  'var_session_id' => '',
  'prefix' => 'plm_',
  'type' => '',
  'auto_start' => true,
)
[ info ] [ LOG ] INIT File
---------------------------------------------------------------
[ 2018-10-23T15:37:47+08:00 ] 127.0.0.1 127.0.0.1 GET /api/v2/KcloudErp/test
[ info ] www.plm_dev123.net/api/v2/KcloudErp/test [运行时间：0.059000s][吞吐率：16.95req/s] [内存消耗：819.41kb] [文件加载：32]
[ info ] [ LANG ] E:\phpStudy\WWW\plm_dev\thinkphp\lang\zh-cn.php
[ info ] [ ROUTE ] array (
  'type' => 'module',
  'module' => 
  array (
    0 => 'api',
    1 => 'v2.KcloudErp',
    2 => 'test',
  ),
)
[ info ] [ HEADER ] array (
  'cache-control' => 'max-age=0',
  'upgrade-insecure-requests' => '1',
  'connection' => 'close',
  'cookie' => 'PHPSESSID=mqhkuvjbp426qjklsol7mu2pu4',
  'accept-encoding' => 'gzip, deflate',
  'accept-language' => 'zh-CN,zh;q=0.8,zh-TW;q=0.7,zh-HK;q=0.5,en-US;q=0.3,en;q=0.2',
  'accept' => 'text/html,application/xhtml+xml,application/xml;q=0.9,*/*;q=0.8',
  'user-agent' => 'Mozilla/5.0 (Windows NT 6.1; Win64; x64; rv:62.0) Gecko/20100101 Firefox/62.0',
  'host' => 'www.plm_dev123.net',
)
[ info ] [ PARAM ] array (
)
[ info ] [ RUN ] app\api\controller\v2\KcloudErp->test[ E:\phpStudy\WWW\plm_dev\application\api\controller\v2\KcloudErp.php ]
[ info ] [ SESSION ] INIT array (
  'id' => '',
  'var_session_id' => '',
  'prefix' => 'plm_',
  'type' => '',
  'auto_start' => true,
)
[ info ] [ LOG ] INIT File
---------------------------------------------------------------
[ 2018-10-23T15:37:49+08:00 ] 127.0.0.1 127.0.0.1 GET /api/v2/KcloudErp/test
[ info ] www.plm_dev123.net/api/v2/KcloudErp/test [运行时间：0.061000s][吞吐率：16.39req/s] [内存消耗：819.41kb] [文件加载：32]
[ info ] [ LANG ] E:\phpStudy\WWW\plm_dev\thinkphp\lang\zh-cn.php
[ info ] [ ROUTE ] array (
  'type' => 'module',
  'module' => 
  array (
    0 => 'api',
    1 => 'v2.KcloudErp',
    2 => 'test',
  ),
)
[ info ] [ HEADER ] array (
  'cache-control' => 'max-age=0',
  'upgrade-insecure-requests' => '1',
  'connection' => 'close',
  'cookie' => 'PHPSESSID=mqhkuvjbp426qjklsol7mu2pu4',
  'accept-encoding' => 'gzip, deflate',
  'accept-language' => 'zh-CN,zh;q=0.8,zh-TW;q=0.7,zh-HK;q=0.5,en-US;q=0.3,en;q=0.2',
  'accept' => 'text/html,application/xhtml+xml,application/xml;q=0.9,*/*;q=0.8',
  'user-agent' => 'Mozilla/5.0 (Windows NT 6.1; Win64; x64; rv:62.0) Gecko/20100101 Firefox/62.0',
  'host' => 'www.plm_dev123.net',
)
[ info ] [ PARAM ] array (
)
[ info ] [ RUN ] app\api\controller\v2\KcloudErp->test[ E:\phpStudy\WWW\plm_dev\application\api\controller\v2\KcloudErp.php ]
[ info ] [ SESSION ] INIT array (
  'id' => '',
  'var_session_id' => '',
  'prefix' => 'plm_',
  'type' => '',
  'auto_start' => true,
)
[ info ] [ LOG ] INIT File
---------------------------------------------------------------
[ 2018-10-23T15:41:39+08:00 ] 127.0.0.1 127.0.0.1 GET /api/v2/KcloudErp/test
[ info ] www.plm_dev123.net/api/v2/KcloudErp/test [运行时间：0.249000s][吞吐率：4.02req/s] [内存消耗：819.41kb] [文件加载：32]
[ info ] [ LANG ] E:\phpStudy\WWW\plm_dev\thinkphp\lang\zh-cn.php
[ info ] [ ROUTE ] array (
  'type' => 'module',
  'module' => 
  array (
    0 => 'api',
    1 => 'v2.KcloudErp',
    2 => 'test',
  ),
)
[ info ] [ HEADER ] array (
  'cache-control' => 'max-age=0',
  'upgrade-insecure-requests' => '1',
  'connection' => 'close',
  'cookie' => 'PHPSESSID=mqhkuvjbp426qjklsol7mu2pu4',
  'accept-encoding' => 'gzip, deflate',
  'accept-language' => 'zh-CN,zh;q=0.8,zh-TW;q=0.7,zh-HK;q=0.5,en-US;q=0.3,en;q=0.2',
  'accept' => 'text/html,application/xhtml+xml,application/xml;q=0.9,*/*;q=0.8',
  'user-agent' => 'Mozilla/5.0 (Windows NT 6.1; Win64; x64; rv:62.0) Gecko/20100101 Firefox/62.0',
  'host' => 'www.plm_dev123.net',
)
[ info ] [ PARAM ] array (
)
[ info ] [ RUN ] app\api\controller\v2\KcloudErp->test[ E:\phpStudy\WWW\plm_dev\application\api\controller\v2\KcloudErp.php ]
[ info ] [ SESSION ] INIT array (
  'id' => '',
  'var_session_id' => '',
  'prefix' => 'plm_',
  'type' => '',
  'auto_start' => true,
)
[ info ] [ LOG ] INIT File
---------------------------------------------------------------
[ 2018-10-23T16:08:01+08:00 ] 127.0.0.1 127.0.0.1 GET /api/v2/KcloudErp/test
[ info ] www.plm_dev123.net/api/v2/KcloudErp/test [运行时间：5.626000s][吞吐率：0.18req/s] [内存消耗：819.41kb] [文件加载：32]
[ info ] [ LANG ] E:\phpStudy\WWW\plm_dev\thinkphp\lang\zh-cn.php
[ info ] [ ROUTE ] array (
  'type' => 'module',
  'module' => 
  array (
    0 => 'api',
    1 => 'v2.KcloudErp',
    2 => 'test',
  ),
)
[ info ] [ HEADER ] array (
  'cache-control' => 'max-age=0',
  'upgrade-insecure-requests' => '1',
  'connection' => 'close',
  'cookie' => 'PHPSESSID=mqhkuvjbp426qjklsol7mu2pu4',
  'accept-encoding' => 'gzip, deflate',
  'accept-language' => 'zh-CN,zh;q=0.8,zh-TW;q=0.7,zh-HK;q=0.5,en-US;q=0.3,en;q=0.2',
  'accept' => 'text/html,application/xhtml+xml,application/xml;q=0.9,*/*;q=0.8',
  'user-agent' => 'Mozilla/5.0 (Windows NT 6.1; Win64; x64; rv:62.0) Gecko/20100101 Firefox/62.0',
  'host' => 'www.plm_dev123.net',
)
[ info ] [ PARAM ] array (
)
[ info ] [ RUN ] app\api\controller\v2\KcloudErp->test[ E:\phpStudy\WWW\plm_dev\application\api\controller\v2\KcloudErp.php ]
[ info ] [ SESSION ] INIT array (
  'id' => '',
  'var_session_id' => '',
  'prefix' => 'plm_',
  'type' => '',
  'auto_start' => true,
)
[ info ] [ LOG ] INIT File
---------------------------------------------------------------
[ 2018-10-23T16:59:06+08:00 ] 127.0.0.1 127.0.0.1 GET /api/v2/KcloudErp/test
[ info ] www.plm_dev123.net/api/v2/KcloudErp/test [运行时间：1.343000s][吞吐率：0.74req/s] [内存消耗：819.72kb] [文件加载：32]
[ info ] [ LANG ] E:\phpStudy\WWW\plm_dev\thinkphp\lang\zh-cn.php
[ info ] [ ROUTE ] array (
  'type' => 'module',
  'module' => 
  array (
    0 => 'api',
    1 => 'v2.KcloudErp',
    2 => 'test',
  ),
)
[ info ] [ HEADER ] array (
  'cache-control' => 'max-age=0',
  'upgrade-insecure-requests' => '1',
  'connection' => 'close',
  'cookie' => 'PHPSESSID=mqhkuvjbp426qjklsol7mu2pu4',
  'accept-encoding' => 'gzip, deflate',
  'accept-language' => 'zh-CN,zh;q=0.8,zh-TW;q=0.7,zh-HK;q=0.5,en-US;q=0.3,en;q=0.2',
  'accept' => 'text/html,application/xhtml+xml,application/xml;q=0.9,*/*;q=0.8',
  'user-agent' => 'Mozilla/5.0 (Windows NT 6.1; Win64; x64; rv:62.0) Gecko/20100101 Firefox/62.0',
  'host' => 'www.plm_dev123.net',
)
[ info ] [ PARAM ] array (
)
[ info ] [ RUN ] app\api\controller\v2\KcloudErp->test[ E:\phpStudy\WWW\plm_dev\application\api\controller\v2\KcloudErp.php ]
[ info ] [ SESSION ] INIT array (
  'id' => '',
  'var_session_id' => '',
  'prefix' => 'plm_',
  'type' => '',
  'auto_start' => true,
)
[ info ] [ LOG ] INIT File
