---------------------------------------------------------------
[ 2018-10-25T11:32:24+08:00 ] 127.0.0.1 127.0.0.1 GET /api/v2/KcloudErp/getBomGroup
[ info ] www.plm_dev123.net/api/v2/KcloudErp/getBomGroup [运行时间：0.463046s][吞吐率：2.16req/s] [内存消耗：753.35kb] [文件加载：30]
[ info ] [ LANG ] E:\phpStudy\WWW\plm_dev\thinkphp\lang\zh-cn.php
[ info ] [ ROUTE ] array (
  'type' => 'module',
  'module' => 
  array (
    0 => 'api',
    1 => 'v2.KcloudErp',
    2 => 'getBomGroup',
  ),
)
[ info ] [ HEADER ] array (
  'socketlog' => 'SocketLog(tabid=2&client_id=)',
  'accept-language' => 'zh-CN,zh;q=0.9',
  'accept-encoding' => 'gzip, deflate',
  'accept' => 'text/html,application/xhtml+xml,application/xml;q=0.9,image/webp,image/apng,*/*;q=0.8',
  'user-agent' => 'Mozilla/5.0 (Windows NT 6.1; Win64; x64) AppleWebKit/537.36 (KHTML, like Gecko) Chrome/67.0.3396.62 Safari/537.36',
  'upgrade-insecure-requests' => '1',
  'connection' => 'close',
  'host' => 'www.plm_dev123.net',
)
[ info ] [ PARAM ] array (
)
[ info ] [ RUN ] app\api\controller\v2\KcloudErp->getBomGroup[ E:\phpStudy\WWW\plm_dev\application\api\controller\v2\KcloudErp.php ]
[ info ] [ LOG ] INIT File
---------------------------------------------------------------
[ 2018-10-25T11:32:25+08:00 ] 127.0.0.1 127.0.0.1 GET /favicon.ico
[ info ] www.plm_dev123.net/favicon.ico [运行时间：0.051005s][吞吐率：19.61req/s] [内存消耗：888.82kb] [文件加载：39]
[ info ] [ LANG ] E:\phpStudy\WWW\plm_dev\thinkphp\lang\zh-cn.php
[ info ] [ ROUTE ] array (
  'type' => 'module',
  'module' => 
  array (
    0 => 'favicon.ico',
    1 => NULL,
    2 => NULL,
  ),
)
[ info ] [ HEADER ] array (
  'socketlog' => 'SocketLog(tabid=2&client_id=)',
  'cookie' => 'PHPSESSID=f0hfgvgqm6aa87b3g7ptr85792',
  'accept-language' => 'zh-CN,zh;q=0.9',
  'accept-encoding' => 'gzip, deflate',
  'referer' => 'http://www.plm_dev123.net/api/v2/KcloudErp/getBomGroup',
  'accept' => 'image/webp,image/apng,image/*,*/*;q=0.8',
  'user-agent' => 'Mozilla/5.0 (Windows NT 6.1; Win64; x64) AppleWebKit/537.36 (KHTML, like Gecko) Chrome/67.0.3396.62 Safari/537.36',
  'connection' => 'close',
  'host' => 'www.plm_dev123.net',
)
[ info ] [ PARAM ] array (
)
[ info ] [ LOG ] INIT File
