---------------------------------------------------------------
[ 2019-01-10T10:32:07+08:00 ] 127.0.0.1 127.0.0.1 GET /api/v2/material/edit?access_token=3c0ac643-475d-48e8-aafa-c03fce0b6e65&data={%22material_name%22:%22abc%22,%22is_component%22:3}
[ info ] www.plm_dev123.net/api/v2/material/edit?access_token=3c0ac643-475d-48e8-aafa-c03fce0b6e65&data={%22material_name%22:%22abc%22,%22is_component%22:3} [运行时间：0.357036s][吞吐率：2.80req/s] [内存消耗：2,027.23kb] [文件加载：53]
[ info ] [ LANG ] E:\phpStudy\WWW\plm_dev\thinkphp\lang\zh-cn.php
[ info ] [ ROUTE ] array (
  'type' => 'module',
  'module' => 
  array (
    0 => 'api',
    1 => 'v2.material',
    2 => 'edit',
  ),
)
[ info ] [ HEADER ] array (
  'socketlog' => 'SocketLog(tabid=5&client_id=)',
  'accept-language' => 'zh-CN,zh;q=0.9',
  'accept-encoding' => 'gzip, deflate',
  'accept' => 'text/html,application/xhtml+xml,application/xml;q=0.9,image/webp,image/apng,*/*;q=0.8',
  'user-agent' => 'Mozilla/5.0 (Windows NT 6.1; Win64; x64) AppleWebKit/537.36 (KHTML, like Gecko) Chrome/67.0.3396.62 Safari/537.36',
  'upgrade-insecure-requests' => '1',
  'connection' => 'close',
  'host' => 'www.plm_dev123.net',
)
[ info ] [ PARAM ] array (
  'access_token' => '3c0ac643-475d-48e8-aafa-c03fce0b6e65',
  'data' => '{"material_name":"abc","is_component":3}',
)
[ info ] [ CACHE ] INIT redis
[ info ] [ DB ] INIT mysql
[ info ] [ RUN ] app\api\controller\v2\Material->edit[ E:\phpStudy\WWW\plm_dev\application\api\controller\v2\Material.php ]
[ info ] [ LOG ] INIT File
[ sql ] [ DB ] CONNECT:[ UseTime:0.012001s ] mysql:dbname=7000mall_plm;host=192.168.80.240;port=3306;charset=utf8
[ sql ] [ SQL ] SHOW COLUMNS FROM `plm_admin_log` [ RunTime:0.004000s ]
[ sql ] [ SQL ] INSERT INTO `plm_admin_log` (`admin_id` , `username` , `route_url` , `title` , `content` , `useragent` , `ip` , `createtime`) VALUES (115 , '哪里都是你' , 'material/edit' , '3c0ac643-475d-48e8-aafa-c03fce0b6e65' , '{\"access_token\":\"3c0ac643-475d-48e8-aafa-c03fce0b6e65\",\"data\":\"{\\\"material_name\\\":\\\"abc\\\",\\\"is_component\\\":3}\"}' , 'Mozilla/5.0 (Windows NT 6.1; Win64; x64) AppleWebKit/537.36 (KHTML, like Gecko) Chrome/67.0.3396.62 Safari/537.36' , '127.0.0.1' , 1547087527) [ RunTime:0.038004s ]
---------------------------------------------------------------
[ 2019-01-10T10:32:07+08:00 ] 127.0.0.1 127.0.0.1 GET /favicon.ico
[ info ] www.plm_dev123.net/favicon.ico [运行时间：0.078008s][吞吐率：12.82req/s] [内存消耗：889.45kb] [文件加载：39]
[ info ] [ LANG ] E:\phpStudy\WWW\plm_dev\thinkphp\lang\zh-cn.php
[ info ] [ ROUTE ] array (
  'type' => 'module',
  'module' => 
  array (
    0 => 'favicon.ico',
    1 => NULL,
    2 => NULL,
  ),
)
[ info ] [ HEADER ] array (
  'socketlog' => 'SocketLog(tabid=5&client_id=)',
  'cookie' => 'PHPSESSID=fov98mnk82buahp4jj44ci9635',
  'accept-language' => 'zh-CN,zh;q=0.9',
  'accept-encoding' => 'gzip, deflate',
  'referer' => 'http://www.plm_dev123.net/api/v2/material/edit?access_token=3c0ac643-475d-48e8-aafa-c03fce0b6e65&data={%22material_name%22:%22abc%22,%22is_component%22:3}',
  'accept' => 'image/webp,image/apng,image/*,*/*;q=0.8',
  'user-agent' => 'Mozilla/5.0 (Windows NT 6.1; Win64; x64) AppleWebKit/537.36 (KHTML, like Gecko) Chrome/67.0.3396.62 Safari/537.36',
  'connection' => 'close',
  'host' => 'www.plm_dev123.net',
)
[ info ] [ PARAM ] array (
)
[ info ] [ LOG ] INIT File
---------------------------------------------------------------
[ 2019-01-10T10:32:19+08:00 ] 127.0.0.1 127.0.0.1 GET /api/v2/material/getInfo?access_token=3c0ac643-475d-48e8-aafa-c03fce0b6e65
[ info ] www.plm_dev123.net/api/v2/material/getInfo?access_token=3c0ac643-475d-48e8-aafa-c03fce0b6e65 [运行时间：0.088008s][吞吐率：11.36req/s] [内存消耗：1,840.49kb] [文件加载：52]
[ info ] [ LANG ] E:\phpStudy\WWW\plm_dev\thinkphp\lang\zh-cn.php
[ info ] [ ROUTE ] array (
  'type' => 'module',
  'module' => 
  array (
    0 => 'api',
    1 => 'v2.material',
    2 => 'getInfo',
  ),
)
[ info ] [ HEADER ] array (
  'socketlog' => 'SocketLog(tabid=5&client_id=)',
  'cookie' => 'PHPSESSID=fov98mnk82buahp4jj44ci9635',
  'accept-language' => 'zh-CN,zh;q=0.9',
  'accept-encoding' => 'gzip, deflate',
  'accept' => 'text/html,application/xhtml+xml,application/xml;q=0.9,image/webp,image/apng,*/*;q=0.8',
  'user-agent' => 'Mozilla/5.0 (Windows NT 6.1; Win64; x64) AppleWebKit/537.36 (KHTML, like Gecko) Chrome/67.0.3396.62 Safari/537.36',
  'upgrade-insecure-requests' => '1',
  'connection' => 'close',
  'host' => 'www.plm_dev123.net',
)
[ info ] [ PARAM ] array (
  'access_token' => '3c0ac643-475d-48e8-aafa-c03fce0b6e65',
)
[ info ] [ CACHE ] INIT redis
[ info ] [ DB ] INIT mysql
[ info ] [ RUN ] app\api\controller\v2\Material->getInfo[ E:\phpStudy\WWW\plm_dev\application\api\controller\v2\Material.php ]
[ info ] [ LOG ] INIT File
[ sql ] [ DB ] CONNECT:[ UseTime:0.003000s ] mysql:dbname=7000mall_plm;host=192.168.80.240;port=3306;charset=utf8
[ sql ] [ SQL ] SHOW COLUMNS FROM `plm_admin_log` [ RunTime:0.004001s ]
[ sql ] [ SQL ] INSERT INTO `plm_admin_log` (`admin_id` , `username` , `route_url` , `title` , `content` , `useragent` , `ip` , `createtime`) VALUES (115 , '哪里都是你' , 'material/getinfo' , '3c0ac643-475d-48e8-aafa-c03fce0b6e65' , '{\"access_token\":\"3c0ac643-475d-48e8-aafa-c03fce0b6e65\"}' , 'Mozilla/5.0 (Windows NT 6.1; Win64; x64) AppleWebKit/537.36 (KHTML, like Gecko) Chrome/67.0.3396.62 Safari/537.36' , '127.0.0.1' , 1547087539) [ RunTime:0.026002s ]
---------------------------------------------------------------
[ 2019-01-10T10:32:27+08:00 ] 127.0.0.1 127.0.0.1 GET /api/v2/material/getInfo?access_token=3c0ac643-475d-48e8-aafa-c03fce0b6e65
[ info ] www.plm_dev123.net/api/v2/material/getInfo?access_token=3c0ac643-475d-48e8-aafa-c03fce0b6e65 [运行时间：0.089009s][吞吐率：11.23req/s] [内存消耗：1,840.55kb] [文件加载：52]
[ info ] [ LANG ] E:\phpStudy\WWW\plm_dev\thinkphp\lang\zh-cn.php
[ info ] [ ROUTE ] array (
  'type' => 'module',
  'module' => 
  array (
    0 => 'api',
    1 => 'v2.material',
    2 => 'getInfo',
  ),
)
[ info ] [ HEADER ] array (
  'socketlog' => 'SocketLog(tabid=5&client_id=)',
  'cookie' => 'PHPSESSID=fov98mnk82buahp4jj44ci9635',
  'accept-language' => 'zh-CN,zh;q=0.9',
  'accept-encoding' => 'gzip, deflate',
  'accept' => 'text/html,application/xhtml+xml,application/xml;q=0.9,image/webp,image/apng,*/*;q=0.8',
  'user-agent' => 'Mozilla/5.0 (Windows NT 6.1; Win64; x64) AppleWebKit/537.36 (KHTML, like Gecko) Chrome/67.0.3396.62 Safari/537.36',
  'upgrade-insecure-requests' => '1',
  'cache-control' => 'max-age=0',
  'connection' => 'close',
  'host' => 'www.plm_dev123.net',
)
[ info ] [ PARAM ] array (
  'access_token' => '3c0ac643-475d-48e8-aafa-c03fce0b6e65',
)
[ info ] [ CACHE ] INIT redis
[ info ] [ DB ] INIT mysql
[ info ] [ RUN ] app\api\controller\v2\Material->getInfo[ E:\phpStudy\WWW\plm_dev\application\api\controller\v2\Material.php ]
[ info ] [ LOG ] INIT File
[ sql ] [ DB ] CONNECT:[ UseTime:0.010001s ] mysql:dbname=7000mall_plm;host=192.168.80.240;port=3306;charset=utf8
[ sql ] [ SQL ] SHOW COLUMNS FROM `plm_admin_log` [ RunTime:0.004001s ]
[ sql ] [ SQL ] INSERT INTO `plm_admin_log` (`admin_id` , `username` , `route_url` , `title` , `content` , `useragent` , `ip` , `createtime`) VALUES (115 , '哪里都是你' , 'material/getinfo' , '3c0ac643-475d-48e8-aafa-c03fce0b6e65' , '{\"access_token\":\"3c0ac643-475d-48e8-aafa-c03fce0b6e65\"}' , 'Mozilla/5.0 (Windows NT 6.1; Win64; x64) AppleWebKit/537.36 (KHTML, like Gecko) Chrome/67.0.3396.62 Safari/537.36' , '127.0.0.1' , 1547087547) [ RunTime:0.026002s ]
---------------------------------------------------------------
[ 2019-01-10T10:34:22+08:00 ] 127.0.0.1 127.0.0.1 GET /api/v2/material/getInfo?access_token=3c0ac643-475d-48e8-aafa-c03fce0b6e65
[ info ] www.plm_dev123.net/api/v2/material/getInfo?access_token=3c0ac643-475d-48e8-aafa-c03fce0b6e65 [运行时间：0.108967s][吞吐率：9.18req/s] [内存消耗：1,839.92kb] [文件加载：52]
[ info ] [ LANG ] E:\phpStudy\WWW\plm_dev\thinkphp\lang\zh-cn.php
[ info ] [ ROUTE ] array (
  'type' => 'module',
  'module' => 
  array (
    0 => 'api',
    1 => 'v2.material',
    2 => 'getInfo',
  ),
)
[ info ] [ HEADER ] array (
  'accept-language' => 'zh-CN,zh;q=0.9',
  'accept-encoding' => 'gzip, deflate',
  'accept' => '*/*',
  'postman-token' => '2fe5df6b-d4c3-b6ed-47f8-dc2315b306ba',
  'user-agent' => 'Mozilla/5.0 (Windows NT 6.1; Win64; x64) AppleWebKit/537.36 (KHTML, like Gecko) Chrome/67.0.3396.62 Safari/537.36',
  'cache-control' => 'no-cache',
  'connection' => 'close',
  'host' => 'www.plm_dev123.net',
)
[ info ] [ PARAM ] array (
  'access_token' => '3c0ac643-475d-48e8-aafa-c03fce0b6e65',
)
[ info ] [ CACHE ] INIT redis
[ info ] [ DB ] INIT mysql
[ info ] [ RUN ] app\api\controller\v2\Material->getInfo[ E:\phpStudy\WWW\plm_dev\application\api\controller\v2\Material.php ]
[ info ] [ LOG ] INIT File
[ sql ] [ DB ] CONNECT:[ UseTime:0.009997s ] mysql:dbname=7000mall_plm;host=192.168.80.240;port=3306;charset=utf8
[ sql ] [ SQL ] SHOW COLUMNS FROM `plm_admin_log` [ RunTime:0.004999s ]
[ sql ] [ SQL ] INSERT INTO `plm_admin_log` (`admin_id` , `username` , `route_url` , `title` , `content` , `useragent` , `ip` , `createtime`) VALUES (115 , '哪里都是你' , 'material/getinfo' , '3c0ac643-475d-48e8-aafa-c03fce0b6e65' , '{\"access_token\":\"3c0ac643-475d-48e8-aafa-c03fce0b6e65\"}' , 'Mozilla/5.0 (Windows NT 6.1; Win64; x64) AppleWebKit/537.36 (KHTML, like Gecko) Chrome/67.0.3396.62 Safari/537.36' , '127.0.0.1' , 1547087662) [ RunTime:0.061981s ]
---------------------------------------------------------------
[ 2019-01-10T10:38:38+08:00 ] 127.0.0.1 127.0.0.1 GET /api/v2/KcloudErp/getMaterialGroup
[ info ] www.plm_dev123.net/api/v2/KcloudErp/getMaterialGroup [运行时间：0.207938s][吞吐率：4.81req/s] [内存消耗：860.81kb] [文件加载：33]
[ info ] [ LANG ] E:\phpStudy\WWW\plm_dev\thinkphp\lang\zh-cn.php
[ info ] [ ROUTE ] array (
  'type' => 'module',
  'module' => 
  array (
    0 => 'api',
    1 => 'v2.KcloudErp',
    2 => 'getMaterialGroup',
  ),
)
[ info ] [ HEADER ] array (
  'socketlog' => 'SocketLog(tabid=10&client_id=)',
  'cookie' => 'PHPSESSID=fov98mnk82buahp4jj44ci9635',
  'accept-language' => 'zh-CN,zh;q=0.9',
  'accept-encoding' => 'gzip, deflate',
  'accept' => 'text/html,application/xhtml+xml,application/xml;q=0.9,image/webp,image/apng,*/*;q=0.8',
  'user-agent' => 'Mozilla/5.0 (Windows NT 6.1; Win64; x64) AppleWebKit/537.36 (KHTML, like Gecko) Chrome/67.0.3396.62 Safari/537.36',
  'upgrade-insecure-requests' => '1',
  'connection' => 'close',
  'host' => 'www.plm_dev123.net',
)
[ info ] [ PARAM ] array (
)
[ info ] [ RUN ] app\api\controller\v2\KcloudErp->getMaterialGroup[ E:\phpStudy\WWW\plm_dev\application\api\controller\v2\KcloudErp.php ]
[ info ] [ SESSION ] INIT array (
  'id' => '',
  'var_session_id' => '',
  'prefix' => 'plm_',
  'type' => '',
  'auto_start' => true,
)
[ info ] [ LOG ] INIT File
---------------------------------------------------------------
[ 2019-01-10T10:39:09+08:00 ] 127.0.0.1 127.0.0.1 GET /api/v2/KcloudErp/getMaterialGroup
[ info ] www.plm_dev123.net/api/v2/KcloudErp/getMaterialGroup [运行时间：0.082991s][吞吐率：12.05req/s] [内存消耗：860.44kb] [文件加载：33]
[ info ] [ LANG ] E:\phpStudy\WWW\plm_dev\thinkphp\lang\zh-cn.php
[ info ] [ ROUTE ] array (
  'type' => 'module',
  'module' => 
  array (
    0 => 'api',
    1 => 'v2.KcloudErp',
    2 => 'getMaterialGroup',
  ),
)
[ info ] [ HEADER ] array (
  'socketlog' => 'SocketLog(tabid=10&client_id=)',
  'cookie' => 'PHPSESSID=fov98mnk82buahp4jj44ci9635',
  'accept-language' => 'zh-CN,zh;q=0.9',
  'accept-encoding' => 'gzip, deflate',
  'accept' => 'text/html,application/xhtml+xml,application/xml;q=0.9,image/webp,image/apng,*/*;q=0.8',
  'user-agent' => 'Mozilla/5.0 (Windows NT 6.1; Win64; x64) AppleWebKit/537.36 (KHTML, like Gecko) Chrome/67.0.3396.62 Safari/537.36',
  'upgrade-insecure-requests' => '1',
  'cache-control' => 'max-age=0',
  'connection' => 'close',
  'host' => 'www.plm_dev123.net',
)
[ info ] [ PARAM ] array (
)
[ info ] [ RUN ] app\api\controller\v2\KcloudErp->getMaterialGroup[ E:\phpStudy\WWW\plm_dev\application\api\controller\v2\KcloudErp.php ]
[ info ] [ SESSION ] INIT array (
  'id' => '',
  'var_session_id' => '',
  'prefix' => 'plm_',
  'type' => '',
  'auto_start' => true,
)
[ info ] [ LOG ] INIT File
---------------------------------------------------------------
[ 2019-01-10T11:21:39+08:00 ] 127.0.0.1 127.0.0.1 GET /api/v2/material/getInfo?access_token=3c0ac643-475d-48e8-aafa-c03fce0b6e65
[ info ] www.plm_dev123.net/api/v2/material/getInfo?access_token=3c0ac643-475d-48e8-aafa-c03fce0b6e65 [运行时间：0.125000s][吞吐率：8.00req/s] [内存消耗：2,012.99kb] [文件加载：55]
[ info ] [ LANG ] E:\phpStudy\WWW\plm_dev\thinkphp\lang\zh-cn.php
[ info ] [ ROUTE ] array (
  'type' => 'module',
  'module' => 
  array (
    0 => 'api',
    1 => 'v2.material',
    2 => 'getInfo',
  ),
)
[ info ] [ HEADER ] array (
  'socketlog' => 'SocketLog(tabid=5&client_id=)',
  'cookie' => 'PHPSESSID=fov98mnk82buahp4jj44ci9635',
  'accept-language' => 'zh-CN,zh;q=0.9',
  'accept-encoding' => 'gzip, deflate',
  'accept' => 'text/html,application/xhtml+xml,application/xml;q=0.9,image/webp,image/apng,*/*;q=0.8',
  'user-agent' => 'Mozilla/5.0 (Windows NT 6.1; Win64; x64) AppleWebKit/537.36 (KHTML, like Gecko) Chrome/67.0.3396.62 Safari/537.36',
  'upgrade-insecure-requests' => '1',
  'cache-control' => 'max-age=0',
  'connection' => 'close',
  'host' => 'www.plm_dev123.net',
)
[ info ] [ PARAM ] array (
  'access_token' => '3c0ac643-475d-48e8-aafa-c03fce0b6e65',
)
[ info ] [ CACHE ] INIT redis
[ info ] [ DB ] INIT mysql
[ info ] [ RUN ] app\api\controller\v2\Material->getInfo[ E:\phpStudy\WWW\plm_dev\application\api\controller\v2\Material.php ]
[ info ] [ SESSION ] INIT array (
  'id' => '',
  'var_session_id' => '',
  'prefix' => 'plm_',
  'type' => '',
  'auto_start' => true,
)
[ info ] [ LOG ] INIT File
[ sql ] [ DB ] CONNECT:[ UseTime:0.002000s ] mysql:dbname=7000mall_plm;host=192.168.80.240;port=3306;charset=utf8
[ sql ] [ SQL ] SHOW COLUMNS FROM `plm_admin_log` [ RunTime:0.005000s ]
[ sql ] [ SQL ] INSERT INTO `plm_admin_log` (`admin_id` , `username` , `route_url` , `title` , `content` , `useragent` , `ip` , `createtime`) VALUES (115 , '哪里都是你' , 'material/getinfo' , '3c0ac643-475d-48e8-aafa-c03fce0b6e65' , '{\"access_token\":\"3c0ac643-475d-48e8-aafa-c03fce0b6e65\"}' , 'Mozilla/5.0 (Windows NT 6.1; Win64; x64) AppleWebKit/537.36 (KHTML, like Gecko) Chrome/67.0.3396.62 Safari/537.36' , '127.0.0.1' , 1547090498) [ RunTime:0.032000s ]
---------------------------------------------------------------
[ 2019-01-10T11:27:54+08:00 ] 127.0.0.1 127.0.0.1 GET /api/v2/material/getInfo?access_token=3c0ac643-475d-48e8-aafa-c03fce0b6e65
[ info ] www.plm_dev123.net/api/v2/material/getInfo?access_token=3c0ac643-475d-48e8-aafa-c03fce0b6e65 [运行时间：0.125000s][吞吐率：8.00req/s] [内存消耗：2,016.21kb] [文件加载：55]
[ info ] [ LANG ] E:\phpStudy\WWW\plm_dev\thinkphp\lang\zh-cn.php
[ info ] [ ROUTE ] array (
  'type' => 'module',
  'module' => 
  array (
    0 => 'api',
    1 => 'v2.material',
    2 => 'getInfo',
  ),
)
[ info ] [ HEADER ] array (
  'socketlog' => 'SocketLog(tabid=5&client_id=)',
  'cookie' => 'PHPSESSID=fov98mnk82buahp4jj44ci9635',
  'accept-language' => 'zh-CN,zh;q=0.9',
  'accept-encoding' => 'gzip, deflate',
  'accept' => 'text/html,application/xhtml+xml,application/xml;q=0.9,image/webp,image/apng,*/*;q=0.8',
  'user-agent' => 'Mozilla/5.0 (Windows NT 6.1; Win64; x64) AppleWebKit/537.36 (KHTML, like Gecko) Chrome/67.0.3396.62 Safari/537.36',
  'upgrade-insecure-requests' => '1',
  'cache-control' => 'max-age=0',
  'connection' => 'close',
  'host' => 'www.plm_dev123.net',
)
[ info ] [ PARAM ] array (
  'access_token' => '3c0ac643-475d-48e8-aafa-c03fce0b6e65',
)
[ info ] [ CACHE ] INIT redis
[ info ] [ DB ] INIT mysql
[ info ] [ RUN ] app\api\controller\v2\Material->getInfo[ E:\phpStudy\WWW\plm_dev\application\api\controller\v2\Material.php ]
[ info ] [ SESSION ] INIT array (
  'id' => '',
  'var_session_id' => '',
  'prefix' => 'plm_',
  'type' => '',
  'auto_start' => true,
)
[ info ] [ LOG ] INIT File
[ sql ] [ DB ] CONNECT:[ UseTime:0.010000s ] mysql:dbname=7000mall_plm;host=192.168.80.240;port=3306;charset=utf8
[ sql ] [ SQL ] SHOW COLUMNS FROM `plm_admin_log` [ RunTime:0.004000s ]
[ sql ] [ SQL ] INSERT INTO `plm_admin_log` (`admin_id` , `username` , `route_url` , `title` , `content` , `useragent` , `ip` , `createtime`) VALUES (115 , '哪里都是你' , 'material/getinfo' , '3c0ac643-475d-48e8-aafa-c03fce0b6e65' , '{\"access_token\":\"3c0ac643-475d-48e8-aafa-c03fce0b6e65\"}' , 'Mozilla/5.0 (Windows NT 6.1; Win64; x64) AppleWebKit/537.36 (KHTML, like Gecko) Chrome/67.0.3396.62 Safari/537.36' , '127.0.0.1' , 1547090874) [ RunTime:0.030000s ]
---------------------------------------------------------------
[ 2019-01-10T11:33:12+08:00 ] 127.0.0.1 127.0.0.1 GET /api/v2/material/getInfo?access_token=3c0ac643-475d-48e8-aafa-c03fce0b6e65
[ info ] www.plm_dev123.net/api/v2/material/getInfo?access_token=3c0ac643-475d-48e8-aafa-c03fce0b6e65 [运行时间：0.102000s][吞吐率：9.80req/s] [内存消耗：2,018.79kb] [文件加载：55]
[ info ] [ LANG ] E:\phpStudy\WWW\plm_dev\thinkphp\lang\zh-cn.php
[ info ] [ ROUTE ] array (
  'type' => 'module',
  'module' => 
  array (
    0 => 'api',
    1 => 'v2.material',
    2 => 'getInfo',
  ),
)
[ info ] [ HEADER ] array (
  'socketlog' => 'SocketLog(tabid=5&client_id=)',
  'cookie' => 'PHPSESSID=fov98mnk82buahp4jj44ci9635',
  'accept-language' => 'zh-CN,zh;q=0.9',
  'accept-encoding' => 'gzip, deflate',
  'accept' => 'text/html,application/xhtml+xml,application/xml;q=0.9,image/webp,image/apng,*/*;q=0.8',
  'user-agent' => 'Mozilla/5.0 (Windows NT 6.1; Win64; x64) AppleWebKit/537.36 (KHTML, like Gecko) Chrome/67.0.3396.62 Safari/537.36',
  'upgrade-insecure-requests' => '1',
  'cache-control' => 'max-age=0',
  'connection' => 'close',
  'host' => 'www.plm_dev123.net',
)
[ info ] [ PARAM ] array (
  'access_token' => '3c0ac643-475d-48e8-aafa-c03fce0b6e65',
)
[ info ] [ CACHE ] INIT redis
[ info ] [ DB ] INIT mysql
[ info ] [ RUN ] app\api\controller\v2\Material->getInfo[ E:\phpStudy\WWW\plm_dev\application\api\controller\v2\Material.php ]
[ info ] [ SESSION ] INIT array (
  'id' => '',
  'var_session_id' => '',
  'prefix' => 'plm_',
  'type' => '',
  'auto_start' => true,
)
[ info ] [ LOG ] INIT File
[ sql ] [ DB ] CONNECT:[ UseTime:0.011000s ] mysql:dbname=7000mall_plm;host=192.168.80.240;port=3306;charset=utf8
[ sql ] [ SQL ] SHOW COLUMNS FROM `plm_admin_log` [ RunTime:0.004000s ]
[ sql ] [ SQL ] INSERT INTO `plm_admin_log` (`admin_id` , `username` , `route_url` , `title` , `content` , `useragent` , `ip` , `createtime`) VALUES (115 , '哪里都是你' , 'material/getinfo' , '3c0ac643-475d-48e8-aafa-c03fce0b6e65' , '{\"access_token\":\"3c0ac643-475d-48e8-aafa-c03fce0b6e65\"}' , 'Mozilla/5.0 (Windows NT 6.1; Win64; x64) AppleWebKit/537.36 (KHTML, like Gecko) Chrome/67.0.3396.62 Safari/537.36' , '127.0.0.1' , 1547091192) [ RunTime:0.016000s ]
---------------------------------------------------------------
[ 2019-01-10T11:33:36+08:00 ] 127.0.0.1 127.0.0.1 GET /api/v2/material/edit?access_token=3c0ac643-475d-48e8-aafa-c03fce0b6e65&data={%22material_name%22:%22abc%22,%22is_component%22:3}
[ info ] www.plm_dev123.net/api/v2/material/edit?access_token=3c0ac643-475d-48e8-aafa-c03fce0b6e65&data={%22material_name%22:%22abc%22,%22is_component%22:3} [运行时间：0.105000s][吞吐率：9.52req/s] [内存消耗：2,029.54kb] [文件加载：53]
[ info ] [ LANG ] E:\phpStudy\WWW\plm_dev\thinkphp\lang\zh-cn.php
[ info ] [ ROUTE ] array (
  'type' => 'module',
  'module' => 
  array (
    0 => 'api',
    1 => 'v2.material',
    2 => 'edit',
  ),
)
[ info ] [ HEADER ] array (
  'socketlog' => 'SocketLog(tabid=5&client_id=)',
  'cookie' => 'PHPSESSID=fov98mnk82buahp4jj44ci9635',
  'accept-language' => 'zh-CN,zh;q=0.9',
  'accept-encoding' => 'gzip, deflate',
  'accept' => 'text/html,application/xhtml+xml,application/xml;q=0.9,image/webp,image/apng,*/*;q=0.8',
  'user-agent' => 'Mozilla/5.0 (Windows NT 6.1; Win64; x64) AppleWebKit/537.36 (KHTML, like Gecko) Chrome/67.0.3396.62 Safari/537.36',
  'upgrade-insecure-requests' => '1',
  'connection' => 'close',
  'host' => 'www.plm_dev123.net',
)
[ info ] [ PARAM ] array (
  'access_token' => '3c0ac643-475d-48e8-aafa-c03fce0b6e65',
  'data' => '{"material_name":"abc","is_component":3}',
)
[ info ] [ CACHE ] INIT redis
[ info ] [ DB ] INIT mysql
[ info ] [ RUN ] app\api\controller\v2\Material->edit[ E:\phpStudy\WWW\plm_dev\application\api\controller\v2\Material.php ]
[ info ] [ LOG ] INIT File
[ sql ] [ DB ] CONNECT:[ UseTime:0.011000s ] mysql:dbname=7000mall_plm;host=192.168.80.240;port=3306;charset=utf8
[ sql ] [ SQL ] SHOW COLUMNS FROM `plm_admin_log` [ RunTime:0.004000s ]
[ sql ] [ SQL ] INSERT INTO `plm_admin_log` (`admin_id` , `username` , `route_url` , `title` , `content` , `useragent` , `ip` , `createtime`) VALUES (115 , '哪里都是你' , 'material/edit' , '3c0ac643-475d-48e8-aafa-c03fce0b6e65' , '{\"access_token\":\"3c0ac643-475d-48e8-aafa-c03fce0b6e65\",\"data\":\"{\\\"material_name\\\":\\\"abc\\\",\\\"is_component\\\":3}\"}' , 'Mozilla/5.0 (Windows NT 6.1; Win64; x64) AppleWebKit/537.36 (KHTML, like Gecko) Chrome/67.0.3396.62 Safari/537.36' , '127.0.0.1' , 1547091216) [ RunTime:0.034000s ]
---------------------------------------------------------------
[ 2019-01-10T11:33:39+08:00 ] 127.0.0.1 127.0.0.1 GET /api/v2/material/getInfo?access_token=3c0ac643-475d-48e8-aafa-c03fce0b6e65
[ info ] www.plm_dev123.net/api/v2/material/getInfo?access_token=3c0ac643-475d-48e8-aafa-c03fce0b6e65 [运行时间：0.126000s][吞吐率：7.94req/s] [内存消耗：2,014.40kb] [文件加载：55]
[ info ] [ LANG ] E:\phpStudy\WWW\plm_dev\thinkphp\lang\zh-cn.php
[ info ] [ ROUTE ] array (
  'type' => 'module',
  'module' => 
  array (
    0 => 'api',
    1 => 'v2.material',
    2 => 'getInfo',
  ),
)
[ info ] [ HEADER ] array (
  'socketlog' => 'SocketLog(tabid=5&client_id=)',
  'cookie' => 'PHPSESSID=fov98mnk82buahp4jj44ci9635',
  'accept-language' => 'zh-CN,zh;q=0.9',
  'accept-encoding' => 'gzip, deflate',
  'accept' => 'text/html,application/xhtml+xml,application/xml;q=0.9,image/webp,image/apng,*/*;q=0.8',
  'user-agent' => 'Mozilla/5.0 (Windows NT 6.1; Win64; x64) AppleWebKit/537.36 (KHTML, like Gecko) Chrome/67.0.3396.62 Safari/537.36',
  'upgrade-insecure-requests' => '1',
  'connection' => 'close',
  'host' => 'www.plm_dev123.net',
)
[ info ] [ PARAM ] array (
  'access_token' => '3c0ac643-475d-48e8-aafa-c03fce0b6e65',
)
[ info ] [ CACHE ] INIT redis
[ info ] [ DB ] INIT mysql
[ info ] [ RUN ] app\api\controller\v2\Material->getInfo[ E:\phpStudy\WWW\plm_dev\application\api\controller\v2\Material.php ]
[ info ] [ SESSION ] INIT array (
  'id' => '',
  'var_session_id' => '',
  'prefix' => 'plm_',
  'type' => '',
  'auto_start' => true,
)
[ info ] [ LOG ] INIT File
[ sql ] [ DB ] CONNECT:[ UseTime:0.011000s ] mysql:dbname=7000mall_plm;host=192.168.80.240;port=3306;charset=utf8
[ sql ] [ SQL ] SHOW COLUMNS FROM `plm_admin_log` [ RunTime:0.004000s ]
[ sql ] [ SQL ] INSERT INTO `plm_admin_log` (`admin_id` , `username` , `route_url` , `title` , `content` , `useragent` , `ip` , `createtime`) VALUES (115 , '哪里都是你' , 'material/getinfo' , '3c0ac643-475d-48e8-aafa-c03fce0b6e65' , '{\"access_token\":\"3c0ac643-475d-48e8-aafa-c03fce0b6e65\"}' , 'Mozilla/5.0 (Windows NT 6.1; Win64; x64) AppleWebKit/537.36 (KHTML, like Gecko) Chrome/67.0.3396.62 Safari/537.36' , '127.0.0.1' , 1547091219) [ RunTime:0.004000s ]
---------------------------------------------------------------
[ 2019-01-10T11:34:08+08:00 ] 127.0.0.1 127.0.0.1 GET /api/v2/material/getInfo?access_token=3c0ac643-475d-48e8-aafa-c03fce0b6e65
[ info ] www.plm_dev123.net/api/v2/material/getInfo?access_token=3c0ac643-475d-48e8-aafa-c03fce0b6e65 [运行时间：0.155062s][吞吐率：6.45req/s] [内存消耗：2,016.21kb] [文件加载：55]
[ info ] [ LANG ] E:\phpStudy\WWW\plm_dev\thinkphp\lang\zh-cn.php
[ info ] [ ROUTE ] array (
  'type' => 'module',
  'module' => 
  array (
    0 => 'api',
    1 => 'v2.material',
    2 => 'getInfo',
  ),
)
[ info ] [ HEADER ] array (
  'socketlog' => 'SocketLog(tabid=5&client_id=)',
  'cookie' => 'PHPSESSID=fov98mnk82buahp4jj44ci9635',
  'accept-language' => 'zh-CN,zh;q=0.9',
  'accept-encoding' => 'gzip, deflate',
  'accept' => 'text/html,application/xhtml+xml,application/xml;q=0.9,image/webp,image/apng,*/*;q=0.8',
  'user-agent' => 'Mozilla/5.0 (Windows NT 6.1; Win64; x64) AppleWebKit/537.36 (KHTML, like Gecko) Chrome/67.0.3396.62 Safari/537.36',
  'upgrade-insecure-requests' => '1',
  'cache-control' => 'max-age=0',
  'connection' => 'close',
  'host' => 'www.plm_dev123.net',
)
[ info ] [ PARAM ] array (
  'access_token' => '3c0ac643-475d-48e8-aafa-c03fce0b6e65',
)
[ info ] [ CACHE ] INIT redis
[ info ] [ DB ] INIT mysql
[ info ] [ RUN ] app\api\controller\v2\Material->getInfo[ E:\phpStudy\WWW\plm_dev\application\api\controller\v2\Material.php ]
[ info ] [ SESSION ] INIT array (
  'id' => '',
  'var_session_id' => '',
  'prefix' => 'plm_',
  'type' => '',
  'auto_start' => true,
)
[ info ] [ LOG ] INIT File
[ sql ] [ DB ] CONNECT:[ UseTime:0.011005s ] mysql:dbname=7000mall_plm;host=192.168.80.240;port=3306;charset=utf8
[ sql ] [ SQL ] SHOW COLUMNS FROM `plm_admin_log` [ RunTime:0.004002s ]
[ sql ] [ SQL ] INSERT INTO `plm_admin_log` (`admin_id` , `username` , `route_url` , `title` , `content` , `useragent` , `ip` , `createtime`) VALUES (115 , '哪里都是你' , 'material/getinfo' , '3c0ac643-475d-48e8-aafa-c03fce0b6e65' , '{\"access_token\":\"3c0ac643-475d-48e8-aafa-c03fce0b6e65\"}' , 'Mozilla/5.0 (Windows NT 6.1; Win64; x64) AppleWebKit/537.36 (KHTML, like Gecko) Chrome/67.0.3396.62 Safari/537.36' , '127.0.0.1' , 1547091248) [ RunTime:0.059023s ]
---------------------------------------------------------------
[ 2019-01-10T17:25:48+08:00 ] 127.0.0.1 127.0.0.1 GET /api/v2/material/reverseTime?access_token=3c0ac643-475d-48e8-aafa-c03fce0b6e65
[ info ] www.plm_dev123.net/api/v2/material/reverseTime?access_token=3c0ac643-475d-48e8-aafa-c03fce0b6e65 [运行时间：0.123000s][吞吐率：8.13req/s] [内存消耗：2,094.21kb] [文件加载：60]
[ info ] [ LANG ] E:\phpStudy\WWW\plm_dev\thinkphp\lang\zh-cn.php
[ info ] [ ROUTE ] array (
  'type' => 'module',
  'module' => 
  array (
    0 => 'api',
    1 => 'v2.material',
    2 => 'reverseTime',
  ),
)
[ info ] [ HEADER ] array (
  'socketlog' => 'SocketLog(tabid=5&client_id=)',
  'cookie' => 'PHPSESSID=fov98mnk82buahp4jj44ci9635',
  'accept-language' => 'zh-CN,zh;q=0.9',
  'accept-encoding' => 'gzip, deflate',
  'accept' => 'text/html,application/xhtml+xml,application/xml;q=0.9,image/webp,image/apng,*/*;q=0.8',
  'user-agent' => 'Mozilla/5.0 (Windows NT 6.1; Win64; x64) AppleWebKit/537.36 (KHTML, like Gecko) Chrome/67.0.3396.62 Safari/537.36',
  'upgrade-insecure-requests' => '1',
  'connection' => 'close',
  'host' => 'www.plm_dev123.net',
)
[ info ] [ PARAM ] array (
  'access_token' => '3c0ac643-475d-48e8-aafa-c03fce0b6e65',
)
[ info ] [ CACHE ] INIT redis
[ info ] [ DB ] INIT mysql
[ info ] [ RUN ] app\api\controller\v2\Material->reverseTime[ E:\phpStudy\WWW\plm_dev\application\api\controller\v2\Material.php ]
[ info ] [ LOG ] INIT File
[ sql ] [ DB ] CONNECT:[ UseTime:0.012000s ] mysql:dbname=7000mall_plm;host=192.168.80.240;port=3306;charset=utf8
[ sql ] [ SQL ] SHOW COLUMNS FROM `plm_admin_log` [ RunTime:0.005000s ]
[ sql ] [ SQL ] INSERT INTO `plm_admin_log` (`admin_id` , `username` , `route_url` , `title` , `content` , `useragent` , `ip` , `createtime`) VALUES (115 , '哪里都是你' , 'material/reversetime' , '3c0ac643-475d-48e8-aafa-c03fce0b6e65' , '{\"access_token\":\"3c0ac643-475d-48e8-aafa-c03fce0b6e65\"}' , 'Mozilla/5.0 (Windows NT 6.1; Win64; x64) AppleWebKit/537.36 (KHTML, like Gecko) Chrome/67.0.3396.62 Safari/537.36' , '127.0.0.1' , 1547112348) [ RunTime:0.039000s ]
[ error ] [8]未定义数组索引: data[E:\phpStudy\WWW\plm_dev\application\api\controller\v2\Material.php:857]
---------------------------------------------------------------
[ 2019-01-10T17:26:03+08:00 ] 127.0.0.1 127.0.0.1 GET /api/v2/material/reverseTime?access_token=3c0ac643-475d-48e8-aafa-c03fce0b6e65&data={%22id%22:2}
[ info ] www.plm_dev123.net/api/v2/material/reverseTime?access_token=3c0ac643-475d-48e8-aafa-c03fce0b6e65&data={%22id%22:2} [运行时间：0.163000s][吞吐率：6.13req/s] [内存消耗：2,091.48kb] [文件加载：53]
[ info ] [ LANG ] E:\phpStudy\WWW\plm_dev\thinkphp\lang\zh-cn.php
[ info ] [ ROUTE ] array (
  'type' => 'module',
  'module' => 
  array (
    0 => 'api',
    1 => 'v2.material',
    2 => 'reverseTime',
  ),
)
[ info ] [ HEADER ] array (
  'socketlog' => 'SocketLog(tabid=5&client_id=)',
  'cookie' => 'thinkphp_show_page_trace=0|0; PHPSESSID=fov98mnk82buahp4jj44ci9635',
  'accept-language' => 'zh-CN,zh;q=0.9',
  'accept-encoding' => 'gzip, deflate',
  'accept' => 'text/html,application/xhtml+xml,application/xml;q=0.9,image/webp,image/apng,*/*;q=0.8',
  'user-agent' => 'Mozilla/5.0 (Windows NT 6.1; Win64; x64) AppleWebKit/537.36 (KHTML, like Gecko) Chrome/67.0.3396.62 Safari/537.36',
  'upgrade-insecure-requests' => '1',
  'connection' => 'close',
  'host' => 'www.plm_dev123.net',
)
[ info ] [ PARAM ] array (
  'access_token' => '3c0ac643-475d-48e8-aafa-c03fce0b6e65',
  'data' => '{"id":2}',
)
[ info ] [ CACHE ] INIT redis
[ info ] [ DB ] INIT mysql
[ info ] [ RUN ] app\api\controller\v2\Material->reverseTime[ E:\phpStudy\WWW\plm_dev\application\api\controller\v2\Material.php ]
[ info ] [ LOG ] INIT File
[ sql ] [ DB ] CONNECT:[ UseTime:0.016000s ] mysql:dbname=7000mall_plm;host=192.168.80.240;port=3306;charset=utf8
[ sql ] [ SQL ] SHOW COLUMNS FROM `plm_admin_log` [ RunTime:0.007000s ]
[ sql ] [ SQL ] INSERT INTO `plm_admin_log` (`admin_id` , `username` , `route_url` , `title` , `content` , `useragent` , `ip` , `createtime`) VALUES (115 , '哪里都是你' , 'material/reversetime' , '3c0ac643-475d-48e8-aafa-c03fce0b6e65' , '{\"access_token\":\"3c0ac643-475d-48e8-aafa-c03fce0b6e65\",\"data\":\"{\\\"id\\\":2}\"}' , 'Mozilla/5.0 (Windows NT 6.1; Win64; x64) AppleWebKit/537.36 (KHTML, like Gecko) Chrome/67.0.3396.62 Safari/537.36' , '127.0.0.1' , 1547112363) [ RunTime:0.057000s ]
---------------------------------------------------------------
[ 2019-01-10T17:26:28+08:00 ] 127.0.0.1 127.0.0.1 GET /api/v2/material/reverseTime?access_token=3c0ac643-475d-48e8-aafa-c03fce0b6e65&data={%22id%22:2}
[ info ] www.plm_dev123.net/api/v2/material/reverseTime?access_token=3c0ac643-475d-48e8-aafa-c03fce0b6e65&data={%22id%22:2} [运行时间：0.106000s][吞吐率：9.43req/s] [内存消耗：2,091.41kb] [文件加载：53]
[ info ] [ LANG ] E:\phpStudy\WWW\plm_dev\thinkphp\lang\zh-cn.php
[ info ] [ ROUTE ] array (
  'type' => 'module',
  'module' => 
  array (
    0 => 'api',
    1 => 'v2.material',
    2 => 'reverseTime',
  ),
)
[ info ] [ HEADER ] array (
  'socketlog' => 'SocketLog(tabid=5&client_id=)',
  'cookie' => 'thinkphp_show_page_trace=0|0; PHPSESSID=fov98mnk82buahp4jj44ci9635',
  'accept-language' => 'zh-CN,zh;q=0.9',
  'accept-encoding' => 'gzip, deflate',
  'accept' => 'text/html,application/xhtml+xml,application/xml;q=0.9,image/webp,image/apng,*/*;q=0.8',
  'user-agent' => 'Mozilla/5.0 (Windows NT 6.1; Win64; x64) AppleWebKit/537.36 (KHTML, like Gecko) Chrome/67.0.3396.62 Safari/537.36',
  'upgrade-insecure-requests' => '1',
  'cache-control' => 'max-age=0',
  'connection' => 'close',
  'host' => 'www.plm_dev123.net',
)
[ info ] [ PARAM ] array (
  'access_token' => '3c0ac643-475d-48e8-aafa-c03fce0b6e65',
  'data' => '{"id":2}',
)
[ info ] [ CACHE ] INIT redis
[ info ] [ DB ] INIT mysql
[ info ] [ RUN ] app\api\controller\v2\Material->reverseTime[ E:\phpStudy\WWW\plm_dev\application\api\controller\v2\Material.php ]
[ info ] [ LOG ] INIT File
[ sql ] [ DB ] CONNECT:[ UseTime:0.002000s ] mysql:dbname=7000mall_plm;host=192.168.80.240;port=3306;charset=utf8
[ sql ] [ SQL ] SHOW COLUMNS FROM `plm_admin_log` [ RunTime:0.005000s ]
[ sql ] [ SQL ] INSERT INTO `plm_admin_log` (`admin_id` , `username` , `route_url` , `title` , `content` , `useragent` , `ip` , `createtime`) VALUES (115 , '哪里都是你' , 'material/reversetime' , '3c0ac643-475d-48e8-aafa-c03fce0b6e65' , '{\"access_token\":\"3c0ac643-475d-48e8-aafa-c03fce0b6e65\",\"data\":\"{\\\"id\\\":2}\"}' , 'Mozilla/5.0 (Windows NT 6.1; Win64; x64) AppleWebKit/537.36 (KHTML, like Gecko) Chrome/67.0.3396.62 Safari/537.36' , '127.0.0.1' , 1547112388) [ RunTime:0.039000s ]
---------------------------------------------------------------
[ 2019-01-10T17:26:50+08:00 ] 127.0.0.1 127.0.0.1 GET /api/v2/material/reverseTime?access_token=3c0ac643-475d-48e8-aafa-c03fce0b6e65&data={%22id%22:3}
[ info ] www.plm_dev123.net/api/v2/material/reverseTime?access_token=3c0ac643-475d-48e8-aafa-c03fce0b6e65&data={%22id%22:3} [运行时间：0.097000s][吞吐率：10.31req/s] [内存消耗：2,091.34kb] [文件加载：53]
[ info ] [ LANG ] E:\phpStudy\WWW\plm_dev\thinkphp\lang\zh-cn.php
[ info ] [ ROUTE ] array (
  'type' => 'module',
  'module' => 
  array (
    0 => 'api',
    1 => 'v2.material',
    2 => 'reverseTime',
  ),
)
[ info ] [ HEADER ] array (
  'socketlog' => 'SocketLog(tabid=5&client_id=)',
  'cookie' => 'thinkphp_show_page_trace=0|0; PHPSESSID=fov98mnk82buahp4jj44ci9635',
  'accept-language' => 'zh-CN,zh;q=0.9',
  'accept-encoding' => 'gzip, deflate',
  'accept' => 'text/html,application/xhtml+xml,application/xml;q=0.9,image/webp,image/apng,*/*;q=0.8',
  'user-agent' => 'Mozilla/5.0 (Windows NT 6.1; Win64; x64) AppleWebKit/537.36 (KHTML, like Gecko) Chrome/67.0.3396.62 Safari/537.36',
  'upgrade-insecure-requests' => '1',
  'connection' => 'close',
  'host' => 'www.plm_dev123.net',
)
[ info ] [ PARAM ] array (
  'access_token' => '3c0ac643-475d-48e8-aafa-c03fce0b6e65',
  'data' => '{"id":3}',
)
[ info ] [ CACHE ] INIT redis
[ info ] [ DB ] INIT mysql
[ info ] [ RUN ] app\api\controller\v2\Material->reverseTime[ E:\phpStudy\WWW\plm_dev\application\api\controller\v2\Material.php ]
[ info ] [ LOG ] INIT File
[ sql ] [ DB ] CONNECT:[ UseTime:0.010000s ] mysql:dbname=7000mall_plm;host=192.168.80.240;port=3306;charset=utf8
[ sql ] [ SQL ] SHOW COLUMNS FROM `plm_admin_log` [ RunTime:0.004000s ]
[ sql ] [ SQL ] INSERT INTO `plm_admin_log` (`admin_id` , `username` , `route_url` , `title` , `content` , `useragent` , `ip` , `createtime`) VALUES (115 , '哪里都是你' , 'material/reversetime' , '3c0ac643-475d-48e8-aafa-c03fce0b6e65' , '{\"access_token\":\"3c0ac643-475d-48e8-aafa-c03fce0b6e65\",\"data\":\"{\\\"id\\\":3}\"}' , 'Mozilla/5.0 (Windows NT 6.1; Win64; x64) AppleWebKit/537.36 (KHTML, like Gecko) Chrome/67.0.3396.62 Safari/537.36' , '127.0.0.1' , 1547112410) [ RunTime:0.037000s ]
---------------------------------------------------------------
[ 2019-01-10T17:26:56+08:00 ] 127.0.0.1 127.0.0.1 GET /api/v2/material/reverseTime?access_token=3c0ac643-475d-48e8-aafa-c03fce0b6e65&data={%22id%22:4}
[ info ] www.plm_dev123.net/api/v2/material/reverseTime?access_token=3c0ac643-475d-48e8-aafa-c03fce0b6e65&data={%22id%22:4} [运行时间：0.071000s][吞吐率：14.08req/s] [内存消耗：2,091.47kb] [文件加载：53]
[ info ] [ LANG ] E:\phpStudy\WWW\plm_dev\thinkphp\lang\zh-cn.php
[ info ] [ ROUTE ] array (
  'type' => 'module',
  'module' => 
  array (
    0 => 'api',
    1 => 'v2.material',
    2 => 'reverseTime',
  ),
)
[ info ] [ HEADER ] array (
  'socketlog' => 'SocketLog(tabid=5&client_id=)',
  'cookie' => 'thinkphp_show_page_trace=0|0; PHPSESSID=fov98mnk82buahp4jj44ci9635',
  'accept-language' => 'zh-CN,zh;q=0.9',
  'accept-encoding' => 'gzip, deflate',
  'accept' => 'text/html,application/xhtml+xml,application/xml;q=0.9,image/webp,image/apng,*/*;q=0.8',
  'user-agent' => 'Mozilla/5.0 (Windows NT 6.1; Win64; x64) AppleWebKit/537.36 (KHTML, like Gecko) Chrome/67.0.3396.62 Safari/537.36',
  'upgrade-insecure-requests' => '1',
  'connection' => 'close',
  'host' => 'www.plm_dev123.net',
)
[ info ] [ PARAM ] array (
  'access_token' => '3c0ac643-475d-48e8-aafa-c03fce0b6e65',
  'data' => '{"id":4}',
)
[ info ] [ CACHE ] INIT redis
[ info ] [ DB ] INIT mysql
[ info ] [ RUN ] app\api\controller\v2\Material->reverseTime[ E:\phpStudy\WWW\plm_dev\application\api\controller\v2\Material.php ]
[ info ] [ LOG ] INIT File
[ sql ] [ DB ] CONNECT:[ UseTime:0.002000s ] mysql:dbname=7000mall_plm;host=192.168.80.240;port=3306;charset=utf8
[ sql ] [ SQL ] SHOW COLUMNS FROM `plm_admin_log` [ RunTime:0.004000s ]
[ sql ] [ SQL ] INSERT INTO `plm_admin_log` (`admin_id` , `username` , `route_url` , `title` , `content` , `useragent` , `ip` , `createtime`) VALUES (115 , '哪里都是你' , 'material/reversetime' , '3c0ac643-475d-48e8-aafa-c03fce0b6e65' , '{\"access_token\":\"3c0ac643-475d-48e8-aafa-c03fce0b6e65\",\"data\":\"{\\\"id\\\":4}\"}' , 'Mozilla/5.0 (Windows NT 6.1; Win64; x64) AppleWebKit/537.36 (KHTML, like Gecko) Chrome/67.0.3396.62 Safari/537.36' , '127.0.0.1' , 1547112416) [ RunTime:0.029000s ]
---------------------------------------------------------------
[ 2019-01-10T17:32:53+08:00 ] 127.0.0.1 127.0.0.1 GET /api/v2/material/reverseTime?access_token=3c0ac643-475d-48e8-aafa-c03fce0b6e65&data={%22id%22:4}
[ info ] www.plm_dev123.net/api/v2/material/reverseTime?access_token=3c0ac643-475d-48e8-aafa-c03fce0b6e65&data={%22id%22:4} [运行时间：0.092000s][吞吐率：10.87req/s] [内存消耗：1,909.74kb] [文件加载：52]
[ info ] [ LANG ] E:\phpStudy\WWW\plm_dev\thinkphp\lang\zh-cn.php
[ info ] [ ROUTE ] array (
  'type' => 'module',
  'module' => 
  array (
    0 => 'api',
    1 => 'v2.material',
    2 => 'reverseTime',
  ),
)
[ info ] [ HEADER ] array (
  'socketlog' => 'SocketLog(tabid=5&client_id=)',
  'cookie' => 'thinkphp_show_page_trace=0|0; PHPSESSID=fov98mnk82buahp4jj44ci9635',
  'accept-language' => 'zh-CN,zh;q=0.9',
  'accept-encoding' => 'gzip, deflate',
  'accept' => 'text/html,application/xhtml+xml,application/xml;q=0.9,image/webp,image/apng,*/*;q=0.8',
  'user-agent' => 'Mozilla/5.0 (Windows NT 6.1; Win64; x64) AppleWebKit/537.36 (KHTML, like Gecko) Chrome/67.0.3396.62 Safari/537.36',
  'upgrade-insecure-requests' => '1',
  'cache-control' => 'max-age=0',
  'connection' => 'close',
  'host' => 'www.plm_dev123.net',
)
[ info ] [ PARAM ] array (
  'access_token' => '3c0ac643-475d-48e8-aafa-c03fce0b6e65',
  'data' => '{"id":4}',
)
[ info ] [ CACHE ] INIT redis
[ info ] [ DB ] INIT mysql
[ info ] [ RUN ] app\api\controller\v2\Material->reverseTime[ E:\phpStudy\WWW\plm_dev\application\api\controller\v2\Material.php ]
[ info ] [ LOG ] INIT File
[ sql ] [ DB ] CONNECT:[ UseTime:0.011000s ] mysql:dbname=7000mall_plm;host=192.168.80.240;port=3306;charset=utf8
[ sql ] [ SQL ] SHOW COLUMNS FROM `plm_admin_log` [ RunTime:0.004000s ]
[ sql ] [ SQL ] INSERT INTO `plm_admin_log` (`admin_id` , `username` , `route_url` , `title` , `content` , `useragent` , `ip` , `createtime`) VALUES (115 , '哪里都是你' , 'material/reversetime' , '3c0ac643-475d-48e8-aafa-c03fce0b6e65' , '{\"access_token\":\"3c0ac643-475d-48e8-aafa-c03fce0b6e65\",\"data\":\"{\\\"id\\\":4}\"}' , 'Mozilla/5.0 (Windows NT 6.1; Win64; x64) AppleWebKit/537.36 (KHTML, like Gecko) Chrome/67.0.3396.62 Safari/537.36' , '127.0.0.1' , 1547112773) [ RunTime:0.037000s ]
---------------------------------------------------------------
[ 2019-01-10T17:33:03+08:00 ] 127.0.0.1 127.0.0.1 GET /api/v2/material/reverseTime?access_token=3c0ac643-475d-48e8-aafa-c03fce0b6e65&data={%22id%22:2}
[ info ] www.plm_dev123.net/api/v2/material/reverseTime?access_token=3c0ac643-475d-48e8-aafa-c03fce0b6e65&data={%22id%22:2} [运行时间：0.092000s][吞吐率：10.87req/s] [内存消耗：1,909.68kb] [文件加载：52]
[ info ] [ LANG ] E:\phpStudy\WWW\plm_dev\thinkphp\lang\zh-cn.php
[ info ] [ ROUTE ] array (
  'type' => 'module',
  'module' => 
  array (
    0 => 'api',
    1 => 'v2.material',
    2 => 'reverseTime',
  ),
)
[ info ] [ HEADER ] array (
  'socketlog' => 'SocketLog(tabid=5&client_id=)',
  'cookie' => 'thinkphp_show_page_trace=0|0; PHPSESSID=fov98mnk82buahp4jj44ci9635',
  'accept-language' => 'zh-CN,zh;q=0.9',
  'accept-encoding' => 'gzip, deflate',
  'accept' => 'text/html,application/xhtml+xml,application/xml;q=0.9,image/webp,image/apng,*/*;q=0.8',
  'user-agent' => 'Mozilla/5.0 (Windows NT 6.1; Win64; x64) AppleWebKit/537.36 (KHTML, like Gecko) Chrome/67.0.3396.62 Safari/537.36',
  'upgrade-insecure-requests' => '1',
  'connection' => 'close',
  'host' => 'www.plm_dev123.net',
)
[ info ] [ PARAM ] array (
  'access_token' => '3c0ac643-475d-48e8-aafa-c03fce0b6e65',
  'data' => '{"id":2}',
)
[ info ] [ CACHE ] INIT redis
[ info ] [ DB ] INIT mysql
[ info ] [ RUN ] app\api\controller\v2\Material->reverseTime[ E:\phpStudy\WWW\plm_dev\application\api\controller\v2\Material.php ]
[ info ] [ LOG ] INIT File
[ sql ] [ DB ] CONNECT:[ UseTime:0.010000s ] mysql:dbname=7000mall_plm;host=192.168.80.240;port=3306;charset=utf8
[ sql ] [ SQL ] SHOW COLUMNS FROM `plm_admin_log` [ RunTime:0.004000s ]
[ sql ] [ SQL ] INSERT INTO `plm_admin_log` (`admin_id` , `username` , `route_url` , `title` , `content` , `useragent` , `ip` , `createtime`) VALUES (115 , '哪里都是你' , 'material/reversetime' , '3c0ac643-475d-48e8-aafa-c03fce0b6e65' , '{\"access_token\":\"3c0ac643-475d-48e8-aafa-c03fce0b6e65\",\"data\":\"{\\\"id\\\":2}\"}' , 'Mozilla/5.0 (Windows NT 6.1; Win64; x64) AppleWebKit/537.36 (KHTML, like Gecko) Chrome/67.0.3396.62 Safari/537.36' , '127.0.0.1' , 1547112783) [ RunTime:0.030000s ]
---------------------------------------------------------------
[ 2019-01-10T17:33:09+08:00 ] 127.0.0.1 127.0.0.1 GET /api/v2/material/reverseTime?access_token=3c0ac643-475d-48e8-aafa-c03fce0b6e65&data={%22id%22:1}
[ info ] www.plm_dev123.net/api/v2/material/reverseTime?access_token=3c0ac643-475d-48e8-aafa-c03fce0b6e65&data={%22id%22:1} [运行时间：0.077000s][吞吐率：12.99req/s] [内存消耗：1,909.77kb] [文件加载：52]
[ info ] [ LANG ] E:\phpStudy\WWW\plm_dev\thinkphp\lang\zh-cn.php
[ info ] [ ROUTE ] array (
  'type' => 'module',
  'module' => 
  array (
    0 => 'api',
    1 => 'v2.material',
    2 => 'reverseTime',
  ),
)
[ info ] [ HEADER ] array (
  'socketlog' => 'SocketLog(tabid=5&client_id=)',
  'cookie' => 'thinkphp_show_page_trace=0|0; PHPSESSID=fov98mnk82buahp4jj44ci9635',
  'accept-language' => 'zh-CN,zh;q=0.9',
  'accept-encoding' => 'gzip, deflate',
  'accept' => 'text/html,application/xhtml+xml,application/xml;q=0.9,image/webp,image/apng,*/*;q=0.8',
  'user-agent' => 'Mozilla/5.0 (Windows NT 6.1; Win64; x64) AppleWebKit/537.36 (KHTML, like Gecko) Chrome/67.0.3396.62 Safari/537.36',
  'upgrade-insecure-requests' => '1',
  'connection' => 'close',
  'host' => 'www.plm_dev123.net',
)
[ info ] [ PARAM ] array (
  'access_token' => '3c0ac643-475d-48e8-aafa-c03fce0b6e65',
  'data' => '{"id":1}',
)
[ info ] [ CACHE ] INIT redis
[ info ] [ DB ] INIT mysql
[ info ] [ RUN ] app\api\controller\v2\Material->reverseTime[ E:\phpStudy\WWW\plm_dev\application\api\controller\v2\Material.php ]
[ info ] [ LOG ] INIT File
[ sql ] [ DB ] CONNECT:[ UseTime:0.011000s ] mysql:dbname=7000mall_plm;host=192.168.80.240;port=3306;charset=utf8
[ sql ] [ SQL ] SHOW COLUMNS FROM `plm_admin_log` [ RunTime:0.004000s ]
[ sql ] [ SQL ] INSERT INTO `plm_admin_log` (`admin_id` , `username` , `route_url` , `title` , `content` , `useragent` , `ip` , `createtime`) VALUES (115 , '哪里都是你' , 'material/reversetime' , '3c0ac643-475d-48e8-aafa-c03fce0b6e65' , '{\"access_token\":\"3c0ac643-475d-48e8-aafa-c03fce0b6e65\",\"data\":\"{\\\"id\\\":1}\"}' , 'Mozilla/5.0 (Windows NT 6.1; Win64; x64) AppleWebKit/537.36 (KHTML, like Gecko) Chrome/67.0.3396.62 Safari/537.36' , '127.0.0.1' , 1547112789) [ RunTime:0.029000s ]
