---------------------------------------------------------------
[ 2019-01-14T10:04:07+08:00 ] 127.0.0.1 127.0.0.1 GET /api/v2/setting/getAuditorList?access_token=3c0ac643-475d-48e8-aafa-c03fce0b6e65&data={%22type%22:2,%22audit_order%22:2,%22auditor_ids%22:[11,22,33]}
[ info ] www.plm_dev123.net/api/v2/setting/getAuditorList?access_token=3c0ac643-475d-48e8-aafa-c03fce0b6e65&data={%22type%22:2,%22audit_order%22:2,%22auditor_ids%22:[11,22,33]} [运行时间：0.397040s][吞吐率：2.52req/s] [内存消耗：2,109.11kb] [文件加载：54]
[ info ] [ LANG ] E:\phpStudy\WWW\plm_dev\thinkphp\lang\zh-cn.php
[ info ] [ ROUTE ] array (
  'type' => 'module',
  'module' => 
  array (
    0 => 'api',
    1 => 'v2.setting',
    2 => 'getAuditorList',
  ),
)
[ info ] [ HEADER ] array (
  'socketlog' => 'SocketLog(tabid=2&client_id=)',
  'accept-language' => 'zh-CN,zh;q=0.9',
  'accept-encoding' => 'gzip, deflate',
  'accept' => 'text/html,application/xhtml+xml,application/xml;q=0.9,image/webp,image/apng,*/*;q=0.8',
  'user-agent' => 'Mozilla/5.0 (Windows NT 6.1; Win64; x64) AppleWebKit/537.36 (KHTML, like Gecko) Chrome/67.0.3396.62 Safari/537.36',
  'upgrade-insecure-requests' => '1',
  'connection' => 'close',
  'host' => 'www.plm_dev123.net',
)
[ info ] [ PARAM ] array (
  'access_token' => '3c0ac643-475d-48e8-aafa-c03fce0b6e65',
  'data' => '{"type":2,"audit_order":2,"auditor_ids":[11,22,33]}',
)
[ info ] [ CACHE ] INIT redis
[ info ] [ DB ] INIT mysql
[ info ] [ RUN ] app\api\controller\v2\Setting->getAuditorList[ E:\phpStudy\WWW\plm_dev\application\api\controller\v2\Setting.php ]
[ info ] [ LOG ] INIT File
[ sql ] [ DB ] CONNECT:[ UseTime:0.012001s ] mysql:dbname=7000mall_plm;host=192.168.80.240;port=3306;charset=utf8
[ sql ] [ SQL ] SHOW COLUMNS FROM `plm_admin_log` [ RunTime:0.004001s ]
[ sql ] [ SQL ] INSERT INTO `plm_admin_log` (`admin_id` , `username` , `route_url` , `title` , `content` , `useragent` , `ip` , `createtime`) VALUES (115 , '哪里都是你' , 'setting/getauditorlist' , '3c0ac643-475d-48e8-aafa-c03fce0b6e65' , '{\"access_token\":\"3c0ac643-475d-48e8-aafa-c03fce0b6e65\",\"data\":\"{\\\"type\\\":2,\\\"audit_order\\\":2,\\\"auditor_ids\\\":[11,22,33]}\"}' , 'Mozilla/5.0 (Windows NT 6.1; Win64; x64) AppleWebKit/537.36 (KHTML, like Gecko) Chrome/67.0.3396.62 Safari/537.36' , '127.0.0.1' , 1547431447) [ RunTime:0.036003s ]
[ sql ] [ SQL ] SHOW COLUMNS FROM `plm_relation` [ RunTime:0.004000s ]
[ sql ] [ SQL ] SELECT * FROM `plm_relation` WHERE  `target_type` = 8  AND `audit_order` = 2 [ RunTime:0.002000s ]
---------------------------------------------------------------
[ 2019-01-14T10:04:07+08:00 ] 127.0.0.1 127.0.0.1 GET /favicon.ico
[ info ] www.plm_dev123.net/favicon.ico [运行时间：0.057006s][吞吐率：17.54req/s] [内存消耗：889.45kb] [文件加载：39]
[ info ] [ LANG ] E:\phpStudy\WWW\plm_dev\thinkphp\lang\zh-cn.php
[ info ] [ ROUTE ] array (
  'type' => 'module',
  'module' => 
  array (
    0 => 'favicon.ico',
    1 => NULL,
    2 => NULL,
  ),
)
[ info ] [ HEADER ] array (
  'socketlog' => 'SocketLog(tabid=2&client_id=)',
  'cookie' => 'PHPSESSID=l8t0hfdva96cms507215r68um4',
  'accept-language' => 'zh-CN,zh;q=0.9',
  'accept-encoding' => 'gzip, deflate',
  'referer' => 'http://www.plm_dev123.net/api/v2/setting/getAuditorList?access_token=3c0ac643-475d-48e8-aafa-c03fce0b6e65&data={%22type%22:2,%22audit_order%22:2,%22auditor_ids%22:[11,22,33]}',
  'accept' => 'image/webp,image/apng,image/*,*/*;q=0.8',
  'user-agent' => 'Mozilla/5.0 (Windows NT 6.1; Win64; x64) AppleWebKit/537.36 (KHTML, like Gecko) Chrome/67.0.3396.62 Safari/537.36',
  'connection' => 'close',
  'host' => 'www.plm_dev123.net',
)
[ info ] [ PARAM ] array (
)
[ info ] [ LOG ] INIT File
---------------------------------------------------------------
[ 2019-01-14T10:04:27+08:00 ] 127.0.0.1 127.0.0.1 GET /api/v2/setting/getAuditorList?access_token=3c0ac643-475d-48e8-aafa-c03fce0b6e65&data={%22type%22:2,%22audit_order%22:2,%22auditor_ids%22:[11,22,33]}
[ info ] www.plm_dev123.net/api/v2/setting/getAuditorList?access_token=3c0ac643-475d-48e8-aafa-c03fce0b6e65&data={%22type%22:2,%22audit_order%22:2,%22auditor_ids%22:[11,22,33]} [运行时间：0.094009s][吞吐率：10.64req/s] [内存消耗：2,110.10kb] [文件加载：54]
[ info ] [ LANG ] E:\phpStudy\WWW\plm_dev\thinkphp\lang\zh-cn.php
[ info ] [ ROUTE ] array (
  'type' => 'module',
  'module' => 
  array (
    0 => 'api',
    1 => 'v2.setting',
    2 => 'getAuditorList',
  ),
)
[ info ] [ HEADER ] array (
  'socketlog' => 'SocketLog(tabid=2&client_id=)',
  'cookie' => 'PHPSESSID=l8t0hfdva96cms507215r68um4',
  'accept-language' => 'zh-CN,zh;q=0.9',
  'accept-encoding' => 'gzip, deflate',
  'accept' => 'text/html,application/xhtml+xml,application/xml;q=0.9,image/webp,image/apng,*/*;q=0.8',
  'user-agent' => 'Mozilla/5.0 (Windows NT 6.1; Win64; x64) AppleWebKit/537.36 (KHTML, like Gecko) Chrome/67.0.3396.62 Safari/537.36',
  'upgrade-insecure-requests' => '1',
  'cache-control' => 'max-age=0',
  'connection' => 'close',
  'host' => 'www.plm_dev123.net',
)
[ info ] [ PARAM ] array (
  'access_token' => '3c0ac643-475d-48e8-aafa-c03fce0b6e65',
  'data' => '{"type":2,"audit_order":2,"auditor_ids":[11,22,33]}',
)
[ info ] [ CACHE ] INIT redis
[ info ] [ DB ] INIT mysql
[ info ] [ RUN ] app\api\controller\v2\Setting->getAuditorList[ E:\phpStudy\WWW\plm_dev\application\api\controller\v2\Setting.php ]
[ info ] [ LOG ] INIT File
[ sql ] [ DB ] CONNECT:[ UseTime:0.011001s ] mysql:dbname=7000mall_plm;host=192.168.80.240;port=3306;charset=utf8
[ sql ] [ SQL ] SHOW COLUMNS FROM `plm_admin_log` [ RunTime:0.004001s ]
[ sql ] [ SQL ] INSERT INTO `plm_admin_log` (`admin_id` , `username` , `route_url` , `title` , `content` , `useragent` , `ip` , `createtime`) VALUES (115 , '哪里都是你' , 'setting/getauditorlist' , '3c0ac643-475d-48e8-aafa-c03fce0b6e65' , '{\"access_token\":\"3c0ac643-475d-48e8-aafa-c03fce0b6e65\",\"data\":\"{\\\"type\\\":2,\\\"audit_order\\\":2,\\\"auditor_ids\\\":[11,22,33]}\"}' , 'Mozilla/5.0 (Windows NT 6.1; Win64; x64) AppleWebKit/537.36 (KHTML, like Gecko) Chrome/67.0.3396.62 Safari/537.36' , '127.0.0.1' , 1547431467) [ RunTime:0.035003s ]
[ sql ] [ SQL ] SHOW COLUMNS FROM `plm_relation` [ RunTime:0.003001s ]
[ sql ] [ SQL ] SELECT * FROM `plm_relation` WHERE  `target_type` = 8  AND `audit_order` = 2 [ RunTime:0.001000s ]
---------------------------------------------------------------
[ 2019-01-14T10:05:38+08:00 ] 127.0.0.1 127.0.0.1 GET /api/v2/setting/getAuditorList?access_token=3c0ac643-475d-48e8-aafa-c03fce0b6e65&data={%22type%22:2,%22audit_order%22:2,%22auditor_ids%22:[11,22,33]}
[ info ] www.plm_dev123.net/api/v2/setting/getAuditorList?access_token=3c0ac643-475d-48e8-aafa-c03fce0b6e65&data={%22type%22:2,%22audit_order%22:2,%22auditor_ids%22:[11,22,33]} [运行时间：0.104010s][吞吐率：9.61req/s] [内存消耗：2,110.13kb] [文件加载：54]
[ info ] [ LANG ] E:\phpStudy\WWW\plm_dev\thinkphp\lang\zh-cn.php
[ info ] [ ROUTE ] array (
  'type' => 'module',
  'module' => 
  array (
    0 => 'api',
    1 => 'v2.setting',
    2 => 'getAuditorList',
  ),
)
[ info ] [ HEADER ] array (
  'socketlog' => 'SocketLog(tabid=2&client_id=)',
  'cookie' => 'PHPSESSID=l8t0hfdva96cms507215r68um4',
  'accept-language' => 'zh-CN,zh;q=0.9',
  'accept-encoding' => 'gzip, deflate',
  'accept' => 'text/html,application/xhtml+xml,application/xml;q=0.9,image/webp,image/apng,*/*;q=0.8',
  'user-agent' => 'Mozilla/5.0 (Windows NT 6.1; Win64; x64) AppleWebKit/537.36 (KHTML, like Gecko) Chrome/67.0.3396.62 Safari/537.36',
  'upgrade-insecure-requests' => '1',
  'cache-control' => 'max-age=0',
  'connection' => 'close',
  'host' => 'www.plm_dev123.net',
)
[ info ] [ PARAM ] array (
  'access_token' => '3c0ac643-475d-48e8-aafa-c03fce0b6e65',
  'data' => '{"type":2,"audit_order":2,"auditor_ids":[11,22,33]}',
)
[ info ] [ CACHE ] INIT redis
[ info ] [ DB ] INIT mysql
[ info ] [ RUN ] app\api\controller\v2\Setting->getAuditorList[ E:\phpStudy\WWW\plm_dev\application\api\controller\v2\Setting.php ]
[ info ] [ LOG ] INIT File
[ sql ] [ DB ] CONNECT:[ UseTime:0.011001s ] mysql:dbname=7000mall_plm;host=192.168.80.240;port=3306;charset=utf8
[ sql ] [ SQL ] SHOW COLUMNS FROM `plm_admin_log` [ RunTime:0.004000s ]
[ sql ] [ SQL ] INSERT INTO `plm_admin_log` (`admin_id` , `username` , `route_url` , `title` , `content` , `useragent` , `ip` , `createtime`) VALUES (115 , '哪里都是你' , 'setting/getauditorlist' , '3c0ac643-475d-48e8-aafa-c03fce0b6e65' , '{\"access_token\":\"3c0ac643-475d-48e8-aafa-c03fce0b6e65\",\"data\":\"{\\\"type\\\":2,\\\"audit_order\\\":2,\\\"auditor_ids\\\":[11,22,33]}\"}' , 'Mozilla/5.0 (Windows NT 6.1; Win64; x64) AppleWebKit/537.36 (KHTML, like Gecko) Chrome/67.0.3396.62 Safari/537.36' , '127.0.0.1' , 1547431538) [ RunTime:0.038004s ]
[ sql ] [ SQL ] SHOW COLUMNS FROM `plm_relation` [ RunTime:0.004001s ]
[ sql ] [ SQL ] SELECT * FROM `plm_relation` WHERE  `target_type` = 8  AND `audit_order` = 2 [ RunTime:0.001000s ]
---------------------------------------------------------------
[ 2019-01-14T14:51:28+08:00 ] 127.0.0.1 127.0.0.1 GET /api/v2/material/getDetail?access_token=3c0ac643-475d-48e8-aafa-c03fce0b6e65&data={%22material_code%22:%229871212waw%22}
[ info ] www.plm_dev123.net/api/v2/material/getDetail?access_token=3c0ac643-475d-48e8-aafa-c03fce0b6e65&data={%22material_code%22:%229871212waw%22} [运行时间：0.094000s][吞吐率：10.64req/s] [内存消耗：2,342.75kb] [文件加载：63]
[ info ] [ LANG ] E:\phpStudy\WWW\plm_dev\thinkphp\lang\zh-cn.php
[ info ] [ ROUTE ] array (
  'type' => 'module',
  'module' => 
  array (
    0 => 'api',
    1 => 'v2.material',
    2 => 'getDetail',
  ),
)
[ info ] [ HEADER ] array (
  'socketlog' => 'SocketLog(tabid=3&client_id=)',
  'accept-language' => 'zh-CN,zh;q=0.9',
  'accept-encoding' => 'gzip, deflate',
  'accept' => 'text/html,application/xhtml+xml,application/xml;q=0.9,image/webp,image/apng,*/*;q=0.8',
  'user-agent' => 'Mozilla/5.0 (Windows NT 6.1; Win64; x64) AppleWebKit/537.36 (KHTML, like Gecko) Chrome/67.0.3396.62 Safari/537.36',
  'upgrade-insecure-requests' => '1',
  'connection' => 'close',
  'host' => 'www.plm_dev123.net',
)
[ info ] [ PARAM ] array (
  'access_token' => '3c0ac643-475d-48e8-aafa-c03fce0b6e65',
  'data' => '{"material_code":"9871212waw"}',
)
[ info ] [ CACHE ] INIT redis
[ info ] [ DB ] INIT mysql
[ info ] [ RUN ] app\api\controller\v2\Material->getDetail[ E:\phpStudy\WWW\plm_dev\application\api\controller\v2\Material.php ]
[ info ] [ LOG ] INIT File
[ sql ] [ DB ] CONNECT:[ UseTime:0.010000s ] mysql:dbname=7000mall_plm;host=192.168.80.240;port=3306;charset=utf8
[ sql ] [ SQL ] SHOW COLUMNS FROM `plm_admin_log` [ RunTime:0.004000s ]
[ sql ] [ SQL ] INSERT INTO `plm_admin_log` (`admin_id` , `username` , `route_url` , `title` , `content` , `useragent` , `ip` , `createtime`) VALUES (115 , '哪里都是你' , 'material/getdetail' , '3c0ac643-475d-48e8-aafa-c03fce0b6e65' , '{\"access_token\":\"3c0ac643-475d-48e8-aafa-c03fce0b6e65\",\"data\":\"{\\\"material_code\\\":\\\"9871212waw\\\"}\"}' , 'Mozilla/5.0 (Windows NT 6.1; Win64; x64) AppleWebKit/537.36 (KHTML, like Gecko) Chrome/67.0.3396.62 Safari/537.36' , '127.0.0.1' , 1547448688) [ RunTime:0.004000s ]
[ sql ] [ SQL ] SHOW COLUMNS FROM `plm_material_slave` [ RunTime:0.005000s ]
[ sql ] [ SQL ] SELECT MAX(is_new) AS tp_max FROM `plm_material_slave` WHERE  `material_code` = '9871212waw' LIMIT 1 [ RunTime:0.001000s ]
[ error ] [10501]SQLSTATE[42S22]: Column not found: 1054 Unknown column 'is_return_material' in 'field list'[E:\phpStudy\WWW\plm_dev\thinkphp\library\think\db\Connection.php:388]
---------------------------------------------------------------
[ 2019-01-14T14:51:28+08:00 ] 127.0.0.1 127.0.0.1 GET /favicon.ico
[ info ] www.plm_dev123.net/favicon.ico [运行时间：0.019000s][吞吐率：52.63req/s] [内存消耗：889.33kb] [文件加载：39]
[ info ] [ LANG ] E:\phpStudy\WWW\plm_dev\thinkphp\lang\zh-cn.php
[ info ] [ ROUTE ] array (
  'type' => 'module',
  'module' => 
  array (
    0 => 'favicon.ico',
    1 => NULL,
    2 => NULL,
  ),
)
[ info ] [ HEADER ] array (
  'socketlog' => 'SocketLog(tabid=3&client_id=)',
  'cookie' => 'PHPSESSID=ej3jqe9hhisn49e6tt9d1kq9m0',
  'accept-language' => 'zh-CN,zh;q=0.9',
  'accept-encoding' => 'gzip, deflate',
  'referer' => 'http://www.plm_dev123.net/api/v2/material/getDetail?access_token=3c0ac643-475d-48e8-aafa-c03fce0b6e65&data={%22material_code%22:%229871212waw%22}',
  'accept' => 'image/webp,image/apng,image/*,*/*;q=0.8',
  'user-agent' => 'Mozilla/5.0 (Windows NT 6.1; Win64; x64) AppleWebKit/537.36 (KHTML, like Gecko) Chrome/67.0.3396.62 Safari/537.36',
  'connection' => 'close',
  'host' => 'www.plm_dev123.net',
)
[ info ] [ PARAM ] array (
)
[ info ] [ LOG ] INIT File
---------------------------------------------------------------
[ 2019-01-14T14:53:13+08:00 ] 127.0.0.1 127.0.0.1 GET /api/v2/material/getDetail?access_token=3c0ac643-475d-48e8-aafa-c03fce0b6e65&data={%22material_code%22:%229871212waw%22}
[ info ] www.plm_dev123.net/api/v2/material/getDetail?access_token=3c0ac643-475d-48e8-aafa-c03fce0b6e65&data={%22material_code%22:%229871212waw%22} [运行时间：0.091000s][吞吐率：10.99req/s] [内存消耗：2,338.00kb] [文件加载：63]
[ info ] [ LANG ] E:\phpStudy\WWW\plm_dev\thinkphp\lang\zh-cn.php
[ info ] [ ROUTE ] array (
  'type' => 'module',
  'module' => 
  array (
    0 => 'api',
    1 => 'v2.material',
    2 => 'getDetail',
  ),
)
[ info ] [ HEADER ] array (
  'socketlog' => 'SocketLog(tabid=3&client_id=)',
  'cookie' => 'thinkphp_show_page_trace=0|0; PHPSESSID=ej3jqe9hhisn49e6tt9d1kq9m0',
  'accept-language' => 'zh-CN,zh;q=0.9',
  'accept-encoding' => 'gzip, deflate',
  'accept' => 'text/html,application/xhtml+xml,application/xml;q=0.9,image/webp,image/apng,*/*;q=0.8',
  'user-agent' => 'Mozilla/5.0 (Windows NT 6.1; Win64; x64) AppleWebKit/537.36 (KHTML, like Gecko) Chrome/67.0.3396.62 Safari/537.36',
  'upgrade-insecure-requests' => '1',
  'cache-control' => 'max-age=0',
  'connection' => 'close',
  'host' => 'www.plm_dev123.net',
)
[ info ] [ PARAM ] array (
  'access_token' => '3c0ac643-475d-48e8-aafa-c03fce0b6e65',
  'data' => '{"material_code":"9871212waw"}',
)
[ info ] [ CACHE ] INIT redis
[ info ] [ DB ] INIT mysql
[ info ] [ RUN ] app\api\controller\v2\Material->getDetail[ E:\phpStudy\WWW\plm_dev\application\api\controller\v2\Material.php ]
[ info ] [ LOG ] INIT File
[ sql ] [ DB ] CONNECT:[ UseTime:0.003000s ] mysql:dbname=7000mall_plm;host=192.168.80.240;port=3306;charset=utf8
[ sql ] [ SQL ] SHOW COLUMNS FROM `plm_admin_log` [ RunTime:0.004000s ]
[ sql ] [ SQL ] INSERT INTO `plm_admin_log` (`admin_id` , `username` , `route_url` , `title` , `content` , `useragent` , `ip` , `createtime`) VALUES (115 , '哪里都是你' , 'material/getdetail' , '3c0ac643-475d-48e8-aafa-c03fce0b6e65' , '{\"access_token\":\"3c0ac643-475d-48e8-aafa-c03fce0b6e65\",\"data\":\"{\\\"material_code\\\":\\\"9871212waw\\\"}\"}' , 'Mozilla/5.0 (Windows NT 6.1; Win64; x64) AppleWebKit/537.36 (KHTML, like Gecko) Chrome/67.0.3396.62 Safari/537.36' , '127.0.0.1' , 1547448793) [ RunTime:0.014000s ]
[ sql ] [ SQL ] SHOW COLUMNS FROM `plm_material_slave` [ RunTime:0.006000s ]
[ sql ] [ SQL ] SELECT MAX(is_new) AS tp_max FROM `plm_material_slave` WHERE  `material_code` = '9871212waw' LIMIT 1 [ RunTime:0.002000s ]
[ error ] [10501]SQLSTATE[42S22]: Column not found: 1054 Unknown column 'is_return_material' in 'field list'[E:\phpStudy\WWW\plm_dev\thinkphp\library\think\db\Connection.php:388]
---------------------------------------------------------------
[ 2019-01-14T14:58:54+08:00 ] 127.0.0.1 127.0.0.1 GET /api/v2/material/getDetail?access_token=3c0ac643-475d-48e8-aafa-c03fce0b6e65&data={%22material_code%22:%229871212waw%22}
[ info ] www.plm_dev123.net/api/v2/material/getDetail?access_token=3c0ac643-475d-48e8-aafa-c03fce0b6e65&data={%22material_code%22:%229871212waw%22} [运行时间：0.128000s][吞吐率：7.81req/s] [内存消耗：2,418.36kb] [文件加载：55]
[ info ] [ LANG ] E:\phpStudy\WWW\plm_dev\thinkphp\lang\zh-cn.php
[ info ] [ ROUTE ] array (
  'type' => 'module',
  'module' => 
  array (
    0 => 'api',
    1 => 'v2.material',
    2 => 'getDetail',
  ),
)
[ info ] [ HEADER ] array (
  'socketlog' => 'SocketLog(tabid=3&client_id=)',
  'cookie' => 'thinkphp_show_page_trace=0|0; PHPSESSID=ej3jqe9hhisn49e6tt9d1kq9m0',
  'accept-language' => 'zh-CN,zh;q=0.9',
  'accept-encoding' => 'gzip, deflate',
  'accept' => 'text/html,application/xhtml+xml,application/xml;q=0.9,image/webp,image/apng,*/*;q=0.8',
  'user-agent' => 'Mozilla/5.0 (Windows NT 6.1; Win64; x64) AppleWebKit/537.36 (KHTML, like Gecko) Chrome/67.0.3396.62 Safari/537.36',
  'upgrade-insecure-requests' => '1',
  'cache-control' => 'max-age=0',
  'connection' => 'close',
  'host' => 'www.plm_dev123.net',
)
[ info ] [ PARAM ] array (
  'access_token' => '3c0ac643-475d-48e8-aafa-c03fce0b6e65',
  'data' => '{"material_code":"9871212waw"}',
)
[ info ] [ CACHE ] INIT redis
[ info ] [ DB ] INIT mysql
[ info ] [ RUN ] app\api\controller\v2\Material->getDetail[ E:\phpStudy\WWW\plm_dev\application\api\controller\v2\Material.php ]
[ info ] [ DB ] INIT mysql
[ info ] [ LOG ] INIT File
[ sql ] [ DB ] CONNECT:[ UseTime:0.011000s ] mysql:dbname=7000mall_plm;host=192.168.80.240;port=3306;charset=utf8
[ sql ] [ SQL ] SHOW COLUMNS FROM `plm_admin_log` [ RunTime:0.004000s ]
[ sql ] [ SQL ] INSERT INTO `plm_admin_log` (`admin_id` , `username` , `route_url` , `title` , `content` , `useragent` , `ip` , `createtime`) VALUES (115 , '哪里都是你' , 'material/getdetail' , '3c0ac643-475d-48e8-aafa-c03fce0b6e65' , '{\"access_token\":\"3c0ac643-475d-48e8-aafa-c03fce0b6e65\",\"data\":\"{\\\"material_code\\\":\\\"9871212waw\\\"}\"}' , 'Mozilla/5.0 (Windows NT 6.1; Win64; x64) AppleWebKit/537.36 (KHTML, like Gecko) Chrome/67.0.3396.62 Safari/537.36' , '127.0.0.1' , 1547449134) [ RunTime:0.026000s ]
[ sql ] [ SQL ] SHOW COLUMNS FROM `plm_material_slave` [ RunTime:0.006000s ]
[ sql ] [ SQL ] SELECT MAX(is_new) AS tp_max FROM `plm_material_slave` WHERE  `material_code` = '9871212waw' LIMIT 1 [ RunTime:0.002000s ]
[ sql ] [ SQL ] SELECT `material_id`,`is_component`,`material_name`,`material_code`,`material_code_old`,`specifications`,`specifications_code`,`description`,`material_attribute`,`basic_unit`,`start_batch`,`create_org`,`use_org`,unit_convert as convert_unit,`is_suite`,`control`,rate as default_tax_rate,`inventory_type`,`tax_type`,`inventory_unit`,`assistant_unit`,`is_expiration`,`expiration_date`,`expiration_date_online`,`expiration_unit`,`batch_num_rule`,`batch_num_extra`,`sale_unit`,`sale_pricing_unit`,`allow_return`,`purchase_unit`,`purchase_price_unit`,is_quota as enable_quota,`quota_way`,`min_split_amount`,`allow_return_material`,`outsource_unit`,`fixed_lead_time`,`outsource_price_unit`,`product_unit`,`product_type`,`standard_labor_unit`,`standard_labor_hour`,issue_qty as give_material_way,`over_give_control`,min_issue_qty as min_give_material,`min_give_unit`,`plan_strategy`,`manufacture_strategy`,`order_strategy`,`plan_area`,mrp_combine as MPR_combine,`product_level`,`vary_lead_time_unit`,`fixed_lead_time_unit`,`vary_lead_time`,`check_lead_time`,`check_lead_time_unit`,`offset_time`,`offset_time_unit`,`inventory_attr`,`submit_time`,`audit_time`,`audit_status`,`order_interval_time`,`order_interval_unit`,`material_category`,`mg_code` FROM `plm_material_slave` WHERE  `material_code` = '9871212waw'  AND `is_new` = 0 LIMIT 1 [ RunTime:0.002000s ]
[ sql ] [ SQL ] SHOW COLUMNS FROM `plm_material_grouping` [ RunTime:0.004000s ]
[ sql ] [ SQL ] SELECT `mg_name` FROM `plm_material_grouping` WHERE  `mg_code` = 'G05' LIMIT 1 [ RunTime:0.002000s ]
[ sql ] [ SQL ] SHOW COLUMNS FROM `plm_relation` [ RunTime:0.005000s ]
[ sql ] [ SQL ] SELECT * FROM `plm_relation` WHERE  `target_id` = 7  AND `target_type` = 7  AND `role_type` = 5 [ RunTime:0.003000s ]
[ sql ] [ DB ] CONNECT:[ UseTime:0.011000s ] mysql:dbname=7000mall_center;host=192.168.80.240;port=3306;charset=utf8
[ sql ] [ SQL ] SHOW COLUMNS FROM `c_admin` [ RunTime:0.005000s ]
[ sql ] [ SQL ] SELECT `nickname` FROM `c_admin` WHERE  `admin_id` = 2 LIMIT 1 [ RunTime:0.001000s ]
[ sql ] [ SQL ] SELECT `nickname` FROM `c_admin` WHERE  `admin_id` = 4 LIMIT 1 [ RunTime:0.001000s ]
---------------------------------------------------------------
[ 2019-01-14T14:59:00+08:00 ] 127.0.0.1 127.0.0.1 GET /api/v2/material/getDetail?access_token=3c0ac643-475d-48e8-aafa-c03fce0b6e65&data={%22material_code%22:%229871212waw%22}
[ info ] www.plm_dev123.net/api/v2/material/getDetail?access_token=3c0ac643-475d-48e8-aafa-c03fce0b6e65&data={%22material_code%22:%229871212waw%22} [运行时间：0.139000s][吞吐率：7.19req/s] [内存消耗：2,418.36kb] [文件加载：55]
[ info ] [ LANG ] E:\phpStudy\WWW\plm_dev\thinkphp\lang\zh-cn.php
[ info ] [ ROUTE ] array (
  'type' => 'module',
  'module' => 
  array (
    0 => 'api',
    1 => 'v2.material',
    2 => 'getDetail',
  ),
)
[ info ] [ HEADER ] array (
  'socketlog' => 'SocketLog(tabid=3&client_id=)',
  'cookie' => 'thinkphp_show_page_trace=0|0; PHPSESSID=ej3jqe9hhisn49e6tt9d1kq9m0',
  'accept-language' => 'zh-CN,zh;q=0.9',
  'accept-encoding' => 'gzip, deflate',
  'accept' => 'text/html,application/xhtml+xml,application/xml;q=0.9,image/webp,image/apng,*/*;q=0.8',
  'user-agent' => 'Mozilla/5.0 (Windows NT 6.1; Win64; x64) AppleWebKit/537.36 (KHTML, like Gecko) Chrome/67.0.3396.62 Safari/537.36',
  'upgrade-insecure-requests' => '1',
  'cache-control' => 'max-age=0',
  'connection' => 'close',
  'host' => 'www.plm_dev123.net',
)
[ info ] [ PARAM ] array (
  'access_token' => '3c0ac643-475d-48e8-aafa-c03fce0b6e65',
  'data' => '{"material_code":"9871212waw"}',
)
[ info ] [ CACHE ] INIT redis
[ info ] [ DB ] INIT mysql
[ info ] [ RUN ] app\api\controller\v2\Material->getDetail[ E:\phpStudy\WWW\plm_dev\application\api\controller\v2\Material.php ]
[ info ] [ DB ] INIT mysql
[ info ] [ LOG ] INIT File
[ sql ] [ DB ] CONNECT:[ UseTime:0.002000s ] mysql:dbname=7000mall_plm;host=192.168.80.240;port=3306;charset=utf8
[ sql ] [ SQL ] SHOW COLUMNS FROM `plm_admin_log` [ RunTime:0.004000s ]
[ sql ] [ SQL ] INSERT INTO `plm_admin_log` (`admin_id` , `username` , `route_url` , `title` , `content` , `useragent` , `ip` , `createtime`) VALUES (115 , '哪里都是你' , 'material/getdetail' , '3c0ac643-475d-48e8-aafa-c03fce0b6e65' , '{\"access_token\":\"3c0ac643-475d-48e8-aafa-c03fce0b6e65\",\"data\":\"{\\\"material_code\\\":\\\"9871212waw\\\"}\"}' , 'Mozilla/5.0 (Windows NT 6.1; Win64; x64) AppleWebKit/537.36 (KHTML, like Gecko) Chrome/67.0.3396.62 Safari/537.36' , '127.0.0.1' , 1547449140) [ RunTime:0.040000s ]
[ sql ] [ SQL ] SHOW COLUMNS FROM `plm_material_slave` [ RunTime:0.006000s ]
[ sql ] [ SQL ] SELECT MAX(is_new) AS tp_max FROM `plm_material_slave` WHERE  `material_code` = '9871212waw' LIMIT 1 [ RunTime:0.002000s ]
[ sql ] [ SQL ] SELECT `material_id`,`is_component`,`material_name`,`material_code`,`material_code_old`,`specifications`,`specifications_code`,`description`,`material_attribute`,`basic_unit`,`start_batch`,`create_org`,`use_org`,unit_convert as convert_unit,`is_suite`,`control`,rate as default_tax_rate,`inventory_type`,`tax_type`,`inventory_unit`,`assistant_unit`,`is_expiration`,`expiration_date`,`expiration_date_online`,`expiration_unit`,`batch_num_rule`,`batch_num_extra`,`sale_unit`,`sale_pricing_unit`,`allow_return`,`purchase_unit`,`purchase_price_unit`,is_quota as enable_quota,`quota_way`,`min_split_amount`,`allow_return_material`,`outsource_unit`,`fixed_lead_time`,`outsource_price_unit`,`product_unit`,`product_type`,`standard_labor_unit`,`standard_labor_hour`,issue_qty as give_material_way,`over_give_control`,min_issue_qty as min_give_material,`min_give_unit`,`plan_strategy`,`manufacture_strategy`,`order_strategy`,`plan_area`,mrp_combine as MPR_combine,`product_level`,`vary_lead_time_unit`,`fixed_lead_time_unit`,`vary_lead_time`,`check_lead_time`,`check_lead_time_unit`,`offset_time`,`offset_time_unit`,`inventory_attr`,`submit_time`,`audit_time`,`audit_status`,`order_interval_time`,`order_interval_unit`,`material_category`,`mg_code` FROM `plm_material_slave` WHERE  `material_code` = '9871212waw'  AND `is_new` = 0 LIMIT 1 [ RunTime:0.003000s ]
[ sql ] [ SQL ] SHOW COLUMNS FROM `plm_material_grouping` [ RunTime:0.004000s ]
[ sql ] [ SQL ] SELECT `mg_name` FROM `plm_material_grouping` WHERE  `mg_code` = 'G05' LIMIT 1 [ RunTime:0.002000s ]
[ sql ] [ SQL ] SHOW COLUMNS FROM `plm_relation` [ RunTime:0.004000s ]
[ sql ] [ SQL ] SELECT * FROM `plm_relation` WHERE  `target_id` = 7  AND `target_type` = 7  AND `role_type` = 5 [ RunTime:0.002000s ]
[ sql ] [ DB ] CONNECT:[ UseTime:0.003000s ] mysql:dbname=7000mall_center;host=192.168.80.240;port=3306;charset=utf8
[ sql ] [ SQL ] SHOW COLUMNS FROM `c_admin` [ RunTime:0.005000s ]
[ sql ] [ SQL ] SELECT `nickname` FROM `c_admin` WHERE  `admin_id` = 2 LIMIT 1 [ RunTime:0.002000s ]
[ sql ] [ SQL ] SELECT `nickname` FROM `c_admin` WHERE  `admin_id` = 4 LIMIT 1 [ RunTime:0.001000s ]
