---------------------------------------------------------------
[ 2019-01-18T13:45:51+08:00 ] 127.0.0.1 127.0.0.1 GET /api/v2/Material
[ info ] www.plm_dev123.net/api/v2/Material [运行时间：0.442000s][吞吐率：2.26req/s] [内存消耗：1,215.17kb] [文件加载：44]
[ info ] [ LANG ] E:\phpStudy\WWW\plm_dev\thinkphp\lang\zh-cn.php
[ info ] [ ROUTE ] array (
  'type' => 'module',
  'module' => 
  array (
    0 => 'api',
    1 => 'v2.Material',
    2 => NULL,
  ),
)
[ info ] [ HEADER ] array (
  'connection' => 'close',
  'dnt' => '1',
  'host' => 'www.plm_dev123.net',
  'accept-encoding' => 'gzip, deflate',
  'user-agent' => 'Mozilla/5.0 (Windows NT 6.1; WOW64; Trident/7.0; rv:11.0) like Gecko',
  'accept-language' => 'zh-CN',
  'accept' => 'text/html, application/xhtml+xml, */*',
)
[ info ] [ PARAM ] array (
)
[ info ] [ CACHE ] INIT redis
[ info ] [ LOG ] INIT File
---------------------------------------------------------------
[ 2019-01-18T13:45:52+08:00 ] 127.0.0.1 127.0.0.1 GET /favicon.ico
[ info ] www.plm_dev123.net/favicon.ico [运行时间：0.058000s][吞吐率：17.24req/s] [内存消耗：887.57kb] [文件加载：39]
[ info ] [ LANG ] E:\phpStudy\WWW\plm_dev\thinkphp\lang\zh-cn.php
[ info ] [ ROUTE ] array (
  'type' => 'module',
  'module' => 
  array (
    0 => 'favicon.ico',
    1 => NULL,
    2 => NULL,
  ),
)
[ info ] [ HEADER ] array (
  'connection' => 'close',
  'dnt' => '1',
  'host' => 'www.plm_dev123.net',
  'user-agent' => 'Mozilla/5.0 (Windows NT 6.1; WOW64; Trident/7.0; rv:11.0) like Gecko',
  'accept-encoding' => 'gzip, deflate',
  'accept' => '*/*',
)
[ info ] [ PARAM ] array (
)
[ info ] [ LOG ] INIT File
---------------------------------------------------------------
[ 2019-01-18T13:46:27+08:00 ] 127.0.0.1 127.0.0.1 GET /api/v2/Material
[ info ] www.plm_dev123.net/api/v2/Material [运行时间：0.032000s][吞吐率：31.25req/s] [内存消耗：1,215.18kb] [文件加载：44]
[ info ] [ LANG ] E:\phpStudy\WWW\plm_dev\thinkphp\lang\zh-cn.php
[ info ] [ ROUTE ] array (
  'type' => 'module',
  'module' => 
  array (
    0 => 'api',
    1 => 'v2.Material',
    2 => NULL,
  ),
)
[ info ] [ HEADER ] array (
  'connection' => 'close',
  'dnt' => '1',
  'host' => 'www.plm_dev123.net',
  'accept-encoding' => 'gzip, deflate',
  'user-agent' => 'Mozilla/5.0 (Windows NT 6.1; WOW64; Trident/7.0; rv:11.0) like Gecko',
  'accept-language' => 'zh-CN',
  'accept' => 'text/html, application/xhtml+xml, */*',
)
[ info ] [ PARAM ] array (
)
[ info ] [ CACHE ] INIT redis
[ info ] [ LOG ] INIT File
---------------------------------------------------------------
[ 2019-01-18T13:50:05+08:00 ] 127.0.0.1 127.0.0.1 GET /api/v2/Doc/submit
[ info ] www.plm_dev123.net/api/v2/Doc/submit [运行时间：0.182055s][吞吐率：5.49req/s] [内存消耗：1,607.98kb] [文件加载：52]
[ info ] [ LANG ] E:\phpStudy\WWW\plm_dev\thinkphp\lang\zh-cn.php
[ info ] [ ROUTE ] array (
  'type' => 'module',
  'module' => 
  array (
    0 => 'api',
    1 => 'v2.Doc',
    2 => 'submit',
  ),
)
[ info ] [ HEADER ] array (
  'connection' => 'close',
  'dnt' => '1',
  'host' => 'www.plm_dev123.net',
  'accept-encoding' => 'gzip, deflate',
  'user-agent' => 'Mozilla/5.0 (Windows NT 6.1; WOW64; Trident/7.0; rv:11.0) like Gecko',
  'accept-language' => 'zh-CN',
  'accept' => 'text/html, application/xhtml+xml, */*',
)
[ info ] [ PARAM ] array (
)
[ info ] [ CACHE ] INIT redis
[ info ] [ LOG ] INIT File
[ error ] [0]不支持: redis[E:\phpStudy\WWW\plm_dev\thinkphp\library\think\cache\driver\Redis.php:44]
---------------------------------------------------------------
[ 2019-01-18T16:45:07+08:00 ] 127.0.0.1 127.0.0.1 GET /api/v2/KcloudErp/test
[ info ] www.plm_dev123.net/api/v2/KcloudErp/test [运行时间：0.199000s][吞吐率：5.03req/s] [内存消耗：816.10kb] [文件加载：32]
[ info ] [ LANG ] E:\phpStudy\WWW\plm_dev\thinkphp\lang\zh-cn.php
[ info ] [ ROUTE ] array (
  'type' => 'module',
  'module' => 
  array (
    0 => 'api',
    1 => 'v2.KcloudErp',
    2 => 'test',
  ),
)
[ info ] [ HEADER ] array (
  'socketlog' => 'SocketLog(tabid=7&client_id=)',
  'accept-language' => 'zh-CN,zh;q=0.9',
  'accept-encoding' => 'gzip, deflate',
  'accept' => 'text/html,application/xhtml+xml,application/xml;q=0.9,image/webp,image/apng,*/*;q=0.8',
  'user-agent' => 'Mozilla/5.0 (Windows NT 6.1; Win64; x64) AppleWebKit/537.36 (KHTML, like Gecko) Chrome/67.0.3396.62 Safari/537.36',
  'upgrade-insecure-requests' => '1',
  'connection' => 'close',
  'host' => 'www.plm_dev123.net',
)
[ info ] [ PARAM ] array (
)
[ info ] [ RUN ] app\api\controller\v2\KcloudErp->test[ E:\phpStudy\WWW\plm_dev\application\api\controller\v2\KcloudErp.php ]
[ info ] [ SESSION ] INIT array (
  'id' => '',
  'var_session_id' => '',
  'prefix' => 'plm_',
  'type' => '',
  'auto_start' => true,
)
[ info ] [ LOG ] INIT File
---------------------------------------------------------------
[ 2019-01-18T16:45:08+08:00 ] 127.0.0.1 127.0.0.1 GET /favicon.ico
[ info ] www.plm_dev123.net/favicon.ico [运行时间：0.021000s][吞吐率：47.62req/s] [内存消耗：888.95kb] [文件加载：39]
[ info ] [ LANG ] E:\phpStudy\WWW\plm_dev\thinkphp\lang\zh-cn.php
[ info ] [ ROUTE ] array (
  'type' => 'module',
  'module' => 
  array (
    0 => 'favicon.ico',
    1 => NULL,
    2 => NULL,
  ),
)
[ info ] [ HEADER ] array (
  'socketlog' => 'SocketLog(tabid=7&client_id=)',
  'cookie' => 'PHPSESSID=9m70vp37a3epbr7r2lsvajbg31',
  'accept-language' => 'zh-CN,zh;q=0.9',
  'accept-encoding' => 'gzip, deflate',
  'referer' => 'http://www.plm_dev123.net/api/v2/KcloudErp/test',
  'accept' => 'image/webp,image/apng,image/*,*/*;q=0.8',
  'user-agent' => 'Mozilla/5.0 (Windows NT 6.1; Win64; x64) AppleWebKit/537.36 (KHTML, like Gecko) Chrome/67.0.3396.62 Safari/537.36',
  'connection' => 'close',
  'host' => 'www.plm_dev123.net',
)
[ info ] [ PARAM ] array (
)
[ info ] [ LOG ] INIT File
---------------------------------------------------------------
[ 2019-01-18T16:45:53+08:00 ] 127.0.0.1 127.0.0.1 GET /api/v2/KcloudErp/test
[ info ] www.plm_dev123.net/api/v2/KcloudErp/test [运行时间：0.041000s][吞吐率：24.39req/s] [内存消耗：812.35kb] [文件加载：32]
[ info ] [ LANG ] E:\phpStudy\WWW\plm_dev\thinkphp\lang\zh-cn.php
[ info ] [ ROUTE ] array (
  'type' => 'module',
  'module' => 
  array (
    0 => 'api',
    1 => 'v2.KcloudErp',
    2 => 'test',
  ),
)
[ info ] [ HEADER ] array (
  'socketlog' => 'SocketLog(tabid=7&client_id=)',
  'cookie' => 'PHPSESSID=9m70vp37a3epbr7r2lsvajbg31',
  'accept-language' => 'zh-CN,zh;q=0.9',
  'accept-encoding' => 'gzip, deflate',
  'accept' => 'text/html,application/xhtml+xml,application/xml;q=0.9,image/webp,image/apng,*/*;q=0.8',
  'user-agent' => 'Mozilla/5.0 (Windows NT 6.1; Win64; x64) AppleWebKit/537.36 (KHTML, like Gecko) Chrome/67.0.3396.62 Safari/537.36',
  'upgrade-insecure-requests' => '1',
  'cache-control' => 'max-age=0',
  'connection' => 'close',
  'host' => 'www.plm_dev123.net',
)
[ info ] [ PARAM ] array (
)
[ info ] [ RUN ] app\api\controller\v2\KcloudErp->test[ E:\phpStudy\WWW\plm_dev\application\api\controller\v2\KcloudErp.php ]
[ info ] [ SESSION ] INIT array (
  'id' => '',
  'var_session_id' => '',
  'prefix' => 'plm_',
  'type' => '',
  'auto_start' => true,
)
[ info ] [ LOG ] INIT File
---------------------------------------------------------------
[ 2019-01-18T16:46:29+08:00 ] 127.0.0.1 127.0.0.1 GET /api/v2/KcloudErp/test
[ info ] www.plm_dev123.net/api/v2/KcloudErp/test [运行时间：0.042009s][吞吐率：23.80req/s] [内存消耗：812.34kb] [文件加载：32]
[ info ] [ LANG ] E:\phpStudy\WWW\plm_dev\thinkphp\lang\zh-cn.php
[ info ] [ ROUTE ] array (
  'type' => 'module',
  'module' => 
  array (
    0 => 'api',
    1 => 'v2.KcloudErp',
    2 => 'test',
  ),
)
[ info ] [ HEADER ] array (
  'socketlog' => 'SocketLog(tabid=7&client_id=)',
  'cookie' => 'PHPSESSID=9m70vp37a3epbr7r2lsvajbg31',
  'accept-language' => 'zh-CN,zh;q=0.9',
  'accept-encoding' => 'gzip, deflate',
  'accept' => 'text/html,application/xhtml+xml,application/xml;q=0.9,image/webp,image/apng,*/*;q=0.8',
  'user-agent' => 'Mozilla/5.0 (Windows NT 6.1; Win64; x64) AppleWebKit/537.36 (KHTML, like Gecko) Chrome/67.0.3396.62 Safari/537.36',
  'upgrade-insecure-requests' => '1',
  'cache-control' => 'max-age=0',
  'connection' => 'close',
  'host' => 'www.plm_dev123.net',
)
[ info ] [ PARAM ] array (
)
[ info ] [ RUN ] app\api\controller\v2\KcloudErp->test[ E:\phpStudy\WWW\plm_dev\application\api\controller\v2\KcloudErp.php ]
[ info ] [ SESSION ] INIT array (
  'id' => '',
  'var_session_id' => '',
  'prefix' => 'plm_',
  'type' => '',
  'auto_start' => true,
)
[ info ] [ LOG ] INIT File
---------------------------------------------------------------
[ 2019-01-18T16:46:32+08:00 ] 127.0.0.1 127.0.0.1 GET /api/v2/KcloudErp/test
[ info ] www.plm_dev123.net/api/v2/KcloudErp/test [运行时间：0.049010s][吞吐率：20.40req/s] [内存消耗：812.34kb] [文件加载：32]
[ info ] [ LANG ] E:\phpStudy\WWW\plm_dev\thinkphp\lang\zh-cn.php
[ info ] [ ROUTE ] array (
  'type' => 'module',
  'module' => 
  array (
    0 => 'api',
    1 => 'v2.KcloudErp',
    2 => 'test',
  ),
)
[ info ] [ HEADER ] array (
  'socketlog' => 'SocketLog(tabid=7&client_id=)',
  'cookie' => 'PHPSESSID=9m70vp37a3epbr7r2lsvajbg31',
  'accept-language' => 'zh-CN,zh;q=0.9',
  'accept-encoding' => 'gzip, deflate',
  'accept' => 'text/html,application/xhtml+xml,application/xml;q=0.9,image/webp,image/apng,*/*;q=0.8',
  'user-agent' => 'Mozilla/5.0 (Windows NT 6.1; Win64; x64) AppleWebKit/537.36 (KHTML, like Gecko) Chrome/67.0.3396.62 Safari/537.36',
  'upgrade-insecure-requests' => '1',
  'cache-control' => 'max-age=0',
  'connection' => 'close',
  'host' => 'www.plm_dev123.net',
)
[ info ] [ PARAM ] array (
)
[ info ] [ RUN ] app\api\controller\v2\KcloudErp->test[ E:\phpStudy\WWW\plm_dev\application\api\controller\v2\KcloudErp.php ]
[ info ] [ SESSION ] INIT array (
  'id' => '',
  'var_session_id' => '',
  'prefix' => 'plm_',
  'type' => '',
  'auto_start' => true,
)
[ info ] [ LOG ] INIT File
---------------------------------------------------------------
[ 2019-01-18T16:46:33+08:00 ] 127.0.0.1 127.0.0.1 GET /api/v2/KcloudErp/test
[ info ] www.plm_dev123.net/api/v2/KcloudErp/test [运行时间：0.070014s][吞吐率：14.28req/s] [内存消耗：812.34kb] [文件加载：32]
[ info ] [ LANG ] E:\phpStudy\WWW\plm_dev\thinkphp\lang\zh-cn.php
[ info ] [ ROUTE ] array (
  'type' => 'module',
  'module' => 
  array (
    0 => 'api',
    1 => 'v2.KcloudErp',
    2 => 'test',
  ),
)
[ info ] [ HEADER ] array (
  'socketlog' => 'SocketLog(tabid=7&client_id=)',
  'cookie' => 'PHPSESSID=9m70vp37a3epbr7r2lsvajbg31',
  'accept-language' => 'zh-CN,zh;q=0.9',
  'accept-encoding' => 'gzip, deflate',
  'accept' => 'text/html,application/xhtml+xml,application/xml;q=0.9,image/webp,image/apng,*/*;q=0.8',
  'user-agent' => 'Mozilla/5.0 (Windows NT 6.1; Win64; x64) AppleWebKit/537.36 (KHTML, like Gecko) Chrome/67.0.3396.62 Safari/537.36',
  'upgrade-insecure-requests' => '1',
  'cache-control' => 'max-age=0',
  'connection' => 'close',
  'host' => 'www.plm_dev123.net',
)
[ info ] [ PARAM ] array (
)
[ info ] [ RUN ] app\api\controller\v2\KcloudErp->test[ E:\phpStudy\WWW\plm_dev\application\api\controller\v2\KcloudErp.php ]
[ info ] [ SESSION ] INIT array (
  'id' => '',
  'var_session_id' => '',
  'prefix' => 'plm_',
  'type' => '',
  'auto_start' => true,
)
[ info ] [ LOG ] INIT File
---------------------------------------------------------------
[ 2019-01-18T16:46:39+08:00 ] 127.0.0.1 127.0.0.1 GET /api/v2/KcloudErp/test
[ info ] www.plm_dev123.net/api/v2/KcloudErp/test [运行时间：0.159032s][吞吐率：6.29req/s] [内存消耗：815.40kb] [文件加载：32]
[ info ] [ LANG ] E:\phpStudy\WWW\plm_dev\thinkphp\lang\zh-cn.php
[ info ] [ ROUTE ] array (
  'type' => 'module',
  'module' => 
  array (
    0 => 'api',
    1 => 'v2.KcloudErp',
    2 => 'test',
  ),
)
[ info ] [ HEADER ] array (
  'upgrade-insecure-requests' => '1',
  'connection' => 'close',
  'accept-encoding' => 'gzip, deflate',
  'accept-language' => 'zh-CN,zh;q=0.8,zh-TW;q=0.7,zh-HK;q=0.5,en-US;q=0.3,en;q=0.2',
  'accept' => 'text/html,application/xhtml+xml,application/xml;q=0.9,*/*;q=0.8',
  'user-agent' => 'Mozilla/5.0 (Windows NT 6.1; Win64; x64; rv:64.0) Gecko/20100101 Firefox/64.0',
  'host' => 'www.plm_dev123.net',
)
[ info ] [ PARAM ] array (
)
[ info ] [ RUN ] app\api\controller\v2\KcloudErp->test[ E:\phpStudy\WWW\plm_dev\application\api\controller\v2\KcloudErp.php ]
[ info ] [ SESSION ] INIT array (
  'id' => '',
  'var_session_id' => '',
  'prefix' => 'plm_',
  'type' => '',
  'auto_start' => true,
)
[ info ] [ LOG ] INIT File
---------------------------------------------------------------
[ 2019-01-18T16:46:39+08:00 ] 127.0.0.1 127.0.0.1 GET /favicon.ico
[ info ] www.plm_dev123.net/favicon.ico [运行时间：0.019004s][吞吐率：52.62req/s] [内存消耗：888.19kb] [文件加载：39]
[ info ] [ LANG ] E:\phpStudy\WWW\plm_dev\thinkphp\lang\zh-cn.php
[ info ] [ ROUTE ] array (
  'type' => 'module',
  'module' => 
  array (
    0 => 'favicon.ico',
    1 => NULL,
    2 => NULL,
  ),
)
[ info ] [ HEADER ] array (
  'cookie' => 'PHPSESSID=ma9dieirqnsldgvt3diol99pu2',
  'connection' => 'close',
  'accept-encoding' => 'gzip, deflate',
  'accept-language' => 'zh-CN,zh;q=0.8,zh-TW;q=0.7,zh-HK;q=0.5,en-US;q=0.3,en;q=0.2',
  'accept' => 'text/html,application/xhtml+xml,application/xml;q=0.9,*/*;q=0.8',
  'user-agent' => 'Mozilla/5.0 (Windows NT 6.1; Win64; x64; rv:64.0) Gecko/20100101 Firefox/64.0',
  'host' => 'www.plm_dev123.net',
)
[ info ] [ PARAM ] array (
)
[ info ] [ LOG ] INIT File
---------------------------------------------------------------
[ 2019-01-18T16:47:06+08:00 ] 127.0.0.1 127.0.0.1 GET /api/v2/KcloudErp/test
[ info ] www.plm_dev123.net/api/v2/KcloudErp/test [运行时间：0.040008s][吞吐率：25.00req/s] [内存消耗：815.55kb] [文件加载：32]
[ info ] [ LANG ] E:\phpStudy\WWW\plm_dev\thinkphp\lang\zh-cn.php
[ info ] [ ROUTE ] array (
  'type' => 'module',
  'module' => 
  array (
    0 => 'api',
    1 => 'v2.KcloudErp',
    2 => 'test',
  ),
)
[ info ] [ HEADER ] array (
  'upgrade-insecure-requests' => '1',
  'cookie' => 'PHPSESSID=ma9dieirqnsldgvt3diol99pu2',
  'connection' => 'close',
  'accept-encoding' => 'gzip, deflate',
  'accept-language' => 'zh-CN,zh;q=0.8,zh-TW;q=0.7,zh-HK;q=0.5,en-US;q=0.3,en;q=0.2',
  'accept' => 'text/html,application/xhtml+xml,application/xml;q=0.9,*/*;q=0.8',
  'user-agent' => 'Mozilla/5.0 (Windows NT 6.1; Win64; x64; rv:64.0) Gecko/20100101 Firefox/64.0',
  'host' => 'www.plm_dev123.net',
)
[ info ] [ PARAM ] array (
)
[ info ] [ RUN ] app\api\controller\v2\KcloudErp->test[ E:\phpStudy\WWW\plm_dev\application\api\controller\v2\KcloudErp.php ]
[ info ] [ SESSION ] INIT array (
  'id' => '',
  'var_session_id' => '',
  'prefix' => 'plm_',
  'type' => '',
  'auto_start' => true,
)
[ info ] [ LOG ] INIT File
---------------------------------------------------------------
[ 2019-01-18T16:50:12+08:00 ] 127.0.0.1 127.0.0.1 GET /api/v2/KcloudErp/test
[ info ] www.plm_dev123.net/api/v2/KcloudErp/test [运行时间：0.147029s][吞吐率：6.80req/s] [内存消耗：815.65kb] [文件加载：32]
[ info ] [ LANG ] E:\phpStudy\WWW\plm_dev\thinkphp\lang\zh-cn.php
[ info ] [ ROUTE ] array (
  'type' => 'module',
  'module' => 
  array (
    0 => 'api',
    1 => 'v2.KcloudErp',
    2 => 'test',
  ),
)
[ info ] [ HEADER ] array (
  'upgrade-insecure-requests' => '1',
  'cookie' => 'PHPSESSID=ma9dieirqnsldgvt3diol99pu2',
  'connection' => 'close',
  'accept-encoding' => 'gzip, deflate',
  'accept-language' => 'zh-CN,zh;q=0.8,zh-TW;q=0.7,zh-HK;q=0.5,en-US;q=0.3,en;q=0.2',
  'accept' => 'text/html,application/xhtml+xml,application/xml;q=0.9,*/*;q=0.8',
  'user-agent' => 'Mozilla/5.0 (Windows NT 6.1; Win64; x64; rv:64.0) Gecko/20100101 Firefox/64.0',
  'host' => 'www.plm_dev123.net',
)
[ info ] [ PARAM ] array (
)
[ info ] [ RUN ] app\api\controller\v2\KcloudErp->test[ E:\phpStudy\WWW\plm_dev\application\api\controller\v2\KcloudErp.php ]
[ info ] [ SESSION ] INIT array (
  'id' => '',
  'var_session_id' => '',
  'prefix' => 'plm_',
  'type' => '',
  'auto_start' => true,
)
[ info ] [ LOG ] INIT File
