---------------------------------------------------------------
[ 2019-01-23T14:27:19+08:00 ] 127.0.0.1 127.0.0.1 GET /api/v2/KcloudErp/test
[ info ] www.plm_dev123.net/api/v2/KcloudErp/test [运行时间：0.290000s][吞吐率：3.45req/s] [内存消耗：1,060.37kb] [文件加载：41]
[ info ] [ LANG ] E:\phpStudy\WWW\plm_dev\thinkphp\lang\zh-cn.php
[ info ] [ ROUTE ] array (
  'type' => 'module',
  'module' => 
  array (
    0 => 'api',
    1 => 'v2.KcloudErp',
    2 => 'test',
  ),
)
[ info ] [ HEADER ] array (
  'socketlog' => 'SocketLog(tabid=3&client_id=)',
  'accept-language' => 'zh-CN,zh;q=0.9',
  'accept-encoding' => 'gzip, deflate',
  'accept' => 'text/html,application/xhtml+xml,application/xml;q=0.9,image/webp,image/apng,*/*;q=0.8',
  'user-agent' => 'Mozilla/5.0 (Windows NT 6.1; Win64; x64) AppleWebKit/537.36 (KHTML, like Gecko) Chrome/67.0.3396.62 Safari/537.36',
  'upgrade-insecure-requests' => '1',
  'connection' => 'close',
  'host' => 'www.plm_dev123.net',
)
[ info ] [ PARAM ] array (
)
[ info ] [ RUN ] app\api\controller\v2\KcloudErp->test[ E:\phpStudy\WWW\plm_dev\application\api\controller\v2\KcloudErp.php ]
[ info ] [ SESSION ] INIT array (
  'id' => '',
  'var_session_id' => '',
  'prefix' => 'plm_',
  'type' => '',
  'auto_start' => true,
)
[ info ] [ LOG ] INIT File
[ error ] [64]Cannot redeclare app\common\library\KCloud::invoke_submit()[E:\phpStudy\WWW\plm_dev\application\common\library\KCloud.php:215]
---------------------------------------------------------------
[ 2019-01-23T14:27:19+08:00 ] 127.0.0.1 127.0.0.1 GET /favicon.ico
[ info ] www.plm_dev123.net/favicon.ico [运行时间：0.018000s][吞吐率：55.56req/s] [内存消耗：888.94kb] [文件加载：39]
[ info ] [ LANG ] E:\phpStudy\WWW\plm_dev\thinkphp\lang\zh-cn.php
[ info ] [ ROUTE ] array (
  'type' => 'module',
  'module' => 
  array (
    0 => 'favicon.ico',
    1 => NULL,
    2 => NULL,
  ),
)
[ info ] [ HEADER ] array (
  'socketlog' => 'SocketLog(tabid=3&client_id=)',
  'cookie' => 'PHPSESSID=r7o36s0pmuh0kof2ho5pt4klt0',
  'accept-language' => 'zh-CN,zh;q=0.9',
  'accept-encoding' => 'gzip, deflate',
  'referer' => 'http://www.plm_dev123.net/api/v2/KcloudErp/test',
  'accept' => 'image/webp,image/apng,image/*,*/*;q=0.8',
  'user-agent' => 'Mozilla/5.0 (Windows NT 6.1; Win64; x64) AppleWebKit/537.36 (KHTML, like Gecko) Chrome/67.0.3396.62 Safari/537.36',
  'connection' => 'close',
  'host' => 'www.plm_dev123.net',
)
[ info ] [ PARAM ] array (
)
[ info ] [ LOG ] INIT File
---------------------------------------------------------------
[ 2019-01-23T14:30:03+08:00 ] 127.0.0.1 127.0.0.1 GET /api/v2/KcloudErp/test
[ info ] www.plm_dev123.net/api/v2/KcloudErp/test [运行时间：0.146000s][吞吐率：6.85req/s] [内存消耗：824.62kb] [文件加载：32]
[ info ] [ LANG ] E:\phpStudy\WWW\plm_dev\thinkphp\lang\zh-cn.php
[ info ] [ ROUTE ] array (
  'type' => 'module',
  'module' => 
  array (
    0 => 'api',
    1 => 'v2.KcloudErp',
    2 => 'test',
  ),
)
[ info ] [ HEADER ] array (
  'socketlog' => 'SocketLog(tabid=3&client_id=)',
  'cookie' => 'thinkphp_show_page_trace=0|0; PHPSESSID=r7o36s0pmuh0kof2ho5pt4klt0',
  'accept-language' => 'zh-CN,zh;q=0.9',
  'accept-encoding' => 'gzip, deflate',
  'accept' => 'text/html,application/xhtml+xml,application/xml;q=0.9,image/webp,image/apng,*/*;q=0.8',
  'user-agent' => 'Mozilla/5.0 (Windows NT 6.1; Win64; x64) AppleWebKit/537.36 (KHTML, like Gecko) Chrome/67.0.3396.62 Safari/537.36',
  'upgrade-insecure-requests' => '1',
  'cache-control' => 'max-age=0',
  'connection' => 'close',
  'host' => 'www.plm_dev123.net',
)
[ info ] [ PARAM ] array (
)
[ info ] [ RUN ] app\api\controller\v2\KcloudErp->test[ E:\phpStudy\WWW\plm_dev\application\api\controller\v2\KcloudErp.php ]
[ info ] [ SESSION ] INIT array (
  'id' => '',
  'var_session_id' => '',
  'prefix' => 'plm_',
  'type' => '',
  'auto_start' => true,
)
[ info ] [ LOG ] INIT File
---------------------------------------------------------------
[ 2019-01-23T14:30:41+08:00 ] 127.0.0.1 127.0.0.1 GET /api/v2/KcloudErp/test
[ info ] www.plm_dev123.net/api/v2/KcloudErp/test [运行时间：0.039000s][吞吐率：25.64req/s] [内存消耗：823.87kb] [文件加载：32]
[ info ] [ LANG ] E:\phpStudy\WWW\plm_dev\thinkphp\lang\zh-cn.php
[ info ] [ ROUTE ] array (
  'type' => 'module',
  'module' => 
  array (
    0 => 'api',
    1 => 'v2.KcloudErp',
    2 => 'test',
  ),
)
[ info ] [ HEADER ] array (
  'socketlog' => 'SocketLog(tabid=3&client_id=)',
  'cookie' => 'thinkphp_show_page_trace=0|0; PHPSESSID=r7o36s0pmuh0kof2ho5pt4klt0',
  'accept-language' => 'zh-CN,zh;q=0.9',
  'accept-encoding' => 'gzip, deflate',
  'accept' => 'text/html,application/xhtml+xml,application/xml;q=0.9,image/webp,image/apng,*/*;q=0.8',
  'user-agent' => 'Mozilla/5.0 (Windows NT 6.1; Win64; x64) AppleWebKit/537.36 (KHTML, like Gecko) Chrome/67.0.3396.62 Safari/537.36',
  'upgrade-insecure-requests' => '1',
  'cache-control' => 'max-age=0',
  'connection' => 'close',
  'host' => 'www.plm_dev123.net',
)
[ info ] [ PARAM ] array (
)
[ info ] [ RUN ] app\api\controller\v2\KcloudErp->test[ E:\phpStudy\WWW\plm_dev\application\api\controller\v2\KcloudErp.php ]
[ info ] [ SESSION ] INIT array (
  'id' => '',
  'var_session_id' => '',
  'prefix' => 'plm_',
  'type' => '',
  'auto_start' => true,
)
[ info ] [ LOG ] INIT File
---------------------------------------------------------------
[ 2019-01-23T14:30:42+08:00 ] 127.0.0.1 127.0.0.1 GET /api/v2/KcloudErp/test
[ info ] www.plm_dev123.net/api/v2/KcloudErp/test [运行时间：0.045000s][吞吐率：22.22req/s] [内存消耗：823.87kb] [文件加载：32]
[ info ] [ LANG ] E:\phpStudy\WWW\plm_dev\thinkphp\lang\zh-cn.php
[ info ] [ ROUTE ] array (
  'type' => 'module',
  'module' => 
  array (
    0 => 'api',
    1 => 'v2.KcloudErp',
    2 => 'test',
  ),
)
[ info ] [ HEADER ] array (
  'socketlog' => 'SocketLog(tabid=3&client_id=)',
  'cookie' => 'thinkphp_show_page_trace=0|0; PHPSESSID=r7o36s0pmuh0kof2ho5pt4klt0',
  'accept-language' => 'zh-CN,zh;q=0.9',
  'accept-encoding' => 'gzip, deflate',
  'accept' => 'text/html,application/xhtml+xml,application/xml;q=0.9,image/webp,image/apng,*/*;q=0.8',
  'user-agent' => 'Mozilla/5.0 (Windows NT 6.1; Win64; x64) AppleWebKit/537.36 (KHTML, like Gecko) Chrome/67.0.3396.62 Safari/537.36',
  'upgrade-insecure-requests' => '1',
  'cache-control' => 'max-age=0',
  'connection' => 'close',
  'host' => 'www.plm_dev123.net',
)
[ info ] [ PARAM ] array (
)
[ info ] [ RUN ] app\api\controller\v2\KcloudErp->test[ E:\phpStudy\WWW\plm_dev\application\api\controller\v2\KcloudErp.php ]
[ info ] [ SESSION ] INIT array (
  'id' => '',
  'var_session_id' => '',
  'prefix' => 'plm_',
  'type' => '',
  'auto_start' => true,
)
[ info ] [ LOG ] INIT File
---------------------------------------------------------------
[ 2019-01-23T14:30:47+08:00 ] 127.0.0.1 127.0.0.1 GET /api/v2/KcloudErp/test
[ info ] www.plm_dev123.net/api/v2/KcloudErp/test [运行时间：0.039000s][吞吐率：25.64req/s] [内存消耗：823.80kb] [文件加载：32]
[ info ] [ LANG ] E:\phpStudy\WWW\plm_dev\thinkphp\lang\zh-cn.php
[ info ] [ ROUTE ] array (
  'type' => 'module',
  'module' => 
  array (
    0 => 'api',
    1 => 'v2.KcloudErp',
    2 => 'test',
  ),
)
[ info ] [ HEADER ] array (
  'socketlog' => 'SocketLog(tabid=5&client_id=)',
  'cookie' => 'thinkphp_show_page_trace=0|0; PHPSESSID=r7o36s0pmuh0kof2ho5pt4klt0',
  'accept-language' => 'zh-CN,zh;q=0.9',
  'accept-encoding' => 'gzip, deflate',
  'accept' => 'text/html,application/xhtml+xml,application/xml;q=0.9,image/webp,image/apng,*/*;q=0.8',
  'user-agent' => 'Mozilla/5.0 (Windows NT 6.1; Win64; x64) AppleWebKit/537.36 (KHTML, like Gecko) Chrome/67.0.3396.62 Safari/537.36',
  'upgrade-insecure-requests' => '1',
  'connection' => 'close',
  'host' => 'www.plm_dev123.net',
)
[ info ] [ PARAM ] array (
)
[ info ] [ RUN ] app\api\controller\v2\KcloudErp->test[ E:\phpStudy\WWW\plm_dev\application\api\controller\v2\KcloudErp.php ]
[ info ] [ SESSION ] INIT array (
  'id' => '',
  'var_session_id' => '',
  'prefix' => 'plm_',
  'type' => '',
  'auto_start' => true,
)
[ info ] [ LOG ] INIT File
---------------------------------------------------------------
[ 2019-01-23T14:31:06+08:00 ] 127.0.0.1 127.0.0.1 GET /api/v2/KcloudErp/test
[ info ] www.plm_dev123.net/api/v2/KcloudErp/test [运行时间：0.053000s][吞吐率：18.87req/s] [内存消耗：823.87kb] [文件加载：32]
[ info ] [ LANG ] E:\phpStudy\WWW\plm_dev\thinkphp\lang\zh-cn.php
[ info ] [ ROUTE ] array (
  'type' => 'module',
  'module' => 
  array (
    0 => 'api',
    1 => 'v2.KcloudErp',
    2 => 'test',
  ),
)
[ info ] [ HEADER ] array (
  'socketlog' => 'SocketLog(tabid=5&client_id=)',
  'cookie' => 'thinkphp_show_page_trace=0|0; PHPSESSID=r7o36s0pmuh0kof2ho5pt4klt0',
  'accept-language' => 'zh-CN,zh;q=0.9',
  'accept-encoding' => 'gzip, deflate',
  'accept' => 'text/html,application/xhtml+xml,application/xml;q=0.9,image/webp,image/apng,*/*;q=0.8',
  'user-agent' => 'Mozilla/5.0 (Windows NT 6.1; Win64; x64) AppleWebKit/537.36 (KHTML, like Gecko) Chrome/67.0.3396.62 Safari/537.36',
  'upgrade-insecure-requests' => '1',
  'cache-control' => 'max-age=0',
  'connection' => 'close',
  'host' => 'www.plm_dev123.net',
)
[ info ] [ PARAM ] array (
)
[ info ] [ RUN ] app\api\controller\v2\KcloudErp->test[ E:\phpStudy\WWW\plm_dev\application\api\controller\v2\KcloudErp.php ]
[ info ] [ SESSION ] INIT array (
  'id' => '',
  'var_session_id' => '',
  'prefix' => 'plm_',
  'type' => '',
  'auto_start' => true,
)
[ info ] [ LOG ] INIT File
---------------------------------------------------------------
[ 2019-01-23T14:31:28+08:00 ] 127.0.0.1 127.0.0.1 GET /api/v2/KcloudErp/test
[ info ] www.plm_dev123.net/api/v2/KcloudErp/test [运行时间：0.046000s][吞吐率：21.74req/s] [内存消耗：823.91kb] [文件加载：32]
[ info ] [ LANG ] E:\phpStudy\WWW\plm_dev\thinkphp\lang\zh-cn.php
[ info ] [ ROUTE ] array (
  'type' => 'module',
  'module' => 
  array (
    0 => 'api',
    1 => 'v2.KcloudErp',
    2 => 'test',
  ),
)
[ info ] [ HEADER ] array (
  'socketlog' => 'SocketLog(tabid=5&client_id=)',
  'cookie' => 'thinkphp_show_page_trace=0|0; PHPSESSID=r7o36s0pmuh0kof2ho5pt4klt0',
  'accept-language' => 'zh-CN,zh;q=0.9',
  'accept-encoding' => 'gzip, deflate',
  'accept' => 'text/html,application/xhtml+xml,application/xml;q=0.9,image/webp,image/apng,*/*;q=0.8',
  'user-agent' => 'Mozilla/5.0 (Windows NT 6.1; Win64; x64) AppleWebKit/537.36 (KHTML, like Gecko) Chrome/67.0.3396.62 Safari/537.36',
  'upgrade-insecure-requests' => '1',
  'cache-control' => 'max-age=0',
  'connection' => 'close',
  'host' => 'www.plm_dev123.net',
)
[ info ] [ PARAM ] array (
)
[ info ] [ RUN ] app\api\controller\v2\KcloudErp->test[ E:\phpStudy\WWW\plm_dev\application\api\controller\v2\KcloudErp.php ]
[ info ] [ SESSION ] INIT array (
  'id' => '',
  'var_session_id' => '',
  'prefix' => 'plm_',
  'type' => '',
  'auto_start' => true,
)
[ info ] [ LOG ] INIT File
---------------------------------------------------------------
[ 2019-01-23T14:31:38+08:00 ] 127.0.0.1 127.0.0.1 GET /api/v2/KcloudErp/test
[ info ] www.plm_dev123.net/api/v2/KcloudErp/test [运行时间：0.046000s][吞吐率：21.74req/s] [内存消耗：823.91kb] [文件加载：32]
[ info ] [ LANG ] E:\phpStudy\WWW\plm_dev\thinkphp\lang\zh-cn.php
[ info ] [ ROUTE ] array (
  'type' => 'module',
  'module' => 
  array (
    0 => 'api',
    1 => 'v2.KcloudErp',
    2 => 'test',
  ),
)
[ info ] [ HEADER ] array (
  'socketlog' => 'SocketLog(tabid=5&client_id=)',
  'cookie' => 'thinkphp_show_page_trace=0|0; PHPSESSID=r7o36s0pmuh0kof2ho5pt4klt0',
  'accept-language' => 'zh-CN,zh;q=0.9',
  'accept-encoding' => 'gzip, deflate',
  'accept' => 'text/html,application/xhtml+xml,application/xml;q=0.9,image/webp,image/apng,*/*;q=0.8',
  'user-agent' => 'Mozilla/5.0 (Windows NT 6.1; Win64; x64) AppleWebKit/537.36 (KHTML, like Gecko) Chrome/67.0.3396.62 Safari/537.36',
  'upgrade-insecure-requests' => '1',
  'cache-control' => 'max-age=0',
  'connection' => 'close',
  'host' => 'www.plm_dev123.net',
)
[ info ] [ PARAM ] array (
)
[ info ] [ RUN ] app\api\controller\v2\KcloudErp->test[ E:\phpStudy\WWW\plm_dev\application\api\controller\v2\KcloudErp.php ]
[ info ] [ SESSION ] INIT array (
  'id' => '',
  'var_session_id' => '',
  'prefix' => 'plm_',
  'type' => '',
  'auto_start' => true,
)
[ info ] [ LOG ] INIT File
---------------------------------------------------------------
[ 2019-01-23T14:32:48+08:00 ] 127.0.0.1 127.0.0.1 GET /api/v2/KcloudErp/test
[ info ] www.plm_dev123.net/api/v2/KcloudErp/test [运行时间：0.057000s][吞吐率：17.54req/s] [内存消耗：859.94kb] [文件加载：32]
[ info ] [ LANG ] E:\phpStudy\WWW\plm_dev\thinkphp\lang\zh-cn.php
[ info ] [ ROUTE ] array (
  'type' => 'module',
  'module' => 
  array (
    0 => 'api',
    1 => 'v2.KcloudErp',
    2 => 'test',
  ),
)
[ info ] [ HEADER ] array (
  'socketlog' => 'SocketLog(tabid=5&client_id=)',
  'cookie' => 'thinkphp_show_page_trace=0|0; PHPSESSID=r7o36s0pmuh0kof2ho5pt4klt0',
  'accept-language' => 'zh-CN,zh;q=0.9',
  'accept-encoding' => 'gzip, deflate',
  'accept' => 'text/html,application/xhtml+xml,application/xml;q=0.9,image/webp,image/apng,*/*;q=0.8',
  'user-agent' => 'Mozilla/5.0 (Windows NT 6.1; Win64; x64) AppleWebKit/537.36 (KHTML, like Gecko) Chrome/67.0.3396.62 Safari/537.36',
  'upgrade-insecure-requests' => '1',
  'cache-control' => 'max-age=0',
  'connection' => 'close',
  'host' => 'www.plm_dev123.net',
)
[ info ] [ PARAM ] array (
)
[ info ] [ RUN ] app\api\controller\v2\KcloudErp->test[ E:\phpStudy\WWW\plm_dev\application\api\controller\v2\KcloudErp.php ]
[ info ] [ SESSION ] INIT array (
  'id' => '',
  'var_session_id' => '',
  'prefix' => 'plm_',
  'type' => '',
  'auto_start' => true,
)
[ info ] [ LOG ] INIT File
---------------------------------------------------------------
[ 2019-01-23T14:33:15+08:00 ] 127.0.0.1 127.0.0.1 GET /api/v2/KcloudErp/test
[ info ] www.plm_dev123.net/api/v2/KcloudErp/test [运行时间：0.094000s][吞吐率：10.64req/s] [内存消耗：1,023.45kb] [文件加载：42]
[ info ] [ LANG ] E:\phpStudy\WWW\plm_dev\thinkphp\lang\zh-cn.php
[ info ] [ ROUTE ] array (
  'type' => 'module',
  'module' => 
  array (
    0 => 'api',
    1 => 'v2.KcloudErp',
    2 => 'test',
  ),
)
[ info ] [ HEADER ] array (
  'socketlog' => 'SocketLog(tabid=5&client_id=)',
  'cookie' => 'thinkphp_show_page_trace=0|0; PHPSESSID=r7o36s0pmuh0kof2ho5pt4klt0',
  'accept-language' => 'zh-CN,zh;q=0.9',
  'accept-encoding' => 'gzip, deflate',
  'accept' => 'text/html,application/xhtml+xml,application/xml;q=0.9,image/webp,image/apng,*/*;q=0.8',
  'user-agent' => 'Mozilla/5.0 (Windows NT 6.1; Win64; x64) AppleWebKit/537.36 (KHTML, like Gecko) Chrome/67.0.3396.62 Safari/537.36',
  'upgrade-insecure-requests' => '1',
  'cache-control' => 'max-age=0',
  'connection' => 'close',
  'host' => 'www.plm_dev123.net',
)
[ info ] [ PARAM ] array (
)
[ info ] [ RUN ] app\api\controller\v2\KcloudErp->test[ E:\phpStudy\WWW\plm_dev\application\api\controller\v2\KcloudErp.php ]
[ info ] [ SESSION ] INIT array (
  'id' => '',
  'var_session_id' => '',
  'prefix' => 'plm_',
  'type' => '',
  'auto_start' => true,
)
[ info ] [ LOG ] INIT File
[ error ] [8]Array to string conversion[E:\phpStudy\WWW\plm_dev\application\api\controller\v2\KcloudErp.php:308]
---------------------------------------------------------------
[ 2019-01-23T14:33:33+08:00 ] 127.0.0.1 127.0.0.1 GET /api/v2/KcloudErp/test
[ info ] www.plm_dev123.net/api/v2/KcloudErp/test [运行时间：0.110000s][吞吐率：9.09req/s] [内存消耗：1,023.45kb] [文件加载：42]
[ info ] [ LANG ] E:\phpStudy\WWW\plm_dev\thinkphp\lang\zh-cn.php
[ info ] [ ROUTE ] array (
  'type' => 'module',
  'module' => 
  array (
    0 => 'api',
    1 => 'v2.KcloudErp',
    2 => 'test',
  ),
)
[ info ] [ HEADER ] array (
  'socketlog' => 'SocketLog(tabid=5&client_id=)',
  'cookie' => 'thinkphp_show_page_trace=0|0; PHPSESSID=r7o36s0pmuh0kof2ho5pt4klt0',
  'accept-language' => 'zh-CN,zh;q=0.9',
  'accept-encoding' => 'gzip, deflate',
  'accept' => 'text/html,application/xhtml+xml,application/xml;q=0.9,image/webp,image/apng,*/*;q=0.8',
  'user-agent' => 'Mozilla/5.0 (Windows NT 6.1; Win64; x64) AppleWebKit/537.36 (KHTML, like Gecko) Chrome/67.0.3396.62 Safari/537.36',
  'upgrade-insecure-requests' => '1',
  'cache-control' => 'max-age=0',
  'connection' => 'close',
  'host' => 'www.plm_dev123.net',
)
[ info ] [ PARAM ] array (
)
[ info ] [ RUN ] app\api\controller\v2\KcloudErp->test[ E:\phpStudy\WWW\plm_dev\application\api\controller\v2\KcloudErp.php ]
[ info ] [ SESSION ] INIT array (
  'id' => '',
  'var_session_id' => '',
  'prefix' => 'plm_',
  'type' => '',
  'auto_start' => true,
)
[ info ] [ LOG ] INIT File
[ error ] [8]Array to string conversion[E:\phpStudy\WWW\plm_dev\application\api\controller\v2\KcloudErp.php:308]
---------------------------------------------------------------
[ 2019-01-23T14:33:41+08:00 ] 127.0.0.1 127.0.0.1 GET /api/v2/KcloudErp/test
[ info ] www.plm_dev123.net/api/v2/KcloudErp/test [运行时间：0.053000s][吞吐率：18.87req/s] [内存消耗：859.94kb] [文件加载：32]
[ info ] [ LANG ] E:\phpStudy\WWW\plm_dev\thinkphp\lang\zh-cn.php
[ info ] [ ROUTE ] array (
  'type' => 'module',
  'module' => 
  array (
    0 => 'api',
    1 => 'v2.KcloudErp',
    2 => 'test',
  ),
)
[ info ] [ HEADER ] array (
  'socketlog' => 'SocketLog(tabid=5&client_id=)',
  'cookie' => 'thinkphp_show_page_trace=0|0; PHPSESSID=r7o36s0pmuh0kof2ho5pt4klt0',
  'accept-language' => 'zh-CN,zh;q=0.9',
  'accept-encoding' => 'gzip, deflate',
  'accept' => 'text/html,application/xhtml+xml,application/xml;q=0.9,image/webp,image/apng,*/*;q=0.8',
  'user-agent' => 'Mozilla/5.0 (Windows NT 6.1; Win64; x64) AppleWebKit/537.36 (KHTML, like Gecko) Chrome/67.0.3396.62 Safari/537.36',
  'upgrade-insecure-requests' => '1',
  'cache-control' => 'max-age=0',
  'connection' => 'close',
  'host' => 'www.plm_dev123.net',
)
[ info ] [ PARAM ] array (
)
[ info ] [ RUN ] app\api\controller\v2\KcloudErp->test[ E:\phpStudy\WWW\plm_dev\application\api\controller\v2\KcloudErp.php ]
[ info ] [ SESSION ] INIT array (
  'id' => '',
  'var_session_id' => '',
  'prefix' => 'plm_',
  'type' => '',
  'auto_start' => true,
)
[ info ] [ LOG ] INIT File
---------------------------------------------------------------
[ 2019-01-23T14:37:52+08:00 ] 127.0.0.1 127.0.0.1 GET /api/v2/KcloudErp/test
[ info ] www.plm_dev123.net/api/v2/KcloudErp/test [运行时间：0.091000s][吞吐率：10.99req/s] [内存消耗：1,023.45kb] [文件加载：42]
[ info ] [ LANG ] E:\phpStudy\WWW\plm_dev\thinkphp\lang\zh-cn.php
[ info ] [ ROUTE ] array (
  'type' => 'module',
  'module' => 
  array (
    0 => 'api',
    1 => 'v2.KcloudErp',
    2 => 'test',
  ),
)
[ info ] [ HEADER ] array (
  'socketlog' => 'SocketLog(tabid=5&client_id=)',
  'cookie' => 'thinkphp_show_page_trace=0|0; PHPSESSID=r7o36s0pmuh0kof2ho5pt4klt0',
  'accept-language' => 'zh-CN,zh;q=0.9',
  'accept-encoding' => 'gzip, deflate',
  'accept' => 'text/html,application/xhtml+xml,application/xml;q=0.9,image/webp,image/apng,*/*;q=0.8',
  'user-agent' => 'Mozilla/5.0 (Windows NT 6.1; Win64; x64) AppleWebKit/537.36 (KHTML, like Gecko) Chrome/67.0.3396.62 Safari/537.36',
  'upgrade-insecure-requests' => '1',
  'cache-control' => 'max-age=0',
  'connection' => 'close',
  'host' => 'www.plm_dev123.net',
)
[ info ] [ PARAM ] array (
)
[ info ] [ RUN ] app\api\controller\v2\KcloudErp->test[ E:\phpStudy\WWW\plm_dev\application\api\controller\v2\KcloudErp.php ]
[ info ] [ SESSION ] INIT array (
  'id' => '',
  'var_session_id' => '',
  'prefix' => 'plm_',
  'type' => '',
  'auto_start' => true,
)
[ info ] [ LOG ] INIT File
[ error ] [8]Array to string conversion[E:\phpStudy\WWW\plm_dev\application\api\controller\v2\KcloudErp.php:308]
---------------------------------------------------------------
[ 2019-01-23T14:38:18+08:00 ] 127.0.0.1 127.0.0.1 GET /api/v2/KcloudErp/test
[ info ] www.plm_dev123.net/api/v2/KcloudErp/test [运行时间：0.096019s][吞吐率：10.41req/s] [内存消耗：1,023.73kb] [文件加载：42]
[ info ] [ LANG ] E:\phpStudy\WWW\plm_dev\thinkphp\lang\zh-cn.php
[ info ] [ ROUTE ] array (
  'type' => 'module',
  'module' => 
  array (
    0 => 'api',
    1 => 'v2.KcloudErp',
    2 => 'test',
  ),
)
[ info ] [ HEADER ] array (
  'socketlog' => 'SocketLog(tabid=5&client_id=)',
  'cookie' => 'thinkphp_show_page_trace=0|0; PHPSESSID=r7o36s0pmuh0kof2ho5pt4klt0',
  'accept-language' => 'zh-CN,zh;q=0.9',
  'accept-encoding' => 'gzip, deflate',
  'accept' => 'text/html,application/xhtml+xml,application/xml;q=0.9,image/webp,image/apng,*/*;q=0.8',
  'user-agent' => 'Mozilla/5.0 (Windows NT 6.1; Win64; x64) AppleWebKit/537.36 (KHTML, like Gecko) Chrome/67.0.3396.62 Safari/537.36',
  'upgrade-insecure-requests' => '1',
  'cache-control' => 'max-age=0',
  'connection' => 'close',
  'host' => 'www.plm_dev123.net',
)
[ info ] [ PARAM ] array (
)
[ info ] [ RUN ] app\api\controller\v2\KcloudErp->test[ E:\phpStudy\WWW\plm_dev\application\api\controller\v2\KcloudErp.php ]
[ info ] [ SESSION ] INIT array (
  'id' => '',
  'var_session_id' => '',
  'prefix' => 'plm_',
  'type' => '',
  'auto_start' => true,
)
[ info ] [ LOG ] INIT File
[ error ] [8]Trying to get property of non-object[E:\phpStudy\WWW\plm_dev\application\api\controller\v2\KcloudErp.php:307]
---------------------------------------------------------------
[ 2019-01-23T14:38:44+08:00 ] 127.0.0.1 127.0.0.1 GET /api/v2/KcloudErp/test
[ info ] www.plm_dev123.net/api/v2/KcloudErp/test [运行时间：0.077015s][吞吐率：12.98req/s] [内存消耗：1,024.11kb] [文件加载：42]
[ info ] [ LANG ] E:\phpStudy\WWW\plm_dev\thinkphp\lang\zh-cn.php
[ info ] [ ROUTE ] array (
  'type' => 'module',
  'module' => 
  array (
    0 => 'api',
    1 => 'v2.KcloudErp',
    2 => 'test',
  ),
)
[ info ] [ HEADER ] array (
  'socketlog' => 'SocketLog(tabid=5&client_id=)',
  'cookie' => 'thinkphp_show_page_trace=0|0; PHPSESSID=r7o36s0pmuh0kof2ho5pt4klt0',
  'accept-language' => 'zh-CN,zh;q=0.9',
  'accept-encoding' => 'gzip, deflate',
  'accept' => 'text/html,application/xhtml+xml,application/xml;q=0.9,image/webp,image/apng,*/*;q=0.8',
  'user-agent' => 'Mozilla/5.0 (Windows NT 6.1; Win64; x64) AppleWebKit/537.36 (KHTML, like Gecko) Chrome/67.0.3396.62 Safari/537.36',
  'upgrade-insecure-requests' => '1',
  'cache-control' => 'max-age=0',
  'connection' => 'close',
  'host' => 'www.plm_dev123.net',
)
[ info ] [ PARAM ] array (
)
[ info ] [ RUN ] app\api\controller\v2\KcloudErp->test[ E:\phpStudy\WWW\plm_dev\application\api\controller\v2\KcloudErp.php ]
[ info ] [ SESSION ] INIT array (
  'id' => '',
  'var_session_id' => '',
  'prefix' => 'plm_',
  'type' => '',
  'auto_start' => true,
)
[ info ] [ LOG ] INIT File
[ error ] [8]Trying to get property of non-object[E:\phpStudy\WWW\plm_dev\application\api\controller\v2\KcloudErp.php:306]
---------------------------------------------------------------
[ 2019-01-23T14:38:58+08:00 ] 127.0.0.1 127.0.0.1 GET /api/v2/KcloudErp/test
[ info ] www.plm_dev123.net/api/v2/KcloudErp/test [运行时间：0.065013s][吞吐率：15.38req/s] [内存消耗：1,023.73kb] [文件加载：42]
[ info ] [ LANG ] E:\phpStudy\WWW\plm_dev\thinkphp\lang\zh-cn.php
[ info ] [ ROUTE ] array (
  'type' => 'module',
  'module' => 
  array (
    0 => 'api',
    1 => 'v2.KcloudErp',
    2 => 'test',
  ),
)
[ info ] [ HEADER ] array (
  'socketlog' => 'SocketLog(tabid=5&client_id=)',
  'cookie' => 'thinkphp_show_page_trace=0|0; PHPSESSID=r7o36s0pmuh0kof2ho5pt4klt0',
  'accept-language' => 'zh-CN,zh;q=0.9',
  'accept-encoding' => 'gzip, deflate',
  'accept' => 'text/html,application/xhtml+xml,application/xml;q=0.9,image/webp,image/apng,*/*;q=0.8',
  'user-agent' => 'Mozilla/5.0 (Windows NT 6.1; Win64; x64) AppleWebKit/537.36 (KHTML, like Gecko) Chrome/67.0.3396.62 Safari/537.36',
  'upgrade-insecure-requests' => '1',
  'cache-control' => 'max-age=0',
  'connection' => 'close',
  'host' => 'www.plm_dev123.net',
)
[ info ] [ PARAM ] array (
)
[ info ] [ RUN ] app\api\controller\v2\KcloudErp->test[ E:\phpStudy\WWW\plm_dev\application\api\controller\v2\KcloudErp.php ]
[ info ] [ SESSION ] INIT array (
  'id' => '',
  'var_session_id' => '',
  'prefix' => 'plm_',
  'type' => '',
  'auto_start' => true,
)
[ info ] [ LOG ] INIT File
[ error ] [8]Trying to get property of non-object[E:\phpStudy\WWW\plm_dev\application\api\controller\v2\KcloudErp.php:306]
---------------------------------------------------------------
[ 2019-01-23T14:38:59+08:00 ] 127.0.0.1 127.0.0.1 GET /api/v2/KcloudErp/test
[ info ] www.plm_dev123.net/api/v2/KcloudErp/test [运行时间：0.084017s][吞吐率：11.90req/s] [内存消耗：1,023.73kb] [文件加载：42]
[ info ] [ LANG ] E:\phpStudy\WWW\plm_dev\thinkphp\lang\zh-cn.php
[ info ] [ ROUTE ] array (
  'type' => 'module',
  'module' => 
  array (
    0 => 'api',
    1 => 'v2.KcloudErp',
    2 => 'test',
  ),
)
[ info ] [ HEADER ] array (
  'socketlog' => 'SocketLog(tabid=5&client_id=)',
  'cookie' => 'thinkphp_show_page_trace=0|0; PHPSESSID=r7o36s0pmuh0kof2ho5pt4klt0',
  'accept-language' => 'zh-CN,zh;q=0.9',
  'accept-encoding' => 'gzip, deflate',
  'accept' => 'text/html,application/xhtml+xml,application/xml;q=0.9,image/webp,image/apng,*/*;q=0.8',
  'user-agent' => 'Mozilla/5.0 (Windows NT 6.1; Win64; x64) AppleWebKit/537.36 (KHTML, like Gecko) Chrome/67.0.3396.62 Safari/537.36',
  'upgrade-insecure-requests' => '1',
  'cache-control' => 'max-age=0',
  'connection' => 'close',
  'host' => 'www.plm_dev123.net',
)
[ info ] [ PARAM ] array (
)
[ info ] [ RUN ] app\api\controller\v2\KcloudErp->test[ E:\phpStudy\WWW\plm_dev\application\api\controller\v2\KcloudErp.php ]
[ info ] [ SESSION ] INIT array (
  'id' => '',
  'var_session_id' => '',
  'prefix' => 'plm_',
  'type' => '',
  'auto_start' => true,
)
[ info ] [ LOG ] INIT File
[ error ] [8]Trying to get property of non-object[E:\phpStudy\WWW\plm_dev\application\api\controller\v2\KcloudErp.php:306]
---------------------------------------------------------------
[ 2019-01-23T14:39:08+08:00 ] 127.0.0.1 127.0.0.1 GET /api/v2/KcloudErp/test
[ info ] www.plm_dev123.net/api/v2/KcloudErp/test [运行时间：0.058012s][吞吐率：17.24req/s] [内存消耗：859.94kb] [文件加载：32]
[ info ] [ LANG ] E:\phpStudy\WWW\plm_dev\thinkphp\lang\zh-cn.php
[ info ] [ ROUTE ] array (
  'type' => 'module',
  'module' => 
  array (
    0 => 'api',
    1 => 'v2.KcloudErp',
    2 => 'test',
  ),
)
[ info ] [ HEADER ] array (
  'socketlog' => 'SocketLog(tabid=5&client_id=)',
  'cookie' => 'thinkphp_show_page_trace=0|0; PHPSESSID=r7o36s0pmuh0kof2ho5pt4klt0',
  'accept-language' => 'zh-CN,zh;q=0.9',
  'accept-encoding' => 'gzip, deflate',
  'accept' => 'text/html,application/xhtml+xml,application/xml;q=0.9,image/webp,image/apng,*/*;q=0.8',
  'user-agent' => 'Mozilla/5.0 (Windows NT 6.1; Win64; x64) AppleWebKit/537.36 (KHTML, like Gecko) Chrome/67.0.3396.62 Safari/537.36',
  'upgrade-insecure-requests' => '1',
  'cache-control' => 'max-age=0',
  'connection' => 'close',
  'host' => 'www.plm_dev123.net',
)
[ info ] [ PARAM ] array (
)
[ info ] [ RUN ] app\api\controller\v2\KcloudErp->test[ E:\phpStudy\WWW\plm_dev\application\api\controller\v2\KcloudErp.php ]
[ info ] [ SESSION ] INIT array (
  'id' => '',
  'var_session_id' => '',
  'prefix' => 'plm_',
  'type' => '',
  'auto_start' => true,
)
[ info ] [ LOG ] INIT File
---------------------------------------------------------------
[ 2019-01-23T14:41:46+08:00 ] 127.0.0.1 127.0.0.1 GET /api/v2/KcloudErp/test
[ info ] www.plm_dev123.net/api/v2/KcloudErp/test [运行时间：0.082016s][吞吐率：12.19req/s] [内存消耗：1,023.45kb] [文件加载：42]
[ info ] [ LANG ] E:\phpStudy\WWW\plm_dev\thinkphp\lang\zh-cn.php
[ info ] [ ROUTE ] array (
  'type' => 'module',
  'module' => 
  array (
    0 => 'api',
    1 => 'v2.KcloudErp',
    2 => 'test',
  ),
)
[ info ] [ HEADER ] array (
  'socketlog' => 'SocketLog(tabid=9&client_id=)',
  'cookie' => 'thinkphp_show_page_trace=0|0; PHPSESSID=r7o36s0pmuh0kof2ho5pt4klt0',
  'accept-language' => 'zh-CN,zh;q=0.9',
  'accept-encoding' => 'gzip, deflate',
  'accept' => 'text/html,application/xhtml+xml,application/xml;q=0.9,image/webp,image/apng,*/*;q=0.8',
  'user-agent' => 'Mozilla/5.0 (Windows NT 6.1; Win64; x64) AppleWebKit/537.36 (KHTML, like Gecko) Chrome/67.0.3396.62 Safari/537.36',
  'upgrade-insecure-requests' => '1',
  'connection' => 'close',
  'host' => 'www.plm_dev123.net',
)
[ info ] [ PARAM ] array (
)
[ info ] [ RUN ] app\api\controller\v2\KcloudErp->test[ E:\phpStudy\WWW\plm_dev\application\api\controller\v2\KcloudErp.php ]
[ info ] [ SESSION ] INIT array (
  'id' => '',
  'var_session_id' => '',
  'prefix' => 'plm_',
  'type' => '',
  'auto_start' => true,
)
[ info ] [ LOG ] INIT File
[ error ] [4096]Object of class stdClass could not be converted to string[E:\phpStudy\WWW\plm_dev\application\api\controller\v2\KcloudErp.php:307]
---------------------------------------------------------------
[ 2019-01-23T14:42:02+08:00 ] 127.0.0.1 127.0.0.1 GET /api/v2/KcloudErp/test
[ info ] www.plm_dev123.net/api/v2/KcloudErp/test [运行时间：0.065013s][吞吐率：15.38req/s] [内存消耗：1,023.45kb] [文件加载：42]
[ info ] [ LANG ] E:\phpStudy\WWW\plm_dev\thinkphp\lang\zh-cn.php
[ info ] [ ROUTE ] array (
  'type' => 'module',
  'module' => 
  array (
    0 => 'api',
    1 => 'v2.KcloudErp',
    2 => 'test',
  ),
)
[ info ] [ HEADER ] array (
  'socketlog' => 'SocketLog(tabid=9&client_id=)',
  'cookie' => 'thinkphp_show_page_trace=0|0; PHPSESSID=r7o36s0pmuh0kof2ho5pt4klt0',
  'accept-language' => 'zh-CN,zh;q=0.9',
  'accept-encoding' => 'gzip, deflate',
  'accept' => 'text/html,application/xhtml+xml,application/xml;q=0.9,image/webp,image/apng,*/*;q=0.8',
  'user-agent' => 'Mozilla/5.0 (Windows NT 6.1; Win64; x64) AppleWebKit/537.36 (KHTML, like Gecko) Chrome/67.0.3396.62 Safari/537.36',
  'upgrade-insecure-requests' => '1',
  'cache-control' => 'max-age=0',
  'connection' => 'close',
  'host' => 'www.plm_dev123.net',
)
[ info ] [ PARAM ] array (
)
[ info ] [ RUN ] app\api\controller\v2\KcloudErp->test[ E:\phpStudy\WWW\plm_dev\application\api\controller\v2\KcloudErp.php ]
[ info ] [ SESSION ] INIT array (
  'id' => '',
  'var_session_id' => '',
  'prefix' => 'plm_',
  'type' => '',
  'auto_start' => true,
)
[ info ] [ LOG ] INIT File
[ error ] [8]Array to string conversion[E:\phpStudy\WWW\plm_dev\application\api\controller\v2\KcloudErp.php:307]
---------------------------------------------------------------
[ 2019-01-23T14:43:46+08:00 ] 127.0.0.1 127.0.0.1 GET /api/v2/KcloudErp/test
[ info ] www.plm_dev123.net/api/v2/KcloudErp/test [运行时间：0.066006s][吞吐率：15.15req/s] [内存消耗：1,164.05kb] [文件加载：32]
[ info ] [ LANG ] E:\phpStudy\WWW\plm_dev\thinkphp\lang\zh-cn.php
[ info ] [ ROUTE ] array (
  'type' => 'module',
  'module' => 
  array (
    0 => 'api',
    1 => 'v2.KcloudErp',
    2 => 'test',
  ),
)
[ info ] [ HEADER ] array (
  'socketlog' => 'SocketLog(tabid=9&client_id=)',
  'cookie' => 'thinkphp_show_page_trace=0|0; PHPSESSID=r7o36s0pmuh0kof2ho5pt4klt0',
  'accept-language' => 'zh-CN,zh;q=0.9',
  'accept-encoding' => 'gzip, deflate',
  'accept' => 'text/html,application/xhtml+xml,application/xml;q=0.9,image/webp,image/apng,*/*;q=0.8',
  'user-agent' => 'Mozilla/5.0 (Windows NT 6.1; Win64; x64) AppleWebKit/537.36 (KHTML, like Gecko) Chrome/67.0.3396.62 Safari/537.36',
  'upgrade-insecure-requests' => '1',
  'cache-control' => 'max-age=0',
  'connection' => 'close',
  'host' => 'www.plm_dev123.net',
)
[ info ] [ PARAM ] array (
)
[ info ] [ RUN ] app\api\controller\v2\KcloudErp->test[ E:\phpStudy\WWW\plm_dev\application\api\controller\v2\KcloudErp.php ]
[ info ] [ SESSION ] INIT array (
  'id' => '',
  'var_session_id' => '',
  'prefix' => 'plm_',
  'type' => '',
  'auto_start' => true,
)
[ info ] [ LOG ] INIT File
