---------------------------------------------------------------
[ 2019-01-26T11:29:54+08:00 ] 127.0.0.1 127.0.0.1 GET /api/v2/material/getDetail?access_token=69785c2d-7075-4732-80a0-e5d8ab2e4344&data={%22material_code%22:%22YKMS00627%22}
[ info ] www.plm_dev123.net/api/v2/material/getDetail?access_token=69785c2d-7075-4732-80a0-e5d8ab2e4344&data={%22material_code%22:%22YKMS00627%22} [运行时间：0.492050s][吞吐率：2.03req/s] [内存消耗：2,256.16kb] [文件加载：54]
[ info ] [ LANG ] E:\phpStudy\WWW\plm_dev\thinkphp\lang\zh-cn.php
[ info ] [ ROUTE ] array (
  'type' => 'module',
  'module' => 
  array (
    0 => 'api',
    1 => 'v2.material',
    2 => 'getDetail',
  ),
)
[ info ] [ HEADER ] array (
  'socketlog' => 'SocketLog(tabid=3&client_id=)',
  'accept-language' => 'zh-CN,zh;q=0.9',
  'accept-encoding' => 'gzip, deflate',
  'accept' => 'text/html,application/xhtml+xml,application/xml;q=0.9,image/webp,image/apng,*/*;q=0.8',
  'user-agent' => 'Mozilla/5.0 (Windows NT 6.1; Win64; x64) AppleWebKit/537.36 (KHTML, like Gecko) Chrome/67.0.3396.62 Safari/537.36',
  'upgrade-insecure-requests' => '1',
  'connection' => 'close',
  'host' => 'www.plm_dev123.net',
)
[ info ] [ PARAM ] array (
  'access_token' => '69785c2d-7075-4732-80a0-e5d8ab2e4344',
  'data' => '{"material_code":"YKMS00627"}',
)
[ info ] [ CACHE ] INIT redis
[ info ] [ DB ] INIT mysql
[ info ] [ RUN ] app\api\controller\v2\Material->getDetail[ E:\phpStudy\WWW\plm_dev\application\api\controller\v2\Material.php ]
[ info ] [ LOG ] INIT File
[ sql ] [ DB ] CONNECT:[ UseTime:0.012002s ] mysql:dbname=7000mall_plm;host=192.168.80.245;port=3306;charset=utf8
[ sql ] [ SQL ] SHOW COLUMNS FROM `plm_admin_log` [ RunTime:0.006000s ]
[ sql ] [ SQL ] INSERT INTO `plm_admin_log` (`admin_id` , `username` , `route_url` , `title` , `content` , `useragent` , `ip` , `createtime`) VALUES (111 , 'liuwen3' , 'material/getdetail' , '69785c2d-7075-4732-80a0-e5d8ab2e4344' , '{\"access_token\":\"69785c2d-7075-4732-80a0-e5d8ab2e4344\",\"data\":\"{\\\"material_code\\\":\\\"YKMS00627\\\"}\"}' , 'Mozilla/5.0 (Windows NT 6.1; Win64; x64) AppleWebKit/537.36 (KHTML, like Gecko) Chrome/67.0.3396.62 Safari/537.36' , '127.0.0.1' , 1548473394) [ RunTime:0.030003s ]
[ sql ] [ SQL ] SHOW COLUMNS FROM `plm_material` [ RunTime:0.008001s ]
[ sql ] [ SQL ] SELECT `material_id`,`material_name`,`material_code`,`material_code_old`,`specifications`,`specifications_code`,`description`,`material_attribute`,`basic_unit`,`start_batch`,unit_convert as convert_unit,`is_suite`,`control`,rate as default_tax_rate,`inventory_type`,`tax_type`,`inventory_unit`,`assistant_unit`,is_expiration as enable_expiration,`expiration_date`,`expiration_date_online`,`expiration_unit`,`batch_num_rule`,`batch_num_extra`,`sale_unit`,`sale_pricing_unit`,`allow_return`,`purchase_unit`,purchase_price_unit as purchase_pricing_unit,is_quota as enable_quota,`quota_way`,`min_split_amount`,is_return_material as allow_return_material,`outsource_unit`,`fixed_lead_time`,outsource_price_unit as outsource_pricing_unit,`product_unit`,`product_type`,`standard_labor_unit`,`standard_labor_hour`,issue_qty as give_material_way,`reverse_time`,`over_give_control`,min_issue_qty as min_give_material,`min_give_unit`,`plan_strategy`,`manufacture_strategy`,`order_strategy`,`plan_area`,mrp_combine as MPR_combine,`product_level`,`vary_lead_time_unit`,`fixed_lead_time_unit`,`vary_lead_time`,`check_lead_time`,`check_lead_time_unit`,`offset_time`,`offset_time_unit`,`order_interval_time`,`order_interval_unit`,`material_category`,`mg_code` FROM `plm_material` WHERE  `material_code` = 'YKMS00627'  AND `material_slave_status` = 0 LIMIT 1 [ RunTime:0.012001s ]
[ sql ] [ SQL ] SHOW COLUMNS FROM `plm_material_grouping` [ RunTime:0.006001s ]
[ sql ] [ SQL ] SELECT `mg_name` FROM `plm_material_grouping` WHERE  `mg_code` = 'G13' LIMIT 1 [ RunTime:0.002000s ]
---------------------------------------------------------------
[ 2019-01-26T11:29:54+08:00 ] 127.0.0.1 127.0.0.1 GET /favicon.ico
[ info ] www.plm_dev123.net/favicon.ico [运行时间：0.074007s][吞吐率：13.51req/s] [内存消耗：889.31kb] [文件加载：39]
[ info ] [ LANG ] E:\phpStudy\WWW\plm_dev\thinkphp\lang\zh-cn.php
[ info ] [ ROUTE ] array (
  'type' => 'module',
  'module' => 
  array (
    0 => 'favicon.ico',
    1 => NULL,
    2 => NULL,
  ),
)
[ info ] [ HEADER ] array (
  'socketlog' => 'SocketLog(tabid=3&client_id=)',
  'cookie' => 'PHPSESSID=l3qhk4emk0a6o8j2kmku570tu1',
  'accept-language' => 'zh-CN,zh;q=0.9',
  'accept-encoding' => 'gzip, deflate',
  'referer' => 'http://www.plm_dev123.net/api/v2/material/getDetail?access_token=69785c2d-7075-4732-80a0-e5d8ab2e4344&data={%22material_code%22:%22YKMS00627%22}',
  'accept' => 'image/webp,image/apng,image/*,*/*;q=0.8',
  'user-agent' => 'Mozilla/5.0 (Windows NT 6.1; Win64; x64) AppleWebKit/537.36 (KHTML, like Gecko) Chrome/67.0.3396.62 Safari/537.36',
  'connection' => 'close',
  'host' => 'www.plm_dev123.net',
)
[ info ] [ PARAM ] array (
)
[ info ] [ LOG ] INIT File
---------------------------------------------------------------
[ 2019-01-26T11:30:32+08:00 ] 127.0.0.1 127.0.0.1 GET /api/v2/material/getDetail?access_token=69785c2d-7075-4732-80a0-e5d8ab2e4344&data={%22material_code%22:%22YKMS00627%22}
[ info ] www.plm_dev123.net/api/v2/material/getDetail?access_token=69785c2d-7075-4732-80a0-e5d8ab2e4344&data={%22material_code%22:%22YKMS00627%22} [运行时间：0.077008s][吞吐率：12.99req/s] [内存消耗：2,195.57kb] [文件加载：54]
[ info ] [ LANG ] E:\phpStudy\WWW\plm_dev\thinkphp\lang\zh-cn.php
[ info ] [ ROUTE ] array (
  'type' => 'module',
  'module' => 
  array (
    0 => 'api',
    1 => 'v2.material',
    2 => 'getDetail',
  ),
)
[ info ] [ HEADER ] array (
  'socketlog' => 'SocketLog(tabid=3&client_id=)',
  'cookie' => 'PHPSESSID=l3qhk4emk0a6o8j2kmku570tu1',
  'accept-language' => 'zh-CN,zh;q=0.9',
  'accept-encoding' => 'gzip, deflate',
  'accept' => 'text/html,application/xhtml+xml,application/xml;q=0.9,image/webp,image/apng,*/*;q=0.8',
  'user-agent' => 'Mozilla/5.0 (Windows NT 6.1; Win64; x64) AppleWebKit/537.36 (KHTML, like Gecko) Chrome/67.0.3396.62 Safari/537.36',
  'upgrade-insecure-requests' => '1',
  'cache-control' => 'max-age=0',
  'connection' => 'close',
  'host' => 'www.plm_dev123.net',
)
[ info ] [ PARAM ] array (
  'access_token' => '69785c2d-7075-4732-80a0-e5d8ab2e4344',
  'data' => '{"material_code":"YKMS00627"}',
)
[ info ] [ CACHE ] INIT redis
[ info ] [ DB ] INIT mysql
[ info ] [ RUN ] app\api\controller\v2\Material->getDetail[ E:\phpStudy\WWW\plm_dev\application\api\controller\v2\Material.php ]
[ info ] [ LOG ] INIT File
[ sql ] [ DB ] CONNECT:[ UseTime:0.011001s ] mysql:dbname=7000mall_plm;host=192.168.80.245;port=3306;charset=utf8
[ sql ] [ SQL ] SHOW COLUMNS FROM `plm_admin_log` [ RunTime:0.006000s ]
[ sql ] [ SQL ] INSERT INTO `plm_admin_log` (`admin_id` , `username` , `route_url` , `title` , `content` , `useragent` , `ip` , `createtime`) VALUES (111 , 'liuwen3' , 'material/getdetail' , '69785c2d-7075-4732-80a0-e5d8ab2e4344' , '{\"access_token\":\"69785c2d-7075-4732-80a0-e5d8ab2e4344\",\"data\":\"{\\\"material_code\\\":\\\"YKMS00627\\\"}\"}' , 'Mozilla/5.0 (Windows NT 6.1; Win64; x64) AppleWebKit/537.36 (KHTML, like Gecko) Chrome/67.0.3396.62 Safari/537.36' , '127.0.0.1' , 1548473432) [ RunTime:0.022003s ]
---------------------------------------------------------------
[ 2019-01-26T11:31:04+08:00 ] 127.0.0.1 127.0.0.1 GET /api/v2/material/getDetail?access_token=69785c2d-7075-4732-80a0-e5d8ab2e4344&data={%22material_code%22:%221-26%22}
[ info ] www.plm_dev123.net/api/v2/material/getDetail?access_token=69785c2d-7075-4732-80a0-e5d8ab2e4344&data={%22material_code%22:%221-26%22} [运行时间：0.303030s][吞吐率：3.30req/s] [内存消耗：2,422.68kb] [文件加载：55]
[ info ] [ LANG ] E:\phpStudy\WWW\plm_dev\thinkphp\lang\zh-cn.php
[ info ] [ ROUTE ] array (
  'type' => 'module',
  'module' => 
  array (
    0 => 'api',
    1 => 'v2.material',
    2 => 'getDetail',
  ),
)
[ info ] [ HEADER ] array (
  'socketlog' => 'SocketLog(tabid=3&client_id=)',
  'cookie' => 'PHPSESSID=l3qhk4emk0a6o8j2kmku570tu1',
  'accept-language' => 'zh-CN,zh;q=0.9',
  'accept-encoding' => 'gzip, deflate',
  'accept' => 'text/html,application/xhtml+xml,application/xml;q=0.9,image/webp,image/apng,*/*;q=0.8',
  'user-agent' => 'Mozilla/5.0 (Windows NT 6.1; Win64; x64) AppleWebKit/537.36 (KHTML, like Gecko) Chrome/67.0.3396.62 Safari/537.36',
  'upgrade-insecure-requests' => '1',
  'connection' => 'close',
  'host' => 'www.plm_dev123.net',
)
[ info ] [ PARAM ] array (
  'access_token' => '69785c2d-7075-4732-80a0-e5d8ab2e4344',
  'data' => '{"material_code":"1-26"}',
)
[ info ] [ CACHE ] INIT redis
[ info ] [ DB ] INIT mysql
[ info ] [ RUN ] app\api\controller\v2\Material->getDetail[ E:\phpStudy\WWW\plm_dev\application\api\controller\v2\Material.php ]
[ info ] [ DB ] INIT mysql
[ info ] [ LOG ] INIT File
[ sql ] [ DB ] CONNECT:[ UseTime:0.011002s ] mysql:dbname=7000mall_plm;host=192.168.80.245;port=3306;charset=utf8
[ sql ] [ SQL ] SHOW COLUMNS FROM `plm_admin_log` [ RunTime:0.006000s ]
[ sql ] [ SQL ] INSERT INTO `plm_admin_log` (`admin_id` , `username` , `route_url` , `title` , `content` , `useragent` , `ip` , `createtime`) VALUES (111 , 'liuwen3' , 'material/getdetail' , '69785c2d-7075-4732-80a0-e5d8ab2e4344' , '{\"access_token\":\"69785c2d-7075-4732-80a0-e5d8ab2e4344\",\"data\":\"{\\\"material_code\\\":\\\"1-26\\\"}\"}' , 'Mozilla/5.0 (Windows NT 6.1; Win64; x64) AppleWebKit/537.36 (KHTML, like Gecko) Chrome/67.0.3396.62 Safari/537.36' , '127.0.0.1' , 1548473463) [ RunTime:0.024003s ]
[ sql ] [ SQL ] SHOW COLUMNS FROM `plm_material` [ RunTime:0.007001s ]
[ sql ] [ SQL ] SELECT `material_id`,`material_name`,`material_code`,`material_code_old`,`specifications`,`specifications_code`,`description`,`material_attribute`,`basic_unit`,`start_batch`,unit_convert as convert_unit,`is_suite`,`control`,rate as default_tax_rate,`inventory_type`,`tax_type`,`inventory_unit`,`assistant_unit`,is_expiration as enable_expiration,`expiration_date`,`expiration_date_online`,`expiration_unit`,`batch_num_rule`,`batch_num_extra`,`sale_unit`,`sale_pricing_unit`,`allow_return`,`purchase_unit`,purchase_price_unit as purchase_pricing_unit,is_quota as enable_quota,`quota_way`,`min_split_amount`,is_return_material as allow_return_material,`outsource_unit`,`fixed_lead_time`,outsource_price_unit as outsource_pricing_unit,`product_unit`,`product_type`,`standard_labor_unit`,`standard_labor_hour`,issue_qty as give_material_way,`reverse_time`,`over_give_control`,min_issue_qty as min_give_material,`min_give_unit`,`plan_strategy`,`manufacture_strategy`,`order_strategy`,`plan_area`,mrp_combine as MPR_combine,`product_level`,`vary_lead_time_unit`,`fixed_lead_time_unit`,`vary_lead_time`,`check_lead_time`,`check_lead_time_unit`,`offset_time`,`offset_time_unit`,`order_interval_time`,`order_interval_unit`,`material_category`,`mg_code` FROM `plm_material` WHERE  `material_code` = '1-26'  AND `material_slave_status` = 0 LIMIT 1 [ RunTime:0.104011s ]
[ sql ] [ SQL ] SHOW COLUMNS FROM `plm_material_slave` [ RunTime:0.007000s ]
[ sql ] [ SQL ] SELECT MAX(is_new) AS tp_max FROM `plm_material_slave` WHERE  `material_code` = '1-26' LIMIT 1 [ RunTime:0.002001s ]
[ sql ] [ SQL ] SELECT `material_id`,`is_component`,`material_name`,`material_code`,`material_code_old`,`specifications`,`specifications_code`,`description`,`material_attribute`,`basic_unit`,`start_batch`,`create_org`,`use_org`,unit_convert as convert_unit,`is_suite`,`control`,rate as default_tax_rate,`inventory_type`,`tax_type`,`inventory_unit`,`assistant_unit`,is_expiration as enable_expiration,`expiration_date`,`expiration_date_online`,`expiration_unit`,`batch_num_rule`,`batch_num_extra`,`sale_unit`,`sale_pricing_unit`,`allow_return`,`purchase_unit`,purchase_price_unit as purchase_pricing_unit,is_quota as enable_quota,`quota_way`,`min_split_amount`,is_return_material as allow_return_material,`outsource_unit`,`fixed_lead_time`,outsource_price_unit as outsource_pricing_unit,`product_unit`,`product_type`,`standard_labor_unit`,`standard_labor_hour`,issue_qty as give_material_way,`reverse_time`,`over_give_control`,min_issue_qty as min_give_material,`min_give_unit`,`plan_strategy`,`manufacture_strategy`,`order_strategy`,`plan_area`,mrp_combine as MPR_combine,`product_level`,`vary_lead_time_unit`,`fixed_lead_time_unit`,`vary_lead_time`,`check_lead_time`,`check_lead_time_unit`,`offset_time`,`offset_time_unit`,`inventory_attr`,`submit_time`,`audit_time`,`audit_status`,`order_interval_time`,`order_interval_unit`,`material_category`,`mg_code`,`creator_id` FROM `plm_material_slave` WHERE  `material_code` = '1-26'  AND `is_new` = 0 LIMIT 1 [ RunTime:0.003000s ]
[ sql ] [ SQL ] SHOW COLUMNS FROM `plm_material_grouping` [ RunTime:0.006000s ]
[ sql ] [ SQL ] SELECT `mg_name` FROM `plm_material_grouping` WHERE  `mg_code` = 'G03' LIMIT 1 [ RunTime:0.001001s ]
[ sql ] [ DB ] CONNECT:[ UseTime:0.011002s ] mysql:dbname=7000mall_center;host=192.168.80.240;port=3306;charset=utf8
[ sql ] [ SQL ] SHOW COLUMNS FROM `c_admin` [ RunTime:0.026002s ]
[ sql ] [ SQL ] SELECT `nickname` FROM `c_admin` WHERE  `admin_id` = 103 LIMIT 1 [ RunTime:0.001000s ]
[ sql ] [ SQL ] SHOW COLUMNS FROM `plm_relation` [ RunTime:0.006001s ]
[ sql ] [ SQL ] SELECT * FROM `plm_relation` WHERE  `target_id` = 39  AND `target_type` = 7  AND `role_type` = 5 [ RunTime:0.002000s ]
