---------------------------------------------------------------
[ 2018-08-09T13:51:46+08:00 ] 127.0.0.1 127.0.0.1 GET /api/v2/doc/getBomDetail?access_token=67b7bcf9-852c-417b-b27b-643e2a4584b6&data={%22bom_id%22:31}
[ info ] www.plm_dev123.net/api/v2/doc/getBomDetail?access_token=67b7bcf9-852c-417b-b27b-643e2a4584b6&data={%22bom_id%22:31} [运行时间：0.748000s][吞吐率：1.34req/s] [内存消耗：2,122.36kb] [文件加载：56]
[ info ] [ LANG ] E:\phpStudy\WWW\plm_dev\thinkphp\lang\zh-cn.php
[ info ] [ ROUTE ] array (
  'type' => 'module',
  'module' => 
  array (
    0 => 'api',
    1 => 'v2.doc',
    2 => 'getBomDetail',
  ),
)
[ info ] [ HEADER ] array (
  'socketlog' => 'SocketLog(tabid=5&client_id=)',
  'accept-language' => 'zh-CN,zh;q=0.9',
  'accept-encoding' => 'gzip, deflate',
  'accept' => 'text/html,application/xhtml+xml,application/xml;q=0.9,image/webp,image/apng,*/*;q=0.8',
  'user-agent' => 'Mozilla/5.0 (Windows NT 6.1; Win64; x64) AppleWebKit/537.36 (KHTML, like Gecko) Chrome/67.0.3396.62 Safari/537.36',
  'upgrade-insecure-requests' => '1',
  'connection' => 'close',
  'host' => 'www.plm_dev123.net',
)
[ info ] [ PARAM ] array (
  'access_token' => '67b7bcf9-852c-417b-b27b-643e2a4584b6',
  'data' => '{"bom_id":31}',
)
[ info ] [ CACHE ] INIT redis
[ info ] [ DB ] INIT mysql
[ info ] [ RUN ] app\api\controller\v2\Doc->getBomDetail[ E:\phpStudy\WWW\plm_dev\application\api\controller\v2\Doc.php ]
[ info ] [ DB ] INIT mysql
[ info ] [ LOG ] INIT File
[ sql ] [ DB ] CONNECT:[ UseTime:0.015000s ] mysql:dbname=7000mall_plm;host=192.168.80.240;port=3306;charset=utf8
[ sql ] [ SQL ] SHOW COLUMNS FROM `plm_admin_log` [ RunTime:0.012000s ]
[ sql ] [ SQL ] INSERT INTO `plm_admin_log` (`admin_id` , `username` , `route_url` , `title` , `content` , `useragent` , `ip` , `createtime`) VALUES (55 , 'song' , 'doc/getbomdetail' , '67b7bcf9-852c-417b-b27b-643e2a4584b6' , '{\"access_token\":\"67b7bcf9-852c-417b-b27b-643e2a4584b6\",\"data\":\"{\\\"bom_id\\\":31}\"}' , 'Mozilla/5.0 (Windows NT 6.1; Win64; x64) AppleWebKit/537.36 (KHTML, like Gecko) Chrome/67.0.3396.62 Safari/537.36' , '127.0.0.1' , 1533793906) [ RunTime:0.107000s ]
[ sql ] [ SQL ] SHOW COLUMNS FROM `plm_project_bom` [ RunTime:0.017000s ]
[ sql ] [ SQL ] SELECT `bom_id` FROM `plm_project_bom` WHERE  `bom_id` = 31 LIMIT 1 [ RunTime:0.013000s ]
[ sql ] [ SQL ] SELECT `b`.`bom_id`,`b`.`tpl_id`,`b`.`creator_id`,b.project_name bom_name,`b`.`tpl_name`,`b`.`project_id`,`b`.`node_id`,`b`.`version`,`b`.`add_time`,`b`.`audit_time` FROM `plm_project_bom` `b` WHERE  `b`.`bom_id` = 31 LIMIT 1 [ RunTime:0.004000s ]
[ sql ] [ DB ] CONNECT:[ UseTime:0.012000s ] mysql:dbname=7000mall_center;host=192.168.80.240;port=3306;charset=utf8
[ sql ] [ SQL ] SHOW COLUMNS FROM `c_admin` [ RunTime:0.011000s ]
[ sql ] [ SQL ] SELECT `nickname` FROM `c_admin` WHERE  `admin_id` = 55 LIMIT 1 [ RunTime:0.007000s ]
[ sql ] [ SQL ] SHOW COLUMNS FROM `plm_relation` [ RunTime:0.005000s ]
[ sql ] [ SQL ] SELECT `admin_id`,`role_type` FROM `plm_relation` WHERE  `target_id` = 31  AND `target_type` = 2 ORDER BY relation_id desc [ RunTime:0.011000s ]
[ sql ] [ SQL ] SELECT `nickname` FROM `c_admin` WHERE  `admin_id` = 55 LIMIT 1 [ RunTime:0.006000s ]
[ sql ] [ SQL ] SELECT `nickname` FROM `c_admin` WHERE  `admin_id` = 44 LIMIT 1 [ RunTime:0.004000s ]
[ sql ] [ SQL ] SELECT `nickname` FROM `c_admin` WHERE  `admin_id` = 33 LIMIT 1 [ RunTime:0.004000s ]
[ sql ] [ SQL ] SELECT `nickname` FROM `c_admin` WHERE  `admin_id` = 22 LIMIT 1 [ RunTime:0.004000s ]
[ sql ] [ SQL ] SELECT `nickname` FROM `c_admin` WHERE  `admin_id` = 11 LIMIT 1 [ RunTime:0.004000s ]
[ sql ] [ SQL ] SHOW COLUMNS FROM `plm_bom_material` [ RunTime:0.004000s ]
[ sql ] [ SQL ] SELECT `material_sn`,`material_name`,`specification`,`unit` FROM `plm_bom_material` WHERE  `bom_id` = '31'  AND `relative` = 1 LIMIT 1 [ RunTime:0.003000s ]
[ sql ] [ SQL ] SELECT `material_sn`,`material_name`,`specification`,`numerator_amount`,`denominator_amount`,`unit`,`remark` FROM `plm_bom_material` WHERE  `bom_id` = '31'  AND `relative` = 0 [ RunTime:0.003000s ]
---------------------------------------------------------------
[ 2018-08-09T13:51:47+08:00 ] 127.0.0.1 127.0.0.1 GET /favicon.ico
[ info ] www.plm_dev123.net/favicon.ico [运行时间：0.045000s][吞吐率：22.22req/s] [内存消耗：883.16kb] [文件加载：40]
[ info ] [ LANG ] E:\phpStudy\WWW\plm_dev\thinkphp\lang\zh-cn.php
[ info ] [ ROUTE ] array (
  'type' => 'module',
  'module' => 
  array (
    0 => 'favicon.ico',
    1 => NULL,
    2 => NULL,
  ),
)
[ info ] [ HEADER ] array (
  'socketlog' => 'SocketLog(tabid=5&client_id=)',
  'cookie' => 'PHPSESSID=cqljifdomvajep0k6nsu5ufhb3',
  'accept-language' => 'zh-CN,zh;q=0.9',
  'accept-encoding' => 'gzip, deflate',
  'referer' => 'http://www.plm_dev123.net/api/v2/doc/getBomDetail?access_token=67b7bcf9-852c-417b-b27b-643e2a4584b6&data={%22bom_id%22:31}',
  'accept' => 'image/webp,image/apng,image/*,*/*;q=0.8',
  'user-agent' => 'Mozilla/5.0 (Windows NT 6.1; Win64; x64) AppleWebKit/537.36 (KHTML, like Gecko) Chrome/67.0.3396.62 Safari/537.36',
  'connection' => 'close',
  'host' => 'www.plm_dev123.net',
)
[ info ] [ PARAM ] array (
)
[ info ] [ LOG ] INIT File
---------------------------------------------------------------
[ 2018-08-09T13:52:00+08:00 ] 127.0.0.1 127.0.0.1 POST /api/v2/doc/getBomDetail?access_token=67b7bcf9-852c-417b-b27b-643e2a4584b6&data={%22bom_id%22:31}
[ info ] www.plm_dev123.net/api/v2/doc/getBomDetail?access_token=67b7bcf9-852c-417b-b27b-643e2a4584b6&data={%22bom_id%22:31} [运行时间：0.539000s][吞吐率：1.86req/s] [内存消耗：2,123.25kb] [文件加载：56]
[ info ] [ LANG ] E:\phpStudy\WWW\plm_dev\thinkphp\lang\zh-cn.php
[ info ] [ ROUTE ] array (
  'type' => 'module',
  'module' => 
  array (
    0 => 'api',
    1 => 'v2.doc',
    2 => 'getBomDetail',
  ),
)
[ info ] [ HEADER ] array (
  'accept-language' => 'zh-CN,zh;q=0.9',
  'accept-encoding' => 'gzip, deflate',
  'accept' => '*/*',
  'content-type' => 'multipart/form-data; boundary=----WebKitFormBoundaryFjh2RVz9T9lLlOZX',
  'postman-token' => '5acd3c70-06b2-4ad2-092f-8ee4ec00da84',
  'origin' => 'chrome-extension://fhbjgbiflinjbdggehcddcbncdddomop',
  'cache-control' => 'no-cache',
  'user-agent' => 'Mozilla/5.0 (Windows NT 6.1; Win64; x64) AppleWebKit/537.36 (KHTML, like Gecko) Chrome/67.0.3396.62 Safari/537.36',
  'content-length' => '470',
  'connection' => 'close',
  'host' => 'www.plm_dev123.net',
)
[ info ] [ PARAM ] array (
  'access_token' => '67b7bcf9-852c-417b-b27b-643e2a4584b6',
  'data' => '{"bom_id":31}',
  'app_key' => 'ewwew3313343=',
  'mobilephone' => '13813700048',
  'nonce' => 'abdcerw21122',
  'timestamp' => '1520000007',
)
[ info ] [ CACHE ] INIT redis
[ info ] [ DB ] INIT mysql
[ info ] [ RUN ] app\api\controller\v2\Doc->getBomDetail[ E:\phpStudy\WWW\plm_dev\application\api\controller\v2\Doc.php ]
[ info ] [ DB ] INIT mysql
[ info ] [ LOG ] INIT File
[ sql ] [ DB ] CONNECT:[ UseTime:0.018000s ] mysql:dbname=7000mall_plm;host=192.168.80.240;port=3306;charset=utf8
[ sql ] [ SQL ] SHOW COLUMNS FROM `plm_admin_log` [ RunTime:0.045000s ]
[ sql ] [ SQL ] INSERT INTO `plm_admin_log` (`admin_id` , `username` , `route_url` , `title` , `content` , `useragent` , `ip` , `createtime`) VALUES (55 , 'song' , 'doc/getbomdetail' , '67b7bcf9-852c-417b-b27b-643e2a4584b6' , '{\"access_token\":\"67b7bcf9-852c-417b-b27b-643e2a4584b6\",\"data\":\"{\\\"bom_id\\\":31}\",\"app_key\":\"ewwew3313343=\",\"mobilephone\":\"13813700048\",\"nonce\":\"abdcerw21122\",\"timestamp\":\"1520000007\"}' , 'Mozilla/5.0 (Windows NT 6.1; Win64; x64) AppleWebKit/537.36 (KHTML, like Gecko) Chrome/67.0.3396.62 Safari/537.36' , '127.0.0.1' , 1533793920) [ RunTime:0.072000s ]
[ sql ] [ SQL ] SHOW COLUMNS FROM `plm_project_bom` [ RunTime:0.024000s ]
[ sql ] [ SQL ] SELECT `bom_id` FROM `plm_project_bom` WHERE  `bom_id` = 31 LIMIT 1 [ RunTime:0.021000s ]
[ sql ] [ SQL ] SELECT `b`.`bom_id`,`b`.`tpl_id`,`b`.`creator_id`,b.project_name bom_name,`b`.`tpl_name`,`b`.`project_id`,`b`.`node_id`,`b`.`version`,`b`.`add_time`,`b`.`audit_time` FROM `plm_project_bom` `b` WHERE  `b`.`bom_id` = 31 LIMIT 1 [ RunTime:0.023000s ]
[ sql ] [ DB ] CONNECT:[ UseTime:0.012000s ] mysql:dbname=7000mall_center;host=192.168.80.240;port=3306;charset=utf8
[ sql ] [ SQL ] SHOW COLUMNS FROM `c_admin` [ RunTime:0.021000s ]
[ sql ] [ SQL ] SELECT `nickname` FROM `c_admin` WHERE  `admin_id` = 55 LIMIT 1 [ RunTime:0.021000s ]
[ sql ] [ SQL ] SHOW COLUMNS FROM `plm_relation` [ RunTime:0.016000s ]
[ sql ] [ SQL ] SELECT `admin_id`,`role_type` FROM `plm_relation` WHERE  `target_id` = 31  AND `target_type` = 2 ORDER BY relation_id desc [ RunTime:0.025000s ]
[ sql ] [ SQL ] SELECT `nickname` FROM `c_admin` WHERE  `admin_id` = 55 LIMIT 1 [ RunTime:0.017000s ]
[ sql ] [ SQL ] SELECT `nickname` FROM `c_admin` WHERE  `admin_id` = 44 LIMIT 1 [ RunTime:0.018000s ]
[ sql ] [ SQL ] SELECT `nickname` FROM `c_admin` WHERE  `admin_id` = 33 LIMIT 1 [ RunTime:0.023000s ]
[ sql ] [ SQL ] SELECT `nickname` FROM `c_admin` WHERE  `admin_id` = 22 LIMIT 1 [ RunTime:0.012000s ]
[ sql ] [ SQL ] SELECT `nickname` FROM `c_admin` WHERE  `admin_id` = 11 LIMIT 1 [ RunTime:0.025000s ]
[ sql ] [ SQL ] SHOW COLUMNS FROM `plm_bom_material` [ RunTime:0.015000s ]
[ sql ] [ SQL ] SELECT `material_sn`,`material_name`,`specification`,`unit` FROM `plm_bom_material` WHERE  `bom_id` = '31'  AND `relative` = 1 LIMIT 1 [ RunTime:0.018000s ]
[ sql ] [ SQL ] SELECT `material_sn`,`material_name`,`specification`,`numerator_amount`,`denominator_amount`,`unit`,`remark` FROM `plm_bom_material` WHERE  `bom_id` = '31'  AND `relative` = 0 [ RunTime:0.022000s ]
---------------------------------------------------------------
[ 2018-08-09T13:58:41+08:00 ] 127.0.0.1 127.0.0.1 POST /api/v2/doc/getBomDetail?access_token=67b7bcf9-852c-417b-b27b-643e2a4584b6&data={%22bom_id%22:4}
[ info ] www.plm_dev123.net/api/v2/doc/getBomDetail?access_token=67b7bcf9-852c-417b-b27b-643e2a4584b6&data={%22bom_id%22:4} [运行时间：0.130000s][吞吐率：7.69req/s] [内存消耗：2,118.21kb] [文件加载：56]
[ info ] [ LANG ] E:\phpStudy\WWW\plm_dev\thinkphp\lang\zh-cn.php
[ info ] [ ROUTE ] array (
  'type' => 'module',
  'module' => 
  array (
    0 => 'api',
    1 => 'v2.doc',
    2 => 'getBomDetail',
  ),
)
[ info ] [ HEADER ] array (
  'cookie' => 'PHPSESSID=j9phafcucjsvkleln23m7am172',
  'accept-language' => 'zh-CN,zh;q=0.9',
  'accept-encoding' => 'gzip, deflate',
  'accept' => '*/*',
  'content-type' => 'multipart/form-data; boundary=----WebKitFormBoundaryn0K0FLmvU6AI3PMI',
  'postman-token' => '6c2c961b-f2cb-01a0-6e12-afea83b0d074',
  'origin' => 'chrome-extension://fhbjgbiflinjbdggehcddcbncdddomop',
  'cache-control' => 'no-cache',
  'user-agent' => 'Mozilla/5.0 (Windows NT 6.1; Win64; x64) AppleWebKit/537.36 (KHTML, like Gecko) Chrome/67.0.3396.62 Safari/537.36',
  'content-length' => '470',
  'connection' => 'close',
  'host' => 'www.plm_dev123.net',
)
[ info ] [ PARAM ] array (
  'access_token' => '67b7bcf9-852c-417b-b27b-643e2a4584b6',
  'data' => '{"bom_id":4}',
  'app_key' => 'ewwew3313343=',
  'mobilephone' => '13813700048',
  'nonce' => 'abdcerw21122',
  'timestamp' => '1520000007',
)
[ info ] [ CACHE ] INIT redis
[ info ] [ DB ] INIT mysql
[ info ] [ RUN ] app\api\controller\v2\Doc->getBomDetail[ E:\phpStudy\WWW\plm_dev\application\api\controller\v2\Doc.php ]
[ info ] [ DB ] INIT mysql
[ info ] [ LOG ] INIT File
[ sql ] [ DB ] CONNECT:[ UseTime:0.003000s ] mysql:dbname=7000mall_plm;host=192.168.80.240;port=3306;charset=utf8
[ sql ] [ SQL ] SHOW COLUMNS FROM `plm_admin_log` [ RunTime:0.004000s ]
[ sql ] [ SQL ] INSERT INTO `plm_admin_log` (`admin_id` , `username` , `route_url` , `title` , `content` , `useragent` , `ip` , `createtime`) VALUES (55 , 'song' , 'doc/getbomdetail' , '67b7bcf9-852c-417b-b27b-643e2a4584b6' , '{\"access_token\":\"67b7bcf9-852c-417b-b27b-643e2a4584b6\",\"data\":\"{\\\"bom_id\\\":4}\",\"app_key\":\"ewwew3313343=\",\"mobilephone\":\"13813700048\",\"nonce\":\"abdcerw21122\",\"timestamp\":\"1520000007\"}' , 'Mozilla/5.0 (Windows NT 6.1; Win64; x64) AppleWebKit/537.36 (KHTML, like Gecko) Chrome/67.0.3396.62 Safari/537.36' , '127.0.0.1' , 1533794321) [ RunTime:0.028000s ]
[ sql ] [ SQL ] SHOW COLUMNS FROM `plm_project_bom` [ RunTime:0.004000s ]
[ sql ] [ SQL ] SELECT `bom_id` FROM `plm_project_bom` WHERE  `bom_id` = 4 LIMIT 1 [ RunTime:0.002000s ]
[ sql ] [ SQL ] SELECT `b`.`bom_id`,`b`.`tpl_id`,`b`.`creator_id`,b.project_name bom_name,`b`.`tpl_name`,`b`.`project_id`,`b`.`node_id`,`b`.`version`,`b`.`add_time`,`b`.`audit_time` FROM `plm_project_bom` `b` WHERE  `b`.`bom_id` = 4 LIMIT 1 [ RunTime:0.003000s ]
[ sql ] [ DB ] CONNECT:[ UseTime:0.012000s ] mysql:dbname=7000mall_center;host=192.168.80.240;port=3306;charset=utf8
[ sql ] [ SQL ] SHOW COLUMNS FROM `c_admin` [ RunTime:0.004000s ]
[ sql ] [ SQL ] SELECT `nickname` FROM `c_admin` WHERE  `admin_id` = 28 LIMIT 1 [ RunTime:0.002000s ]
[ sql ] [ SQL ] SHOW COLUMNS FROM `plm_relation` [ RunTime:0.004000s ]
[ sql ] [ SQL ] SELECT `admin_id`,`role_type` FROM `plm_relation` WHERE  `target_id` = 4  AND `target_type` = 2 ORDER BY relation_id desc [ RunTime:0.002000s ]
[ sql ] [ SQL ] SHOW COLUMNS FROM `plm_bom_material` [ RunTime:0.004000s ]
[ sql ] [ SQL ] SELECT `material_sn`,`material_name`,`specification`,`unit` FROM `plm_bom_material` WHERE  `bom_id` = '4'  AND `relative` = 1 LIMIT 1 [ RunTime:0.002000s ]
[ sql ] [ SQL ] SELECT `material_sn`,`material_name`,`specification`,`numerator_amount`,`denominator_amount`,`unit`,`remark` FROM `plm_bom_material` WHERE  `bom_id` = '4'  AND `relative` = 0 [ RunTime:0.003000s ]
---------------------------------------------------------------
[ 2018-08-09T13:59:22+08:00 ] 127.0.0.1 127.0.0.1 POST /api/v2/doc/getBomDetail?access_token=67b7bcf9-852c-417b-b27b-643e2a4584b6&data={%22bom_id%22:31}
[ info ] www.plm_dev123.net/api/v2/doc/getBomDetail?access_token=67b7bcf9-852c-417b-b27b-643e2a4584b6&data={%22bom_id%22:31} [运行时间：0.120000s][吞吐率：8.33req/s] [内存消耗：2,127.45kb] [文件加载：56]
[ info ] [ LANG ] E:\phpStudy\WWW\plm_dev\thinkphp\lang\zh-cn.php
[ info ] [ ROUTE ] array (
  'type' => 'module',
  'module' => 
  array (
    0 => 'api',
    1 => 'v2.doc',
    2 => 'getBomDetail',
  ),
)
[ info ] [ HEADER ] array (
  'cookie' => 'PHPSESSID=j9phafcucjsvkleln23m7am172',
  'accept-language' => 'zh-CN,zh;q=0.9',
  'accept-encoding' => 'gzip, deflate',
  'accept' => '*/*',
  'content-type' => 'multipart/form-data; boundary=----WebKitFormBoundary3PkdNf9nurNygnB0',
  'postman-token' => 'c48f7eb0-93d2-fff8-4e45-69333bd6f1e5',
  'origin' => 'chrome-extension://fhbjgbiflinjbdggehcddcbncdddomop',
  'cache-control' => 'no-cache',
  'user-agent' => 'Mozilla/5.0 (Windows NT 6.1; Win64; x64) AppleWebKit/537.36 (KHTML, like Gecko) Chrome/67.0.3396.62 Safari/537.36',
  'content-length' => '470',
  'connection' => 'close',
  'host' => 'www.plm_dev123.net',
)
[ info ] [ PARAM ] array (
  'access_token' => '67b7bcf9-852c-417b-b27b-643e2a4584b6',
  'data' => '{"bom_id":31}',
  'app_key' => 'ewwew3313343=',
  'mobilephone' => '13813700048',
  'nonce' => 'abdcerw21122',
  'timestamp' => '1520000007',
)
[ info ] [ CACHE ] INIT redis
[ info ] [ DB ] INIT mysql
[ info ] [ RUN ] app\api\controller\v2\Doc->getBomDetail[ E:\phpStudy\WWW\plm_dev\application\api\controller\v2\Doc.php ]
[ info ] [ DB ] INIT mysql
[ info ] [ LOG ] INIT File
[ sql ] [ DB ] CONNECT:[ UseTime:0.002000s ] mysql:dbname=7000mall_plm;host=192.168.80.240;port=3306;charset=utf8
[ sql ] [ SQL ] SHOW COLUMNS FROM `plm_admin_log` [ RunTime:0.004000s ]
[ sql ] [ SQL ] INSERT INTO `plm_admin_log` (`admin_id` , `username` , `route_url` , `title` , `content` , `useragent` , `ip` , `createtime`) VALUES (55 , 'song' , 'doc/getbomdetail' , '67b7bcf9-852c-417b-b27b-643e2a4584b6' , '{\"access_token\":\"67b7bcf9-852c-417b-b27b-643e2a4584b6\",\"data\":\"{\\\"bom_id\\\":31}\",\"app_key\":\"ewwew3313343=\",\"mobilephone\":\"13813700048\",\"nonce\":\"abdcerw21122\",\"timestamp\":\"1520000007\"}' , 'Mozilla/5.0 (Windows NT 6.1; Win64; x64) AppleWebKit/537.36 (KHTML, like Gecko) Chrome/67.0.3396.62 Safari/537.36' , '127.0.0.1' , 1533794362) [ RunTime:0.025000s ]
[ sql ] [ SQL ] SHOW COLUMNS FROM `plm_project_bom` [ RunTime:0.004000s ]
[ sql ] [ SQL ] SELECT `bom_id` FROM `plm_project_bom` WHERE  `bom_id` = 31 LIMIT 1 [ RunTime:0.002000s ]
[ sql ] [ SQL ] SELECT `b`.`bom_id`,`b`.`tpl_id`,`b`.`creator_id`,b.project_name bom_name,`b`.`tpl_name`,`b`.`project_id`,`b`.`node_id`,`b`.`version`,`b`.`add_time`,`b`.`audit_time` FROM `plm_project_bom` `b` WHERE  `b`.`bom_id` = 31 LIMIT 1 [ RunTime:0.003000s ]
[ sql ] [ DB ] CONNECT:[ UseTime:0.003000s ] mysql:dbname=7000mall_center;host=192.168.80.240;port=3306;charset=utf8
[ sql ] [ SQL ] SHOW COLUMNS FROM `c_admin` [ RunTime:0.004000s ]
[ sql ] [ SQL ] SELECT `nickname` FROM `c_admin` WHERE  `admin_id` = 55 LIMIT 1 [ RunTime:0.002000s ]
[ sql ] [ SQL ] SHOW COLUMNS FROM `plm_relation` [ RunTime:0.003000s ]
[ sql ] [ SQL ] SELECT `admin_id`,`role_type` FROM `plm_relation` WHERE  `target_id` = 31  AND `target_type` = 2 ORDER BY relation_id desc [ RunTime:0.002000s ]
[ sql ] [ SQL ] SELECT `nickname` FROM `c_admin` WHERE  `admin_id` = 55 LIMIT 1 [ RunTime:0.002000s ]
[ sql ] [ SQL ] SELECT `nickname` FROM `c_admin` WHERE  `admin_id` = 44 LIMIT 1 [ RunTime:0.002000s ]
[ sql ] [ SQL ] SELECT `nickname` FROM `c_admin` WHERE  `admin_id` = 33 LIMIT 1 [ RunTime:0.002000s ]
[ sql ] [ SQL ] SELECT `nickname` FROM `c_admin` WHERE  `admin_id` = 22 LIMIT 1 [ RunTime:0.002000s ]
[ sql ] [ SQL ] SELECT `nickname` FROM `c_admin` WHERE  `admin_id` = 11 LIMIT 1 [ RunTime:0.002000s ]
[ sql ] [ SQL ] SHOW COLUMNS FROM `plm_bom_material` [ RunTime:0.018000s ]
[ sql ] [ SQL ] SELECT `material_sn`,`material_name`,`specification`,`unit` FROM `plm_bom_material` WHERE  `bom_id` = '31'  AND `relative` = 1 LIMIT 1 [ RunTime:0.002000s ]
[ sql ] [ SQL ] SELECT `material_sn`,`material_name`,`specification`,`numerator_amount`,`denominator_amount`,`unit`,`remark` FROM `plm_bom_material` WHERE  `bom_id` = '31'  AND `relative` = 0 [ RunTime:0.002000s ]
