---------------------------------------------------------------
[ 2018-08-16T17:09:16+08:00 ] 127.0.0.1 127.0.0.1 GET /api/v2/Doc/setUpProject?access_token=67b7bcf9-852c-417b-b27b-643e2a4584b6&data={%22creator%22:{%22admin_id%22:55,%22username%22:%22song%22,%22nickname%22:%22song%22},%22create_at%22:%220-0-0%200:0%22,%22doc_id%22:6,%22auditor%22:[{%22admin_id%22:55,%22nickname%22:%22song%22},{%22admin_id%22:44,%22nickname%22:%22%E6%9E%97%E5%85%88%E7%94%9F%22}],%22audit_time%22:%222018-07-26%2014:07%22,%22version%22:%221.0%22,%22user_face%22:%22userface%22,%22usage_scenario%22:%22changjingshiyong%22,%22pain_spot_solve%22:%22tongdian%22,%22product_cost%22:%22chanpinchengben%22,%22target_cost%22:%22mubiao%22,%22first_number%22:%221k%22,%22channel_pricing%22:%2288%22,%22gross_margin%22:%2250%%22,%22annual_sales%22:%2230k%22,%22lifecycle%22:%22%22,%22annual_money%22:%221%E4%BA%BF%22,%22market_time%22:%222018-07-18%22,%22remarks%22:%22song%E6%B5%8B%E8%AF%95test%22,%22open_mode%22:[%221%22,%222%22],%22product_location%22:[%222%22,%223%22],%22channel_matching%22:{%22option%22:[%221%22,%222%22],%22text%22:%22qudaopipei%22},%22tpl_data%22:[{%22view_id%22:228,%22attr_name%22:%22%E5%A3%AB%E5%A4%A7%E5%A4%AB229%22,%22type%22:1,%22list%22:[{%22view_id%22:229,%22attr_name%22:%22%E5%A4%A7%E5%B8%88%E5%82%85%22,%22type%22:1,%22list%22:[{%22view_id%22:224,%22attr_name%22:%22%E9%98%B2%E5%AE%88%E6%89%93%E6%B3%95%22,%22type%22:1,%22list%22:[{%22view_id%22:225,%22attr_name%22:%22%E5%A3%AB%E5%A4%A7%E5%A4%AB%22,%22type%22:3,%22checked%22:false},{%22view_id%22:226,%22attr_name%22:%22%E5%A3%AB%E5%A4%A7%E5%A4%AB234%22,%22type%22:3,%22checked%22:false}]},{%22view_id%22:230,%22attr_name%22:%22%E6%98%AF%E6%89%93%E5%8F%91%E7%AC%AC%E4%B8%89%E6%96%B9%22,%22type%22:2,%22checked%22:false,%22list%22:[{%22view_id%22:231,%22attr_name%22:%22%E6%89%8B%E5%8A%A8%E9%98%80%E4%BF%AE%E6%94%B9%22,%22type%22:3,%22checked%22:false},{%22view_id%22:232,%22attr_value%22:%22%E6%B2%83%E5%B0%94%E6%B2%83%E8%8B%A5%22,%22type%22:3,%22checked%22:false},{%22view_id%22:233,%22attr_value%22:%22%E5%9B%B4%E7%BB%95%E5%8F%91%E7%9A%84ss%E4%BF%AE%E6%94%B9sss%22,%22type%22:3,%22checked%22:true}]}]}]}],%22project_id%22:31,%22node_id%22:2,%22tpl_id%22:93}
[ info ] www.plm_dev123.net/api/v2/Doc/setUpProject?access_token=67b7bcf9-852c-417b-b27b-643e2a4584b6&data={%22creator%22:{%22admin_id%22:55,%22username%22:%22song%22,%22nickname%22:%22song%22},%22create_at%22:%220-0-0%200:0%22,%22doc_id%22:6,%22auditor%22:[{%22admin_id%22:55,%22nickname%22:%22song%22},{%22admin_id%22:44,%22nickname%22:%22%E6%9E%97%E5%85%88%E7%94%9F%22}],%22audit_time%22:%222018-07-26%2014:07%22,%22version%22:%221.0%22,%22user_face%22:%22userface%22,%22usage_scenario%22:%22changjingshiyong%22,%22pain_spot_solve%22:%22tongdian%22,%22product_cost%22:%22chanpinchengben%22,%22target_cost%22:%22mubiao%22,%22first_number%22:%221k%22,%22channel_pricing%22:%2288%22,%22gross_margin%22:%2250%%22,%22annual_sales%22:%2230k%22,%22lifecycle%22:%22%22,%22annual_money%22:%221%E4%BA%BF%22,%22market_time%22:%222018-07-18%22,%22remarks%22:%22song%E6%B5%8B%E8%AF%95test%22,%22open_mode%22:[%221%22,%222%22],%22product_location%22:[%222%22,%223%22],%22channel_matching%22:{%22option%22:[%221%22,%222%22],%22text%22:%22qudaopipei%22},%22tpl_data%22:[{%22view_id%22:228,%22attr_name%22:%22%E5%A3%AB%E5%A4%A7%E5%A4%AB229%22,%22type%22:1,%22list%22:[{%22view_id%22:229,%22attr_name%22:%22%E5%A4%A7%E5%B8%88%E5%82%85%22,%22type%22:1,%22list%22:[{%22view_id%22:224,%22attr_name%22:%22%E9%98%B2%E5%AE%88%E6%89%93%E6%B3%95%22,%22type%22:1,%22list%22:[{%22view_id%22:225,%22attr_name%22:%22%E5%A3%AB%E5%A4%A7%E5%A4%AB%22,%22type%22:3,%22checked%22:false},{%22view_id%22:226,%22attr_name%22:%22%E5%A3%AB%E5%A4%A7%E5%A4%AB234%22,%22type%22:3,%22checked%22:false}]},{%22view_id%22:230,%22attr_name%22:%22%E6%98%AF%E6%89%93%E5%8F%91%E7%AC%AC%E4%B8%89%E6%96%B9%22,%22type%22:2,%22checked%22:false,%22list%22:[{%22view_id%22:231,%22attr_name%22:%22%E6%89%8B%E5%8A%A8%E9%98%80%E4%BF%AE%E6%94%B9%22,%22type%22:3,%22checked%22:false},{%22view_id%22:232,%22attr_value%22:%22%E6%B2%83%E5%B0%94%E6%B2%83%E8%8B%A5%22,%22type%22:3,%22checked%22:false},{%22view_id%22:233,%22attr_value%22:%22%E5%9B%B4%E7%BB%95%E5%8F%91%E7%9A%84ss%E4%BF%AE%E6%94%B9sss%22,%22type%22:3,%22checked%22:true}]}]}]}],%22project_id%22:31,%22node_id%22:2,%22tpl_id%22:93} [运行时间：0.050000s][吞吐率：20.00req/s] [内存消耗：2,094.78kb] [文件加载：53]
[ info ] [ LANG ] E:\phpStudy\WWW\plm_dev\thinkphp\lang\zh-cn.php
[ info ] [ ROUTE ] array (
  'type' => 'module',
  'module' => 
  array (
    0 => 'api',
    1 => 'v2.Doc',
    2 => 'setUpProject',
  ),
)
[ info ] [ HEADER ] array (
  'socketlog' => 'SocketLog(tabid=28&client_id=)',
  'cookie' => 'thinkphp_show_page_trace=0|0; PHPSESSID=qrjhdanlf1bu64ui91hrf4qql3',
  'accept-language' => 'zh-CN,zh;q=0.9',
  'accept-encoding' => 'gzip, deflate',
  'accept' => 'text/html,application/xhtml+xml,application/xml;q=0.9,image/webp,image/apng,*/*;q=0.8',
  'user-agent' => 'Mozilla/5.0 (Windows NT 6.1; Win64; x64) AppleWebKit/537.36 (KHTML, like Gecko) Chrome/67.0.3396.62 Safari/537.36',
  'upgrade-insecure-requests' => '1',
  'cache-control' => 'max-age=0',
  'connection' => 'close',
  'host' => 'www.plm_dev123.net',
)
[ info ] [ PARAM ] array (
  'access_token' => '67b7bcf9-852c-417b-b27b-643e2a4584b6',
  'data' => '{"creator":{"admin_id":55,"username":"song","nickname":"song"},"create_at":"0-0-0 0:0","doc_id":6,"auditor":[{"admin_id":55,"nickname":"song"},{"admin_id":44,"nickname":"林先生"}],"audit_time":"2018-07-26 14:07","version":"1.0","user_face":"userface","usage_scenario":"changjingshiyong","pain_spot_solve":"tongdian","product_cost":"chanpinchengben","target_cost":"mubiao","first_number":"1k","channel_pricing":"88","gross_margin":"50%","annual_sales":"30k","lifecycle":"","annual_money":"1亿","market_time":"2018-07-18","remarks":"song测试test","open_mode":["1","2"],"product_location":["2","3"],"channel_matching":{"option":["1","2"],"text":"qudaopipei"},"tpl_data":[{"view_id":228,"attr_name":"士大夫229","type":1,"list":[{"view_id":229,"attr_name":"大师傅","type":1,"list":[{"view_id":224,"attr_name":"防守打法","type":1,"list":[{"view_id":225,"attr_name":"士大夫","type":3,"checked":false},{"view_id":226,"attr_name":"士大夫234","type":3,"checked":false}]},{"view_id":230,"attr_name":"是打发第三方","type":2,"checked":false,"list":[{"view_id":231,"attr_name":"手动阀修改","type":3,"checked":false},{"view_id":232,"attr_value":"沃尔沃若","type":3,"checked":false},{"view_id":233,"attr_value":"围绕发的ss修改sss","type":3,"checked":true}]}]}]}],"project_id":31,"node_id":2,"tpl_id":93}',
)
[ info ] [ CACHE ] INIT redis
[ info ] [ DB ] INIT mysql
[ info ] [ RUN ] app\api\controller\v2\Doc->setUpProject[ E:\phpStudy\WWW\plm_dev\application\api\controller\v2\Doc.php ]
[ info ] [ LOG ] INIT File
[ sql ] [ DB ] CONNECT:[ UseTime:0.002000s ] mysql:dbname=7000mall_plm;host=192.168.80.240;port=3306;charset=utf8
[ sql ] [ SQL ] SHOW COLUMNS FROM `plm_admin_log` [ RunTime:0.003000s ]
[ sql ] [ SQL ] INSERT INTO `plm_admin_log` (`admin_id` , `username` , `route_url` , `title` , `content` , `useragent` , `ip` , `createtime`) VALUES (55 , 'song' , 'doc/setupproject' , '67b7bcf9-852c-417b-b27b-643e2a4584b6' , '{\"access_token\":\"67b7bcf9-852c-417b-b27b-643e2a4584b6\",\"data\":\"{\\\"creator\\\":{\\\"admin_id\\\":55,\\\"username\\\":\\\"song\\\",\\\"nickname\\\":\\\"song\\\"},\\\"create_at\\\":\\\"0-0-0 0:0\\\",\\\"doc_id\\\":6,\\\"auditor\\\":[{\\\"admin_id\\\":55,\\\"nickname\\\":\\\"song\\\"},{\\\"admin_id\\\":44,\\\"nickname\\\":\\\"\\u6797\\u5148\\u751f\\\"}],\\\"audit_time\\\":\\\"2018-07-26 14:07\\\",\\\"version\\\":\\\"1.0\\\",\\\"user_face\\\":\\\"userface\\\",\\\"usage_scenario\\\":\\\"changjingshiyong\\\",\\\"pain_spot_solve\\\":\\\"tongdian\\\",\\\"product_cost\\\":\\\"chanpinchengben\\\",\\\"target_cost\\\":\\\"mubiao\\\",\\\"first_number\\\":\\\"1k\\\",\\\"channel_pricing\\\":\\\"88\\\",\\\"gross_margin\\\":\\\"50%\\\",\\\"annual_sales\\\":\\\"30k\\\",\\\"lifecycle\\\":\\\"\\\",\\\"annual_money\\\":\\\"1\\u4ebf\\\",\\\"market_time\\\":\\\"2018-07-18\\\",\\\"remarks\\\":\\\"song\\u6d4b\\u8bd5test\\\",\\\"open_mode\\\":[\\\"1\\\",\\\"2\\\"],\\\"product_location\\\":[\\\"2\\\",\\\"3\\\"],\\\"channel_matching\\\":{\\\"option\\\":[\\\"1\\\",\\\"2\\\"],\\\"text\\\":\\\"qudaopipei\\\"},\\\"tpl_data\\\":[{\\\"view_id\\\":228,\\\"attr_name\\\":\\\"\\u58eb\\u5927\\u592b229\\\",\\\"type\\\":1,\\\"list\\\":[{\\\"view_id\\\":229,\\\"attr_name\\\":\\\"\\u5927\\u5e08\\u5085\\\",\\\"type\\\":1,\\\"list\\\":[{\\\"view_id\\\":224,\\\"attr_name\\\":\\\"\\u9632\\u5b88\\u6253\\u6cd5\\\",\\\"type\\\":1,\\\"list\\\":[{\\\"view_id\\\":225,\\\"attr_name\\\":\\\"\\u58eb\\u5927\\u592b\\\",\\\"type\\\":3,\\\"checked\\\":false},{\\\"view_id\\\":226,\\\"attr_name\\\":\\\"\\u58eb\\u5927\\u592b234\\\",\\\"type\\\":3,\\\"checked\\\":false}]},{\\\"view_id\\\":230,\\\"attr_name\\\":\\\"\\u662f\\u6253\\u53d1\\u7b2c\\u4e09\\u65b9\\\",\\\"type\\\":2,\\\"checked\\\":false,\\\"list\\\":[{\\\"view_id\\\":231,\\\"attr_name\\\":\\\"\\u624b\\u52a8\\u9600\\u4fee\\u6539\\\",\\\"type\\\":3,\\\"checked\\\":false},{\\\"view_id\\\":232,\\\"attr_value\\\":\\\"\\u6c83\\u5c14\\u6c83\\u82e5\\\",\\\"type\\\":3,\\\"checked\\\":false},{\\\"view_id\\\":233,\\\"attr_value\\\":\\\"\\u56f4\\u7ed5\\u53d1\\u7684ss\\u4fee\\u6539sss\\\",\\\"type\\\":3,\\\"checked\\\":true}]}]}]}],\\\"project_id\\\":31,\\\"node_id\\\":2,\\\"tpl_id\\\":93}\"}' , 'Mozilla/5.0 (Windows NT 6.1; Win64; x64) AppleWebKit/537.36 (KHTML, like Gecko) Chrome/67.0.3396.62 Safari/537.36' , '127.0.0.1' , 1534410556) [ RunTime:0.004000s ]
---------------------------------------------------------------
[ 2018-08-16T17:24:00+08:00 ] 127.0.0.1 127.0.0.1 GET /api/v2/Doc/setUpProject?access_token=67b7bcf9-852c-417b-b27b-643e2a4584b6&data={%22creator%22:{%22admin_id%22:55,%22username%22:%22song%22,%22nickname%22:%22song%22},%22create_at%22:%220-0-0%200:0%22,%22doc_id%22:6,%22auditor%22:[{%22admin_id%22:55,%22nickname%22:%22song%22},{%22admin_id%22:44,%22nickname%22:%22%E6%9E%97%E5%85%88%E7%94%9F%22}],%22audit_time%22:%222018-07-26%2014:07%22,%22version%22:%221.0%22,%22user_face%22:%22userface%22,%22usage_scenario%22:%22changjingshiyong%22,%22pain_spot_solve%22:%22tongdian%22,%22product_cost%22:%22chanpinchengben%22,%22target_cost%22:%22mubiao%22,%22first_number%22:%221k%22,%22channel_pricing%22:%2288%22,%22gross_margin%22:%2250%%22,%22annual_sales%22:%2230k%22,%22lifecycle%22:%22%22,%22annual_money%22:%221%E4%BA%BF%22,%22market_time%22:%222018-07-18%22,%22remarks%22:%22song%E6%B5%8B%E8%AF%95test%22,%22open_mode%22:[%221%22,%222%22],%22product_location%22:[%222%22,%223%22],%22channel_matching%22:{%22option%22:[%221%22,%222%22],%22text%22:%22qudaopipei%22},%22tpl_data%22:[{%22view_id%22:228,%22attr_name%22:%22%E5%A3%AB%E5%A4%A7%E5%A4%AB229%22,%22type%22:1,%22list%22:[{%22view_id%22:229,%22attr_name%22:%22%E5%A4%A7%E5%B8%88%E5%82%85%22,%22type%22:1,%22list%22:[{%22view_id%22:224,%22attr_name%22:%22%E9%98%B2%E5%AE%88%E6%89%93%E6%B3%95%22,%22type%22:1,%22list%22:[{%22view_id%22:225,%22attr_name%22:%22%E5%A3%AB%E5%A4%A7%E5%A4%AB%22,%22type%22:3,%22checked%22:false},{%22view_id%22:226,%22attr_name%22:%22%E5%A3%AB%E5%A4%A7%E5%A4%AB234%22,%22type%22:3,%22checked%22:false}]},{%22view_id%22:230,%22attr_name%22:%22%E6%98%AF%E6%89%93%E5%8F%91%E7%AC%AC%E4%B8%89%E6%96%B9%22,%22type%22:2,%22checked%22:false,%22list%22:[{%22view_id%22:231,%22attr_name%22:%22%E6%89%8B%E5%8A%A8%E9%98%80%E4%BF%AE%E6%94%B9%22,%22type%22:3,%22checked%22:false},{%22view_id%22:232,%22attr_value%22:%22%E6%B2%83%E5%B0%94%E6%B2%83%E8%8B%A5%22,%22type%22:3,%22checked%22:false},{%22view_id%22:233,%22attr_value%22:%22%E5%9B%B4%E7%BB%95%E5%8F%91%E7%9A%84ss%E4%BF%AE%E6%94%B9sss%22,%22type%22:3,%22checked%22:true}]}]}]}],%22project_id%22:31,%22node_id%22:2,%22tpl_id%22:93}
[ info ] www.plm_dev123.net/api/v2/Doc/setUpProject?access_token=67b7bcf9-852c-417b-b27b-643e2a4584b6&data={%22creator%22:{%22admin_id%22:55,%22username%22:%22song%22,%22nickname%22:%22song%22},%22create_at%22:%220-0-0%200:0%22,%22doc_id%22:6,%22auditor%22:[{%22admin_id%22:55,%22nickname%22:%22song%22},{%22admin_id%22:44,%22nickname%22:%22%E6%9E%97%E5%85%88%E7%94%9F%22}],%22audit_time%22:%222018-07-26%2014:07%22,%22version%22:%221.0%22,%22user_face%22:%22userface%22,%22usage_scenario%22:%22changjingshiyong%22,%22pain_spot_solve%22:%22tongdian%22,%22product_cost%22:%22chanpinchengben%22,%22target_cost%22:%22mubiao%22,%22first_number%22:%221k%22,%22channel_pricing%22:%2288%22,%22gross_margin%22:%2250%%22,%22annual_sales%22:%2230k%22,%22lifecycle%22:%22%22,%22annual_money%22:%221%E4%BA%BF%22,%22market_time%22:%222018-07-18%22,%22remarks%22:%22song%E6%B5%8B%E8%AF%95test%22,%22open_mode%22:[%221%22,%222%22],%22product_location%22:[%222%22,%223%22],%22channel_matching%22:{%22option%22:[%221%22,%222%22],%22text%22:%22qudaopipei%22},%22tpl_data%22:[{%22view_id%22:228,%22attr_name%22:%22%E5%A3%AB%E5%A4%A7%E5%A4%AB229%22,%22type%22:1,%22list%22:[{%22view_id%22:229,%22attr_name%22:%22%E5%A4%A7%E5%B8%88%E5%82%85%22,%22type%22:1,%22list%22:[{%22view_id%22:224,%22attr_name%22:%22%E9%98%B2%E5%AE%88%E6%89%93%E6%B3%95%22,%22type%22:1,%22list%22:[{%22view_id%22:225,%22attr_name%22:%22%E5%A3%AB%E5%A4%A7%E5%A4%AB%22,%22type%22:3,%22checked%22:false},{%22view_id%22:226,%22attr_name%22:%22%E5%A3%AB%E5%A4%A7%E5%A4%AB234%22,%22type%22:3,%22checked%22:false}]},{%22view_id%22:230,%22attr_name%22:%22%E6%98%AF%E6%89%93%E5%8F%91%E7%AC%AC%E4%B8%89%E6%96%B9%22,%22type%22:2,%22checked%22:false,%22list%22:[{%22view_id%22:231,%22attr_name%22:%22%E6%89%8B%E5%8A%A8%E9%98%80%E4%BF%AE%E6%94%B9%22,%22type%22:3,%22checked%22:false},{%22view_id%22:232,%22attr_value%22:%22%E6%B2%83%E5%B0%94%E6%B2%83%E8%8B%A5%22,%22type%22:3,%22checked%22:false},{%22view_id%22:233,%22attr_value%22:%22%E5%9B%B4%E7%BB%95%E5%8F%91%E7%9A%84ss%E4%BF%AE%E6%94%B9sss%22,%22type%22:3,%22checked%22:true}]}]}]}],%22project_id%22:31,%22node_id%22:2,%22tpl_id%22:93} [运行时间：0.089000s][吞吐率：11.24req/s] [内存消耗：2,094.57kb] [文件加载：53]
[ info ] [ LANG ] E:\phpStudy\WWW\plm_dev\thinkphp\lang\zh-cn.php
[ info ] [ ROUTE ] array (
  'type' => 'module',
  'module' => 
  array (
    0 => 'api',
    1 => 'v2.Doc',
    2 => 'setUpProject',
  ),
)
[ info ] [ HEADER ] array (
  'socketlog' => 'SocketLog(tabid=27&client_id=)',
  'cookie' => 'thinkphp_show_page_trace=0|0; PHPSESSID=qrjhdanlf1bu64ui91hrf4qql3',
  'accept-language' => 'zh-CN,zh;q=0.9',
  'accept-encoding' => 'gzip, deflate',
  'accept' => 'text/html,application/xhtml+xml,application/xml;q=0.9,image/webp,image/apng,*/*;q=0.8',
  'user-agent' => 'Mozilla/5.0 (Windows NT 6.1; Win64; x64) AppleWebKit/537.36 (KHTML, like Gecko) Chrome/67.0.3396.62 Safari/537.36',
  'upgrade-insecure-requests' => '1',
  'cache-control' => 'max-age=0',
  'connection' => 'close',
  'host' => 'www.plm_dev123.net',
)
[ info ] [ PARAM ] array (
  'access_token' => '67b7bcf9-852c-417b-b27b-643e2a4584b6',
  'data' => '{"creator":{"admin_id":55,"username":"song","nickname":"song"},"create_at":"0-0-0 0:0","doc_id":6,"auditor":[{"admin_id":55,"nickname":"song"},{"admin_id":44,"nickname":"林先生"}],"audit_time":"2018-07-26 14:07","version":"1.0","user_face":"userface","usage_scenario":"changjingshiyong","pain_spot_solve":"tongdian","product_cost":"chanpinchengben","target_cost":"mubiao","first_number":"1k","channel_pricing":"88","gross_margin":"50%","annual_sales":"30k","lifecycle":"","annual_money":"1亿","market_time":"2018-07-18","remarks":"song测试test","open_mode":["1","2"],"product_location":["2","3"],"channel_matching":{"option":["1","2"],"text":"qudaopipei"},"tpl_data":[{"view_id":228,"attr_name":"士大夫229","type":1,"list":[{"view_id":229,"attr_name":"大师傅","type":1,"list":[{"view_id":224,"attr_name":"防守打法","type":1,"list":[{"view_id":225,"attr_name":"士大夫","type":3,"checked":false},{"view_id":226,"attr_name":"士大夫234","type":3,"checked":false}]},{"view_id":230,"attr_name":"是打发第三方","type":2,"checked":false,"list":[{"view_id":231,"attr_name":"手动阀修改","type":3,"checked":false},{"view_id":232,"attr_value":"沃尔沃若","type":3,"checked":false},{"view_id":233,"attr_value":"围绕发的ss修改sss","type":3,"checked":true}]}]}]}],"project_id":31,"node_id":2,"tpl_id":93}',
)
[ info ] [ CACHE ] INIT redis
[ info ] [ DB ] INIT mysql
[ info ] [ RUN ] app\api\controller\v2\Doc->setUpProject[ E:\phpStudy\WWW\plm_dev\application\api\controller\v2\Doc.php ]
[ info ] [ LOG ] INIT File
[ sql ] [ DB ] CONNECT:[ UseTime:0.011000s ] mysql:dbname=7000mall_plm;host=192.168.80.240;port=3306;charset=utf8
[ sql ] [ SQL ] SHOW COLUMNS FROM `plm_admin_log` [ RunTime:0.003000s ]
[ sql ] [ SQL ] INSERT INTO `plm_admin_log` (`admin_id` , `username` , `route_url` , `title` , `content` , `useragent` , `ip` , `createtime`) VALUES (55 , 'song' , 'doc/setupproject' , '67b7bcf9-852c-417b-b27b-643e2a4584b6' , '{\"access_token\":\"67b7bcf9-852c-417b-b27b-643e2a4584b6\",\"data\":\"{\\\"creator\\\":{\\\"admin_id\\\":55,\\\"username\\\":\\\"song\\\",\\\"nickname\\\":\\\"song\\\"},\\\"create_at\\\":\\\"0-0-0 0:0\\\",\\\"doc_id\\\":6,\\\"auditor\\\":[{\\\"admin_id\\\":55,\\\"nickname\\\":\\\"song\\\"},{\\\"admin_id\\\":44,\\\"nickname\\\":\\\"\\u6797\\u5148\\u751f\\\"}],\\\"audit_time\\\":\\\"2018-07-26 14:07\\\",\\\"version\\\":\\\"1.0\\\",\\\"user_face\\\":\\\"userface\\\",\\\"usage_scenario\\\":\\\"changjingshiyong\\\",\\\"pain_spot_solve\\\":\\\"tongdian\\\",\\\"product_cost\\\":\\\"chanpinchengben\\\",\\\"target_cost\\\":\\\"mubiao\\\",\\\"first_number\\\":\\\"1k\\\",\\\"channel_pricing\\\":\\\"88\\\",\\\"gross_margin\\\":\\\"50%\\\",\\\"annual_sales\\\":\\\"30k\\\",\\\"lifecycle\\\":\\\"\\\",\\\"annual_money\\\":\\\"1\\u4ebf\\\",\\\"market_time\\\":\\\"2018-07-18\\\",\\\"remarks\\\":\\\"song\\u6d4b\\u8bd5test\\\",\\\"open_mode\\\":[\\\"1\\\",\\\"2\\\"],\\\"product_location\\\":[\\\"2\\\",\\\"3\\\"],\\\"channel_matching\\\":{\\\"option\\\":[\\\"1\\\",\\\"2\\\"],\\\"text\\\":\\\"qudaopipei\\\"},\\\"tpl_data\\\":[{\\\"view_id\\\":228,\\\"attr_name\\\":\\\"\\u58eb\\u5927\\u592b229\\\",\\\"type\\\":1,\\\"list\\\":[{\\\"view_id\\\":229,\\\"attr_name\\\":\\\"\\u5927\\u5e08\\u5085\\\",\\\"type\\\":1,\\\"list\\\":[{\\\"view_id\\\":224,\\\"attr_name\\\":\\\"\\u9632\\u5b88\\u6253\\u6cd5\\\",\\\"type\\\":1,\\\"list\\\":[{\\\"view_id\\\":225,\\\"attr_name\\\":\\\"\\u58eb\\u5927\\u592b\\\",\\\"type\\\":3,\\\"checked\\\":false},{\\\"view_id\\\":226,\\\"attr_name\\\":\\\"\\u58eb\\u5927\\u592b234\\\",\\\"type\\\":3,\\\"checked\\\":false}]},{\\\"view_id\\\":230,\\\"attr_name\\\":\\\"\\u662f\\u6253\\u53d1\\u7b2c\\u4e09\\u65b9\\\",\\\"type\\\":2,\\\"checked\\\":false,\\\"list\\\":[{\\\"view_id\\\":231,\\\"attr_name\\\":\\\"\\u624b\\u52a8\\u9600\\u4fee\\u6539\\\",\\\"type\\\":3,\\\"checked\\\":false},{\\\"view_id\\\":232,\\\"attr_value\\\":\\\"\\u6c83\\u5c14\\u6c83\\u82e5\\\",\\\"type\\\":3,\\\"checked\\\":false},{\\\"view_id\\\":233,\\\"attr_value\\\":\\\"\\u56f4\\u7ed5\\u53d1\\u7684ss\\u4fee\\u6539sss\\\",\\\"type\\\":3,\\\"checked\\\":true}]}]}]}],\\\"project_id\\\":31,\\\"node_id\\\":2,\\\"tpl_id\\\":93}\"}' , 'Mozilla/5.0 (Windows NT 6.1; Win64; x64) AppleWebKit/537.36 (KHTML, like Gecko) Chrome/67.0.3396.62 Safari/537.36' , '127.0.0.1' , 1534411440) [ RunTime:0.037000s ]
