---------------------------------------------------------------
[ 2018-11-02T10:20:03+08:00 ] 127.0.0.1 127.0.0.1 GET /api/v2/KcloudErp/getBomGroup
[ info ] www.plm_dev123.net/api/v2/KcloudErp/getBomGroup [运行时间：0.245000s][吞吐率：4.08req/s] [内存消耗：751.78kb] [文件加载：30]
[ info ] [ LANG ] E:\phpStudy\WWW\plm_dev\thinkphp\lang\zh-cn.php
[ info ] [ ROUTE ] array (
  'type' => 'module',
  'module' => 
  array (
    0 => 'api',
    1 => 'v2.KcloudErp',
    2 => 'getBomGroup',
  ),
)
[ info ] [ HEADER ] array (
  'socketlog' => 'SocketLog(tabid=3&client_id=)',
  'accept-language' => 'zh-CN,zh;q=0.9',
  'accept-encoding' => 'gzip, deflate',
  'accept' => 'text/html,application/xhtml+xml,application/xml;q=0.9,image/webp,image/apng,*/*;q=0.8',
  'user-agent' => 'Mozilla/5.0 (Windows NT 6.1; Win64; x64) AppleWebKit/537.36 (KHTML, like Gecko) Chrome/67.0.3396.62 Safari/537.36',
  'upgrade-insecure-requests' => '1',
  'connection' => 'close',
  'host' => 'www.plm_dev123.net',
)
[ info ] [ PARAM ] array (
)
[ info ] [ RUN ] app\api\controller\v2\KcloudErp->getBomGroup[ E:\phpStudy\WWW\plm_dev\application\api\controller\v2\KcloudErp.php ]
[ info ] [ LOG ] INIT File
---------------------------------------------------------------
[ 2018-11-02T10:20:03+08:00 ] 127.0.0.1 127.0.0.1 GET /favicon.ico
[ info ] www.plm_dev123.net/favicon.ico [运行时间：0.045000s][吞吐率：22.22req/s] [内存消耗：888.97kb] [文件加载：39]
[ info ] [ LANG ] E:\phpStudy\WWW\plm_dev\thinkphp\lang\zh-cn.php
[ info ] [ ROUTE ] array (
  'type' => 'module',
  'module' => 
  array (
    0 => 'favicon.ico',
    1 => NULL,
    2 => NULL,
  ),
)
[ info ] [ HEADER ] array (
  'socketlog' => 'SocketLog(tabid=3&client_id=)',
  'cookie' => 'PHPSESSID=mtvipnarpuaf6l0dsqt7cihi73',
  'accept-language' => 'zh-CN,zh;q=0.9',
  'accept-encoding' => 'gzip, deflate',
  'referer' => 'http://www.plm_dev123.net/api/v2/KcloudErp/getBomGroup',
  'accept' => 'image/webp,image/apng,image/*,*/*;q=0.8',
  'user-agent' => 'Mozilla/5.0 (Windows NT 6.1; Win64; x64) AppleWebKit/537.36 (KHTML, like Gecko) Chrome/67.0.3396.62 Safari/537.36',
  'connection' => 'close',
  'host' => 'www.plm_dev123.net',
)
[ info ] [ PARAM ] array (
)
[ info ] [ LOG ] INIT File
---------------------------------------------------------------
[ 2018-11-02T10:20:17+08:00 ] 127.0.0.1 127.0.0.1 GET /api/v2/KcloudErp/getBomGroup
[ info ] www.plm_dev123.net/api/v2/KcloudErp/getBomGroup [运行时间：0.026000s][吞吐率：38.46req/s] [内存消耗：753.23kb] [文件加载：30]
[ info ] [ LANG ] E:\phpStudy\WWW\plm_dev\thinkphp\lang\zh-cn.php
[ info ] [ ROUTE ] array (
  'type' => 'module',
  'module' => 
  array (
    0 => 'api',
    1 => 'v2.KcloudErp',
    2 => 'getBomGroup',
  ),
)
[ info ] [ HEADER ] array (
  'socketlog' => 'SocketLog(tabid=3&client_id=)',
  'cookie' => 'PHPSESSID=mtvipnarpuaf6l0dsqt7cihi73',
  'accept-language' => 'zh-CN,zh;q=0.9',
  'accept-encoding' => 'gzip, deflate',
  'accept' => 'text/html,application/xhtml+xml,application/xml;q=0.9,image/webp,image/apng,*/*;q=0.8',
  'user-agent' => 'Mozilla/5.0 (Windows NT 6.1; Win64; x64) AppleWebKit/537.36 (KHTML, like Gecko) Chrome/67.0.3396.62 Safari/537.36',
  'upgrade-insecure-requests' => '1',
  'cache-control' => 'max-age=0',
  'connection' => 'close',
  'host' => 'www.plm_dev123.net',
)
[ info ] [ PARAM ] array (
)
[ info ] [ RUN ] app\api\controller\v2\KcloudErp->getBomGroup[ E:\phpStudy\WWW\plm_dev\application\api\controller\v2\KcloudErp.php ]
[ info ] [ LOG ] INIT File
---------------------------------------------------------------
[ 2018-11-02T10:20:43+08:00 ] 127.0.0.1 127.0.0.1 GET /api/v2/KcloudErp/getBomGroup
[ info ] www.plm_dev123.net/api/v2/KcloudErp/getBomGroup [运行时间：0.233000s][吞吐率：4.29req/s] [内存消耗：756.98kb] [文件加载：30]
[ info ] [ LANG ] E:\phpStudy\WWW\plm_dev\thinkphp\lang\zh-cn.php
[ info ] [ ROUTE ] array (
  'type' => 'module',
  'module' => 
  array (
    0 => 'api',
    1 => 'v2.KcloudErp',
    2 => 'getBomGroup',
  ),
)
[ info ] [ HEADER ] array (
  'socketlog' => 'SocketLog(tabid=3&client_id=)',
  'cookie' => 'PHPSESSID=mtvipnarpuaf6l0dsqt7cihi73',
  'accept-language' => 'zh-CN,zh;q=0.9',
  'accept-encoding' => 'gzip, deflate',
  'accept' => 'text/html,application/xhtml+xml,application/xml;q=0.9,image/webp,image/apng,*/*;q=0.8',
  'user-agent' => 'Mozilla/5.0 (Windows NT 6.1; Win64; x64) AppleWebKit/537.36 (KHTML, like Gecko) Chrome/67.0.3396.62 Safari/537.36',
  'upgrade-insecure-requests' => '1',
  'cache-control' => 'max-age=0',
  'connection' => 'close',
  'host' => 'www.plm_dev123.net',
)
[ info ] [ PARAM ] array (
)
[ info ] [ RUN ] app\api\controller\v2\KcloudErp->getBomGroup[ E:\phpStudy\WWW\plm_dev\application\api\controller\v2\KcloudErp.php ]
[ info ] [ LOG ] INIT File
---------------------------------------------------------------
[ 2018-11-02T13:26:31+08:00 ] 127.0.0.1 127.0.0.1 GET /api/v2/KcloudErp/test
[ info ] www.plm_dev123.net/api/v2/KcloudErp/test [运行时间：0.228000s][吞吐率：4.39req/s] [内存消耗：880.22kb] [文件加载：36]
[ info ] [ LANG ] E:\phpStudy\WWW\plm_dev\thinkphp\lang\zh-cn.php
[ info ] [ ROUTE ] array (
  'type' => 'module',
  'module' => 
  array (
    0 => 'api',
    1 => 'v2.KcloudErp',
    2 => 'test',
  ),
)
[ info ] [ HEADER ] array (
  'socketlog' => 'SocketLog(tabid=3&client_id=)',
  'cookie' => 'PHPSESSID=mtvipnarpuaf6l0dsqt7cihi73',
  'accept-language' => 'zh-CN,zh;q=0.9',
  'accept-encoding' => 'gzip, deflate',
  'accept' => 'text/html,application/xhtml+xml,application/xml;q=0.9,image/webp,image/apng,*/*;q=0.8',
  'user-agent' => 'Mozilla/5.0 (Windows NT 6.1; Win64; x64) AppleWebKit/537.36 (KHTML, like Gecko) Chrome/67.0.3396.62 Safari/537.36',
  'upgrade-insecure-requests' => '1',
  'connection' => 'close',
  'host' => 'www.plm_dev123.net',
)
[ info ] [ PARAM ] array (
)
[ info ] [ RUN ] app\api\controller\v2\KcloudErp->test[ E:\phpStudy\WWW\plm_dev\application\api\controller\v2\KcloudErp.php ]
[ info ] [ SESSION ] INIT array (
  'id' => '',
  'var_session_id' => '',
  'prefix' => 'plm_',
  'type' => '',
  'auto_start' => true,
)
[ info ] [ LOG ] INIT File
---------------------------------------------------------------
[ 2018-11-02T13:26:48+08:00 ] 127.0.0.1 127.0.0.1 GET /api/v2/KcloudErp/test
[ info ] www.plm_dev123.net/api/v2/KcloudErp/test [运行时间：0.057000s][吞吐率：17.54req/s] [内存消耗：820.31kb] [文件加载：32]
[ info ] [ LANG ] E:\phpStudy\WWW\plm_dev\thinkphp\lang\zh-cn.php
[ info ] [ ROUTE ] array (
  'type' => 'module',
  'module' => 
  array (
    0 => 'api',
    1 => 'v2.KcloudErp',
    2 => 'test',
  ),
)
[ info ] [ HEADER ] array (
  'socketlog' => 'SocketLog(tabid=3&client_id=)',
  'cookie' => 'PHPSESSID=mtvipnarpuaf6l0dsqt7cihi73',
  'accept-language' => 'zh-CN,zh;q=0.9',
  'accept-encoding' => 'gzip, deflate',
  'accept' => 'text/html,application/xhtml+xml,application/xml;q=0.9,image/webp,image/apng,*/*;q=0.8',
  'user-agent' => 'Mozilla/5.0 (Windows NT 6.1; Win64; x64) AppleWebKit/537.36 (KHTML, like Gecko) Chrome/67.0.3396.62 Safari/537.36',
  'upgrade-insecure-requests' => '1',
  'cache-control' => 'max-age=0',
  'connection' => 'close',
  'host' => 'www.plm_dev123.net',
)
[ info ] [ PARAM ] array (
)
[ info ] [ RUN ] app\api\controller\v2\KcloudErp->test[ E:\phpStudy\WWW\plm_dev\application\api\controller\v2\KcloudErp.php ]
[ info ] [ SESSION ] INIT array (
  'id' => '',
  'var_session_id' => '',
  'prefix' => 'plm_',
  'type' => '',
  'auto_start' => true,
)
[ info ] [ LOG ] INIT File
---------------------------------------------------------------
[ 2018-11-02T13:27:31+08:00 ] 127.0.0.1 127.0.0.1 GET /api/v2/KcloudErp/test
[ info ] www.plm_dev123.net/api/v2/KcloudErp/test [运行时间：0.119000s][吞吐率：8.40req/s] [内存消耗：828.02kb] [文件加载：32]
[ info ] [ LANG ] E:\phpStudy\WWW\plm_dev\thinkphp\lang\zh-cn.php
[ info ] [ ROUTE ] array (
  'type' => 'module',
  'module' => 
  array (
    0 => 'api',
    1 => 'v2.KcloudErp',
    2 => 'test',
  ),
)
[ info ] [ HEADER ] array (
  'socketlog' => 'SocketLog(tabid=3&client_id=)',
  'cookie' => 'PHPSESSID=mtvipnarpuaf6l0dsqt7cihi73',
  'accept-language' => 'zh-CN,zh;q=0.9',
  'accept-encoding' => 'gzip, deflate',
  'accept' => 'text/html,application/xhtml+xml,application/xml;q=0.9,image/webp,image/apng,*/*;q=0.8',
  'user-agent' => 'Mozilla/5.0 (Windows NT 6.1; Win64; x64) AppleWebKit/537.36 (KHTML, like Gecko) Chrome/67.0.3396.62 Safari/537.36',
  'upgrade-insecure-requests' => '1',
  'cache-control' => 'max-age=0',
  'connection' => 'close',
  'host' => 'www.plm_dev123.net',
)
[ info ] [ PARAM ] array (
)
[ info ] [ RUN ] app\api\controller\v2\KcloudErp->test[ E:\phpStudy\WWW\plm_dev\application\api\controller\v2\KcloudErp.php ]
[ info ] [ SESSION ] INIT array (
  'id' => '',
  'var_session_id' => '',
  'prefix' => 'plm_',
  'type' => '',
  'auto_start' => true,
)
[ info ] [ LOG ] INIT File
---------------------------------------------------------------
[ 2018-11-02T13:28:02+08:00 ] 127.0.0.1 127.0.0.1 GET /api/v2/KcloudErp/test
[ info ] www.plm_dev123.net/api/v2/KcloudErp/test [运行时间：0.032000s][吞吐率：31.25req/s] [内存消耗：755.79kb] [文件加载：30]
[ info ] [ LANG ] E:\phpStudy\WWW\plm_dev\thinkphp\lang\zh-cn.php
[ info ] [ ROUTE ] array (
  'type' => 'module',
  'module' => 
  array (
    0 => 'api',
    1 => 'v2.KcloudErp',
    2 => 'test',
  ),
)
[ info ] [ HEADER ] array (
  'socketlog' => 'SocketLog(tabid=3&client_id=)',
  'cookie' => 'PHPSESSID=mtvipnarpuaf6l0dsqt7cihi73',
  'accept-language' => 'zh-CN,zh;q=0.9',
  'accept-encoding' => 'gzip, deflate',
  'accept' => 'text/html,application/xhtml+xml,application/xml;q=0.9,image/webp,image/apng,*/*;q=0.8',
  'user-agent' => 'Mozilla/5.0 (Windows NT 6.1; Win64; x64) AppleWebKit/537.36 (KHTML, like Gecko) Chrome/67.0.3396.62 Safari/537.36',
  'upgrade-insecure-requests' => '1',
  'cache-control' => 'max-age=0',
  'connection' => 'close',
  'host' => 'www.plm_dev123.net',
)
[ info ] [ PARAM ] array (
)
[ info ] [ RUN ] app\api\controller\v2\KcloudErp->test[ E:\phpStudy\WWW\plm_dev\application\api\controller\v2\KcloudErp.php ]
[ info ] [ LOG ] INIT File
---------------------------------------------------------------
[ 2018-11-02T13:30:06+08:00 ] 127.0.0.1 127.0.0.1 GET /api/v2/KcloudErp/test
[ info ] www.plm_dev123.net/api/v2/KcloudErp/test [运行时间：0.031000s][吞吐率：32.26req/s] [内存消耗：759.88kb] [文件加载：30]
[ info ] [ LANG ] E:\phpStudy\WWW\plm_dev\thinkphp\lang\zh-cn.php
[ info ] [ ROUTE ] array (
  'type' => 'module',
  'module' => 
  array (
    0 => 'api',
    1 => 'v2.KcloudErp',
    2 => 'test',
  ),
)
[ info ] [ HEADER ] array (
  'socketlog' => 'SocketLog(tabid=3&client_id=)',
  'cookie' => 'PHPSESSID=mtvipnarpuaf6l0dsqt7cihi73',
  'accept-language' => 'zh-CN,zh;q=0.9',
  'accept-encoding' => 'gzip, deflate',
  'accept' => 'text/html,application/xhtml+xml,application/xml;q=0.9,image/webp,image/apng,*/*;q=0.8',
  'user-agent' => 'Mozilla/5.0 (Windows NT 6.1; Win64; x64) AppleWebKit/537.36 (KHTML, like Gecko) Chrome/67.0.3396.62 Safari/537.36',
  'upgrade-insecure-requests' => '1',
  'cache-control' => 'max-age=0',
  'connection' => 'close',
  'host' => 'www.plm_dev123.net',
)
[ info ] [ PARAM ] array (
)
[ info ] [ RUN ] app\api\controller\v2\KcloudErp->test[ E:\phpStudy\WWW\plm_dev\application\api\controller\v2\KcloudErp.php ]
[ info ] [ LOG ] INIT File
---------------------------------------------------------------
[ 2018-11-02T13:33:50+08:00 ] 127.0.0.1 127.0.0.1 GET /api/v2/KcloudErp/test
[ info ] www.plm_dev123.net/api/v2/KcloudErp/test [运行时间：0.034000s][吞吐率：29.41req/s] [内存消耗：760.21kb] [文件加载：30]
[ info ] [ LANG ] E:\phpStudy\WWW\plm_dev\thinkphp\lang\zh-cn.php
[ info ] [ ROUTE ] array (
  'type' => 'module',
  'module' => 
  array (
    0 => 'api',
    1 => 'v2.KcloudErp',
    2 => 'test',
  ),
)
[ info ] [ HEADER ] array (
  'socketlog' => 'SocketLog(tabid=3&client_id=)',
  'cookie' => 'PHPSESSID=mtvipnarpuaf6l0dsqt7cihi73',
  'accept-language' => 'zh-CN,zh;q=0.9',
  'accept-encoding' => 'gzip, deflate',
  'accept' => 'text/html,application/xhtml+xml,application/xml;q=0.9,image/webp,image/apng,*/*;q=0.8',
  'user-agent' => 'Mozilla/5.0 (Windows NT 6.1; Win64; x64) AppleWebKit/537.36 (KHTML, like Gecko) Chrome/67.0.3396.62 Safari/537.36',
  'upgrade-insecure-requests' => '1',
  'cache-control' => 'max-age=0',
  'connection' => 'close',
  'host' => 'www.plm_dev123.net',
)
[ info ] [ PARAM ] array (
)
[ info ] [ RUN ] app\api\controller\v2\KcloudErp->test[ E:\phpStudy\WWW\plm_dev\application\api\controller\v2\KcloudErp.php ]
[ info ] [ LOG ] INIT File
---------------------------------------------------------------
[ 2018-11-02T13:34:03+08:00 ] 127.0.0.1 127.0.0.1 GET /api/v2/KcloudErp/test
[ info ] www.plm_dev123.net/api/v2/KcloudErp/test [运行时间：0.016000s][吞吐率：62.50req/s] [内存消耗：760.21kb] [文件加载：30]
[ info ] [ LANG ] E:\phpStudy\WWW\plm_dev\thinkphp\lang\zh-cn.php
[ info ] [ ROUTE ] array (
  'type' => 'module',
  'module' => 
  array (
    0 => 'api',
    1 => 'v2.KcloudErp',
    2 => 'test',
  ),
)
[ info ] [ HEADER ] array (
  'socketlog' => 'SocketLog(tabid=3&client_id=)',
  'cookie' => 'PHPSESSID=mtvipnarpuaf6l0dsqt7cihi73',
  'accept-language' => 'zh-CN,zh;q=0.9',
  'accept-encoding' => 'gzip, deflate',
  'accept' => 'text/html,application/xhtml+xml,application/xml;q=0.9,image/webp,image/apng,*/*;q=0.8',
  'user-agent' => 'Mozilla/5.0 (Windows NT 6.1; Win64; x64) AppleWebKit/537.36 (KHTML, like Gecko) Chrome/67.0.3396.62 Safari/537.36',
  'upgrade-insecure-requests' => '1',
  'cache-control' => 'max-age=0',
  'connection' => 'close',
  'host' => 'www.plm_dev123.net',
)
[ info ] [ PARAM ] array (
)
[ info ] [ RUN ] app\api\controller\v2\KcloudErp->test[ E:\phpStudy\WWW\plm_dev\application\api\controller\v2\KcloudErp.php ]
[ info ] [ LOG ] INIT File
---------------------------------------------------------------
[ 2018-11-02T13:34:51+08:00 ] 127.0.0.1 127.0.0.1 GET /api/v2/KcloudErp/test
[ info ] www.plm_dev123.net/api/v2/KcloudErp/test [运行时间：0.034000s][吞吐率：29.41req/s] [内存消耗：760.21kb] [文件加载：30]
[ info ] [ LANG ] E:\phpStudy\WWW\plm_dev\thinkphp\lang\zh-cn.php
[ info ] [ ROUTE ] array (
  'type' => 'module',
  'module' => 
  array (
    0 => 'api',
    1 => 'v2.KcloudErp',
    2 => 'test',
  ),
)
[ info ] [ HEADER ] array (
  'socketlog' => 'SocketLog(tabid=3&client_id=)',
  'cookie' => 'PHPSESSID=mtvipnarpuaf6l0dsqt7cihi73',
  'accept-language' => 'zh-CN,zh;q=0.9',
  'accept-encoding' => 'gzip, deflate',
  'accept' => 'text/html,application/xhtml+xml,application/xml;q=0.9,image/webp,image/apng,*/*;q=0.8',
  'user-agent' => 'Mozilla/5.0 (Windows NT 6.1; Win64; x64) AppleWebKit/537.36 (KHTML, like Gecko) Chrome/67.0.3396.62 Safari/537.36',
  'upgrade-insecure-requests' => '1',
  'cache-control' => 'max-age=0',
  'connection' => 'close',
  'host' => 'www.plm_dev123.net',
)
[ info ] [ PARAM ] array (
)
[ info ] [ RUN ] app\api\controller\v2\KcloudErp->test[ E:\phpStudy\WWW\plm_dev\application\api\controller\v2\KcloudErp.php ]
[ info ] [ LOG ] INIT File
---------------------------------------------------------------
[ 2018-11-02T13:35:53+08:00 ] 127.0.0.1 127.0.0.1 GET /api/v2/KcloudErp/test
[ info ] www.plm_dev123.net/api/v2/KcloudErp/test [运行时间：0.028000s][吞吐率：35.71req/s] [内存消耗：760.67kb] [文件加载：30]
[ info ] [ LANG ] E:\phpStudy\WWW\plm_dev\thinkphp\lang\zh-cn.php
[ info ] [ ROUTE ] array (
  'type' => 'module',
  'module' => 
  array (
    0 => 'api',
    1 => 'v2.KcloudErp',
    2 => 'test',
  ),
)
[ info ] [ HEADER ] array (
  'socketlog' => 'SocketLog(tabid=3&client_id=)',
  'cookie' => 'PHPSESSID=mtvipnarpuaf6l0dsqt7cihi73',
  'accept-language' => 'zh-CN,zh;q=0.9',
  'accept-encoding' => 'gzip, deflate',
  'accept' => 'text/html,application/xhtml+xml,application/xml;q=0.9,image/webp,image/apng,*/*;q=0.8',
  'user-agent' => 'Mozilla/5.0 (Windows NT 6.1; Win64; x64) AppleWebKit/537.36 (KHTML, like Gecko) Chrome/67.0.3396.62 Safari/537.36',
  'upgrade-insecure-requests' => '1',
  'cache-control' => 'max-age=0',
  'connection' => 'close',
  'host' => 'www.plm_dev123.net',
)
[ info ] [ PARAM ] array (
)
[ info ] [ RUN ] app\api\controller\v2\KcloudErp->test[ E:\phpStudy\WWW\plm_dev\application\api\controller\v2\KcloudErp.php ]
[ info ] [ LOG ] INIT File
---------------------------------------------------------------
[ 2018-11-02T13:36:13+08:00 ] 127.0.0.1 127.0.0.1 GET /api/v2/KcloudErp/test
[ info ] www.plm_dev123.net/api/v2/KcloudErp/test [运行时间：0.052000s][吞吐率：19.23req/s] [内存消耗：825.68kb] [文件加载：32]
[ info ] [ LANG ] E:\phpStudy\WWW\plm_dev\thinkphp\lang\zh-cn.php
[ info ] [ ROUTE ] array (
  'type' => 'module',
  'module' => 
  array (
    0 => 'api',
    1 => 'v2.KcloudErp',
    2 => 'test',
  ),
)
[ info ] [ HEADER ] array (
  'socketlog' => 'SocketLog(tabid=3&client_id=)',
  'cookie' => 'PHPSESSID=mtvipnarpuaf6l0dsqt7cihi73',
  'accept-language' => 'zh-CN,zh;q=0.9',
  'accept-encoding' => 'gzip, deflate',
  'accept' => 'text/html,application/xhtml+xml,application/xml;q=0.9,image/webp,image/apng,*/*;q=0.8',
  'user-agent' => 'Mozilla/5.0 (Windows NT 6.1; Win64; x64) AppleWebKit/537.36 (KHTML, like Gecko) Chrome/67.0.3396.62 Safari/537.36',
  'upgrade-insecure-requests' => '1',
  'cache-control' => 'max-age=0',
  'connection' => 'close',
  'host' => 'www.plm_dev123.net',
)
[ info ] [ PARAM ] array (
)
[ info ] [ RUN ] app\api\controller\v2\KcloudErp->test[ E:\phpStudy\WWW\plm_dev\application\api\controller\v2\KcloudErp.php ]
[ info ] [ SESSION ] INIT array (
  'id' => '',
  'var_session_id' => '',
  'prefix' => 'plm_',
  'type' => '',
  'auto_start' => true,
)
[ info ] [ LOG ] INIT File
---------------------------------------------------------------
[ 2018-11-02T13:36:28+08:00 ] 127.0.0.1 127.0.0.1 GET /api/v2/KcloudErp/test
[ info ] www.plm_dev123.net/api/v2/KcloudErp/test [运行时间：0.046000s][吞吐率：21.74req/s] [内存消耗：825.20kb] [文件加载：32]
[ info ] [ LANG ] E:\phpStudy\WWW\plm_dev\thinkphp\lang\zh-cn.php
[ info ] [ ROUTE ] array (
  'type' => 'module',
  'module' => 
  array (
    0 => 'api',
    1 => 'v2.KcloudErp',
    2 => 'test',
  ),
)
[ info ] [ HEADER ] array (
  'socketlog' => 'SocketLog(tabid=3&client_id=)',
  'cookie' => 'PHPSESSID=mtvipnarpuaf6l0dsqt7cihi73',
  'accept-language' => 'zh-CN,zh;q=0.9',
  'accept-encoding' => 'gzip, deflate',
  'accept' => 'text/html,application/xhtml+xml,application/xml;q=0.9,image/webp,image/apng,*/*;q=0.8',
  'user-agent' => 'Mozilla/5.0 (Windows NT 6.1; Win64; x64) AppleWebKit/537.36 (KHTML, like Gecko) Chrome/67.0.3396.62 Safari/537.36',
  'upgrade-insecure-requests' => '1',
  'cache-control' => 'max-age=0',
  'connection' => 'close',
  'host' => 'www.plm_dev123.net',
)
[ info ] [ PARAM ] array (
)
[ info ] [ RUN ] app\api\controller\v2\KcloudErp->test[ E:\phpStudy\WWW\plm_dev\application\api\controller\v2\KcloudErp.php ]
[ info ] [ SESSION ] INIT array (
  'id' => '',
  'var_session_id' => '',
  'prefix' => 'plm_',
  'type' => '',
  'auto_start' => true,
)
[ info ] [ LOG ] INIT File
---------------------------------------------------------------
[ 2018-11-02T13:38:11+08:00 ] 127.0.0.1 127.0.0.1 GET /api/v2/KcloudErp/test
[ info ] www.plm_dev123.net/api/v2/KcloudErp/test [运行时间：0.128000s][吞吐率：7.81req/s] [内存消耗：1,018.93kb] [文件加载：42]
[ info ] [ LANG ] E:\phpStudy\WWW\plm_dev\thinkphp\lang\zh-cn.php
[ info ] [ ROUTE ] array (
  'type' => 'module',
  'module' => 
  array (
    0 => 'api',
    1 => 'v2.KcloudErp',
    2 => 'test',
  ),
)
[ info ] [ HEADER ] array (
  'socketlog' => 'SocketLog(tabid=3&client_id=)',
  'cookie' => 'PHPSESSID=mtvipnarpuaf6l0dsqt7cihi73',
  'accept-language' => 'zh-CN,zh;q=0.9',
  'accept-encoding' => 'gzip, deflate',
  'accept' => 'text/html,application/xhtml+xml,application/xml;q=0.9,image/webp,image/apng,*/*;q=0.8',
  'user-agent' => 'Mozilla/5.0 (Windows NT 6.1; Win64; x64) AppleWebKit/537.36 (KHTML, like Gecko) Chrome/67.0.3396.62 Safari/537.36',
  'upgrade-insecure-requests' => '1',
  'cache-control' => 'max-age=0',
  'connection' => 'close',
  'host' => 'www.plm_dev123.net',
)
[ info ] [ PARAM ] array (
)
[ info ] [ RUN ] app\api\controller\v2\KcloudErp->test[ E:\phpStudy\WWW\plm_dev\application\api\controller\v2\KcloudErp.php ]
[ info ] [ SESSION ] INIT array (
  'id' => '',
  'var_session_id' => '',
  'prefix' => 'plm_',
  'type' => '',
  'auto_start' => true,
)
[ info ] [ LOG ] INIT File
[ error ] [8]未定义变量: rate[E:\phpStudy\WWW\plm_dev\application\api\controller\v2\KcloudErp.php:334]
---------------------------------------------------------------
[ 2018-11-02T13:38:40+08:00 ] 127.0.0.1 127.0.0.1 GET /api/v2/KcloudErp/test
[ info ] www.plm_dev123.net/api/v2/KcloudErp/test [运行时间：0.084000s][吞吐率：11.90req/s] [内存消耗：880.22kb] [文件加载：36]
[ info ] [ LANG ] E:\phpStudy\WWW\plm_dev\thinkphp\lang\zh-cn.php
[ info ] [ ROUTE ] array (
  'type' => 'module',
  'module' => 
  array (
    0 => 'api',
    1 => 'v2.KcloudErp',
    2 => 'test',
  ),
)
[ info ] [ HEADER ] array (
  'socketlog' => 'SocketLog(tabid=3&client_id=)',
  'cookie' => 'thinkphp_show_page_trace=0|0; PHPSESSID=mtvipnarpuaf6l0dsqt7cihi73',
  'accept-language' => 'zh-CN,zh;q=0.9',
  'accept-encoding' => 'gzip, deflate',
  'accept' => 'text/html,application/xhtml+xml,application/xml;q=0.9,image/webp,image/apng,*/*;q=0.8',
  'user-agent' => 'Mozilla/5.0 (Windows NT 6.1; Win64; x64) AppleWebKit/537.36 (KHTML, like Gecko) Chrome/67.0.3396.62 Safari/537.36',
  'upgrade-insecure-requests' => '1',
  'cache-control' => 'max-age=0',
  'connection' => 'close',
  'host' => 'www.plm_dev123.net',
)
[ info ] [ PARAM ] array (
)
[ info ] [ RUN ] app\api\controller\v2\KcloudErp->test[ E:\phpStudy\WWW\plm_dev\application\api\controller\v2\KcloudErp.php ]
[ info ] [ SESSION ] INIT array (
  'id' => '',
  'var_session_id' => '',
  'prefix' => 'plm_',
  'type' => '',
  'auto_start' => true,
)
[ info ] [ LOG ] INIT File
---------------------------------------------------------------
[ 2018-11-02T13:38:59+08:00 ] 127.0.0.1 127.0.0.1 GET /api/v2/KcloudErp/test
[ info ] www.plm_dev123.net/api/v2/KcloudErp/test [运行时间：0.043000s][吞吐率：23.26req/s] [内存消耗：825.67kb] [文件加载：32]
[ info ] [ LANG ] E:\phpStudy\WWW\plm_dev\thinkphp\lang\zh-cn.php
[ info ] [ ROUTE ] array (
  'type' => 'module',
  'module' => 
  array (
    0 => 'api',
    1 => 'v2.KcloudErp',
    2 => 'test',
  ),
)
[ info ] [ HEADER ] array (
  'socketlog' => 'SocketLog(tabid=3&client_id=)',
  'cookie' => 'thinkphp_show_page_trace=0|0; PHPSESSID=mtvipnarpuaf6l0dsqt7cihi73',
  'accept-language' => 'zh-CN,zh;q=0.9',
  'accept-encoding' => 'gzip, deflate',
  'accept' => 'text/html,application/xhtml+xml,application/xml;q=0.9,image/webp,image/apng,*/*;q=0.8',
  'user-agent' => 'Mozilla/5.0 (Windows NT 6.1; Win64; x64) AppleWebKit/537.36 (KHTML, like Gecko) Chrome/67.0.3396.62 Safari/537.36',
  'upgrade-insecure-requests' => '1',
  'cache-control' => 'max-age=0',
  'connection' => 'close',
  'host' => 'www.plm_dev123.net',
)
[ info ] [ PARAM ] array (
)
[ info ] [ RUN ] app\api\controller\v2\KcloudErp->test[ E:\phpStudy\WWW\plm_dev\application\api\controller\v2\KcloudErp.php ]
[ info ] [ SESSION ] INIT array (
  'id' => '',
  'var_session_id' => '',
  'prefix' => 'plm_',
  'type' => '',
  'auto_start' => true,
)
[ info ] [ LOG ] INIT File
---------------------------------------------------------------
[ 2018-11-02T13:40:07+08:00 ] 127.0.0.1 127.0.0.1 GET /api/v2/KcloudErp/test
[ info ] www.plm_dev123.net/api/v2/KcloudErp/test [运行时间：0.085059s][吞吐率：11.76req/s] [内存消耗：880.22kb] [文件加载：36]
[ info ] [ LANG ] E:\phpStudy\WWW\plm_dev\thinkphp\lang\zh-cn.php
[ info ] [ ROUTE ] array (
  'type' => 'module',
  'module' => 
  array (
    0 => 'api',
    1 => 'v2.KcloudErp',
    2 => 'test',
  ),
)
[ info ] [ HEADER ] array (
  'socketlog' => 'SocketLog(tabid=3&client_id=)',
  'cookie' => 'thinkphp_show_page_trace=0|0; PHPSESSID=mtvipnarpuaf6l0dsqt7cihi73',
  'accept-language' => 'zh-CN,zh;q=0.9',
  'accept-encoding' => 'gzip, deflate',
  'accept' => 'text/html,application/xhtml+xml,application/xml;q=0.9,image/webp,image/apng,*/*;q=0.8',
  'user-agent' => 'Mozilla/5.0 (Windows NT 6.1; Win64; x64) AppleWebKit/537.36 (KHTML, like Gecko) Chrome/67.0.3396.62 Safari/537.36',
  'upgrade-insecure-requests' => '1',
  'cache-control' => 'max-age=0',
  'connection' => 'close',
  'host' => 'www.plm_dev123.net',
)
[ info ] [ PARAM ] array (
)
[ info ] [ RUN ] app\api\controller\v2\KcloudErp->test[ E:\phpStudy\WWW\plm_dev\application\api\controller\v2\KcloudErp.php ]
[ info ] [ SESSION ] INIT array (
  'id' => '',
  'var_session_id' => '',
  'prefix' => 'plm_',
  'type' => '',
  'auto_start' => true,
)
[ info ] [ LOG ] INIT File
---------------------------------------------------------------
[ 2018-11-02T13:40:36+08:00 ] 127.0.0.1 127.0.0.1 GET /api/v2/KcloudErp/test
[ info ] www.plm_dev123.net/api/v2/KcloudErp/test [运行时间：0.071050s][吞吐率：14.07req/s] [内存消耗：880.36kb] [文件加载：36]
[ info ] [ LANG ] E:\phpStudy\WWW\plm_dev\thinkphp\lang\zh-cn.php
[ info ] [ ROUTE ] array (
  'type' => 'module',
  'module' => 
  array (
    0 => 'api',
    1 => 'v2.KcloudErp',
    2 => 'test',
  ),
)
[ info ] [ HEADER ] array (
  'socketlog' => 'SocketLog(tabid=3&client_id=)',
  'cookie' => 'thinkphp_show_page_trace=0|0; PHPSESSID=mtvipnarpuaf6l0dsqt7cihi73',
  'accept-language' => 'zh-CN,zh;q=0.9',
  'accept-encoding' => 'gzip, deflate',
  'accept' => 'text/html,application/xhtml+xml,application/xml;q=0.9,image/webp,image/apng,*/*;q=0.8',
  'user-agent' => 'Mozilla/5.0 (Windows NT 6.1; Win64; x64) AppleWebKit/537.36 (KHTML, like Gecko) Chrome/67.0.3396.62 Safari/537.36',
  'upgrade-insecure-requests' => '1',
  'cache-control' => 'max-age=0',
  'connection' => 'close',
  'host' => 'www.plm_dev123.net',
)
[ info ] [ PARAM ] array (
)
[ info ] [ RUN ] app\api\controller\v2\KcloudErp->test[ E:\phpStudy\WWW\plm_dev\application\api\controller\v2\KcloudErp.php ]
[ info ] [ SESSION ] INIT array (
  'id' => '',
  'var_session_id' => '',
  'prefix' => 'plm_',
  'type' => '',
  'auto_start' => true,
)
[ info ] [ LOG ] INIT File
---------------------------------------------------------------
[ 2018-11-02T13:40:39+08:00 ] 127.0.0.1 127.0.0.1 GET /api/v2/KcloudErp/test
[ info ] www.plm_dev123.net/api/v2/KcloudErp/test [运行时间：0.068048s][吞吐率：14.70req/s] [内存消耗：880.36kb] [文件加载：36]
[ info ] [ LANG ] E:\phpStudy\WWW\plm_dev\thinkphp\lang\zh-cn.php
[ info ] [ ROUTE ] array (
  'type' => 'module',
  'module' => 
  array (
    0 => 'api',
    1 => 'v2.KcloudErp',
    2 => 'test',
  ),
)
[ info ] [ HEADER ] array (
  'socketlog' => 'SocketLog(tabid=3&client_id=)',
  'cookie' => 'thinkphp_show_page_trace=0|0; PHPSESSID=mtvipnarpuaf6l0dsqt7cihi73',
  'accept-language' => 'zh-CN,zh;q=0.9',
  'accept-encoding' => 'gzip, deflate',
  'accept' => 'text/html,application/xhtml+xml,application/xml;q=0.9,image/webp,image/apng,*/*;q=0.8',
  'user-agent' => 'Mozilla/5.0 (Windows NT 6.1; Win64; x64) AppleWebKit/537.36 (KHTML, like Gecko) Chrome/67.0.3396.62 Safari/537.36',
  'upgrade-insecure-requests' => '1',
  'cache-control' => 'max-age=0',
  'connection' => 'close',
  'host' => 'www.plm_dev123.net',
)
[ info ] [ PARAM ] array (
)
[ info ] [ RUN ] app\api\controller\v2\KcloudErp->test[ E:\phpStudy\WWW\plm_dev\application\api\controller\v2\KcloudErp.php ]
[ info ] [ SESSION ] INIT array (
  'id' => '',
  'var_session_id' => '',
  'prefix' => 'plm_',
  'type' => '',
  'auto_start' => true,
)
[ info ] [ LOG ] INIT File
---------------------------------------------------------------
[ 2018-11-02T13:40:51+08:00 ] 127.0.0.1 127.0.0.1 GET /api/v2/KcloudErp/test
[ info ] www.plm_dev123.net/api/v2/KcloudErp/test [运行时间：0.053037s][吞吐率：18.85req/s] [内存消耗：820.88kb] [文件加载：32]
[ info ] [ LANG ] E:\phpStudy\WWW\plm_dev\thinkphp\lang\zh-cn.php
[ info ] [ ROUTE ] array (
  'type' => 'module',
  'module' => 
  array (
    0 => 'api',
    1 => 'v2.KcloudErp',
    2 => 'test',
  ),
)
[ info ] [ HEADER ] array (
  'socketlog' => 'SocketLog(tabid=3&client_id=)',
  'cookie' => 'thinkphp_show_page_trace=0|0; PHPSESSID=mtvipnarpuaf6l0dsqt7cihi73',
  'accept-language' => 'zh-CN,zh;q=0.9',
  'accept-encoding' => 'gzip, deflate',
  'accept' => 'text/html,application/xhtml+xml,application/xml;q=0.9,image/webp,image/apng,*/*;q=0.8',
  'user-agent' => 'Mozilla/5.0 (Windows NT 6.1; Win64; x64) AppleWebKit/537.36 (KHTML, like Gecko) Chrome/67.0.3396.62 Safari/537.36',
  'upgrade-insecure-requests' => '1',
  'cache-control' => 'max-age=0',
  'connection' => 'close',
  'host' => 'www.plm_dev123.net',
)
[ info ] [ PARAM ] array (
)
[ info ] [ RUN ] app\api\controller\v2\KcloudErp->test[ E:\phpStudy\WWW\plm_dev\application\api\controller\v2\KcloudErp.php ]
[ info ] [ SESSION ] INIT array (
  'id' => '',
  'var_session_id' => '',
  'prefix' => 'plm_',
  'type' => '',
  'auto_start' => true,
)
[ info ] [ LOG ] INIT File
---------------------------------------------------------------
[ 2018-11-02T13:41:13+08:00 ] 127.0.0.1 127.0.0.1 GET /api/v2/KcloudErp/test
[ info ] www.plm_dev123.net/api/v2/KcloudErp/test [运行时间：0.081057s][吞吐率：12.34req/s] [内存消耗：1,019.14kb] [文件加载：42]
[ info ] [ LANG ] E:\phpStudy\WWW\plm_dev\thinkphp\lang\zh-cn.php
[ info ] [ ROUTE ] array (
  'type' => 'module',
  'module' => 
  array (
    0 => 'api',
    1 => 'v2.KcloudErp',
    2 => 'test',
  ),
)
[ info ] [ HEADER ] array (
  'socketlog' => 'SocketLog(tabid=3&client_id=)',
  'cookie' => 'thinkphp_show_page_trace=0|0; PHPSESSID=mtvipnarpuaf6l0dsqt7cihi73',
  'accept-language' => 'zh-CN,zh;q=0.9',
  'accept-encoding' => 'gzip, deflate',
  'accept' => 'text/html,application/xhtml+xml,application/xml;q=0.9,image/webp,image/apng,*/*;q=0.8',
  'user-agent' => 'Mozilla/5.0 (Windows NT 6.1; Win64; x64) AppleWebKit/537.36 (KHTML, like Gecko) Chrome/67.0.3396.62 Safari/537.36',
  'upgrade-insecure-requests' => '1',
  'cache-control' => 'max-age=0',
  'connection' => 'close',
  'host' => 'www.plm_dev123.net',
)
[ info ] [ PARAM ] array (
)
[ info ] [ RUN ] app\api\controller\v2\KcloudErp->test[ E:\phpStudy\WWW\plm_dev\application\api\controller\v2\KcloudErp.php ]
[ info ] [ SESSION ] INIT array (
  'id' => '',
  'var_session_id' => '',
  'prefix' => 'plm_',
  'type' => '',
  'auto_start' => true,
)
[ info ] [ LOG ] INIT File
[ error ] [8]未定义数组下标: 0[E:\phpStudy\WWW\plm_dev\application\api\controller\v2\KcloudErp.php:332]
---------------------------------------------------------------
[ 2018-11-02T13:41:24+08:00 ] 127.0.0.1 127.0.0.1 GET /api/v2/KcloudErp/test
[ info ] www.plm_dev123.net/api/v2/KcloudErp/test [运行时间：0.073052s][吞吐率：13.69req/s] [内存消耗：880.36kb] [文件加载：36]
[ info ] [ LANG ] E:\phpStudy\WWW\plm_dev\thinkphp\lang\zh-cn.php
[ info ] [ ROUTE ] array (
  'type' => 'module',
  'module' => 
  array (
    0 => 'api',
    1 => 'v2.KcloudErp',
    2 => 'test',
  ),
)
[ info ] [ HEADER ] array (
  'socketlog' => 'SocketLog(tabid=3&client_id=)',
  'cookie' => 'thinkphp_show_page_trace=0|0; PHPSESSID=mtvipnarpuaf6l0dsqt7cihi73',
  'accept-language' => 'zh-CN,zh;q=0.9',
  'accept-encoding' => 'gzip, deflate',
  'accept' => 'text/html,application/xhtml+xml,application/xml;q=0.9,image/webp,image/apng,*/*;q=0.8',
  'user-agent' => 'Mozilla/5.0 (Windows NT 6.1; Win64; x64) AppleWebKit/537.36 (KHTML, like Gecko) Chrome/67.0.3396.62 Safari/537.36',
  'upgrade-insecure-requests' => '1',
  'cache-control' => 'max-age=0',
  'connection' => 'close',
  'host' => 'www.plm_dev123.net',
)
[ info ] [ PARAM ] array (
)
[ info ] [ RUN ] app\api\controller\v2\KcloudErp->test[ E:\phpStudy\WWW\plm_dev\application\api\controller\v2\KcloudErp.php ]
[ info ] [ SESSION ] INIT array (
  'id' => '',
  'var_session_id' => '',
  'prefix' => 'plm_',
  'type' => '',
  'auto_start' => true,
)
[ info ] [ LOG ] INIT File
---------------------------------------------------------------
[ 2018-11-02T14:04:23+08:00 ] 127.0.0.1 127.0.0.1 GET /api/v2/KcloudErp/test
[ info ] www.plm_dev123.net/api/v2/KcloudErp/test [运行时间：0.033003s][吞吐率：30.30req/s] [内存消耗：824.77kb] [文件加载：32]
[ info ] [ LANG ] E:\phpStudy\WWW\plm_dev\thinkphp\lang\zh-cn.php
[ info ] [ ROUTE ] array (
  'type' => 'module',
  'module' => 
  array (
    0 => 'api',
    1 => 'v2.KcloudErp',
    2 => 'test',
  ),
)
[ info ] [ HEADER ] array (
  'socketlog' => 'SocketLog(tabid=3&client_id=)',
  'cookie' => 'thinkphp_show_page_trace=0|0; PHPSESSID=mtvipnarpuaf6l0dsqt7cihi73',
  'accept-language' => 'zh-CN,zh;q=0.9',
  'accept-encoding' => 'gzip, deflate',
  'accept' => 'text/html,application/xhtml+xml,application/xml;q=0.9,image/webp,image/apng,*/*;q=0.8',
  'user-agent' => 'Mozilla/5.0 (Windows NT 6.1; Win64; x64) AppleWebKit/537.36 (KHTML, like Gecko) Chrome/67.0.3396.62 Safari/537.36',
  'upgrade-insecure-requests' => '1',
  'cache-control' => 'max-age=0',
  'connection' => 'close',
  'host' => 'www.plm_dev123.net',
)
[ info ] [ PARAM ] array (
)
[ info ] [ RUN ] app\api\controller\v2\KcloudErp->test[ E:\phpStudy\WWW\plm_dev\application\api\controller\v2\KcloudErp.php ]
[ info ] [ SESSION ] INIT array (
  'id' => '',
  'var_session_id' => '',
  'prefix' => 'plm_',
  'type' => '',
  'auto_start' => true,
)
[ info ] [ LOG ] INIT File
---------------------------------------------------------------
[ 2018-11-02T14:04:37+08:00 ] 127.0.0.1 127.0.0.1 GET /api/v2/KcloudErp/test
[ info ] www.plm_dev123.net/api/v2/KcloudErp/test [运行时间：0.073007s][吞吐率：13.70req/s] [内存消耗：880.26kb] [文件加载：36]
[ info ] [ LANG ] E:\phpStudy\WWW\plm_dev\thinkphp\lang\zh-cn.php
[ info ] [ ROUTE ] array (
  'type' => 'module',
  'module' => 
  array (
    0 => 'api',
    1 => 'v2.KcloudErp',
    2 => 'test',
  ),
)
[ info ] [ HEADER ] array (
  'socketlog' => 'SocketLog(tabid=3&client_id=)',
  'cookie' => 'thinkphp_show_page_trace=0|0; PHPSESSID=mtvipnarpuaf6l0dsqt7cihi73',
  'accept-language' => 'zh-CN,zh;q=0.9',
  'accept-encoding' => 'gzip, deflate',
  'accept' => 'text/html,application/xhtml+xml,application/xml;q=0.9,image/webp,image/apng,*/*;q=0.8',
  'user-agent' => 'Mozilla/5.0 (Windows NT 6.1; Win64; x64) AppleWebKit/537.36 (KHTML, like Gecko) Chrome/67.0.3396.62 Safari/537.36',
  'upgrade-insecure-requests' => '1',
  'cache-control' => 'max-age=0',
  'connection' => 'close',
  'host' => 'www.plm_dev123.net',
)
[ info ] [ PARAM ] array (
)
[ info ] [ RUN ] app\api\controller\v2\KcloudErp->test[ E:\phpStudy\WWW\plm_dev\application\api\controller\v2\KcloudErp.php ]
[ info ] [ SESSION ] INIT array (
  'id' => '',
  'var_session_id' => '',
  'prefix' => 'plm_',
  'type' => '',
  'auto_start' => true,
)
[ info ] [ LOG ] INIT File
---------------------------------------------------------------
[ 2018-11-02T14:06:29+08:00 ] 127.0.0.1 127.0.0.1 GET /api/v2/KcloudErp/test
[ info ] www.plm_dev123.net/api/v2/KcloudErp/test [运行时间：0.067006s][吞吐率：14.92req/s] [内存消耗：880.26kb] [文件加载：36]
[ info ] [ LANG ] E:\phpStudy\WWW\plm_dev\thinkphp\lang\zh-cn.php
[ info ] [ ROUTE ] array (
  'type' => 'module',
  'module' => 
  array (
    0 => 'api',
    1 => 'v2.KcloudErp',
    2 => 'test',
  ),
)
[ info ] [ HEADER ] array (
  'socketlog' => 'SocketLog(tabid=3&client_id=)',
  'cookie' => 'thinkphp_show_page_trace=0|0; PHPSESSID=mtvipnarpuaf6l0dsqt7cihi73',
  'accept-language' => 'zh-CN,zh;q=0.9',
  'accept-encoding' => 'gzip, deflate',
  'accept' => 'text/html,application/xhtml+xml,application/xml;q=0.9,image/webp,image/apng,*/*;q=0.8',
  'user-agent' => 'Mozilla/5.0 (Windows NT 6.1; Win64; x64) AppleWebKit/537.36 (KHTML, like Gecko) Chrome/67.0.3396.62 Safari/537.36',
  'upgrade-insecure-requests' => '1',
  'cache-control' => 'max-age=0',
  'connection' => 'close',
  'host' => 'www.plm_dev123.net',
)
[ info ] [ PARAM ] array (
)
[ info ] [ RUN ] app\api\controller\v2\KcloudErp->test[ E:\phpStudy\WWW\plm_dev\application\api\controller\v2\KcloudErp.php ]
[ info ] [ SESSION ] INIT array (
  'id' => '',
  'var_session_id' => '',
  'prefix' => 'plm_',
  'type' => '',
  'auto_start' => true,
)
[ info ] [ LOG ] INIT File
---------------------------------------------------------------
[ 2018-11-02T14:09:59+08:00 ] 127.0.0.1 127.0.0.1 GET /api/v2/KcloudErp/test
[ info ] www.plm_dev123.net/api/v2/KcloudErp/test [运行时间：0.081008s][吞吐率：12.34req/s] [内存消耗：880.26kb] [文件加载：36]
[ info ] [ LANG ] E:\phpStudy\WWW\plm_dev\thinkphp\lang\zh-cn.php
[ info ] [ ROUTE ] array (
  'type' => 'module',
  'module' => 
  array (
    0 => 'api',
    1 => 'v2.KcloudErp',
    2 => 'test',
  ),
)
[ info ] [ HEADER ] array (
  'socketlog' => 'SocketLog(tabid=3&client_id=)',
  'cookie' => 'thinkphp_show_page_trace=0|0; PHPSESSID=mtvipnarpuaf6l0dsqt7cihi73',
  'accept-language' => 'zh-CN,zh;q=0.9',
  'accept-encoding' => 'gzip, deflate',
  'accept' => 'text/html,application/xhtml+xml,application/xml;q=0.9,image/webp,image/apng,*/*;q=0.8',
  'user-agent' => 'Mozilla/5.0 (Windows NT 6.1; Win64; x64) AppleWebKit/537.36 (KHTML, like Gecko) Chrome/67.0.3396.62 Safari/537.36',
  'upgrade-insecure-requests' => '1',
  'cache-control' => 'max-age=0',
  'connection' => 'close',
  'host' => 'www.plm_dev123.net',
)
[ info ] [ PARAM ] array (
)
[ info ] [ RUN ] app\api\controller\v2\KcloudErp->test[ E:\phpStudy\WWW\plm_dev\application\api\controller\v2\KcloudErp.php ]
[ info ] [ SESSION ] INIT array (
  'id' => '',
  'var_session_id' => '',
  'prefix' => 'plm_',
  'type' => '',
  'auto_start' => true,
)
[ info ] [ LOG ] INIT File
---------------------------------------------------------------
[ 2018-11-02T14:10:09+08:00 ] 127.0.0.1 127.0.0.1 GET /api/v2/KcloudErp/test
[ info ] www.plm_dev123.net/api/v2/KcloudErp/test [运行时间：0.091009s][吞吐率：10.99req/s] [内存消耗：880.26kb] [文件加载：36]
[ info ] [ LANG ] E:\phpStudy\WWW\plm_dev\thinkphp\lang\zh-cn.php
[ info ] [ ROUTE ] array (
  'type' => 'module',
  'module' => 
  array (
    0 => 'api',
    1 => 'v2.KcloudErp',
    2 => 'test',
  ),
)
[ info ] [ HEADER ] array (
  'socketlog' => 'SocketLog(tabid=3&client_id=)',
  'cookie' => 'thinkphp_show_page_trace=0|0; PHPSESSID=mtvipnarpuaf6l0dsqt7cihi73',
  'accept-language' => 'zh-CN,zh;q=0.9',
  'accept-encoding' => 'gzip, deflate',
  'accept' => 'text/html,application/xhtml+xml,application/xml;q=0.9,image/webp,image/apng,*/*;q=0.8',
  'user-agent' => 'Mozilla/5.0 (Windows NT 6.1; Win64; x64) AppleWebKit/537.36 (KHTML, like Gecko) Chrome/67.0.3396.62 Safari/537.36',
  'upgrade-insecure-requests' => '1',
  'cache-control' => 'max-age=0',
  'connection' => 'close',
  'host' => 'www.plm_dev123.net',
)
[ info ] [ PARAM ] array (
)
[ info ] [ RUN ] app\api\controller\v2\KcloudErp->test[ E:\phpStudy\WWW\plm_dev\application\api\controller\v2\KcloudErp.php ]
[ info ] [ SESSION ] INIT array (
  'id' => '',
  'var_session_id' => '',
  'prefix' => 'plm_',
  'type' => '',
  'auto_start' => true,
)
[ info ] [ LOG ] INIT File
---------------------------------------------------------------
[ 2018-11-02T14:10:46+08:00 ] 127.0.0.1 127.0.0.1 GET /api/v2/KcloudErp/test
[ info ] www.plm_dev123.net/api/v2/KcloudErp/test [运行时间：0.043004s][吞吐率：23.25req/s] [内存消耗：820.48kb] [文件加载：32]
[ info ] [ LANG ] E:\phpStudy\WWW\plm_dev\thinkphp\lang\zh-cn.php
[ info ] [ ROUTE ] array (
  'type' => 'module',
  'module' => 
  array (
    0 => 'api',
    1 => 'v2.KcloudErp',
    2 => 'test',
  ),
)
[ info ] [ HEADER ] array (
  'socketlog' => 'SocketLog(tabid=3&client_id=)',
  'cookie' => 'thinkphp_show_page_trace=0|0; PHPSESSID=mtvipnarpuaf6l0dsqt7cihi73',
  'accept-language' => 'zh-CN,zh;q=0.9',
  'accept-encoding' => 'gzip, deflate',
  'accept' => 'text/html,application/xhtml+xml,application/xml;q=0.9,image/webp,image/apng,*/*;q=0.8',
  'user-agent' => 'Mozilla/5.0 (Windows NT 6.1; Win64; x64) AppleWebKit/537.36 (KHTML, like Gecko) Chrome/67.0.3396.62 Safari/537.36',
  'upgrade-insecure-requests' => '1',
  'cache-control' => 'max-age=0',
  'connection' => 'close',
  'host' => 'www.plm_dev123.net',
)
[ info ] [ PARAM ] array (
)
[ info ] [ RUN ] app\api\controller\v2\KcloudErp->test[ E:\phpStudy\WWW\plm_dev\application\api\controller\v2\KcloudErp.php ]
[ info ] [ SESSION ] INIT array (
  'id' => '',
  'var_session_id' => '',
  'prefix' => 'plm_',
  'type' => '',
  'auto_start' => true,
)
[ info ] [ LOG ] INIT File
---------------------------------------------------------------
[ 2018-11-02T14:11:46+08:00 ] 127.0.0.1 127.0.0.1 GET /api/v2/KcloudErp/test
[ info ] www.plm_dev123.net/api/v2/KcloudErp/test [运行时间：0.063006s][吞吐率：15.87req/s] [内存消耗：825.76kb] [文件加载：32]
[ info ] [ LANG ] E:\phpStudy\WWW\plm_dev\thinkphp\lang\zh-cn.php
[ info ] [ ROUTE ] array (
  'type' => 'module',
  'module' => 
  array (
    0 => 'api',
    1 => 'v2.KcloudErp',
    2 => 'test',
  ),
)
[ info ] [ HEADER ] array (
  'socketlog' => 'SocketLog(tabid=3&client_id=)',
  'cookie' => 'thinkphp_show_page_trace=0|0; PHPSESSID=mtvipnarpuaf6l0dsqt7cihi73',
  'accept-language' => 'zh-CN,zh;q=0.9',
  'accept-encoding' => 'gzip, deflate',
  'accept' => 'text/html,application/xhtml+xml,application/xml;q=0.9,image/webp,image/apng,*/*;q=0.8',
  'user-agent' => 'Mozilla/5.0 (Windows NT 6.1; Win64; x64) AppleWebKit/537.36 (KHTML, like Gecko) Chrome/67.0.3396.62 Safari/537.36',
  'upgrade-insecure-requests' => '1',
  'cache-control' => 'max-age=0',
  'connection' => 'close',
  'host' => 'www.plm_dev123.net',
)
[ info ] [ PARAM ] array (
)
[ info ] [ RUN ] app\api\controller\v2\KcloudErp->test[ E:\phpStudy\WWW\plm_dev\application\api\controller\v2\KcloudErp.php ]
[ info ] [ SESSION ] INIT array (
  'id' => '',
  'var_session_id' => '',
  'prefix' => 'plm_',
  'type' => '',
  'auto_start' => true,
)
[ info ] [ LOG ] INIT File
---------------------------------------------------------------
[ 2018-11-02T14:11:47+08:00 ] 127.0.0.1 127.0.0.1 GET /api/v2/KcloudErp/test
[ info ] www.plm_dev123.net/api/v2/KcloudErp/test [运行时间：0.077008s][吞吐率：12.99req/s] [内存消耗：825.76kb] [文件加载：32]
[ info ] [ LANG ] E:\phpStudy\WWW\plm_dev\thinkphp\lang\zh-cn.php
[ info ] [ ROUTE ] array (
  'type' => 'module',
  'module' => 
  array (
    0 => 'api',
    1 => 'v2.KcloudErp',
    2 => 'test',
  ),
)
[ info ] [ HEADER ] array (
  'socketlog' => 'SocketLog(tabid=3&client_id=)',
  'cookie' => 'thinkphp_show_page_trace=0|0; PHPSESSID=mtvipnarpuaf6l0dsqt7cihi73',
  'accept-language' => 'zh-CN,zh;q=0.9',
  'accept-encoding' => 'gzip, deflate',
  'accept' => 'text/html,application/xhtml+xml,application/xml;q=0.9,image/webp,image/apng,*/*;q=0.8',
  'user-agent' => 'Mozilla/5.0 (Windows NT 6.1; Win64; x64) AppleWebKit/537.36 (KHTML, like Gecko) Chrome/67.0.3396.62 Safari/537.36',
  'upgrade-insecure-requests' => '1',
  'cache-control' => 'max-age=0',
  'connection' => 'close',
  'host' => 'www.plm_dev123.net',
)
[ info ] [ PARAM ] array (
)
[ info ] [ RUN ] app\api\controller\v2\KcloudErp->test[ E:\phpStudy\WWW\plm_dev\application\api\controller\v2\KcloudErp.php ]
[ info ] [ SESSION ] INIT array (
  'id' => '',
  'var_session_id' => '',
  'prefix' => 'plm_',
  'type' => '',
  'auto_start' => true,
)
[ info ] [ LOG ] INIT File
---------------------------------------------------------------
[ 2018-11-02T14:12:07+08:00 ] 127.0.0.1 127.0.0.1 GET /api/v2/KcloudErp/test
[ info ] www.plm_dev123.net/api/v2/KcloudErp/test [运行时间：0.075008s][吞吐率：13.33req/s] [内存消耗：825.76kb] [文件加载：32]
[ info ] [ LANG ] E:\phpStudy\WWW\plm_dev\thinkphp\lang\zh-cn.php
[ info ] [ ROUTE ] array (
  'type' => 'module',
  'module' => 
  array (
    0 => 'api',
    1 => 'v2.KcloudErp',
    2 => 'test',
  ),
)
[ info ] [ HEADER ] array (
  'socketlog' => 'SocketLog(tabid=3&client_id=)',
  'cookie' => 'thinkphp_show_page_trace=0|0; PHPSESSID=mtvipnarpuaf6l0dsqt7cihi73',
  'accept-language' => 'zh-CN,zh;q=0.9',
  'accept-encoding' => 'gzip, deflate',
  'accept' => 'text/html,application/xhtml+xml,application/xml;q=0.9,image/webp,image/apng,*/*;q=0.8',
  'user-agent' => 'Mozilla/5.0 (Windows NT 6.1; Win64; x64) AppleWebKit/537.36 (KHTML, like Gecko) Chrome/67.0.3396.62 Safari/537.36',
  'upgrade-insecure-requests' => '1',
  'cache-control' => 'max-age=0',
  'connection' => 'close',
  'host' => 'www.plm_dev123.net',
)
[ info ] [ PARAM ] array (
)
[ info ] [ RUN ] app\api\controller\v2\KcloudErp->test[ E:\phpStudy\WWW\plm_dev\application\api\controller\v2\KcloudErp.php ]
[ info ] [ SESSION ] INIT array (
  'id' => '',
  'var_session_id' => '',
  'prefix' => 'plm_',
  'type' => '',
  'auto_start' => true,
)
[ info ] [ LOG ] INIT File
