---------------------------------------------------------------
[ 2018-11-15T17:50:56+08:00 ] 127.0.0.1 127.0.0.1 GET /api/v2/KcloudErp/getBomGroup
[ info ] www.plm_dev123.net/api/v2/KcloudErp/getBomGroup [运行时间：0.235024s][吞吐率：4.25req/s] [内存消耗：1,005.51kb] [文件加载：41]
[ info ] [ LANG ] E:\phpStudy\WWW\plm_dev\thinkphp\lang\zh-cn.php
[ info ] [ ROUTE ] array (
  'type' => 'module',
  'module' => 
  array (
    0 => 'api',
    1 => 'v2.KcloudErp',
    2 => 'getBomGroup',
  ),
)
[ info ] [ HEADER ] array (
  'socketlog' => 'SocketLog(tabid=12&client_id=)',
  'accept-language' => 'zh-CN,zh;q=0.9',
  'accept-encoding' => 'gzip, deflate',
  'accept' => 'text/html,application/xhtml+xml,application/xml;q=0.9,image/webp,image/apng,*/*;q=0.8',
  'user-agent' => 'Mozilla/5.0 (Windows NT 6.1; Win64; x64) AppleWebKit/537.36 (KHTML, like Gecko) Chrome/67.0.3396.62 Safari/537.36',
  'upgrade-insecure-requests' => '1',
  'connection' => 'close',
  'host' => 'www.plm_dev123.net',
)
[ info ] [ PARAM ] array (
)
[ info ] [ RUN ] app\api\controller\v2\KcloudErp->getBomGroup[ E:\phpStudy\WWW\plm_dev\application\api\controller\v2\KcloudErp.php ]
[ info ] [ LOG ] INIT File
[ error ] [2]simplexml_load_string(): Entity: line 1: parser error : Start tag expected, '&lt;' not found[E:\phpStudy\WWW\plm_dev\application\api\controller\v2\KcloudErp.php:181]
---------------------------------------------------------------
[ 2018-11-15T17:50:57+08:00 ] 127.0.0.1 127.0.0.1 GET /favicon.ico
[ info ] www.plm_dev123.net/favicon.ico [运行时间：0.023003s][吞吐率：43.47req/s] [内存消耗：888.97kb] [文件加载：39]
[ info ] [ LANG ] E:\phpStudy\WWW\plm_dev\thinkphp\lang\zh-cn.php
[ info ] [ ROUTE ] array (
  'type' => 'module',
  'module' => 
  array (
    0 => 'favicon.ico',
    1 => NULL,
    2 => NULL,
  ),
)
[ info ] [ HEADER ] array (
  'socketlog' => 'SocketLog(tabid=12&client_id=)',
  'cookie' => 'PHPSESSID=qhrbgnonup9etijtedt8pa1ro1',
  'accept-language' => 'zh-CN,zh;q=0.9',
  'accept-encoding' => 'gzip, deflate',
  'referer' => 'http://www.plm_dev123.net/api/v2/KcloudErp/getBomGroup',
  'accept' => 'image/webp,image/apng,image/*,*/*;q=0.8',
  'user-agent' => 'Mozilla/5.0 (Windows NT 6.1; Win64; x64) AppleWebKit/537.36 (KHTML, like Gecko) Chrome/67.0.3396.62 Safari/537.36',
  'connection' => 'close',
  'host' => 'www.plm_dev123.net',
)
[ info ] [ PARAM ] array (
)
[ info ] [ LOG ] INIT File
---------------------------------------------------------------
[ 2018-11-15T17:51:24+08:00 ] 127.0.0.1 127.0.0.1 GET /api/v2/KcloudErp/getBomGroup
[ info ] www.plm_dev123.net/api/v2/KcloudErp/getBomGroup [运行时间：0.022002s][吞吐率：45.45req/s] [内存消耗：768.48kb] [文件加载：30]
[ info ] [ LANG ] E:\phpStudy\WWW\plm_dev\thinkphp\lang\zh-cn.php
[ info ] [ ROUTE ] array (
  'type' => 'module',
  'module' => 
  array (
    0 => 'api',
    1 => 'v2.KcloudErp',
    2 => 'getBomGroup',
  ),
)
[ info ] [ HEADER ] array (
  'socketlog' => 'SocketLog(tabid=12&client_id=)',
  'cookie' => 'thinkphp_show_page_trace=0|0; PHPSESSID=qhrbgnonup9etijtedt8pa1ro1',
  'accept-language' => 'zh-CN,zh;q=0.9',
  'accept-encoding' => 'gzip, deflate',
  'accept' => 'text/html,application/xhtml+xml,application/xml;q=0.9,image/webp,image/apng,*/*;q=0.8',
  'user-agent' => 'Mozilla/5.0 (Windows NT 6.1; Win64; x64) AppleWebKit/537.36 (KHTML, like Gecko) Chrome/67.0.3396.62 Safari/537.36',
  'upgrade-insecure-requests' => '1',
  'cache-control' => 'max-age=0',
  'connection' => 'close',
  'host' => 'www.plm_dev123.net',
)
[ info ] [ PARAM ] array (
)
[ info ] [ RUN ] app\api\controller\v2\KcloudErp->getBomGroup[ E:\phpStudy\WWW\plm_dev\application\api\controller\v2\KcloudErp.php ]
[ info ] [ LOG ] INIT File
---------------------------------------------------------------
[ 2018-11-15T17:51:54+08:00 ] 127.0.0.1 127.0.0.1 GET /api/v2/KcloudErp/getBomGroup
[ info ] www.plm_dev123.net/api/v2/KcloudErp/getBomGroup [运行时间：0.018002s][吞吐率：55.55req/s] [内存消耗：766.53kb] [文件加载：30]
[ info ] [ LANG ] E:\phpStudy\WWW\plm_dev\thinkphp\lang\zh-cn.php
[ info ] [ ROUTE ] array (
  'type' => 'module',
  'module' => 
  array (
    0 => 'api',
    1 => 'v2.KcloudErp',
    2 => 'getBomGroup',
  ),
)
[ info ] [ HEADER ] array (
  'socketlog' => 'SocketLog(tabid=12&client_id=)',
  'cookie' => 'thinkphp_show_page_trace=0|0; PHPSESSID=qhrbgnonup9etijtedt8pa1ro1',
  'accept-language' => 'zh-CN,zh;q=0.9',
  'accept-encoding' => 'gzip, deflate',
  'accept' => 'text/html,application/xhtml+xml,application/xml;q=0.9,image/webp,image/apng,*/*;q=0.8',
  'user-agent' => 'Mozilla/5.0 (Windows NT 6.1; Win64; x64) AppleWebKit/537.36 (KHTML, like Gecko) Chrome/67.0.3396.62 Safari/537.36',
  'upgrade-insecure-requests' => '1',
  'cache-control' => 'max-age=0',
  'connection' => 'close',
  'host' => 'www.plm_dev123.net',
)
[ info ] [ PARAM ] array (
)
[ info ] [ RUN ] app\api\controller\v2\KcloudErp->getBomGroup[ E:\phpStudy\WWW\plm_dev\application\api\controller\v2\KcloudErp.php ]
[ info ] [ LOG ] INIT File
