---------------------------------------------------------------
[ 2019-03-01T17:00:04+08:00 ] 127.0.0.1 127.0.0.1 GET /api/v2/material/getDetail?access_token=69785c2d-7075-4732-80a0-e5d8ab2e4344&data={%22material_code%22:%22YKMS00627%22}
[ info ] www.plm_dev123.net/api/v2/material/getDetail?access_token=69785c2d-7075-4732-80a0-e5d8ab2e4344&data={%22material_code%22:%22YKMS00627%22} [运行时间：0.459000s][吞吐率：2.18req/s] [内存消耗：2,268.18kb] [文件加载：54]
[ info ] [ LANG ] E:\phpStudy\WWW\plm_dev\thinkphp\lang\zh-cn.php
[ info ] [ ROUTE ] array (
  'type' => 'module',
  'module' => 
  array (
    0 => 'api',
    1 => 'v2.material',
    2 => 'getDetail',
  ),
)
[ info ] [ HEADER ] array (
  'socketlog' => 'SocketLog(tabid=13&client_id=)',
  'accept-language' => 'zh-CN,zh;q=0.9',
  'accept-encoding' => 'gzip, deflate',
  'accept' => 'text/html,application/xhtml+xml,application/xml;q=0.9,image/webp,image/apng,*/*;q=0.8',
  'user-agent' => 'Mozilla/5.0 (Windows NT 6.1; Win64; x64) AppleWebKit/537.36 (KHTML, like Gecko) Chrome/67.0.3396.62 Safari/537.36',
  'upgrade-insecure-requests' => '1',
  'connection' => 'close',
  'host' => 'www.plm_dev123.net',
)
[ info ] [ PARAM ] array (
  'access_token' => '69785c2d-7075-4732-80a0-e5d8ab2e4344',
  'data' => '{"material_code":"YKMS00627"}',
)
[ info ] [ CACHE ] INIT redis
[ info ] [ DB ] INIT mysql
[ info ] [ RUN ] app\api\controller\v2\Material->getDetail[ E:\phpStudy\WWW\plm_dev\application\api\controller\v2\Material.php ]
[ info ] [ LOG ] INIT File
[ sql ] [ DB ] CONNECT:[ UseTime:0.002000s ] mysql:dbname=7000mall_plm;host=192.168.80.240;port=3306;charset=utf8
[ sql ] [ SQL ] SHOW COLUMNS FROM `plm_admin_log` [ RunTime:0.010000s ]
[ sql ] [ SQL ] INSERT INTO `plm_admin_log` (`admin_id` , `username` , `route_url` , `title` , `content` , `useragent` , `ip` , `createtime`) VALUES (111 , 'liuwen3' , 'material/getdetail' , '69785c2d-7075-4732-80a0-e5d8ab2e4344' , '{\"access_token\":\"69785c2d-7075-4732-80a0-e5d8ab2e4344\",\"data\":\"{\\\"material_code\\\":\\\"YKMS00627\\\"}\"}' , 'Mozilla/5.0 (Windows NT 6.1; Win64; x64) AppleWebKit/537.36 (KHTML, like Gecko) Chrome/67.0.3396.62 Safari/537.36' , '127.0.0.1' , 1551430804) [ RunTime:0.037000s ]
[ sql ] [ SQL ] SHOW COLUMNS FROM `plm_material` [ RunTime:0.005000s ]
[ sql ] [ SQL ] SELECT `material_id`,`material_name`,`material_code`,`material_code_old`,`specifications`,`specifications_code`,`description`,`material_attribute`,`basic_unit`,`start_batch`,unit_convert as convert_unit,`is_suite`,`control`,rate as default_tax_rate,`inventory_type`,`tax_type`,`inventory_unit`,`assistant_unit`,is_expiration as enable_expiration,`expiration_date`,`expiration_date_online`,`expiration_unit`,`batch_num_rule`,`batch_num_extra`,`sale_unit`,`sale_pricing_unit`,`allow_return`,`purchase_unit`,purchase_price_unit as purchase_pricing_unit,is_quota as enable_quota,`quota_way`,`min_split_amount`,is_return_material as allow_return_material,`outsource_unit`,`fixed_lead_time`,outsource_price_unit as outsource_pricing_unit,`product_unit`,`product_type`,`standard_labor_unit`,`standard_labor_hour`,issue_qty as give_material_way,`reverse_time`,`over_give_control`,min_issue_qty as min_give_material,`min_give_unit`,`plan_strategy`,`manufacture_strategy`,`order_strategy`,`plan_area`,mrp_combine as MPR_combine,`product_level`,`vary_lead_time_unit`,`fixed_lead_time_unit`,`vary_lead_time`,`check_lead_time`,`check_lead_time_unit`,`offset_time`,`offset_time_unit`,`order_interval_time`,`order_interval_unit`,`material_category`,`mg_code`,`product_package_name`,`product_chinese_name`,`model_no` FROM `plm_material` WHERE  `material_code` = 'YKMS00627'  AND `material_slave_status` = 0 LIMIT 1 [ RunTime:0.017000s ]
[ sql ] [ SQL ] SHOW COLUMNS FROM `plm_material_grouping` [ RunTime:0.004000s ]
[ sql ] [ SQL ] SELECT `mg_name` FROM `plm_material_grouping` WHERE  `mg_code` = 'G13' LIMIT 1 [ RunTime:0.002000s ]
---------------------------------------------------------------
[ 2019-03-01T17:00:04+08:00 ] 127.0.0.1 127.0.0.1 GET /favicon.ico
[ info ] www.plm_dev123.net/favicon.ico [运行时间：0.051000s][吞吐率：19.61req/s] [内存消耗：889.31kb] [文件加载：39]
[ info ] [ LANG ] E:\phpStudy\WWW\plm_dev\thinkphp\lang\zh-cn.php
[ info ] [ ROUTE ] array (
  'type' => 'module',
  'module' => 
  array (
    0 => 'favicon.ico',
    1 => NULL,
    2 => NULL,
  ),
)
[ info ] [ HEADER ] array (
  'socketlog' => 'SocketLog(tabid=13&client_id=)',
  'cookie' => 'PHPSESSID=2p2k40nergttri5qvh6ks3scp7',
  'accept-language' => 'zh-CN,zh;q=0.9',
  'accept-encoding' => 'gzip, deflate',
  'referer' => 'http://www.plm_dev123.net/api/v2/material/getDetail?access_token=69785c2d-7075-4732-80a0-e5d8ab2e4344&data={%22material_code%22:%22YKMS00627%22}',
  'accept' => 'image/webp,image/apng,image/*,*/*;q=0.8',
  'user-agent' => 'Mozilla/5.0 (Windows NT 6.1; Win64; x64) AppleWebKit/537.36 (KHTML, like Gecko) Chrome/67.0.3396.62 Safari/537.36',
  'connection' => 'close',
  'host' => 'www.plm_dev123.net',
)
[ info ] [ PARAM ] array (
)
[ info ] [ LOG ] INIT File
---------------------------------------------------------------
[ 2019-03-01T17:00:24+08:00 ] 127.0.0.1 127.0.0.1 GET /api/v2/material/getDetail?access_token=69785c2d-7075-4732-80a0-e5d8ab2e4344&data={%22material_code%22:%22YKMS00627%22}
[ info ] www.plm_dev123.net/api/v2/material/getDetail?access_token=69785c2d-7075-4732-80a0-e5d8ab2e4344&data={%22material_code%22:%22YKMS00627%22} [运行时间：0.118000s][吞吐率：8.47req/s] [内存消耗：2,268.58kb] [文件加载：54]
[ info ] [ LANG ] E:\phpStudy\WWW\plm_dev\thinkphp\lang\zh-cn.php
[ info ] [ ROUTE ] array (
  'type' => 'module',
  'module' => 
  array (
    0 => 'api',
    1 => 'v2.material',
    2 => 'getDetail',
  ),
)
[ info ] [ HEADER ] array (
  'socketlog' => 'SocketLog(tabid=13&client_id=)',
  'cookie' => 'PHPSESSID=2p2k40nergttri5qvh6ks3scp7',
  'accept-language' => 'zh-CN,zh;q=0.9',
  'accept-encoding' => 'gzip, deflate',
  'accept' => 'text/html,application/xhtml+xml,application/xml;q=0.9,image/webp,image/apng,*/*;q=0.8',
  'user-agent' => 'Mozilla/5.0 (Windows NT 6.1; Win64; x64) AppleWebKit/537.36 (KHTML, like Gecko) Chrome/67.0.3396.62 Safari/537.36',
  'upgrade-insecure-requests' => '1',
  'connection' => 'close',
  'host' => 'www.plm_dev123.net',
)
[ info ] [ PARAM ] array (
  'access_token' => '69785c2d-7075-4732-80a0-e5d8ab2e4344',
  'data' => '{"material_code":"YKMS00627"}',
)
[ info ] [ CACHE ] INIT redis
[ info ] [ DB ] INIT mysql
[ info ] [ RUN ] app\api\controller\v2\Material->getDetail[ E:\phpStudy\WWW\plm_dev\application\api\controller\v2\Material.php ]
[ info ] [ LOG ] INIT File
[ sql ] [ DB ] CONNECT:[ UseTime:0.010000s ] mysql:dbname=7000mall_plm;host=192.168.80.240;port=3306;charset=utf8
[ sql ] [ SQL ] SHOW COLUMNS FROM `plm_admin_log` [ RunTime:0.004000s ]
[ sql ] [ SQL ] INSERT INTO `plm_admin_log` (`admin_id` , `username` , `route_url` , `title` , `content` , `useragent` , `ip` , `createtime`) VALUES (111 , 'liuwen3' , 'material/getdetail' , '69785c2d-7075-4732-80a0-e5d8ab2e4344' , '{\"access_token\":\"69785c2d-7075-4732-80a0-e5d8ab2e4344\",\"data\":\"{\\\"material_code\\\":\\\"YKMS00627\\\"}\"}' , 'Mozilla/5.0 (Windows NT 6.1; Win64; x64) AppleWebKit/537.36 (KHTML, like Gecko) Chrome/67.0.3396.62 Safari/537.36' , '127.0.0.1' , 1551430824) [ RunTime:0.031000s ]
[ sql ] [ SQL ] SHOW COLUMNS FROM `plm_material` [ RunTime:0.004000s ]
[ sql ] [ SQL ] SELECT `material_id`,`material_name`,`material_code`,`material_code_old`,`specifications`,`specifications_code`,`description`,`material_attribute`,`basic_unit`,`start_batch`,unit_convert as convert_unit,`is_suite`,`control`,rate as default_tax_rate,`inventory_type`,`tax_type`,`inventory_unit`,`assistant_unit`,is_expiration as enable_expiration,`expiration_date`,`expiration_date_online`,`expiration_unit`,`batch_num_rule`,`batch_num_extra`,`sale_unit`,`sale_pricing_unit`,`allow_return`,`purchase_unit`,purchase_price_unit as purchase_pricing_unit,is_quota as enable_quota,`quota_way`,`min_split_amount`,is_return_material as allow_return_material,`outsource_unit`,`fixed_lead_time`,outsource_price_unit as outsource_pricing_unit,`product_unit`,`product_type`,`standard_labor_unit`,`standard_labor_hour`,issue_qty as give_material_way,`reverse_time`,`over_give_control`,min_issue_qty as min_give_material,`min_give_unit`,`plan_strategy`,`manufacture_strategy`,`order_strategy`,`plan_area`,mrp_combine as MPR_combine,`product_level`,`vary_lead_time_unit`,`fixed_lead_time_unit`,`vary_lead_time`,`check_lead_time`,`check_lead_time_unit`,`offset_time`,`offset_time_unit`,`order_interval_time`,`order_interval_unit`,`material_category`,`mg_code`,`product_package_name`,`product_chinese_name`,`model_no` FROM `plm_material` WHERE  `material_code` = 'YKMS00627'  AND `material_slave_status` = 0 LIMIT 1 [ RunTime:0.011000s ]
[ sql ] [ SQL ] SHOW COLUMNS FROM `plm_material_grouping` [ RunTime:0.003000s ]
[ sql ] [ SQL ] SELECT `mg_name` FROM `plm_material_grouping` WHERE  `mg_code` = 'G13' LIMIT 1 [ RunTime:0.001000s ]
---------------------------------------------------------------
[ 2019-03-01T17:00:42+08:00 ] 127.0.0.1 127.0.0.1 GET /api/v2/Doc/addDownRecord?access_token=69785c2d-7075-4732-80a0-e5d8ab2e4344&data={%22material_code%22:%22YKMS00627%22}
[ info ] www.plm_dev123.net/api/v2/Doc/addDownRecord?access_token=69785c2d-7075-4732-80a0-e5d8ab2e4344&data={%22material_code%22:%22YKMS00627%22} [运行时间：0.091000s][吞吐率：10.99req/s] [内存消耗：2,122.61kb] [文件加载：53]
[ info ] [ LANG ] E:\phpStudy\WWW\plm_dev\thinkphp\lang\zh-cn.php
[ info ] [ ROUTE ] array (
  'type' => 'module',
  'module' => 
  array (
    0 => 'api',
    1 => 'v2.Doc',
    2 => 'addDownRecord',
  ),
)
[ info ] [ HEADER ] array (
  'socketlog' => 'SocketLog(tabid=13&client_id=)',
  'cookie' => 'PHPSESSID=2p2k40nergttri5qvh6ks3scp7',
  'accept-language' => 'zh-CN,zh;q=0.9',
  'accept-encoding' => 'gzip, deflate',
  'accept' => 'text/html,application/xhtml+xml,application/xml;q=0.9,image/webp,image/apng,*/*;q=0.8',
  'user-agent' => 'Mozilla/5.0 (Windows NT 6.1; Win64; x64) AppleWebKit/537.36 (KHTML, like Gecko) Chrome/67.0.3396.62 Safari/537.36',
  'upgrade-insecure-requests' => '1',
  'connection' => 'close',
  'host' => 'www.plm_dev123.net',
)
[ info ] [ PARAM ] array (
  'access_token' => '69785c2d-7075-4732-80a0-e5d8ab2e4344',
  'data' => '{"material_code":"YKMS00627"}',
)
[ info ] [ CACHE ] INIT redis
[ info ] [ DB ] INIT mysql
[ info ] [ RUN ] app\api\controller\v2\Doc->addDownRecord[ E:\phpStudy\WWW\plm_dev\application\api\controller\v2\Doc.php ]
[ info ] [ LOG ] INIT File
[ sql ] [ DB ] CONNECT:[ UseTime:0.002000s ] mysql:dbname=7000mall_plm;host=192.168.80.240;port=3306;charset=utf8
[ sql ] [ SQL ] SHOW COLUMNS FROM `plm_admin_log` [ RunTime:0.004000s ]
[ sql ] [ SQL ] INSERT INTO `plm_admin_log` (`admin_id` , `username` , `route_url` , `title` , `content` , `useragent` , `ip` , `createtime`) VALUES (111 , 'liuwen3' , 'doc/adddownrecord' , '69785c2d-7075-4732-80a0-e5d8ab2e4344' , '{\"access_token\":\"69785c2d-7075-4732-80a0-e5d8ab2e4344\",\"data\":\"{\\\"material_code\\\":\\\"YKMS00627\\\"}\"}' , 'Mozilla/5.0 (Windows NT 6.1; Win64; x64) AppleWebKit/537.36 (KHTML, like Gecko) Chrome/67.0.3396.62 Safari/537.36' , '127.0.0.1' , 1551430842) [ RunTime:0.023000s ]
---------------------------------------------------------------
[ 2019-03-01T17:00:50+08:00 ] 127.0.0.1 127.0.0.1 GET /api/v2/Doc/addDownRecord?access_token=69785c2d-7075-4732-80a0-e5d8ab2e4344&data={%22material_code%22:%22YKMS00627%22}
[ info ] www.plm_dev123.net/api/v2/Doc/addDownRecord?access_token=69785c2d-7075-4732-80a0-e5d8ab2e4344&data={%22material_code%22:%22YKMS00627%22} [运行时间：0.101000s][吞吐率：9.90req/s] [内存消耗：2,122.67kb] [文件加载：53]
[ info ] [ LANG ] E:\phpStudy\WWW\plm_dev\thinkphp\lang\zh-cn.php
[ info ] [ ROUTE ] array (
  'type' => 'module',
  'module' => 
  array (
    0 => 'api',
    1 => 'v2.Doc',
    2 => 'addDownRecord',
  ),
)
[ info ] [ HEADER ] array (
  'socketlog' => 'SocketLog(tabid=13&client_id=)',
  'cookie' => 'PHPSESSID=2p2k40nergttri5qvh6ks3scp7',
  'accept-language' => 'zh-CN,zh;q=0.9',
  'accept-encoding' => 'gzip, deflate',
  'accept' => 'text/html,application/xhtml+xml,application/xml;q=0.9,image/webp,image/apng,*/*;q=0.8',
  'user-agent' => 'Mozilla/5.0 (Windows NT 6.1; Win64; x64) AppleWebKit/537.36 (KHTML, like Gecko) Chrome/67.0.3396.62 Safari/537.36',
  'upgrade-insecure-requests' => '1',
  'cache-control' => 'max-age=0',
  'connection' => 'close',
  'host' => 'www.plm_dev123.net',
)
[ info ] [ PARAM ] array (
  'access_token' => '69785c2d-7075-4732-80a0-e5d8ab2e4344',
  'data' => '{"material_code":"YKMS00627"}',
)
[ info ] [ CACHE ] INIT redis
[ info ] [ DB ] INIT mysql
[ info ] [ RUN ] app\api\controller\v2\Doc->addDownRecord[ E:\phpStudy\WWW\plm_dev\application\api\controller\v2\Doc.php ]
[ info ] [ LOG ] INIT File
[ sql ] [ DB ] CONNECT:[ UseTime:0.011000s ] mysql:dbname=7000mall_plm;host=192.168.80.240;port=3306;charset=utf8
[ sql ] [ SQL ] SHOW COLUMNS FROM `plm_admin_log` [ RunTime:0.004000s ]
[ sql ] [ SQL ] INSERT INTO `plm_admin_log` (`admin_id` , `username` , `route_url` , `title` , `content` , `useragent` , `ip` , `createtime`) VALUES (111 , 'liuwen3' , 'doc/adddownrecord' , '69785c2d-7075-4732-80a0-e5d8ab2e4344' , '{\"access_token\":\"69785c2d-7075-4732-80a0-e5d8ab2e4344\",\"data\":\"{\\\"material_code\\\":\\\"YKMS00627\\\"}\"}' , 'Mozilla/5.0 (Windows NT 6.1; Win64; x64) AppleWebKit/537.36 (KHTML, like Gecko) Chrome/67.0.3396.62 Safari/537.36' , '127.0.0.1' , 1551430850) [ RunTime:0.023000s ]
---------------------------------------------------------------
[ 2019-03-01T17:01:18+08:00 ] 127.0.0.1 127.0.0.1 GET /api/v2/Doc/addDownRecord?access_token=69785c2d-7075-4732-80a0-e5d8ab2e4344&data={%22doc_id%22:107}
[ info ] www.plm_dev123.net/api/v2/Doc/addDownRecord?access_token=69785c2d-7075-4732-80a0-e5d8ab2e4344&data={%22doc_id%22:107} [运行时间：0.116000s][吞吐率：8.62req/s] [内存消耗：2,243.54kb] [文件加载：61]
[ info ] [ LANG ] E:\phpStudy\WWW\plm_dev\thinkphp\lang\zh-cn.php
[ info ] [ ROUTE ] array (
  'type' => 'module',
  'module' => 
  array (
    0 => 'api',
    1 => 'v2.Doc',
    2 => 'addDownRecord',
  ),
)
[ info ] [ HEADER ] array (
  'socketlog' => 'SocketLog(tabid=13&client_id=)',
  'cookie' => 'PHPSESSID=2p2k40nergttri5qvh6ks3scp7',
  'accept-language' => 'zh-CN,zh;q=0.9',
  'accept-encoding' => 'gzip, deflate',
  'accept' => 'text/html,application/xhtml+xml,application/xml;q=0.9,image/webp,image/apng,*/*;q=0.8',
  'user-agent' => 'Mozilla/5.0 (Windows NT 6.1; Win64; x64) AppleWebKit/537.36 (KHTML, like Gecko) Chrome/67.0.3396.62 Safari/537.36',
  'upgrade-insecure-requests' => '1',
  'connection' => 'close',
  'host' => 'www.plm_dev123.net',
)
[ info ] [ PARAM ] array (
  'access_token' => '69785c2d-7075-4732-80a0-e5d8ab2e4344',
  'data' => '{"doc_id":107}',
)
[ info ] [ CACHE ] INIT redis
[ info ] [ DB ] INIT mysql
[ info ] [ RUN ] app\api\controller\v2\Doc->addDownRecord[ E:\phpStudy\WWW\plm_dev\application\api\controller\v2\Doc.php ]
[ info ] [ LOG ] INIT File
[ sql ] [ DB ] CONNECT:[ UseTime:0.011000s ] mysql:dbname=7000mall_plm;host=192.168.80.240;port=3306;charset=utf8
[ sql ] [ SQL ] SHOW COLUMNS FROM `plm_admin_log` [ RunTime:0.004000s ]
[ sql ] [ SQL ] INSERT INTO `plm_admin_log` (`admin_id` , `username` , `route_url` , `title` , `content` , `useragent` , `ip` , `createtime`) VALUES (111 , 'liuwen3' , 'doc/adddownrecord' , '69785c2d-7075-4732-80a0-e5d8ab2e4344' , '{\"access_token\":\"69785c2d-7075-4732-80a0-e5d8ab2e4344\",\"data\":\"{\\\"doc_id\\\":107}\"}' , 'Mozilla/5.0 (Windows NT 6.1; Win64; x64) AppleWebKit/537.36 (KHTML, like Gecko) Chrome/67.0.3396.62 Safari/537.36' , '127.0.0.1' , 1551430878) [ RunTime:0.027000s ]
[ error ] [2]call_user_func() expects parameter 1 to be a valid callback, class 'Document' not found[E:\phpStudy\WWW\plm_dev\application\api\controller\v2\Doc.php:929]
---------------------------------------------------------------
[ 2019-03-01T17:03:03+08:00 ] 127.0.0.1 127.0.0.1 GET /api/v2/Doc/addDownRecord?access_token=69785c2d-7075-4732-80a0-e5d8ab2e4344&data={%22doc_id%22:107}
[ info ] www.plm_dev123.net/api/v2/Doc/addDownRecord?access_token=69785c2d-7075-4732-80a0-e5d8ab2e4344&data={%22doc_id%22:107} [运行时间：0.148000s][吞吐率：6.76req/s] [内存消耗：2,225.94kb] [文件加载：55]
[ info ] [ LANG ] E:\phpStudy\WWW\plm_dev\thinkphp\lang\zh-cn.php
[ info ] [ ROUTE ] array (
  'type' => 'module',
  'module' => 
  array (
    0 => 'api',
    1 => 'v2.Doc',
    2 => 'addDownRecord',
  ),
)
[ info ] [ HEADER ] array (
  'socketlog' => 'SocketLog(tabid=13&client_id=)',
  'cookie' => 'thinkphp_show_page_trace=0|0; PHPSESSID=2p2k40nergttri5qvh6ks3scp7',
  'accept-language' => 'zh-CN,zh;q=0.9',
  'accept-encoding' => 'gzip, deflate',
  'accept' => 'text/html,application/xhtml+xml,application/xml;q=0.9,image/webp,image/apng,*/*;q=0.8',
  'user-agent' => 'Mozilla/5.0 (Windows NT 6.1; Win64; x64) AppleWebKit/537.36 (KHTML, like Gecko) Chrome/67.0.3396.62 Safari/537.36',
  'upgrade-insecure-requests' => '1',
  'cache-control' => 'max-age=0',
  'connection' => 'close',
  'host' => 'www.plm_dev123.net',
)
[ info ] [ PARAM ] array (
  'access_token' => '69785c2d-7075-4732-80a0-e5d8ab2e4344',
  'data' => '{"doc_id":107}',
)
[ info ] [ CACHE ] INIT redis
[ info ] [ DB ] INIT mysql
[ info ] [ RUN ] app\api\controller\v2\Doc->addDownRecord[ E:\phpStudy\WWW\plm_dev\application\api\controller\v2\Doc.php ]
[ info ] [ LOG ] INIT File
[ sql ] [ DB ] CONNECT:[ UseTime:0.002000s ] mysql:dbname=7000mall_plm;host=192.168.80.240;port=3306;charset=utf8
[ sql ] [ SQL ] SHOW COLUMNS FROM `plm_admin_log` [ RunTime:0.004000s ]
[ sql ] [ SQL ] INSERT INTO `plm_admin_log` (`admin_id` , `username` , `route_url` , `title` , `content` , `useragent` , `ip` , `createtime`) VALUES (111 , 'liuwen3' , 'doc/adddownrecord' , '69785c2d-7075-4732-80a0-e5d8ab2e4344' , '{\"access_token\":\"69785c2d-7075-4732-80a0-e5d8ab2e4344\",\"data\":\"{\\\"doc_id\\\":107}\"}' , 'Mozilla/5.0 (Windows NT 6.1; Win64; x64) AppleWebKit/537.36 (KHTML, like Gecko) Chrome/67.0.3396.62 Safari/537.36' , '127.0.0.1' , 1551430983) [ RunTime:0.027000s ]
[ sql ] [ SQL ] SHOW COLUMNS FROM `plm_document` [ RunTime:0.004000s ]
[ sql ] [ SQL ] SELECT * FROM `plm_document` WHERE  `pd_id` = 107 LIMIT 1 [ RunTime:0.003000s ]
[ sql ] [ SQL ] SHOW COLUMNS FROM `plm_document_download_record` [ RunTime:0.004000s ]
[ sql ] [ SQL ] INSERT INTO `plm_document_download_record` (`project_id` , `plm_dir_id` , `pd_id` , `admin_id` , `create_time`) VALUES (185 , 1 , 107 , 111 , 1551430983) [ RunTime:0.004000s ]
---------------------------------------------------------------
[ 2019-03-01T17:03:14+08:00 ] 127.0.0.1 127.0.0.1 GET /api/v2/Doc/addDownRecord?access_token=69785c2d-7075-4732-80a0-e5d8ab2e4344&data={%22doc_id%22:107}
[ info ] www.plm_dev123.net/api/v2/Doc/addDownRecord?access_token=69785c2d-7075-4732-80a0-e5d8ab2e4344&data={%22doc_id%22:107} [运行时间：0.124000s][吞吐率：8.06req/s] [内存消耗：2,225.94kb] [文件加载：55]
[ info ] [ LANG ] E:\phpStudy\WWW\plm_dev\thinkphp\lang\zh-cn.php
[ info ] [ ROUTE ] array (
  'type' => 'module',
  'module' => 
  array (
    0 => 'api',
    1 => 'v2.Doc',
    2 => 'addDownRecord',
  ),
)
[ info ] [ HEADER ] array (
  'socketlog' => 'SocketLog(tabid=13&client_id=)',
  'cookie' => 'thinkphp_show_page_trace=0|0; PHPSESSID=2p2k40nergttri5qvh6ks3scp7',
  'accept-language' => 'zh-CN,zh;q=0.9',
  'accept-encoding' => 'gzip, deflate',
  'accept' => 'text/html,application/xhtml+xml,application/xml;q=0.9,image/webp,image/apng,*/*;q=0.8',
  'user-agent' => 'Mozilla/5.0 (Windows NT 6.1; Win64; x64) AppleWebKit/537.36 (KHTML, like Gecko) Chrome/67.0.3396.62 Safari/537.36',
  'upgrade-insecure-requests' => '1',
  'cache-control' => 'max-age=0',
  'connection' => 'close',
  'host' => 'www.plm_dev123.net',
)
[ info ] [ PARAM ] array (
  'access_token' => '69785c2d-7075-4732-80a0-e5d8ab2e4344',
  'data' => '{"doc_id":107}',
)
[ info ] [ CACHE ] INIT redis
[ info ] [ DB ] INIT mysql
[ info ] [ RUN ] app\api\controller\v2\Doc->addDownRecord[ E:\phpStudy\WWW\plm_dev\application\api\controller\v2\Doc.php ]
[ info ] [ LOG ] INIT File
[ sql ] [ DB ] CONNECT:[ UseTime:0.010000s ] mysql:dbname=7000mall_plm;host=192.168.80.240;port=3306;charset=utf8
[ sql ] [ SQL ] SHOW COLUMNS FROM `plm_admin_log` [ RunTime:0.004000s ]
[ sql ] [ SQL ] INSERT INTO `plm_admin_log` (`admin_id` , `username` , `route_url` , `title` , `content` , `useragent` , `ip` , `createtime`) VALUES (111 , 'liuwen3' , 'doc/adddownrecord' , '69785c2d-7075-4732-80a0-e5d8ab2e4344' , '{\"access_token\":\"69785c2d-7075-4732-80a0-e5d8ab2e4344\",\"data\":\"{\\\"doc_id\\\":107}\"}' , 'Mozilla/5.0 (Windows NT 6.1; Win64; x64) AppleWebKit/537.36 (KHTML, like Gecko) Chrome/67.0.3396.62 Safari/537.36' , '127.0.0.1' , 1551430994) [ RunTime:0.030000s ]
[ sql ] [ SQL ] SHOW COLUMNS FROM `plm_document` [ RunTime:0.004000s ]
[ sql ] [ SQL ] SELECT * FROM `plm_document` WHERE  `pd_id` = 107 LIMIT 1 [ RunTime:0.003000s ]
[ sql ] [ SQL ] SHOW COLUMNS FROM `plm_document_download_record` [ RunTime:0.004000s ]
[ sql ] [ SQL ] INSERT INTO `plm_document_download_record` (`project_id` , `plm_dir_id` , `pd_id` , `admin_id` , `create_time`) VALUES (185 , 1 , 107 , 111 , 1551430994) [ RunTime:0.004000s ]
---------------------------------------------------------------
[ 2019-03-01T17:03:49+08:00 ] 127.0.0.1 127.0.0.1 GET /api/v2/Doc/addDownRecord?access_token=69785c2d-7075-4732-80a0-e5d8ab2e4344&data={%22doc_id%22:107}
[ info ] www.plm_dev123.net/api/v2/Doc/addDownRecord?access_token=69785c2d-7075-4732-80a0-e5d8ab2e4344&data={%22doc_id%22:107} [运行时间：0.137000s][吞吐率：7.30req/s] [内存消耗：2,226.11kb] [文件加载：55]
[ info ] [ LANG ] E:\phpStudy\WWW\plm_dev\thinkphp\lang\zh-cn.php
[ info ] [ ROUTE ] array (
  'type' => 'module',
  'module' => 
  array (
    0 => 'api',
    1 => 'v2.Doc',
    2 => 'addDownRecord',
  ),
)
[ info ] [ HEADER ] array (
  'socketlog' => 'SocketLog(tabid=13&client_id=)',
  'cookie' => 'thinkphp_show_page_trace=0|0; PHPSESSID=2p2k40nergttri5qvh6ks3scp7',
  'accept-language' => 'zh-CN,zh;q=0.9',
  'accept-encoding' => 'gzip, deflate',
  'accept' => 'text/html,application/xhtml+xml,application/xml;q=0.9,image/webp,image/apng,*/*;q=0.8',
  'user-agent' => 'Mozilla/5.0 (Windows NT 6.1; Win64; x64) AppleWebKit/537.36 (KHTML, like Gecko) Chrome/67.0.3396.62 Safari/537.36',
  'upgrade-insecure-requests' => '1',
  'cache-control' => 'max-age=0',
  'connection' => 'close',
  'host' => 'www.plm_dev123.net',
)
[ info ] [ PARAM ] array (
  'access_token' => '69785c2d-7075-4732-80a0-e5d8ab2e4344',
  'data' => '{"doc_id":107}',
)
[ info ] [ CACHE ] INIT redis
[ info ] [ DB ] INIT mysql
[ info ] [ RUN ] app\api\controller\v2\Doc->addDownRecord[ E:\phpStudy\WWW\plm_dev\application\api\controller\v2\Doc.php ]
[ info ] [ LOG ] INIT File
[ sql ] [ DB ] CONNECT:[ UseTime:0.002000s ] mysql:dbname=7000mall_plm;host=192.168.80.240;port=3306;charset=utf8
[ sql ] [ SQL ] SHOW COLUMNS FROM `plm_admin_log` [ RunTime:0.004000s ]
[ sql ] [ SQL ] INSERT INTO `plm_admin_log` (`admin_id` , `username` , `route_url` , `title` , `content` , `useragent` , `ip` , `createtime`) VALUES (111 , 'liuwen3' , 'doc/adddownrecord' , '69785c2d-7075-4732-80a0-e5d8ab2e4344' , '{\"access_token\":\"69785c2d-7075-4732-80a0-e5d8ab2e4344\",\"data\":\"{\\\"doc_id\\\":107}\"}' , 'Mozilla/5.0 (Windows NT 6.1; Win64; x64) AppleWebKit/537.36 (KHTML, like Gecko) Chrome/67.0.3396.62 Safari/537.36' , '127.0.0.1' , 1551431029) [ RunTime:0.026000s ]
[ sql ] [ SQL ] SHOW COLUMNS FROM `plm_document` [ RunTime:0.004000s ]
[ sql ] [ SQL ] SELECT * FROM `plm_document` WHERE  `pd_id` = 107 LIMIT 1 [ RunTime:0.002000s ]
[ sql ] [ SQL ] SHOW COLUMNS FROM `plm_document_download_record` [ RunTime:0.003000s ]
[ sql ] [ SQL ] INSERT INTO `plm_document_download_record` (`project_id` , `plm_dir_id` , `pd_id` , `admin_id` , `create_time`) VALUES (185 , 1 , 107 , 111 , 1551431029) [ RunTime:0.036000s ]
---------------------------------------------------------------
[ 2019-03-01T17:05:37+08:00 ] 127.0.0.1 127.0.0.1 GET /api/v2/Doc/getDocDetail?access_token=69785c2d-7075-4732-80a0-e5d8ab2e4344&data={%22doc_id%22:107}
[ info ] www.plm_dev123.net/api/v2/Doc/getDocDetail?access_token=69785c2d-7075-4732-80a0-e5d8ab2e4344&data={%22doc_id%22:107} [运行时间：0.100000s][吞吐率：10.00req/s] [内存消耗：2,333.92kb] [文件加载：62]
[ info ] [ LANG ] E:\phpStudy\WWW\plm_dev\thinkphp\lang\zh-cn.php
[ info ] [ ROUTE ] array (
  'type' => 'module',
  'module' => 
  array (
    0 => 'api',
    1 => 'v2.Doc',
    2 => 'getDocDetail',
  ),
)
[ info ] [ HEADER ] array (
  'socketlog' => 'SocketLog(tabid=13&client_id=)',
  'cookie' => 'thinkphp_show_page_trace=0|0; PHPSESSID=2p2k40nergttri5qvh6ks3scp7',
  'accept-language' => 'zh-CN,zh;q=0.9',
  'accept-encoding' => 'gzip, deflate',
  'accept' => 'text/html,application/xhtml+xml,application/xml;q=0.9,image/webp,image/apng,*/*;q=0.8',
  'user-agent' => 'Mozilla/5.0 (Windows NT 6.1; Win64; x64) AppleWebKit/537.36 (KHTML, like Gecko) Chrome/67.0.3396.62 Safari/537.36',
  'upgrade-insecure-requests' => '1',
  'connection' => 'close',
  'host' => 'www.plm_dev123.net',
)
[ info ] [ PARAM ] array (
  'access_token' => '69785c2d-7075-4732-80a0-e5d8ab2e4344',
  'data' => '{"doc_id":107}',
)
[ info ] [ CACHE ] INIT redis
[ info ] [ DB ] INIT mysql
[ info ] [ RUN ] app\api\controller\v2\Doc->getDocDetail[ E:\phpStudy\WWW\plm_dev\application\api\controller\v2\Doc.php ]
[ info ] [ LOG ] INIT File
[ sql ] [ DB ] CONNECT:[ UseTime:0.002000s ] mysql:dbname=7000mall_plm;host=192.168.80.240;port=3306;charset=utf8
[ sql ] [ SQL ] SHOW COLUMNS FROM `plm_admin_log` [ RunTime:0.004000s ]
[ sql ] [ SQL ] INSERT INTO `plm_admin_log` (`admin_id` , `username` , `route_url` , `title` , `content` , `useragent` , `ip` , `createtime`) VALUES (111 , 'liuwen3' , 'doc/getdocdetail' , '69785c2d-7075-4732-80a0-e5d8ab2e4344' , '{\"access_token\":\"69785c2d-7075-4732-80a0-e5d8ab2e4344\",\"data\":\"{\\\"doc_id\\\":107}\"}' , 'Mozilla/5.0 (Windows NT 6.1; Win64; x64) AppleWebKit/537.36 (KHTML, like Gecko) Chrome/67.0.3396.62 Safari/537.36' , '127.0.0.1' , 1551431136) [ RunTime:0.024000s ]
[ error ] [8]未定义变量: parms[E:\phpStudy\WWW\plm_dev\application\api\controller\v2\Doc.php:823]
---------------------------------------------------------------
[ 2019-03-01T17:05:46+08:00 ] 127.0.0.1 127.0.0.1 GET /api/v2/Doc/getDocDetail?access_token=69785c2d-7075-4732-80a0-e5d8ab2e4344&data={%22doc_id%22:107}
[ info ] www.plm_dev123.net/api/v2/Doc/getDocDetail?access_token=69785c2d-7075-4732-80a0-e5d8ab2e4344&data={%22doc_id%22:107} [运行时间：0.219000s][吞吐率：4.57req/s] [内存消耗：2,545.20kb] [文件加载：57]
[ info ] [ LANG ] E:\phpStudy\WWW\plm_dev\thinkphp\lang\zh-cn.php
[ info ] [ ROUTE ] array (
  'type' => 'module',
  'module' => 
  array (
    0 => 'api',
    1 => 'v2.Doc',
    2 => 'getDocDetail',
  ),
)
[ info ] [ HEADER ] array (
  'socketlog' => 'SocketLog(tabid=13&client_id=)',
  'cookie' => 'thinkphp_show_page_trace=0|0; PHPSESSID=2p2k40nergttri5qvh6ks3scp7',
  'accept-language' => 'zh-CN,zh;q=0.9',
  'accept-encoding' => 'gzip, deflate',
  'accept' => 'text/html,application/xhtml+xml,application/xml;q=0.9,image/webp,image/apng,*/*;q=0.8',
  'user-agent' => 'Mozilla/5.0 (Windows NT 6.1; Win64; x64) AppleWebKit/537.36 (KHTML, like Gecko) Chrome/67.0.3396.62 Safari/537.36',
  'upgrade-insecure-requests' => '1',
  'cache-control' => 'max-age=0',
  'connection' => 'close',
  'host' => 'www.plm_dev123.net',
)
[ info ] [ PARAM ] array (
  'access_token' => '69785c2d-7075-4732-80a0-e5d8ab2e4344',
  'data' => '{"doc_id":107}',
)
[ info ] [ CACHE ] INIT redis
[ info ] [ DB ] INIT mysql
[ info ] [ RUN ] app\api\controller\v2\Doc->getDocDetail[ E:\phpStudy\WWW\plm_dev\application\api\controller\v2\Doc.php ]
[ info ] [ DB ] INIT mysql
[ info ] [ LOG ] INIT File
[ sql ] [ DB ] CONNECT:[ UseTime:0.011000s ] mysql:dbname=7000mall_plm;host=192.168.80.240;port=3306;charset=utf8
[ sql ] [ SQL ] SHOW COLUMNS FROM `plm_admin_log` [ RunTime:0.004000s ]
[ sql ] [ SQL ] INSERT INTO `plm_admin_log` (`admin_id` , `username` , `route_url` , `title` , `content` , `useragent` , `ip` , `createtime`) VALUES (111 , 'liuwen3' , 'doc/getdocdetail' , '69785c2d-7075-4732-80a0-e5d8ab2e4344' , '{\"access_token\":\"69785c2d-7075-4732-80a0-e5d8ab2e4344\",\"data\":\"{\\\"doc_id\\\":107}\"}' , 'Mozilla/5.0 (Windows NT 6.1; Win64; x64) AppleWebKit/537.36 (KHTML, like Gecko) Chrome/67.0.3396.62 Safari/537.36' , '127.0.0.1' , 1551431146) [ RunTime:0.021000s ]
[ sql ] [ SQL ] SHOW COLUMNS FROM `plm_document` [ RunTime:0.004000s ]
[ sql ] [ SQL ] SELECT d.pd_id doc_id,`d`.`admin_id`,`d`.`file_name`,`d`.`file_path`,`d`.`tpl_id`,`t`.`tpl_name`,`d`.`project_id`,`p`.`project_name`,`d`.`node_id`,`d`.`version`,d.createtime add_time,`d`.`audit_time` FROM `plm_document` `d` LEFT JOIN `plm_project` `p` ON `d`.`project_id`=`p`.`project_id` LEFT JOIN `plm_doc_template` `t` ON `d`.`tpl_id`=`t`.`tpl_id` WHERE  `d`.`pd_id` = 107  AND `d`.`tpl_id` > 0 LIMIT 1 [ RunTime:0.003000s ]
[ sql ] [ DB ] CONNECT:[ UseTime:0.011000s ] mysql:dbname=7000mall_center;host=192.168.80.240;port=3306;charset=utf8
[ sql ] [ SQL ] SHOW COLUMNS FROM `c_admin` [ RunTime:0.005000s ]
[ sql ] [ SQL ] SELECT `nickname` FROM `c_admin` WHERE  `admin_id` = 10 LIMIT 1 [ RunTime:0.001000s ]
[ sql ] [ SQL ] SHOW COLUMNS FROM `plm_admin_info` [ RunTime:0.004000s ]
[ sql ] [ SQL ] SELECT `rules` FROM `plm_admin_info` WHERE  `admin_id` = 111 LIMIT 1 [ RunTime:0.003000s ]
[ sql ] [ SQL ] SHOW COLUMNS FROM `plm_admin_rule` [ RunTime:0.004000s ]
[ sql ] [ SQL ] SELECT `rule_id`,`parent_id`,`rule_name`,`rule_code`,`is_menu` FROM `plm_admin_rule` WHERE  `status` = 1  AND `rule_id` IN (1,2,3,4,5,6,8,9,10,11,20,21,22,23,24,25,26,27,28,29,30,32,34,36,37,38,39,40,41,42,43,44,45,46,47,48,49,50,51,52,53,54,55,56,57,58,59,60,61,62,63,64,65,66,67,68,69,70,71,72,73,74,75,76,77,78,80,81,82,83,84,85,86,87,88,89,90,91,92,93,94,95,97,98,99,100) [ RunTime:0.003000s ]
[ sql ] [ SQL ] SHOW COLUMNS FROM `plm_relation` [ RunTime:0.003000s ]
[ sql ] [ SQL ] SELECT `admin_id`,`role_type`,`audit_status`,`audit_time`,`audit_note` FROM `plm_relation` WHERE  `target_id` = 1229  AND `target_type` = 2  AND `role_type` = 5 ORDER BY relation_id desc [ RunTime:0.003000s ]
[ sql ] [ SQL ] SELECT `nickname` FROM `c_admin` WHERE  `admin_id` = 10 LIMIT 1 [ RunTime:0.002000s ]
[ sql ] [ SQL ] SELECT `admin_id`,`role_type`,`audit_status`,`audit_time`,`audit_note` FROM `plm_relation` WHERE  `target_id` = 107  AND `target_type` = 3  AND `role_type` = 5 ORDER BY relation_id desc [ RunTime:0.002000s ]
---------------------------------------------------------------
[ 2019-03-01T17:08:47+08:00 ] 127.0.0.1 127.0.0.1 GET /api/v2/Doc/getDocDetail?access_token=69785c2d-7075-4732-80a0-e5d8ab2e4344&data={%22doc_id%22:107}
[ info ] www.plm_dev123.net/api/v2/Doc/getDocDetail?access_token=69785c2d-7075-4732-80a0-e5d8ab2e4344&data={%22doc_id%22:107} [运行时间：0.160000s][吞吐率：6.25req/s] [内存消耗：2,545.63kb] [文件加载：57]
[ info ] [ LANG ] E:\phpStudy\WWW\plm_dev\thinkphp\lang\zh-cn.php
[ info ] [ ROUTE ] array (
  'type' => 'module',
  'module' => 
  array (
    0 => 'api',
    1 => 'v2.Doc',
    2 => 'getDocDetail',
  ),
)
[ info ] [ HEADER ] array (
  'socketlog' => 'SocketLog(tabid=13&client_id=)',
  'cookie' => 'thinkphp_show_page_trace=0|0; PHPSESSID=2p2k40nergttri5qvh6ks3scp7',
  'accept-language' => 'zh-CN,zh;q=0.9',
  'accept-encoding' => 'gzip, deflate',
  'accept' => 'text/html,application/xhtml+xml,application/xml;q=0.9,image/webp,image/apng,*/*;q=0.8',
  'user-agent' => 'Mozilla/5.0 (Windows NT 6.1; Win64; x64) AppleWebKit/537.36 (KHTML, like Gecko) Chrome/67.0.3396.62 Safari/537.36',
  'upgrade-insecure-requests' => '1',
  'cache-control' => 'max-age=0',
  'connection' => 'close',
  'host' => 'www.plm_dev123.net',
)
[ info ] [ PARAM ] array (
  'access_token' => '69785c2d-7075-4732-80a0-e5d8ab2e4344',
  'data' => '{"doc_id":107}',
)
[ info ] [ CACHE ] INIT redis
[ info ] [ DB ] INIT mysql
[ info ] [ RUN ] app\api\controller\v2\Doc->getDocDetail[ E:\phpStudy\WWW\plm_dev\application\api\controller\v2\Doc.php ]
[ info ] [ DB ] INIT mysql
[ info ] [ LOG ] INIT File
[ sql ] [ DB ] CONNECT:[ UseTime:0.011000s ] mysql:dbname=7000mall_plm;host=192.168.80.240;port=3306;charset=utf8
[ sql ] [ SQL ] SHOW COLUMNS FROM `plm_admin_log` [ RunTime:0.004000s ]
[ sql ] [ SQL ] INSERT INTO `plm_admin_log` (`admin_id` , `username` , `route_url` , `title` , `content` , `useragent` , `ip` , `createtime`) VALUES (111 , 'liuwen3' , 'doc/getdocdetail' , '69785c2d-7075-4732-80a0-e5d8ab2e4344' , '{\"access_token\":\"69785c2d-7075-4732-80a0-e5d8ab2e4344\",\"data\":\"{\\\"doc_id\\\":107}\"}' , 'Mozilla/5.0 (Windows NT 6.1; Win64; x64) AppleWebKit/537.36 (KHTML, like Gecko) Chrome/67.0.3396.62 Safari/537.36' , '127.0.0.1' , 1551431327) [ RunTime:0.039000s ]
[ sql ] [ SQL ] SHOW COLUMNS FROM `plm_document` [ RunTime:0.004000s ]
[ sql ] [ SQL ] SELECT d.pd_id doc_id,`d`.`admin_id`,`d`.`file_name`,`d`.`file_path`,`d`.`tpl_id`,`t`.`tpl_name`,`d`.`project_id`,`p`.`project_name`,`d`.`node_id`,`d`.`version`,d.createtime add_time,`d`.`audit_time` FROM `plm_document` `d` LEFT JOIN `plm_project` `p` ON `d`.`project_id`=`p`.`project_id` LEFT JOIN `plm_doc_template` `t` ON `d`.`tpl_id`=`t`.`tpl_id` WHERE  `d`.`pd_id` = 107  AND `d`.`tpl_id` > 0 LIMIT 1 [ RunTime:0.003000s ]
[ sql ] [ DB ] CONNECT:[ UseTime:0.011000s ] mysql:dbname=7000mall_center;host=192.168.80.240;port=3306;charset=utf8
[ sql ] [ SQL ] SHOW COLUMNS FROM `c_admin` [ RunTime:0.005000s ]
[ sql ] [ SQL ] SELECT `nickname` FROM `c_admin` WHERE  `admin_id` = 10 LIMIT 1 [ RunTime:0.002000s ]
[ sql ] [ SQL ] SHOW COLUMNS FROM `plm_admin_info` [ RunTime:0.003000s ]
[ sql ] [ SQL ] SELECT `rules` FROM `plm_admin_info` WHERE  `admin_id` = 111 LIMIT 1 [ RunTime:0.001000s ]
[ sql ] [ SQL ] SHOW COLUMNS FROM `plm_admin_rule` [ RunTime:0.004000s ]
[ sql ] [ SQL ] SELECT `rule_id`,`parent_id`,`rule_name`,`rule_code`,`is_menu` FROM `plm_admin_rule` WHERE  `status` = 1  AND `rule_id` IN (1,2,3,4,5,6,8,9,10,11,20,21,22,23,24,25,26,27,28,29,30,32,34,36,37,38,39,40,41,42,43,44,45,46,47,48,49,50,51,52,53,54,55,56,57,58,59,60,61,62,63,64,65,66,67,68,69,70,71,72,73,74,75,76,77,78,80,81,82,83,84,85,86,87,88,89,90,91,92,93,94,95,97,98,99,100) [ RunTime:0.003000s ]
[ sql ] [ SQL ] SHOW COLUMNS FROM `plm_relation` [ RunTime:0.004000s ]
[ sql ] [ SQL ] SELECT `admin_id`,`role_type`,`audit_status`,`audit_time`,`audit_note` FROM `plm_relation` WHERE  `target_id` = 1229  AND `target_type` = 2  AND `role_type` = 5 ORDER BY relation_id desc [ RunTime:0.001000s ]
[ sql ] [ SQL ] SELECT `nickname` FROM `c_admin` WHERE  `admin_id` = 10 LIMIT 1 [ RunTime:0.001000s ]
[ sql ] [ SQL ] SELECT `admin_id`,`role_type`,`audit_status`,`audit_time`,`audit_note` FROM `plm_relation` WHERE  `target_id` = 107  AND `target_type` = 3  AND `role_type` = 5 ORDER BY relation_id desc [ RunTime:0.002000s ]
---------------------------------------------------------------
[ 2019-03-01T17:09:21+08:00 ] 127.0.0.1 127.0.0.1 GET /api/v2/Doc/getDocDetail?access_token=69785c2d-7075-4732-80a0-e5d8ab2e4344&data={%22doc_id%22:1007}
[ info ] www.plm_dev123.net/api/v2/Doc/getDocDetail?access_token=69785c2d-7075-4732-80a0-e5d8ab2e4344&data={%22doc_id%22:1007} [运行时间：0.078000s][吞吐率：12.82req/s] [内存消耗：2,257.04kb] [文件加载：54]
[ info ] [ LANG ] E:\phpStudy\WWW\plm_dev\thinkphp\lang\zh-cn.php
[ info ] [ ROUTE ] array (
  'type' => 'module',
  'module' => 
  array (
    0 => 'api',
    1 => 'v2.Doc',
    2 => 'getDocDetail',
  ),
)
[ info ] [ HEADER ] array (
  'socketlog' => 'SocketLog(tabid=13&client_id=)',
  'cookie' => 'thinkphp_show_page_trace=0|0; PHPSESSID=2p2k40nergttri5qvh6ks3scp7',
  'accept-language' => 'zh-CN,zh;q=0.9',
  'accept-encoding' => 'gzip, deflate',
  'accept' => 'text/html,application/xhtml+xml,application/xml;q=0.9,image/webp,image/apng,*/*;q=0.8',
  'user-agent' => 'Mozilla/5.0 (Windows NT 6.1; Win64; x64) AppleWebKit/537.36 (KHTML, like Gecko) Chrome/67.0.3396.62 Safari/537.36',
  'upgrade-insecure-requests' => '1',
  'connection' => 'close',
  'host' => 'www.plm_dev123.net',
)
[ info ] [ PARAM ] array (
  'access_token' => '69785c2d-7075-4732-80a0-e5d8ab2e4344',
  'data' => '{"doc_id":1007}',
)
[ info ] [ CACHE ] INIT redis
[ info ] [ DB ] INIT mysql
[ info ] [ RUN ] app\api\controller\v2\Doc->getDocDetail[ E:\phpStudy\WWW\plm_dev\application\api\controller\v2\Doc.php ]
[ info ] [ LOG ] INIT File
[ sql ] [ DB ] CONNECT:[ UseTime:0.002000s ] mysql:dbname=7000mall_plm;host=192.168.80.240;port=3306;charset=utf8
[ sql ] [ SQL ] SHOW COLUMNS FROM `plm_admin_log` [ RunTime:0.004000s ]
[ sql ] [ SQL ] INSERT INTO `plm_admin_log` (`admin_id` , `username` , `route_url` , `title` , `content` , `useragent` , `ip` , `createtime`) VALUES (111 , 'liuwen3' , 'doc/getdocdetail' , '69785c2d-7075-4732-80a0-e5d8ab2e4344' , '{\"access_token\":\"69785c2d-7075-4732-80a0-e5d8ab2e4344\",\"data\":\"{\\\"doc_id\\\":1007}\"}' , 'Mozilla/5.0 (Windows NT 6.1; Win64; x64) AppleWebKit/537.36 (KHTML, like Gecko) Chrome/67.0.3396.62 Safari/537.36' , '127.0.0.1' , 1551431361) [ RunTime:0.015000s ]
[ sql ] [ SQL ] SHOW COLUMNS FROM `plm_document` [ RunTime:0.003000s ]
[ sql ] [ SQL ] SELECT d.pd_id doc_id,`d`.`admin_id`,`d`.`file_name`,`d`.`file_path`,`d`.`tpl_id`,`t`.`tpl_name`,`d`.`project_id`,`p`.`project_name`,`d`.`node_id`,`d`.`version`,d.createtime add_time,`d`.`audit_time` FROM `plm_document` `d` LEFT JOIN `plm_project` `p` ON `d`.`project_id`=`p`.`project_id` LEFT JOIN `plm_doc_template` `t` ON `d`.`tpl_id`=`t`.`tpl_id` WHERE  `d`.`pd_id` = 1007  AND `d`.`tpl_id` > 0 LIMIT 1 [ RunTime:0.001000s ]
