---------------------------------------------------------------
[ 2018-09-21T10:18:44+08:00 ] 127.0.0.1 127.0.0.1 GET /api/v2/KcloudErp/addTest
[ info ] www.plm_dev123.net/api/v2/KcloudErp/addTest [运行时间：0.424000s][吞吐率：2.36req/s] [内存消耗：933.59kb] [文件加载：38]
[ info ] [ LANG ] E:\phpStudy\WWW\plm_dev\thinkphp\lang\zh-cn.php
[ info ] [ ROUTE ] array (
  'type' => 'module',
  'module' => 
  array (
    0 => 'api',
    1 => 'v2.KcloudErp',
    2 => 'addTest',
  ),
)
[ info ] [ HEADER ] array (
  'socketlog' => 'SocketLog(tabid=4&client_id=)',
  'accept-language' => 'zh-CN,zh;q=0.9',
  'accept-encoding' => 'gzip, deflate',
  'accept' => 'text/html,application/xhtml+xml,application/xml;q=0.9,image/webp,image/apng,*/*;q=0.8',
  'user-agent' => 'Mozilla/5.0 (Windows NT 6.1; Win64; x64) AppleWebKit/537.36 (KHTML, like Gecko) Chrome/67.0.3396.62 Safari/537.36',
  'upgrade-insecure-requests' => '1',
  'connection' => 'close',
  'host' => 'www.plm_dev123.net',
)
[ info ] [ PARAM ] array (
)
[ info ] [ RUN ] app\api\controller\v2\KcloudErp->addTest[ E:\phpStudy\WWW\plm_dev\application\api\controller\v2\KcloudErp.php ]
[ info ] [ SESSION ] INIT array (
  'id' => '',
  'var_session_id' => '',
  'prefix' => 'plm_',
  'type' => '',
  'auto_start' => true,
)
[ info ] [ LOG ] INIT File
---------------------------------------------------------------
[ 2018-09-21T10:18:44+08:00 ] 127.0.0.1 127.0.0.1 GET /favicon.ico
[ info ] www.plm_dev123.net/favicon.ico [运行时间：0.023000s][吞吐率：43.48req/s] [内存消耗：888.82kb] [文件加载：39]
[ info ] [ LANG ] E:\phpStudy\WWW\plm_dev\thinkphp\lang\zh-cn.php
[ info ] [ ROUTE ] array (
  'type' => 'module',
  'module' => 
  array (
    0 => 'favicon.ico',
    1 => NULL,
    2 => NULL,
  ),
)
[ info ] [ HEADER ] array (
  'socketlog' => 'SocketLog(tabid=4&client_id=)',
  'cookie' => 'PHPSESSID=5c7ql8ru6foqroch85k8m88773',
  'accept-language' => 'zh-CN,zh;q=0.9',
  'accept-encoding' => 'gzip, deflate',
  'referer' => 'http://www.plm_dev123.net/api/v2/KcloudErp/addTest',
  'accept' => 'image/webp,image/apng,image/*,*/*;q=0.8',
  'user-agent' => 'Mozilla/5.0 (Windows NT 6.1; Win64; x64) AppleWebKit/537.36 (KHTML, like Gecko) Chrome/67.0.3396.62 Safari/537.36',
  'connection' => 'close',
  'host' => 'www.plm_dev123.net',
)
[ info ] [ PARAM ] array (
)
[ info ] [ LOG ] INIT File
---------------------------------------------------------------
[ 2018-09-21T10:20:42+08:00 ] 127.0.0.1 127.0.0.1 GET /api/v2/KcloudErp/addTest
[ info ] www.plm_dev123.net/api/v2/KcloudErp/addTest [运行时间：0.194000s][吞吐率：5.15req/s] [内存消耗：933.29kb] [文件加载：38]
[ info ] [ LANG ] E:\phpStudy\WWW\plm_dev\thinkphp\lang\zh-cn.php
[ info ] [ ROUTE ] array (
  'type' => 'module',
  'module' => 
  array (
    0 => 'api',
    1 => 'v2.KcloudErp',
    2 => 'addTest',
  ),
)
[ info ] [ HEADER ] array (
  'socketlog' => 'SocketLog(tabid=4&client_id=)',
  'cookie' => 'thinkphp_show_page_trace=0|0; PHPSESSID=5c7ql8ru6foqroch85k8m88773',
  'accept-language' => 'zh-CN,zh;q=0.9',
  'accept-encoding' => 'gzip, deflate',
  'accept' => 'text/html,application/xhtml+xml,application/xml;q=0.9,image/webp,image/apng,*/*;q=0.8',
  'user-agent' => 'Mozilla/5.0 (Windows NT 6.1; Win64; x64) AppleWebKit/537.36 (KHTML, like Gecko) Chrome/67.0.3396.62 Safari/537.36',
  'upgrade-insecure-requests' => '1',
  'cache-control' => 'max-age=0',
  'connection' => 'close',
  'host' => 'www.plm_dev123.net',
)
[ info ] [ PARAM ] array (
)
[ info ] [ RUN ] app\api\controller\v2\KcloudErp->addTest[ E:\phpStudy\WWW\plm_dev\application\api\controller\v2\KcloudErp.php ]
[ info ] [ SESSION ] INIT array (
  'id' => '',
  'var_session_id' => '',
  'prefix' => 'plm_',
  'type' => '',
  'auto_start' => true,
)
[ info ] [ LOG ] INIT File
